#
# A fatal error has been detected by the Java Runtime Environment:
#
#  SIGSEGV (0xb) at pc=0x000000010f6a4e89, pid=854, tid=1799
#
# JRE version: 7.0_10-b18
# Java VM: Java HotSpot(TM) 64-Bit Server VM (23.6-b04 mixed mode bsd-amd64 compressed oops)
# Problematic frame:
# V  [libjvm.dylib+0x2a4e89]
#
# Failed to write core dump. Core dumps have been disabled. To enable core dumping, try "ulimit -c unlimited" before starting Java again
#
# If you would like to submit a bug report, please visit:
#   http://bugreport.sun.com/bugreport/crash.jsp
#

---------------  T H R E A D  ---------------

Current thread (0x00007fd0258a9800):  JavaThread "JavaFX Application Thread" daemon [_thread_in_vm, id=1799, stack(0x00007fff6e5ea000,0x00007fff6edea000)]

siginfo:si_signo=SIGSEGV: si_errno=0, si_code=1 (SEGV_MAPERR), si_addr=0x0000000000000000

Registers:
RAX=0x000000010f8ec0fc, RBX=0x00007fff6ede15c0, RCX=0x00007fd0258a9800, RDX=0x00007fff6ede15c0
RSP=0x00007fff6ede14d0, RBP=0x00007fff6ede14e0, RSI=0x0000000000000000, RDI=0x00007fff6ede1508
R8 =0x0000000000000000, R9 =0x0000000000000004, R10=0x0000000000000481, R11=0x00007fd023802256
R12=0x00007fd0258a9800, R13=0x00007fff6ede1508, R14=0x00007fff6ede1508, R15=0x00007fd0258a99d8
RIP=0x000000010f6a4e89, EFLAGS=0x0000000000010297, ERR=0x0000000000000004
  TRAPNO=0x000000000000000e

Top of Stack: (sp=0x00007fff6ede14d0)
0x00007fff6ede14d0:   0000000000000000 00007fd0225a9fb8
0x00007fff6ede14e0:   00007fff6ede15b0 000000010f695cc4
0x00007fff6ede14f0:   00007fff6ede1550 000000010f84d2c5
0x00007fff6ede1500:   00007fff6ede15c0 0000000000000220
0x00007fff6ede1510:   00007fff6ede14b8 00007fff6ede1500
0x00007fff6ede1520:   0000000800000002 00002060258a9801
0x00007fff6ede1530:   0000000000000000 000000012707ee81
0x00007fff6ede1540:   000000010f8ec0fc 00007fd00000000c
0x00007fff6ede1550:   00007fff6ede1580 00007fd0258a9800
0x00007fff6ede1560:   00007fd02360f408 000000300000063d
0x00007fff6ede1570:   000000010f8ec0fc 00007fd0258a9800
0x00007fff6ede1580:   00007fd0258a9800 00000000ffffffff
0x00007fff6ede1590:   00007fd024a47058 00007fd02c4ba540
0x00007fff6ede15a0:   0000000000000000 0000000000000000
0x00007fff6ede15b0:   00007fff6ede1690 000000012665a8c8
0x00007fff6ede15c0:   0000003000000018 00007fff6ede16a0
0x00007fff6ede15d0:   00007fff6ede15e0 00007fff6ede1668
0x00007fff6ede15e0:   0000000000000000 00007fff6ede1664
0x00007fff6ede15f0:   0001206800000100 00007fd024a47058
0x00007fff6ede1600:   0000000000000000 0000000000000004
0x00007fff6ede1610:   0000000000001398 00007fff7536e730
0x00007fff6ede1620:   00007fd024a47058 00007fd02c4ba540
0x00007fff6ede1630:   0000000000000000 0000000000000000
0x00007fff6ede1640:   00007fff6ede1680 00007fff8f23d6ab
0x00007fff6ede1650:   00007fff6ede1690 00007fd0258a9800
0x00007fff6ede1660:   00012068258a99d8 0000f9000000f900
0x00007fff6ede1670:   00007fd0258a99d8 0000000000000000
0x00007fff6ede1680:   00007fff6ede1690 00007fff88d2ef29
0x00007fff6ede1690:   00007fff6ede17b0 00000001266d41a6
0x00007fff6ede16a0:   0000000000000125 0000000000000014
0x00007fff6ede16b0:   00000000ffffffff 0000000000000000
0x00007fff6ede16c0:   00007fd022517370 00007fff6ede1728 

Instructions: (pc=0x000000010f6a4e89)
0x000000010f6a4e69:   3e 00 48 83 c0 10 49 89 06 49 89 5e 28 5b 41 5e
0x000000010f6a4e79:   5d c3 90 55 48 89 e5 41 56 53 48 89 d3 49 89 fe
0x000000010f6a4e89:   48 8b 06 48 8b 48 10 48 8b 78 18 0f b7 71 42 e8
0x000000010f6a4e99:   b5 2a 21 00 48 89 c6 48 83 e6 fe 4c 89 f7 e8 64 

Register to memory mapping:

RAX=0x000000010f8ec0fc: _ZZN16GenCollectedHeap16preload_and_dumpEP6ThreadE19map_entry_array_sig+0xfaac in /Library/Java/JavaVirtualMachines/jdk1.7.0_10.jdk/Contents/Home/jre/lib/server/libjvm.dylib at 0x000000010f400000
RBX=0x00007fff6ede15c0 is pointing into the stack for thread: 0x00007fd0258a9800
RCX=0x00007fd0258a9800 is a thread
RDX=0x00007fff6ede15c0 is pointing into the stack for thread: 0x00007fd0258a9800
RSP=0x00007fff6ede14d0 is pointing into the stack for thread: 0x00007fd0258a9800
RBP=0x00007fff6ede14e0 is pointing into the stack for thread: 0x00007fd0258a9800
RSI=0x0000000000000000 is an unknown value
RDI=0x00007fff6ede1508 is pointing into the stack for thread: 0x00007fd0258a9800
R8 =0x0000000000000000 is an unknown value
R9 =0x0000000000000004 is an unknown value
R10=0x0000000000000481 is an unknown value
R11=0x00007fd023802256 is an unknown value
R12=0x00007fd0258a9800 is a thread
R13=0x00007fff6ede1508 is pointing into the stack for thread: 0x00007fd0258a9800
R14=0x00007fff6ede1508 is pointing into the stack for thread: 0x00007fd0258a9800
R15=0x00007fd0258a99d8 is an unknown value


Stack: [0x00007fff6e5ea000,0x00007fff6edea000],  sp=0x00007fff6ede14d0,  free space=8157k
Native frames: (J=compiled Java code, j=interpreted, Vv=VM code, C=native code)
V  [libjvm.dylib+0x2a4e89]
V  [libjvm.dylib+0x295cc4]
C  [libWebPaneJava.dylib+0x5378c8]  _ZN7JNIEnv_16CallObjectMethodEP8_jobjectP10_jmethodIDz+0x98
C  [libWebPaneJava.dylib+0x5b11a6]  _ZN7WebCore15RenderThemeJava11paintWidgetEiPNS_12RenderObjectERKNS_9PaintInfoERKNS_7IntRectE+0x1a6
C  [libWebPaneJava.dylib+0x5b19b4]  _ZN7WebCore15RenderThemeJava14paintTextFieldEPNS_12RenderObjectERKNS_9PaintInfoERKNS_7IntRectE+0x14
C  [libWebPaneJava.dylib+0x6ff896]  _ZN7WebCore11RenderTheme15paintBorderOnlyEPNS_12RenderObjectERKNS_9PaintInfoERKNS_7IntRectE+0x146
C  [libWebPaneJava.dylib+0x65dd5b]  _ZN7WebCore9RenderBox19paintBoxDecorationsERNS_9PaintInfoERKNS_8IntPointE+0x19b
C  [libWebPaneJava.dylib+0x622eea]  _ZN7WebCore11RenderBlock11paintObjectERNS_9PaintInfoERKNS_8IntPointE+0x43a
C  [libWebPaneJava.dylib+0x60c85c]  _ZN7WebCore11RenderBlock5paintERNS_9PaintInfoERKNS_8IntPointE+0xec
C  [libWebPaneJava.dylib+0x6fa73b]  _ZN7WebCore27RenderTextControlSingleLine5paintERNS_9PaintInfoERKNS_8IntPointE+0x2b
C  [libWebPaneJava.dylib+0x5f82fa]  _ZN7WebCore9InlineBox5paintERNS_9PaintInfoERKNS_8IntPointEii+0xfa
C  [libWebPaneJava.dylib+0x5fd45c]  _ZN7WebCore13InlineFlowBox5paintERNS_9PaintInfoERKNS_8IntPointEii+0x1bc
C  [libWebPaneJava.dylib+0x711fa0]  _ZN7WebCore13RootInlineBox5paintERNS_9PaintInfoERKNS_8IntPointEii+0x30
C  [libWebPaneJava.dylib+0x6ac063]  _ZNK7WebCore17RenderLineBoxList5paintEPNS_20RenderBoxModelObjectERNS_9PaintInfoERKNS_8IntPointE+0x2d3
C  [libWebPaneJava.dylib+0x614caf]  _ZN7WebCore11RenderBlock13paintContentsERNS_9PaintInfoERKNS_8IntPointE+0x8f
C  [libWebPaneJava.dylib+0x622cff]  _ZN7WebCore11RenderBlock11paintObjectERNS_9PaintInfoERKNS_8IntPointE+0x24f
C  [libWebPaneJava.dylib+0x60c85c]  _ZN7WebCore11RenderBlock5paintERNS_9PaintInfoERKNS_8IntPointE+0xec
C  [libWebPaneJava.dylib+0x6e2d39]  _ZN7WebCore15RenderTableCell5paintERNS_9PaintInfoERKNS_8IntPointE+0x39
C  [libWebPaneJava.dylib+0x6e65b3]  _ZN7WebCore18RenderTableSection9paintCellEPNS_15RenderTableCellERNS_9PaintInfoERKNS_8IntPointE+0x93
C  [libWebPaneJava.dylib+0x6eb8a4]  _ZN7WebCore18RenderTableSection11paintObjectERNS_9PaintInfoERKNS_8IntPointE+0x214
C  [libWebPaneJava.dylib+0x6e6802]  _ZN7WebCore18RenderTableSection5paintERNS_9PaintInfoERKNS_8IntPointE+0xb2
C  [libWebPaneJava.dylib+0x6d6ae6]  _ZN7WebCore11RenderTable11paintObjectERNS_9PaintInfoERKNS_8IntPointE+0x156
C  [libWebPaneJava.dylib+0x6d532c]  _ZN7WebCore11RenderTable5paintERNS_9PaintInfoERKNS_8IntPointE+0xec
C  [libWebPaneJava.dylib+0x614b6a]  _ZN7WebCore11RenderBlock13paintChildrenERNS_9PaintInfoERKNS_8IntPointE+0x22a
C  [libWebPaneJava.dylib+0x614ccf]  _ZN7WebCore11RenderBlock13paintContentsERNS_9PaintInfoERKNS_8IntPointE+0xaf
C  [libWebPaneJava.dylib+0x622cff]  _ZN7WebCore11RenderBlock11paintObjectERNS_9PaintInfoERKNS_8IntPointE+0x24f
C  [libWebPaneJava.dylib+0x60c85c]  _ZN7WebCore11RenderBlock5paintERNS_9PaintInfoERKNS_8IntPointE+0xec
C  [libWebPaneJava.dylib+0x6e2d39]  _ZN7WebCore15RenderTableCell5paintERNS_9PaintInfoERKNS_8IntPointE+0x39
C  [libWebPaneJava.dylib+0x6e65b3]  _ZN7WebCore18RenderTableSection9paintCellEPNS_15RenderTableCellERNS_9PaintInfoERKNS_8IntPointE+0x93
C  [libWebPaneJava.dylib+0x6eb8a4]  _ZN7WebCore18RenderTableSection11paintObjectERNS_9PaintInfoERKNS_8IntPointE+0x214
C  [libWebPaneJava.dylib+0x6e6802]  _ZN7WebCore18RenderTableSection5paintERNS_9PaintInfoERKNS_8IntPointE+0xb2
C  [libWebPaneJava.dylib+0x6d6ae6]  _ZN7WebCore11RenderTable11paintObjectERNS_9PaintInfoERKNS_8IntPointE+0x156
C  [libWebPaneJava.dylib+0x6d532c]  _ZN7WebCore11RenderTable5paintERNS_9PaintInfoERKNS_8IntPointE+0xec
C  [libWebPaneJava.dylib+0x614b6a]  _ZN7WebCore11RenderBlock13paintChildrenERNS_9PaintInfoERKNS_8IntPointE+0x22a
C  [libWebPaneJava.dylib+0x614ccf]  _ZN7WebCore11RenderBlock13paintContentsERNS_9PaintInfoERKNS_8IntPointE+0xaf
C  [libWebPaneJava.dylib+0x622cff]  _ZN7WebCore11RenderBlock11paintObjectERNS_9PaintInfoERKNS_8IntPointE+0x24f
C  [libWebPaneJava.dylib+0x60c85c]  _ZN7WebCore11RenderBlock5paintERNS_9PaintInfoERKNS_8IntPointE+0xec
C  [libWebPaneJava.dylib+0x614b6a]  _ZN7WebCore11RenderBlock13paintChildrenERNS_9PaintInfoERKNS_8IntPointE+0x22a
C  [libWebPaneJava.dylib+0x614ccf]  _ZN7WebCore11RenderBlock13paintContentsERNS_9PaintInfoERKNS_8IntPointE+0xaf
C  [libWebPaneJava.dylib+0x622cff]  _ZN7WebCore11RenderBlock11paintObjectERNS_9PaintInfoERKNS_8IntPointE+0x24f
C  [libWebPaneJava.dylib+0x60c85c]  _ZN7WebCore11RenderBlock5paintERNS_9PaintInfoERKNS_8IntPointE+0xec
C  [libWebPaneJava.dylib+0x6e2d39]  _ZN7WebCore15RenderTableCell5paintERNS_9PaintInfoERKNS_8IntPointE+0x39
C  [libWebPaneJava.dylib+0x6e65b3]  _ZN7WebCore18RenderTableSection9paintCellEPNS_15RenderTableCellERNS_9PaintInfoERKNS_8IntPointE+0x93
C  [libWebPaneJava.dylib+0x6eb8a4]  _ZN7WebCore18RenderTableSection11paintObjectERNS_9PaintInfoERKNS_8IntPointE+0x214
C  [libWebPaneJava.dylib+0x6e6802]  _ZN7WebCore18RenderTableSection5paintERNS_9PaintInfoERKNS_8IntPointE+0xb2
C  [libWebPaneJava.dylib+0x6d6ae6]  _ZN7WebCore11RenderTable11paintObjectERNS_9PaintInfoERKNS_8IntPointE+0x156
C  [libWebPaneJava.dylib+0x6d532c]  _ZN7WebCore11RenderTable5paintERNS_9PaintInfoERKNS_8IntPointE+0xec
C  [libWebPaneJava.dylib+0x614b6a]  _ZN7WebCore11RenderBlock13paintChildrenERNS_9PaintInfoERKNS_8IntPointE+0x22a
C  [libWebPaneJava.dylib+0x614ccf]  _ZN7WebCore11RenderBlock13paintContentsERNS_9PaintInfoERKNS_8IntPointE+0xaf
C  [libWebPaneJava.dylib+0x622cff]  _ZN7WebCore11RenderBlock11paintObjectERNS_9PaintInfoERKNS_8IntPointE+0x24f
C  [libWebPaneJava.dylib+0x60c85c]  _ZN7WebCore11RenderBlock5paintERNS_9PaintInfoERKNS_8IntPointE+0xec
C  [libWebPaneJava.dylib+0x6e2d39]  _ZN7WebCore15RenderTableCell5paintERNS_9PaintInfoERKNS_8IntPointE+0x39
C  [libWebPaneJava.dylib+0x6e65b3]  _ZN7WebCore18RenderTableSection9paintCellEPNS_15RenderTableCellERNS_9PaintInfoERKNS_8IntPointE+0x93
C  [libWebPaneJava.dylib+0x6eb8a4]  _ZN7WebCore18RenderTableSection11paintObjectERNS_9PaintInfoERKNS_8IntPointE+0x214
C  [libWebPaneJava.dylib+0x6e6802]  _ZN7WebCore18RenderTableSection5paintERNS_9PaintInfoERKNS_8IntPointE+0xb2
C  [libWebPaneJava.dylib+0x6d6ae6]  _ZN7WebCore11RenderTable11paintObjectERNS_9PaintInfoERKNS_8IntPointE+0x156
C  [libWebPaneJava.dylib+0x6d532c]  _ZN7WebCore11RenderTable5paintERNS_9PaintInfoERKNS_8IntPointE+0xec
C  [libWebPaneJava.dylib+0x614b6a]  _ZN7WebCore11RenderBlock13paintChildrenERNS_9PaintInfoERKNS_8IntPointE+0x22a
C  [libWebPaneJava.dylib+0x614ccf]  _ZN7WebCore11RenderBlock13paintContentsERNS_9PaintInfoERKNS_8IntPointE+0xaf
C  [libWebPaneJava.dylib+0x622cff]  _ZN7WebCore11RenderBlock11paintObjectERNS_9PaintInfoERKNS_8IntPointE+0x24f
C  [libWebPaneJava.dylib+0x60c85c]  _ZN7WebCore11RenderBlock5paintERNS_9PaintInfoERKNS_8IntPointE+0xec
C  [libWebPaneJava.dylib+0x614b6a]  _ZN7WebCore11RenderBlock13paintChildrenERNS_9PaintInfoERKNS_8IntPointE+0x22a
C  [libWebPaneJava.dylib+0x614ccf]  _ZN7WebCore11RenderBlock13paintContentsERNS_9PaintInfoERKNS_8IntPointE+0xaf
C  [libWebPaneJava.dylib+0x622cff]  _ZN7WebCore11RenderBlock11paintObjectERNS_9PaintInfoERKNS_8IntPointE+0x24f
C  [libWebPaneJava.dylib+0x60c85c]  _ZN7WebCore11RenderBlock5paintERNS_9PaintInfoERKNS_8IntPointE+0xec
C  [libWebPaneJava.dylib+0x614b6a]  _ZN7WebCore11RenderBlock13paintChildrenERNS_9PaintInfoERKNS_8IntPointE+0x22a
C  [libWebPaneJava.dylib+0x614ccf]  _ZN7WebCore11RenderBlock13paintContentsERNS_9PaintInfoERKNS_8IntPointE+0xaf
C  [libWebPaneJava.dylib+0x622cff]  _ZN7WebCore11RenderBlock11paintObjectERNS_9PaintInfoERKNS_8IntPointE+0x24f
C  [libWebPaneJava.dylib+0x60c85c]  _ZN7WebCore11RenderBlock5paintERNS_9PaintInfoERKNS_8IntPointE+0xec
C  [libWebPaneJava.dylib+0x6a7145]  _ZN7WebCore11RenderLayer10paintLayerEPS0_PNS_15GraphicsContextERKNS_7IntRectEjPNS_12RenderObjectEPNS_12RenderRegionEPN3WTF7HashMapIPNS_24OverlapTestRequestClientES4_NSB_7PtrHashISE_EENSB_10HashTraitsISE_EENSH_IS4_EEEEj+0x14c5
C  [libWebPaneJava.dylib+0x6a6377]  _ZN7WebCore11RenderLayer10paintLayerEPS0_PNS_15GraphicsContextERKNS_7IntRectEjPNS_12RenderObjectEPNS_12RenderRegionEPN3WTF7HashMapIPNS_24OverlapTestRequestClientES4_NSB_7PtrHashISE_EENSB_10HashTraitsISE_EENSH_IS4_EEEEj+0x6f7
C  [libWebPaneJava.dylib+0x6a7be7]  _ZN7WebCore11RenderLayer5paintEPNS_15GraphicsContextERKNS_7IntRectEjPNS_12RenderObjectEPNS_12RenderRegionEj+0x57
C  [libWebPaneJava.dylib+0x516679]  _ZN7WebCore9FrameView13paintContentsEPNS_15GraphicsContextERKNS_7IntRectE+0x269
C  [libWebPaneJava.dylib+0x5dd9fd]  _ZN7WebCore10ScrollView5paintEPNS_15GraphicsContextERKNS_7IntRectE+0x34d
C  [libWebPaneJava.dylib+0x5b9957]  Java_com_sun_webpane_platform_WebPage_twkUpdateContent+0x2a7
j  com.sun.webpane.platform.WebPage.twkUpdateContent(JLcom/sun/webpane/platform/graphics/WCRenderQueue;IIII)V+0
j  com.sun.webpane.platform.WebPage.updateDirty(Lcom/sun/webpane/platform/graphics/WCRectangle;)V+182
j  com.sun.webpane.platform.WebPage.updateContent(Lcom/sun/webpane/platform/graphics/WCRectangle;)V+159
j  com.sun.javafx.sg.prism.NGWebView.update()V+68
j  javafx.scene.web.WebView.handleStagePulse()V+89
j  javafx.scene.web.WebView.access$100(Ljavafx/scene/web/WebView;)V+1
j  javafx.scene.web.WebView$2.pulse()V+4
j  com.sun.javafx.tk.Toolkit.firePulse()V+76
j  com.sun.javafx.tk.quantum.QuantumToolkit.pulse()V+44
j  com.sun.javafx.tk.quantum.QuantumToolkit$8.run()V+4
v  ~StubRoutines::call_stub
V  [libjvm.dylib+0x28855f]
V  [libjvm.dylib+0x28832c]
V  [libjvm.dylib+0x2a3e23]
V  [libjvm.dylib+0x297b8b]
C  [libmat.jnilib+0x132f]  -[GlassRunnable run]+0xa8
C  [CoreFoundation+0x9370d]  -[NSObject performSelector:withObject:]+0x3d
C  [Foundation+0x4fd70]  __NSThreadPerformPerform+0xd6
C  [CoreFoundation+0x124f1]  __CFRUNLOOP_IS_CALLING_OUT_TO_A_SOURCE0_PERFORM_FUNCTION__+0x11
C  [CoreFoundation+0x11e1c]  __CFRunLoopDoSources0+0x1bc
C  [CoreFoundation+0x38b49]  __CFRunLoopRun+0x389
C  [CoreFoundation+0x38486]  CFRunLoopRunSpecific+0xe6
C  [HIToolbox+0x22bf]  RunCurrentEventLoopInMode+0x115
C  [HIToolbox+0x956d]  ReceiveNextEventCommon+0x163
C  [HIToolbox+0x93fa]  BlockUntilNextEventMatchingListInMode+0x3e
...<more frames>...

Java frames: (J=compiled Java code, j=interpreted, Vv=VM code)
j  com.sun.webpane.platform.WebPage.twkUpdateContent(JLcom/sun/webpane/platform/graphics/WCRenderQueue;IIII)V+0
j  com.sun.webpane.platform.WebPage.updateDirty(Lcom/sun/webpane/platform/graphics/WCRectangle;)V+182
j  com.sun.webpane.platform.WebPage.updateContent(Lcom/sun/webpane/platform/graphics/WCRectangle;)V+159
j  com.sun.javafx.sg.prism.NGWebView.update()V+68
j  javafx.scene.web.WebView.handleStagePulse()V+89
j  javafx.scene.web.WebView.access$100(Ljavafx/scene/web/WebView;)V+1
j  javafx.scene.web.WebView$2.pulse()V+4
j  com.sun.javafx.tk.Toolkit.firePulse()V+76
j  com.sun.javafx.tk.quantum.QuantumToolkit.pulse()V+44
j  com.sun.javafx.tk.quantum.QuantumToolkit$8.run()V+4
v  ~StubRoutines::call_stub

---------------  P R O C E S S  ---------------

Java Threads: ( => current thread )
  0x00007fd02d9b3800 JavaThread "Prism Font Disposer" daemon [_thread_blocked, id=72707, stack(0x0000000130fed000,0x00000001310ed000)]
  0x00007fd02405c000 JavaThread "URL-Fetcher-7" daemon [_thread_blocked, id=71683, stack(0x000000012aa52000,0x000000012ab52000)]
  0x00007fd02d94d800 JavaThread "URL-Fetcher-6" daemon [_thread_blocked, id=71427, stack(0x000000012a94f000,0x000000012aa4f000)]
  0x00007fd02d957800 JavaThread "URL-Fetcher-5" daemon [_thread_blocked, id=71171, stack(0x000000012a84c000,0x000000012a94c000)]
  0x00007fd024b41800 JavaThread "URL-Fetcher-4" daemon [_thread_blocked, id=70915, stack(0x000000012a749000,0x000000012a849000)]
  0x00007fd02e10e000 JavaThread "URL-Fetcher-3" daemon [_thread_blocked, id=70403, stack(0x000000012a646000,0x000000012a746000)]
  0x00007fd023aff000 JavaThread "URL-Fetcher-2" daemon [_thread_blocked, id=70147, stack(0x000000012a543000,0x000000012a643000)]
  0x00007fd024039000 JavaThread "URL-Fetcher-1" daemon [_thread_blocked, id=45835, stack(0x0000000127edc000,0x0000000127fdc000)]
  0x00007fd02d92d800 JavaThread "Disposer" daemon [_thread_blocked, id=45331, stack(0x0000000124dfe000,0x0000000124efe000)]
  0x00007fd023c16800 JavaThread "Thread-26" daemon [_thread_in_native, id=44551, stack(0x000000011f930000,0x000000011f9b0000)]
  0x00007fd024b36000 JavaThread "Disposer" daemon [_thread_blocked, id=41479, stack(0x0000000120a7a000,0x0000000120b7a000)]
  0x00007fd023b03800 JavaThread "QuantumRenderer-0" daemon [_thread_blocked, id=41223, stack(0x0000000120061000,0x0000000120161000)]
  0x00007fd025116000 JavaThread "qtp968096121-62" [_thread_blocked, id=65027, stack(0x0000000126021000,0x0000000126121000)]
  0x00007fd02405e800 JavaThread "qtp968096121-61-acceptor-3-ServerConnector@2d92801b{HTTP/1.1}{0.0.0.0:8081}" [_thread_blocked, id=64771, stack(0x0000000125f1e000,0x000000012601e000)]
  0x00007fd024020800 JavaThread "qtp968096121-60-acceptor-2-ServerConnector@2d92801b{HTTP/1.1}{0.0.0.0:8081}" [_thread_in_native, id=64515, stack(0x0000000125e1b000,0x0000000125f1b000)]
  0x00007fd02d80f800 JavaThread "qtp968096121-59-acceptor-1-ServerConnector@2d92801b{HTTP/1.1}{0.0.0.0:8081}" [_thread_blocked, id=64259, stack(0x0000000125c15000,0x0000000125d15000)]
  0x00007fd024065800 JavaThread "qtp968096121-58-acceptor-0-ServerConnector@2d92801b{HTTP/1.1}{0.0.0.0:8081}" [_thread_blocked, id=63235, stack(0x0000000125d18000,0x0000000125e18000)]
  0x00007fd0268dd800 JavaThread "Timer-1" [_thread_blocked, id=61443, stack(0x0000000125b12000,0x0000000125c12000)]
  0x00007fd026803000 JavaThread "Timer-0" [_thread_blocked, id=60931, stack(0x0000000125a0f000,0x0000000125b0f000)]
  0x00007fd026802000 JavaThread "qtp968096121-54-selector-7" [_thread_in_native, id=60675, stack(0x000000012590c000,0x0000000125a0c000)]
  0x00007fd02704a800 JavaThread "qtp968096121-53-selector-6" [_thread_in_native, id=60419, stack(0x0000000125809000,0x0000000125909000)]
  0x00007fd027049800 JavaThread "qtp968096121-52-selector-3" [_thread_in_native, id=60163, stack(0x0000000125706000,0x0000000125806000)]
  0x00007fd027038000 JavaThread "qtp968096121-51-selector-2" [_thread_in_native, id=59907, stack(0x0000000125603000,0x0000000125703000)]
  0x00007fd0268bc800 JavaThread "qtp968096121-50-selector-1" [_thread_in_native, id=59651, stack(0x0000000125500000,0x0000000125600000)]
  0x00007fd025101800 JavaThread "qtp968096121-49-selector-5" [_thread_in_native, id=59395, stack(0x00000001253fd000,0x00000001254fd000)]
  0x00007fd024b4c800 JavaThread "qtp968096121-48-selector-4" [_thread_in_native, id=59139, stack(0x00000001252fa000,0x00000001253fa000)]
  0x00007fd0250cd000 JavaThread "qtp968096121-47-selector-0" [_thread_in_native, id=58627, stack(0x00000001251f7000,0x00000001252f7000)]
  0x00007fd024b20000 JavaThread "DateCache" daemon [_thread_blocked, id=56583, stack(0x0000000124cfb000,0x0000000124dfb000)]
  0x00007fd024c3c000 JavaThread "Thread-7" [_thread_blocked, id=56323, stack(0x0000000124b02000,0x0000000124c02000)]
  0x00007fd027037000 JavaThread "Sleep thread" [_thread_blocked, id=56067, stack(0x00000001250f4000,0x00000001251f4000)]
  0x00007fd02703e000 JavaThread "Discovery thread" [_thread_blocked, id=22535, stack(0x0000000124ff1000,0x00000001250f1000)]
  0x00007fd02703d000 JavaThread "DestroyJavaVM" [_thread_blocked, id=7171, stack(0x000000010febf000,0x000000010ffbf000)]
  0x00007fd023ae8000 JavaThread "Flushing caches" [_thread_blocked, id=55811, stack(0x000000012497e000,0x0000000124a7e000)]
  0x00007fd02e090000 JavaThread "TimerQueue" daemon [_thread_blocked, id=55555, stack(0x0000000124753000,0x0000000124853000)]
  0x00007fd02381e000 JavaThread "KeyTipManager processing thread" daemon [_thread_blocked, id=55299, stack(0x0000000121f4e000,0x000000012204e000)]
  0x00007fd0238b9000 JavaThread "Thread-4" daemon [_thread_blocked, id=55043, stack(0x0000000121e4b000,0x0000000121f4b000)]
  0x00007fd025c9f000 JavaThread "Worker-JM" [_thread_blocked, id=54787, stack(0x00000001218e2000,0x00000001219e2000)]
  0x00007fd02294e800 JavaThread "Image Fetcher 0" daemon [_thread_blocked, id=54275, stack(0x0000000124650000,0x0000000124750000)]
  0x00007fd02d06a800 JavaThread "File Watcher" daemon [_thread_blocked, id=52995, stack(0x0000000122200000,0x0000000122300000)]
  0x00007fd023ac1800 JavaThread "Thread-3" daemon [_thread_in_native, id=50947, stack(0x00000001220fd000,0x00000001221fd000)]
  0x00007fd0268b7800 JavaThread "Inactive RequestProcessor thread [Was:Folder recognizer/org.openide.loaders.FolderList$ListTask]" daemon [_thread_blocked, id=50435, stack(0x0000000121cb3000,0x0000000121db3000)]
  0x00007fd026808000 JavaThread "Inactive RequestProcessor thread [Was:Timeable Event Queue Watch Dog/org.netbeans.core.TimableEventQueue]" daemon [_thread_blocked, id=50179, stack(0x0000000121bb0000,0x0000000121cb0000)]
  0x00007fd024943800 JavaThread "OutlineView" daemon [_thread_blocked, id=49923, stack(0x0000000121aad000,0x0000000121bad000)]
  0x00007fd02c94d000 JavaThread "Bundle File Closer" daemon [_thread_blocked, id=49667, stack(0x00000001216a5000,0x00000001217a5000)]
  0x00007fd022875800 JavaThread "Framework Event Dispatcher" daemon [_thread_blocked, id=49411, stack(0x00000001215a2000,0x00000001216a2000)]
  0x00007fd02c914800 JavaThread "State Saver" [_thread_blocked, id=49155, stack(0x000000012149f000,0x000000012159f000)]
  0x00007fd02c96a800 JavaThread "Framework Active Thread" [_thread_blocked, id=48899, stack(0x000000012139c000,0x000000012149c000)]
  0x00007fd023876800 JavaThread "Inactive RequestProcessor thread [Was:On Start/Stop/org.netbeans.modules.projectapi.Installer]" daemon [_thread_blocked, id=47875, stack(0x00000001202b0000,0x00000001203b0000)]
  0x00007fd022992800 JavaThread "org.netbeans.modules.debugger.jpda.visual AWT Access Loop" daemon [_thread_blocked, id=40715, stack(0x000000011f54e000,0x000000011f64e000)]
  0x00007fd0259e6800 JavaThread "AWT-EventQueue-0" [_thread_in_native, id=39939, stack(0x000000011f266000,0x000000011f366000)]
  0x00007fd025013000 JavaThread "Java2D Disposer" daemon [_thread_blocked, id=39683, stack(0x000000011f117000,0x000000011f217000)]
  0x00007fd02591a800 JavaThread "Java2D Queue Flusher" daemon [_thread_blocked, id=37135, stack(0x000000011e45c000,0x000000011e55c000)]
  0x00007fd025800000 JavaThread "AWT-Shutdown" [_thread_blocked, id=23047, stack(0x000000011aa55000,0x000000011ab55000)]
=>0x00007fd0258a9800 JavaThread "JavaFX Application Thread" daemon [_thread_in_vm, id=1799, stack(0x00007fff6e5ea000,0x00007fff6edea000)]
  0x00007fd022931800 JavaThread "RequestProcessor queue manager" daemon [_thread_blocked, id=22787, stack(0x000000011a702000,0x000000011a802000)]
  0x00007fd022888800 JavaThread "Inactive RequestProcessor thread [Was:ConnectAction is enabled/org.netbeans.modules.debugger.ui.actions.ConnectAction$1]" daemon [_thread_blocked, id=21763, stack(0x000000011a3ee000,0x000000011a4ee000)]
  0x00007fd022921000 JavaThread "CLI Requests Server" daemon [_thread_in_native, id=21251, stack(0x000000011a2eb000,0x000000011a3eb000)]
  0x00007fd0228b0800 JavaThread "Active Reference Queue Daemon" daemon [_thread_blocked, id=20995, stack(0x000000011a1e8000,0x000000011a2e8000)]
  0x00007fd02500a000 JavaThread "Service Thread" daemon [_thread_blocked, id=20483, stack(0x0000000119d7d000,0x0000000119e7d000)]
  0x00007fd025009000 JavaThread "C2 CompilerThread1" daemon [_thread_in_native, id=20227, stack(0x0000000119c7a000,0x0000000119d7a000)]
  0x00007fd025802800 JavaThread "C2 CompilerThread0" daemon [_thread_in_native, id=19971, stack(0x0000000119b77000,0x0000000119c77000)]
  0x00007fd023814800 JavaThread "JDWP Command Reader" daemon [_thread_in_native, id=19715, stack(0x0000000119a74000,0x0000000119b74000)]
  0x00007fd025802000 JavaThread "JDWP Event Helper Thread" daemon [_thread_blocked, id=19459, stack(0x0000000119971000,0x0000000119a71000)]
  0x00007fd025801000 JavaThread "JDWP Transport Listener: dt_socket" daemon [_thread_blocked, id=19203, stack(0x000000011986e000,0x000000011996e000)]
  0x00007fd02486d000 JavaThread "Signal Dispatcher" daemon [_thread_blocked, id=18947, stack(0x0000000119765000,0x0000000119865000)]
  0x00007fd023803000 JavaThread "Finalizer" daemon [_thread_blocked, id=15107, stack(0x000000011945b000,0x000000011955b000)]
  0x00007fd024856000 JavaThread "Reference Handler" daemon [_thread_blocked, id=14851, stack(0x0000000119358000,0x0000000119458000)]

Other Threads:
  0x00007fd024853800 VMThread [stack: 0x0000000119255000,0x0000000119355000] [id=14595]
  0x00007fd022838000 WatcherThread [stack: 0x0000000119e80000,0x0000000119f80000] [id=20739]

VM state:not at safepoint (normal execution)

VM Mutex/Monitor currently owned by a thread: None

Heap
 PSYoungGen      total 277760K, used 28534K [0x00000007e4eb0000, 0x0000000800000000, 0x0000000800000000)
  eden space 260800K, 5% used [0x00000007e4eb0000,0x00000007e5bb5320,0x00000007f4d60000)
  from space 16960K, 89% used [0x00000007f4d60000,0x00000007f5c387e8,0x00000007f5df0000)
  to   space 18496K, 0% used [0x00000007fedf0000,0x00000007fedf0000,0x0000000800000000)
 ParOldGen       total 55488K, used 42546K [0x00000007aec00000, 0x00000007b2230000, 0x00000007e4eb0000)
  object space 55488K, 76% used [0x00000007aec00000,0x00000007b158c8b0,0x00000007b2230000)
 PSPermGen       total 55040K, used 54923K [0x00000007a9a00000, 0x00000007acfc0000, 0x00000007aec00000)
  object space 55040K, 99% used [0x00000007a9a00000,0x00000007acfa2ed0,0x00000007acfc0000)

Card table byte_map: [0x0000000113110000,0x00000001133c4000] byte_map_base: 0x000000010f3c3000

Polling page: 0x000000010f2fd000

Code Cache  [0x0000000110050000, 0x00000001103d0000, 0x0000000113050000)
 total_blobs=1646 nmethods=877 adapters=728 free_code_cache=45679Kb largest_free_block=46690880

Compilation events (10 events):
Event: 12.293 Thread 0x00007fd025802800 1026             java.nio.Buffer::nextGetIndex (31 bytes)
Event: 12.294 Thread 0x00007fd025802800 nmethod 1026 0x0000000110148b10 code [0x0000000110148c40, 0x0000000110148cd8]
Event: 12.296 Thread 0x00007fd025009000 1027   !         org.netbeans.Archive::getData (225 bytes)
Event: 12.325 Thread 0x00007fd025802800 1028             com.sun.javafx.iio.gif.GIFImageLoader::getPalette (255 bytes)
Event: 12.335 Thread 0x00007fd025802800 nmethod 1028 0x00000001103bbad0 code [0x00000001103bbc80, 0x00000001103bc6e8]
Event: 12.335 Thread 0x00007fd025802800 1029             com.sun.javafx.iio.gif.GIFImageLoader::outputPixels (262 bytes)
Event: 12.338 Thread 0x00007fd025009000 nmethod 1027 0x00000001103aedd0 code [0x00000001103af140, 0x00000001103b16b8]
Event: 12.339 Thread 0x00007fd025009000 1030             com.sun.javafx.iio.common.ImageTools::convert (1303 bytes)
Event: 12.340 Thread 0x00007fd025802800 nmethod 1029 0x00000001103ae0d0 code [0x00000001103ae2a0, 0x00000001103ae970]
Event: 12.340 Thread 0x00007fd025802800   24 % !         com.sun.javafx.iio.gif.GIFImageLoader::read @ 1278 (1345 bytes)

GC Heap History (10 events):
Event: 6.286 GC heap before
{Heap before GC invocations=7 (full 0):
 PSYoungGen      total 89792K, used 88437K [0x00000007e4eb0000, 0x00000007ead10000, 0x0000000800000000)
  eden space 83200K, 100% used [0x00000007e4eb0000,0x00000007e9ff0000,0x00000007e9ff0000)
  from space 6592K, 79% used [0x00000007ea6a0000,0x00000007eabbd488,0x00000007ead10000)
  to   space 6720K, 0% used [0x00000007e9ff0000,0x00000007e9ff0000,0x00000007ea680000)
 ParOldGen       total 55488K, used 10737K [0x00000007aec00000, 0x00000007b2230000, 0x00000007e4eb0000)
  object space 55488K, 19% used [0x00000007aec00000,0x00000007af67c7f0,0x00000007b2230000)
 PSPermGen       total 21248K, used 18277K [0x00000007a9a00000, 0x00000007aaec0000, 0x00000007aec00000)
  object space 21248K, 86% used [0x00000007a9a00000,0x00000007aabd9470,0x00000007aaec0000)
Event: 6.297 GC heap after
Heap after GC invocations=7 (full 0):
 PSYoungGen      total 89920K, used 6708K [0x00000007e4eb0000, 0x00000007f0450000, 0x0000000800000000)
  eden space 83200K, 0% used [0x00000007e4eb0000,0x00000007e4eb0000,0x00000007e9ff0000)
  from space 6720K, 99% used [0x00000007e9ff0000,0x00000007ea67d2e0,0x00000007ea680000)
  to   space 9792K, 0% used [0x00000007efac0000,0x00000007efac0000,0x00000007f0450000)
 ParOldGen       total 55488K, used 15958K [0x00000007aec00000, 0x00000007b2230000, 0x00000007e4eb0000)
  object space 55488K, 28% used [0x00000007aec00000,0x00000007afb95918,0x00000007b2230000)
 PSPermGen       total 21248K, used 18277K [0x00000007a9a00000, 0x00000007aaec0000, 0x00000007aec00000)
  object space 21248K, 86% used [0x00000007a9a00000,0x00000007aabd9470,0x00000007aaec0000)
}
Event: 7.096 GC heap before
{Heap before GC invocations=8 (full 0):
 PSYoungGen      total 89920K, used 89908K [0x00000007e4eb0000, 0x00000007f0450000, 0x0000000800000000)
  eden space 83200K, 100% used [0x00000007e4eb0000,0x00000007e9ff0000,0x00000007e9ff0000)
  from space 6720K, 99% used [0x00000007e9ff0000,0x00000007ea67d2e0,0x00000007ea680000)
  to   space 9792K, 0% used [0x00000007efac0000,0x00000007efac0000,0x00000007f0450000)
 ParOldGen       total 55488K, used 15958K [0x00000007aec00000, 0x00000007b2230000, 0x00000007e4eb0000)
  object space 55488K, 28% used [0x00000007aec00000,0x00000007afb95918,0x00000007b2230000)
 PSPermGen       total 21248K, used 18559K [0x00000007a9a00000, 0x00000007aaec0000, 0x00000007aec00000)
  object space 21248K, 87% used [0x00000007a9a00000,0x00000007aac1fee0,0x00000007aaec0000)
Event: 7.110 GC heap after
Heap after GC invocations=8 (full 0):
 PSYoungGen      total 173632K, used 9780K [0x00000007e4eb0000, 0x00000007f0950000, 0x0000000800000000)
  eden space 163840K, 0% used [0x00000007e4eb0000,0x00000007e4eb0000,0x00000007eeeb0000)
  from space 9792K, 99% used [0x00000007efac0000,0x00000007f044d320,0x00000007f0450000)
  to   space 12352K, 0% used [0x00000007eeeb0000,0x00000007eeeb0000,0x00000007efac0000)
 ParOldGen       total 55488K, used 19454K [0x00000007aec00000, 0x00000007b2230000, 0x00000007e4eb0000)
  object space 55488K, 35% used [0x00000007aec00000,0x00000007afeff8c0,0x00000007b2230000)
 PSPermGen       total 21248K, used 18559K [0x00000007a9a00000, 0x00000007aaec0000, 0x00000007aec00000)
  object space 21248K, 87% used [0x00000007a9a00000,0x00000007aac1fee0,0x00000007aaec0000)
}
Event: 8.916 GC heap before
{Heap before GC invocations=9 (full 0):
 PSYoungGen      total 173632K, used 173620K [0x00000007e4eb0000, 0x00000007f0950000, 0x0000000800000000)
  eden space 163840K, 100% used [0x00000007e4eb0000,0x00000007eeeb0000,0x00000007eeeb0000)
  from space 9792K, 99% used [0x00000007efac0000,0x00000007f044d320,0x00000007f0450000)
  to   space 12352K, 0% used [0x00000007eeeb0000,0x00000007eeeb0000,0x00000007efac0000)
 ParOldGen       total 55488K, used 19454K [0x00000007aec00000, 0x00000007b2230000, 0x00000007e4eb0000)
  object space 55488K, 35% used [0x00000007aec00000,0x00000007afeff8c0,0x00000007b2230000)
 PSPermGen       total 29312K, used 29186K [0x00000007a9a00000, 0x00000007ab6a0000, 0x00000007aec00000)
  object space 29312K, 99% used [0x00000007a9a00000,0x00000007ab680948,0x00000007ab6a0000)
Event: 8.939 GC heap after
Heap after GC invocations=9 (full 0):
 PSYoungGen      total 176192K, used 12347K [0x00000007e4eb0000, 0x00000007f6d30000, 0x0000000800000000)
  eden space 163840K, 0% used [0x00000007e4eb0000,0x00000007e4eb0000,0x00000007eeeb0000)
  from space 12352K, 99% used [0x00000007eeeb0000,0x00000007efabed90,0x00000007efac0000)
  to   space 15616K, 0% used [0x00000007f5df0000,0x00000007f5df0000,0x00000007f6d30000)
 ParOldGen       total 55488K, used 23759K [0x00000007aec00000, 0x00000007b2230000, 0x00000007e4eb0000)
  object space 55488K, 42% used [0x00000007aec00000,0x00000007b0333d58,0x00000007b2230000)
 PSPermGen       total 29312K, used 29186K [0x00000007a9a00000, 0x00000007ab6a0000, 0x00000007aec00000)
  object space 29312K, 99% used [0x00000007a9a00000,0x00000007ab680948,0x00000007ab6a0000)
}
Event: 9.590 GC heap before
{Heap before GC invocations=10 (full 0):
 PSYoungGen      total 176192K, used 176187K [0x00000007e4eb0000, 0x00000007f6d30000, 0x0000000800000000)
  eden space 163840K, 100% used [0x00000007e4eb0000,0x00000007eeeb0000,0x00000007eeeb0000)
  from space 12352K, 99% used [0x00000007eeeb0000,0x00000007efabed90,0x00000007efac0000)
  to   space 15616K, 0% used [0x00000007f5df0000,0x00000007f5df0000,0x00000007f6d30000)
 ParOldGen       total 55488K, used 23759K [0x00000007aec00000, 0x00000007b2230000, 0x00000007e4eb0000)
  object space 55488K, 42% used [0x00000007aec00000,0x00000007b0333d58,0x00000007b2230000)
 PSPermGen       total 33152K, used 33051K [0x00000007a9a00000, 0x00000007aba60000, 0x00000007aec00000)
  object space 33152K, 99% used [0x00000007a9a00000,0x00000007aba46da8,0x00000007aba60000)
Event: 9.612 GC heap after
Heap after GC invocations=10 (full 0):
 PSYoungGen      total 276416K, used 13970K [0x00000007e4eb0000, 0x00000007f6fd0000, 0x0000000800000000)
  eden space 260800K, 0% used [0x00000007e4eb0000,0x00000007e4eb0000,0x00000007f4d60000)
  from space 15616K, 89% used [0x00000007f5df0000,0x00000007f6b94a58,0x00000007f6d30000)
  to   space 16960K, 0% used [0x00000007f4d60000,0x00000007f4d60000,0x00000007f5df0000)
 ParOldGen       total 55488K, used 30013K [0x00000007aec00000, 0x00000007b2230000, 0x00000007e4eb0000)
  object space 55488K, 54% used [0x00000007aec00000,0x00000007b094f428,0x00000007b2230000)
 PSPermGen       total 33152K, used 33051K [0x00000007a9a00000, 0x00000007aba60000, 0x00000007aec00000)
  object space 33152K, 99% used [0x00000007a9a00000,0x00000007aba46da8,0x00000007aba60000)
}
Event: 11.811 GC heap before
{Heap before GC invocations=11 (full 0):
 PSYoungGen      total 276416K, used 274770K [0x00000007e4eb0000, 0x00000007f6fd0000, 0x0000000800000000)
  eden space 260800K, 100% used [0x00000007e4eb0000,0x00000007f4d60000,0x00000007f4d60000)
  from space 15616K, 89% used [0x00000007f5df0000,0x00000007f6b94a58,0x00000007f6d30000)
  to   space 16960K, 0% used [0x00000007f4d60000,0x00000007f4d60000,0x00000007f5df0000)
 ParOldGen       total 55488K, used 30013K [0x00000007aec00000, 0x00000007b2230000, 0x00000007e4eb0000)
  object space 55488K, 54% used [0x00000007aec00000,0x00000007b094f428,0x00000007b2230000)
 PSPermGen       total 54464K, used 54305K [0x00000007a9a00000, 0x00000007acf30000, 0x00000007aec00000)
  object space 54464K, 99% used [0x00000007a9a00000,0x00000007acf087f8,0x00000007acf30000)
Event: 11.837 GC heap after
Heap after GC invocations=11 (full 0):
 PSYoungGen      total 277760K, used 15201K [0x00000007e4eb0000, 0x0000000800000000, 0x0000000800000000)
  eden space 260800K, 0% used [0x00000007e4eb0000,0x00000007e4eb0000,0x00000007f4d60000)
  from space 16960K, 89% used [0x00000007f4d60000,0x00000007f5c387e8,0x00000007f5df0000)
  to   space 18496K, 0% used [0x00000007fedf0000,0x00000007fedf0000,0x0000000800000000)
 ParOldGen       total 55488K, used 42546K [0x00000007aec00000, 0x00000007b2230000, 0x00000007e4eb0000)
  object space 55488K, 76% used [0x00000007aec00000,0x00000007b158c8b0,0x00000007b2230000)
 PSPermGen       total 54464K, used 54305K [0x00000007a9a00000, 0x00000007acf30000, 0x00000007aec00000)
  object space 54464K, 99% used [0x00000007a9a00000,0x00000007acf087f8,0x00000007acf30000)
}

Deoptimization events (10 events):
Event: 11.733 Thread 0x00007fd026808000 Uncommon trap -34 fr.pc 0x00000001100e240c
Event: 11.733 Thread 0x00007fd026808000 Uncommon trap -34 fr.pc 0x00000001100e240c
Event: 11.733 Thread 0x00007fd026808000 Uncommon trap -34 fr.pc 0x00000001100e240c
Event: 11.734 Thread 0x00007fd026808000 Uncommon trap -34 fr.pc 0x00000001100e240c
Event: 11.871 Thread 0x00007fd0259e6800 Uncommon trap 51 fr.pc 0x00000001100e35d8
Event: 11.874 Thread 0x00007fd0259e6800 Uncommon trap -42 fr.pc 0x0000000110288a60
Event: 12.122 Thread 0x00007fd0258a9800 Uncommon trap -83 fr.pc 0x0000000110284990
Event: 12.169 Thread 0x00007fd0259e6800 Uncommon trap -34 fr.pc 0x0000000110216160
Event: 12.169 Thread 0x00007fd0259e6800 Uncommon trap -34 fr.pc 0x0000000110216160
Event: 12.169 Thread 0x00007fd0259e6800 Uncommon trap -34 fr.pc 0x0000000110216160

Internal exceptions (10 events):
Event: 12.314 Thread 0x00007fd0258a9800 Threw 0x00000007e5ab5ec0 at /HUDSON/workspace/jdk7u10-2-build-macosx-amd64-product/jdk7u10/hotspot/src/share/vm/prims/jvm.cpp:1166
Event: 12.316 Thread 0x00007fd0258a9800 Threw 0x00000007e5ac9000 at /HUDSON/workspace/jdk7u10-2-build-macosx-amd64-product/jdk7u10/hotspot/src/share/vm/prims/jvm.cpp:1166
Event: 12.316 Thread 0x00007fd0258a9800 Threw 0x00000007e5acb268 at /HUDSON/workspace/jdk7u10-2-build-macosx-amd64-product/jdk7u10/hotspot/src/share/vm/prims/jvm.cpp:1166
Event: 12.347 Thread 0x00007fd0258a9800 Threw 0x00000007e5b60008 at /HUDSON/workspace/jdk7u10-2-build-macosx-amd64-product/jdk7u10/hotspot/src/share/vm/prims/jvm.cpp:1166
Event: 12.347 Thread 0x00007fd0258a9800 Threw 0x00000007e5b61aa8 at /HUDSON/workspace/jdk7u10-2-build-macosx-amd64-product/jdk7u10/hotspot/src/share/vm/prims/jvm.cpp:1166
Event: 12.347 Thread 0x00007fd0258a9800 Threw 0x00000007e5b727f8 at /HUDSON/workspace/jdk7u10-2-build-macosx-amd64-product/jdk7u10/hotspot/src/share/vm/prims/jvm.cpp:1166
Event: 12.347 Thread 0x00007fd0258a9800 Threw 0x00000007e5b74408 at /HUDSON/workspace/jdk7u10-2-build-macosx-amd64-product/jdk7u10/hotspot/src/share/vm/prims/jvm.cpp:1166
Event: 12.347 Thread 0x00007fd0258a9800 Threw 0x00000007e5b802e0 at /HUDSON/workspace/jdk7u10-2-build-macosx-amd64-product/jdk7u10/hotspot/src/share/vm/prims/jvm.cpp:1166
Event: 12.347 Thread 0x00007fd0258a9800 Threw 0x00000007e5b82108 at /HUDSON/workspace/jdk7u10-2-build-macosx-amd64-product/jdk7u10/hotspot/src/share/vm/prims/jvm.cpp:1166
Event: 12.350 Thread 0x00007fd0258a9800 Threw 0x00000007e5b9b3b0 at /HUDSON/workspace/jdk7u10-2-build-macosx-amd64-product/jdk7u10/hotspot/src/share/vm/prims/jni.cpp:1597

Events (10 events):
Event: 12.316 loading class 0x00007fd0231888b0
Event: 12.316 loading class 0x00007fd0231888b0 done
Event: 12.339 Executing VM operation: GetOrSetLocal
Event: 12.339 Executing VM operation: GetOrSetLocal done
Event: 12.347 loading class 0x00007fd0261550a0
Event: 12.347 loading class 0x00007fd0261550a0 done
Event: 12.347 loading class 0x00007fd0261540c0
Event: 12.347 loading class 0x00007fd0261540c0 done
Event: 12.347 loading class 0x00007fd026154dd0
Event: 12.347 loading class 0x00007fd026154dd0 done


Dynamic libraries:
0x0000000004947000 	/System/Library/Frameworks/Cocoa.framework/Versions/A/Cocoa
0x0000000004947000 	/System/Library/Frameworks/Security.framework/Versions/A/Security
0x0000000004947000 	/System/Library/Frameworks/ApplicationServices.framework/Versions/A/ApplicationServices
0x0000000004947000 	/usr/lib/libz.1.dylib
0x0000000004947000 	/usr/lib/libSystem.B.dylib
0x0000000004947000 	/usr/lib/libobjc.A.dylib
0x0000000004947000 	/System/Library/Frameworks/CoreFoundation.framework/Versions/A/CoreFoundation
0x0000000004947000 	/System/Library/Frameworks/AppKit.framework/Versions/C/AppKit
0x0000000004947000 	/System/Library/Frameworks/CoreData.framework/Versions/A/CoreData
0x0000000004947000 	/System/Library/Frameworks/Foundation.framework/Versions/C/Foundation
0x0000000004947000 	/System/Library/PrivateFrameworks/RemoteViewServices.framework/Versions/A/RemoteViewServices
0x0000000004947000 	/System/Library/Frameworks/AudioToolbox.framework/Versions/A/AudioToolbox
0x0000000004947000 	/System/Library/Frameworks/AudioUnit.framework/Versions/A/AudioUnit
0x0000000004947000 	/System/Library/PrivateFrameworks/DataDetectorsCore.framework/Versions/A/DataDetectorsCore
0x0000000004947000 	/System/Library/PrivateFrameworks/DesktopServicesPriv.framework/Versions/A/DesktopServicesPriv
0x0000000004947000 	/System/Library/Frameworks/Carbon.framework/Versions/A/Frameworks/HIToolbox.framework/Versions/A/HIToolbox
0x0000000004947000 	/System/Library/Frameworks/QuartzCore.framework/Versions/A/QuartzCore
0x0000000004947000 	/System/Library/Frameworks/Carbon.framework/Versions/A/Frameworks/SpeechRecognition.framework/Versions/A/SpeechRecognition
0x0000000004947000 	/usr/lib/libauto.dylib
0x0000000004947000 	/usr/lib/libicucore.A.dylib
0x0000000004947000 	/usr/lib/libxml2.2.dylib
0x0000000004947000 	/System/Library/PrivateFrameworks/CoreUI.framework/Versions/A/CoreUI
0x0000000004947000 	/System/Library/Frameworks/CoreAudio.framework/Versions/A/CoreAudio
0x0000000004947000 	/System/Library/Frameworks/DiskArbitration.framework/Versions/A/DiskArbitration
0x0000000004947000 	/usr/lib/liblangid.dylib
0x0000000004947000 	/System/Library/PrivateFrameworks/MultitouchSupport.framework/Versions/A/MultitouchSupport
0x0000000004947000 	/System/Library/Frameworks/IOKit.framework/Versions/A/IOKit
0x0000000004947000 	/usr/lib/libDiagnosticMessagesClient.dylib
0x0000000004947000 	/System/Library/Frameworks/CoreServices.framework/Versions/A/CoreServices
0x0000000004947000 	/System/Library/PrivateFrameworks/PerformanceAnalysis.framework/Versions/A/PerformanceAnalysis
0x0000000004947000 	/System/Library/PrivateFrameworks/GenerationalStorage.framework/Versions/A/GenerationalStorage
0x0000000004947000 	/System/Library/Frameworks/OpenGL.framework/Versions/A/OpenGL
0x0000000004947000 	/System/Library/Frameworks/CoreServices.framework/Versions/A/Frameworks/CFNetwork.framework/Versions/A/CFNetwork
0x0000000004947000 	/System/Library/Frameworks/SystemConfiguration.framework/Versions/A/SystemConfiguration
0x0000000004947000 	/usr/lib/libCRFSuite.dylib
0x0000000004947000 	/usr/lib/libc++.1.dylib
0x0000000004947000 	/usr/lib/libstdc++.6.dylib
0x0000000004947000 	/usr/lib/libc++abi.dylib
0x0000000004947000 	/usr/lib/system/libcache.dylib
0x0000000004947000 	/usr/lib/system/libcommonCrypto.dylib
0x0000000004947000 	/usr/lib/system/libcompiler_rt.dylib
0x0000000004947000 	/usr/lib/system/libcopyfile.dylib
0x0000000004947000 	/usr/lib/system/libdispatch.dylib
0x0000000004947000 	/usr/lib/system/libdnsinfo.dylib
0x0000000004947000 	/usr/lib/system/libdyld.dylib
0x0000000004947000 	/usr/lib/system/libkeymgr.dylib
0x0000000004947000 	/usr/lib/system/liblaunch.dylib
0x0000000004947000 	/usr/lib/system/libmacho.dylib
0x0000000004947000 	/usr/lib/system/libmathCommon.A.dylib
0x0000000004947000 	/usr/lib/system/libquarantine.dylib
0x0000000004947000 	/usr/lib/system/libremovefile.dylib
0x0000000004947000 	/usr/lib/system/libsystem_blocks.dylib
0x0000000004947000 	/usr/lib/system/libsystem_c.dylib
0x0000000004947000 	/usr/lib/system/libsystem_dnssd.dylib
0x0000000004947000 	/usr/lib/system/libsystem_info.dylib
0x0000000004947000 	/usr/lib/system/libsystem_kernel.dylib
0x0000000004947000 	/usr/lib/system/libsystem_network.dylib
0x0000000004947000 	/usr/lib/system/libsystem_notify.dylib
0x0000000004947000 	/usr/lib/system/libsystem_sandbox.dylib
0x0000000004947000 	/usr/lib/system/libunc.dylib
0x0000000004947000 	/usr/lib/system/libunwind.dylib
0x0000000004947000 	/usr/lib/system/libxpc.dylib
0x0000000004947000 	/usr/lib/libbsm.0.dylib
0x0000000004947000 	/usr/lib/libsqlite3.dylib
0x0000000004947000 	/usr/lib/libOpenScriptingUtil.dylib
0x0000000004947000 	/usr/lib/libpam.2.dylib
0x0000000004947000 	/usr/lib/libxar-nossl.dylib
0x0000000004947000 	/usr/lib/libbz2.1.0.dylib
0x0000000004947000 	/System/Library/Frameworks/CoreServices.framework/Versions/A/Frameworks/CarbonCore.framework/Versions/A/CarbonCore
0x0000000004947000 	/System/Library/Frameworks/CoreServices.framework/Versions/A/Frameworks/Metadata.framework/Versions/A/Metadata
0x0000000004947000 	/System/Library/Frameworks/CoreServices.framework/Versions/A/Frameworks/OSServices.framework/Versions/A/OSServices
0x0000000004947000 	/System/Library/Frameworks/CoreServices.framework/Versions/A/Frameworks/SearchKit.framework/Versions/A/SearchKit
0x0000000004947000 	/System/Library/Frameworks/CoreServices.framework/Versions/A/Frameworks/AE.framework/Versions/A/AE
0x0000000004947000 	/System/Library/Frameworks/CoreServices.framework/Versions/A/Frameworks/LaunchServices.framework/Versions/A/LaunchServices
0x0000000004947000 	/System/Library/Frameworks/CoreServices.framework/Versions/A/Frameworks/DictionaryServices.framework/Versions/A/DictionaryServices
0x0000000004947000 	/System/Library/Frameworks/NetFS.framework/Versions/A/NetFS
0x0000000004947000 	/usr/lib/system/libkxld.dylib
0x0000000004947000 	/System/Library/PrivateFrameworks/NetAuth.framework/Versions/A/NetAuth
0x0000000004947000 	/usr/lib/libcrypto.0.9.8.dylib
0x0000000004947000 	/System/Library/PrivateFrameworks/TrustEvaluationAgent.framework/Versions/A/TrustEvaluationAgent
0x0000000004947000 	/System/Library/Frameworks/OpenDirectory.framework/Versions/A/Frameworks/CFOpenDirectory.framework/Versions/A/CFOpenDirectory
0x0000000004947000 	/usr/lib/libxslt.1.dylib
0x0000000004947000 	/System/Library/PrivateFrameworks/FamilyControls.framework/Versions/A/FamilyControls
0x0000000004947000 	/System/Library/Frameworks/Carbon.framework/Versions/A/Frameworks/Ink.framework/Versions/A/Ink
0x0000000004947000 	/System/Library/Frameworks/ApplicationServices.framework/Versions/A/Frameworks/CoreGraphics.framework/Versions/A/CoreGraphics
0x0000000004947000 	/System/Library/Frameworks/ApplicationServices.framework/Versions/A/Frameworks/ImageIO.framework/Versions/A/ImageIO
0x0000000004947000 	/System/Library/Frameworks/ApplicationServices.framework/Versions/A/Frameworks/CoreText.framework/Versions/A/CoreText
0x0000000004947000 	/System/Library/Frameworks/ApplicationServices.framework/Versions/A/Frameworks/ATS.framework/Versions/A/ATS
0x0000000004947000 	/System/Library/Frameworks/ApplicationServices.framework/Versions/A/Frameworks/ColorSync.framework/Versions/A/ColorSync
0x0000000004947000 	/System/Library/Frameworks/ApplicationServices.framework/Versions/A/Frameworks/HIServices.framework/Versions/A/HIServices
0x0000000004947000 	/System/Library/Frameworks/ApplicationServices.framework/Versions/A/Frameworks/LangAnalysis.framework/Versions/A/LangAnalysis
0x0000000004947000 	/System/Library/Frameworks/ApplicationServices.framework/Versions/A/Frameworks/PrintCore.framework/Versions/A/PrintCore
0x0000000004947000 	/System/Library/Frameworks/ApplicationServices.framework/Versions/A/Frameworks/QD.framework/Versions/A/QD
0x0000000004947000 	/System/Library/Frameworks/ApplicationServices.framework/Versions/A/Frameworks/SpeechSynthesis.framework/Versions/A/SpeechSynthesis
0x0000000004947000 	/System/Library/Frameworks/IOSurface.framework/Versions/A/IOSurface
0x0000000004947000 	/System/Library/Frameworks/Accelerate.framework/Versions/A/Accelerate
0x0000000004947000 	/System/Library/Frameworks/ApplicationServices.framework/Versions/A/Frameworks/ImageIO.framework/Versions/A/Resources/libJPEG.dylib
0x0000000004947000 	/System/Library/Frameworks/ApplicationServices.framework/Versions/A/Frameworks/ImageIO.framework/Versions/A/Resources/libTIFF.dylib
0x0000000004947000 	/System/Library/Frameworks/ApplicationServices.framework/Versions/A/Frameworks/ImageIO.framework/Versions/A/Resources/libPng.dylib
0x0000000004947000 	/System/Library/Frameworks/ApplicationServices.framework/Versions/A/Frameworks/ImageIO.framework/Versions/A/Resources/libGIF.dylib
0x0000000004947000 	/System/Library/Frameworks/ApplicationServices.framework/Versions/A/Frameworks/ImageIO.framework/Versions/A/Resources/libJP2.dylib
0x0000000004947000 	/System/Library/Frameworks/ApplicationServices.framework/Versions/A/Frameworks/ImageIO.framework/Versions/A/Resources/libRadiance.dylib
0x0000000004947000 	/System/Library/Frameworks/Accelerate.framework/Versions/A/Frameworks/vImage.framework/Versions/A/vImage
0x0000000004947000 	/System/Library/Frameworks/Accelerate.framework/Versions/A/Frameworks/vecLib.framework/Versions/A/vecLib
0x0000000004947000 	/System/Library/Frameworks/Accelerate.framework/Versions/A/Frameworks/vecLib.framework/Versions/A/libvDSP.dylib
0x0000000004947000 	/System/Library/Frameworks/Accelerate.framework/Versions/A/Frameworks/vecLib.framework/Versions/A/libvMisc.dylib
0x0000000004947000 	/System/Library/Frameworks/Accelerate.framework/Versions/A/Frameworks/vecLib.framework/Versions/A/libLAPACK.dylib
0x0000000004947000 	/System/Library/Frameworks/Accelerate.framework/Versions/A/Frameworks/vecLib.framework/Versions/A/libBLAS.dylib
0x0000000004947000 	/System/Library/Frameworks/ApplicationServices.framework/Versions/A/Frameworks/ATS.framework/Versions/A/Resources/libFontParser.dylib
0x0000000004947000 	/System/Library/Frameworks/ApplicationServices.framework/Versions/A/Frameworks/ATS.framework/Versions/A/Resources/libFontRegistry.dylib
0x0000000004947000 	/usr/lib/libcups.2.dylib
0x0000000004947000 	/System/Library/Frameworks/Kerberos.framework/Versions/A/Kerberos
0x0000000004947000 	/System/Library/Frameworks/GSS.framework/Versions/A/GSS
0x0000000004947000 	/usr/lib/libresolv.9.dylib
0x0000000004947000 	/usr/lib/libiconv.2.dylib
0x0000000004947000 	/System/Library/PrivateFrameworks/Heimdal.framework/Versions/A/Heimdal
0x0000000004947000 	/System/Library/Frameworks/OpenDirectory.framework/Versions/A/OpenDirectory
0x0000000004947000 	/System/Library/PrivateFrameworks/CommonAuth.framework/Versions/A/CommonAuth
0x0000000004947000 	/System/Library/Frameworks/CoreVideo.framework/Versions/A/CoreVideo
0x0000000004947000 	/System/Library/Frameworks/QuartzCore.framework/Versions/A/Frameworks/CoreImage.framework/Versions/A/CoreImage
0x0000000004947000 	/System/Library/Frameworks/QuartzCore.framework/Versions/A/Frameworks/ScalableUserInterface.framework/Versions/A/ScalableUserInterface
0x0000000004947000 	/System/Library/Frameworks/OpenGL.framework/Versions/A/Libraries/libGLU.dylib
0x0000000004947000 	/System/Library/Frameworks/OpenGL.framework/Versions/A/Libraries/libGFXShared.dylib
0x0000000004947000 	/System/Library/Frameworks/OpenGL.framework/Versions/A/Libraries/libGL.dylib
0x0000000004947000 	/System/Library/Frameworks/OpenGL.framework/Versions/A/Libraries/libGLImage.dylib
0x0000000004947000 	/System/Library/Frameworks/OpenGL.framework/Versions/A/Libraries/libCVMSPluginSupport.dylib
0x0000000004947000 	/System/Library/Frameworks/OpenGL.framework/Versions/A/Libraries/libCoreVMClient.dylib
0x0000000004947000 	/System/Library/Frameworks/OpenCL.framework/Versions/A/OpenCL
0x0000000004947000 	/System/Library/PrivateFrameworks/FaceCoreLight.framework/Versions/A/FaceCoreLight
0x0000000004947000 	/System/Library/Frameworks/vecLib.framework/Versions/A/vecLib
0x0000000004947000 	/System/Library/Frameworks/SecurityFoundation.framework/Versions/A/SecurityFoundation
0x0000000004947000 	/System/Library/PrivateFrameworks/CommerceKit.framework/Versions/A/Frameworks/CommerceCore.framework/Versions/A/CommerceCore
0x0000000004947000 	/System/Library/PrivateFrameworks/CoreSymbolication.framework/Versions/A/CoreSymbolication
0x0000000004947000 	/System/Library/PrivateFrameworks/Symbolication.framework/Versions/A/Symbolication
0x0000000004947000 	/System/Library/PrivateFrameworks/DebugSymbols.framework/Versions/A/DebugSymbols
0x000000010f400000 	/Library/Java/JavaVirtualMachines/jdk1.7.0_10.jdk/Contents/Home/jre/lib/server/libjvm.dylib
0x000000010ffc1000 	/Library/Java/JavaVirtualMachines/jdk1.7.0_10.jdk/Contents/Home/jre/lib/libverify.dylib
0x000000010ffce000 	/Library/Java/JavaVirtualMachines/jdk1.7.0_10.jdk/Contents/Home/jre/lib/libjava.dylib
0x000000010fffe000 	/Library/Java/JavaVirtualMachines/jdk1.7.0_10.jdk/Contents/Home/jre/lib/libjdwp.dylib
0x000000011003b000 	/Library/Java/JavaVirtualMachines/jdk1.7.0_10.jdk/Contents/Home/jre/lib/./libnpt.dylib
0x0000000110047000 	/Library/Java/JavaVirtualMachines/jdk1.7.0_10.jdk/Contents/Home/jre/lib/libzip.dylib
0x000000011955d000 	/System/Library/Frameworks/JavaVM.framework/Frameworks/JavaRuntimeSupport.framework/JavaRuntimeSupport
0x0000000119575000 	/System/Library/Frameworks/JavaVM.framework/Versions/A/Frameworks/JavaNativeFoundation.framework/Versions/A/JavaNativeFoundation
0x000000011958a000 	/System/Library/Frameworks/JavaVM.framework/Versions/A/JavaVM
0x0000000004947000 	/System/Library/Frameworks/Carbon.framework/Versions/A/Carbon
0x0000000119597000 	/System/Library/PrivateFrameworks/JavaLaunching.framework/Versions/A/JavaLaunching
0x0000000004947000 	/System/Library/Frameworks/Carbon.framework/Versions/A/Frameworks/CommonPanels.framework/Versions/A/CommonPanels
0x0000000004947000 	/System/Library/Frameworks/Carbon.framework/Versions/A/Frameworks/Help.framework/Versions/A/Help
0x0000000004947000 	/System/Library/Frameworks/Carbon.framework/Versions/A/Frameworks/ImageCapture.framework/Versions/A/ImageCapture
0x0000000004947000 	/System/Library/Frameworks/Carbon.framework/Versions/A/Frameworks/OpenScripting.framework/Versions/A/OpenScripting
0x0000000004947000 	/System/Library/Frameworks/Carbon.framework/Versions/A/Frameworks/Print.framework/Versions/A/Print
0x0000000004947000 	/System/Library/Frameworks/Carbon.framework/Versions/A/Frameworks/SecurityHI.framework/Versions/A/SecurityHI
0x0000000119867000 	/Library/Java/JavaVirtualMachines/jdk1.7.0_10.jdk/Contents/Home/jre/lib/libdt_socket.dylib
0x0000000119fe0000 	/Library/Java/JavaVirtualMachines/jdk1.7.0_10.jdk/Contents/Home/jre/lib/libnio.dylib
0x0000000119fef000 	/Library/Java/JavaVirtualMachines/jdk1.7.0_10.jdk/Contents/Home/jre/lib/./libnet.dylib
0x000000011a804000 	/Library/Java/JavaVirtualMachines/jdk1.7.0_10.jdk/Contents/Home/jre/lib/libawt.dylib
0x000000011a8b3000 	/Library/Java/JavaVirtualMachines/jdk1.7.0_10.jdk/Contents/Home/jre/lib/./libmlib_image.dylib
0x000000011a97f000 	/Library/Java/JavaVirtualMachines/jdk1.7.0_10.jdk/Contents/Home/jre/lib/lwawt/liblwawt.dylib
0x000000011aa31000 	/Library/Java/JavaVirtualMachines/jdk1.7.0_10.jdk/Contents/Home/jre/lib/server/../libosxapp.dylib
0x000000011aa4d000 	/System/Library/Frameworks/ExceptionHandling.framework/Versions/A/ExceptionHandling
0x0000000004947000 	/System/Library/PrivateFrameworks/CoreServicesInternal.framework/Versions/A/CoreServicesInternal
0x0000000004947000 	/System/Library/Frameworks/ApplicationServices.framework/Versions/A/Frameworks/CoreGraphics.framework/Versions/A/Resources/libCSync.A.dylib
0x0000000004947000 	/System/Library/Frameworks/ApplicationServices.framework/Versions/A/Frameworks/CoreGraphics.framework/Versions/A/Resources/libRIP.A.dylib
0x0000000004947000 	/System/Library/Frameworks/ApplicationServices.framework/Versions/A/Frameworks/CoreGraphics.framework/Versions/A/Resources/libCGXType.A.dylib
0x000000011e55e000 	/System/Library/Frameworks/OpenGL.framework/Resources/GLEngine.bundle/GLEngine
0x000000011e74d000 	/System/Library/Frameworks/OpenGL.framework/Versions/A/Libraries/libGLProgrammability.dylib
0x000000011e8d9000 	/System/Library/Extensions/ATIRadeonX3000GLDriver.bundle/Contents/MacOS/ATIRadeonX3000GLDriver
0x000000011be30000 	/System/Library/PrivateFrameworks/GPUSupport.framework/Versions/A/Libraries/libGPUSupport.dylib
0x000000011ebe9000 	/System/Library/Extensions/AppleIntelHD3000GraphicsGLDriver.bundle/Contents/MacOS/AppleIntelHD3000GraphicsGLDriver
0x000000011be7c000 	/System/Library/Frameworks/OpenGL.framework/Resources//GLRendererFloat.bundle/GLRendererFloat
0x000000011be45000 	/System/Library/Frameworks/OpenCL.framework/Versions/A/Libraries/libcldcpuengine.dylib
0x0000000004947000 	/System/Library/PrivateFrameworks/DiskImages.framework/Versions/A/DiskImages
0x000000011be55000 	/System/Library/Frameworks/OpenGL.framework/Versions/A/Libraries/libCoreFSCache.dylib
0x0000000004947000 	/System/Library/Frameworks/DiscRecording.framework/Versions/A/DiscRecording
0x0000000004947000 	/usr/lib/libcurl.4.dylib
0x0000000004947000 	/System/Library/PrivateFrameworks/MediaKit.framework/Versions/A/MediaKit
0x0000000004947000 	/usr/lib/libssl.0.9.8.dylib
0x0000000004947000 	/System/Library/Frameworks/LDAP.framework/Versions/A/LDAP
0x0000000004947000 	/usr/lib/libsasl2.2.dylib
0x000000011f219000 	/Library/Java/JavaVirtualMachines/jdk1.7.0_10.jdk/Contents/Home/jre/lib/libfontmanager.dylib
0x000000011a652000 	/Applications/NetBeans/NetBeans 7.3 Beta 2.app/Contents/Resources/NetBeans/platform/modules/lib/libjnidispatch-340.jnilib
0x000000011f504000 	/Library/Java/JavaVirtualMachines/jdk1.7.0_10.jdk/Contents/Home/jre/lib/libosxui.dylib
0x0000000120597000 	/Library/Java/JavaVirtualMachines/jdk1.7.0_10.jdk/Contents/Home/jre/lib/libkcms.dylib
0x000000011a511000 	/Library/Java/Extensions/librxtxSerial.jnilib
0x000000011f755000 	/Users/chaselaurendine/Documents/SvnProjects/NerduinoIDE/Nerduino-host/build/cluster/modules/bin/libmat.jnilib
0x00000000e1e6d000 	/System/Library/Frameworks/GLUT.framework/Versions/A/GLUT
0x0000000004947000 	/System/Library/Frameworks/QTKit.framework/Versions/A/QTKit
0x0000000004947000 	/System/Library/Frameworks/CoreMedia.framework/Versions/A/CoreMedia
0x0000000004947000 	/System/Library/PrivateFrameworks/MediaToolbox.framework/Versions/A/MediaToolbox
0x0000000004947000 	/System/Library/PrivateFrameworks/VideoToolbox.framework/Versions/A/VideoToolbox
0x0000000004947000 	/System/Library/PrivateFrameworks/CoreMediaAuthoring.framework/Versions/A/CoreMediaAuthoring
0x0000000004947000 	/System/Library/Frameworks/CoreMediaIO.framework/Versions/A/CoreMediaIO
0x0000000004947000 	/System/Library/PrivateFrameworks/CoreAUC.framework/Versions/A/CoreAUC
0x0000000004947000 	/System/Library/PrivateFrameworks/AppleVA.framework/Versions/A/AppleVA
0x0000000126123000 	/Users/chaselaurendine/Documents/SvnProjects/NerduinoIDE/Nerduino-host/build/cluster/modules/bin/libWebPaneJava.dylib
0x000000011fb2b000 	/Users/chaselaurendine/Documents/SvnProjects/NerduinoIDE/Nerduino-host/build/cluster/modules/bin/libjavafx-font.jnilib
0x000000011a618000 	cl_kernels
0x0000000124579000 	/System/Library/Frameworks/OpenCL.framework/Versions/A/Libraries/ImageFormats/unorm8_bgra.dylib
0x000000011d434000 	cl_kernels
0x000000012070d000 	/Library/Java/JavaVirtualMachines/jdk1.7.0_10.jdk/Contents/Home/jre/lib/libdcpr.dylib
0x0000000004947000 	/System/Library/Frameworks/ApplicationServices.framework/Versions/A/Frameworks/ATS.framework/Versions/A/Resources/libTrueTypeScaler.dylib
0x000000011f679000 	/Library/Java/JavaVirtualMachines/jdk1.7.0_10.jdk/Contents/Home/jre/lib/libmanagement.dylib
0x0000000122503000 	/Users/chaselaurendine/Documents/SvnProjects/NerduinoIDE/Nerduino-host/build/cluster/modules/bin/libjavafx-iio.jnilib

VM Arguments:
jvm_args: -Djdk.home=/Library/Java/JavaVirtualMachines/jdk1.7.0_10.jdk/Contents/Home -Dnetbeans.system_http_proxy=DIRECT -Dnetbeans.system_http_non_proxy_hosts= -Dnetbeans.dirs=/Users/chaselaurendine/Documents/SvnProjects/NerduinoIDE/Nerduino-host/build/cluster:/Applications/NetBeans/NetBeans 7.3 Beta 2.app/Contents/Resources/NetBeans/harness:/Applications/NetBeans/NetBeans 7.3 Beta 2.app/Contents/Resources/NetBeans/ide:/Applications/NetBeans/NetBeans 7.3 Beta 2.app/Contents/Resources/NetBeans/java:/Applications/NetBeans/NetBeans 7.3 Beta 2.app/Contents/Resources/NetBeans/platform:/Applications/NetBeans/NetBeans 7.3 Beta 2.app/Contents/Resources/NetBeans/websvccommon:/Users/chaselaurendine/Documents/Downloads/nbribbon/PinkMatterRibbonPlatform -Dnetbeans.home=/Applications/NetBeans/NetBeans 7.3 Beta 2.app/Contents/Resources/NetBeans/platform -Dnetbeans.logger.console=true -ea -Xdebug -Xrunjdwp:transport=dt_socket,suspend=y,server=n,address=dsldevice:49275 -Dsun.awt.disableMixing=true -XX:+HeapDumpOnOutOfMemoryError -XX:HeapDumpPath=/Users/chaselaurendine/Documents/SvnProjects/NerduinoIDE/Nerduino-host/NerduinoCore/../build/testuserdir/var/log/heapdump.hprof 
java_command: org.netbeans.Main --userdir /Users/chaselaurendine/Documents/SvnProjects/NerduinoIDE/Nerduino-host/NerduinoCore/../build/testuserdir --branding nerduinoiot
Launcher Type: SUN_STANDARD

Environment Variables:
PATH=/usr/bin:/bin:/usr/sbin:/sbin
LD_LIBRARY_PATH=/Library/Java/JavaVirtualMachines/jdk1.7.0_10.jdk/Contents/Home/jre/lib/amd64:/Library/Java/JavaVirtualMachines/jdk1.7.0_10.jdk/Contents/Home/jre/lib/i386:/Library/Java/JavaVirtualMachines/jdk1.7.0_10.jdk/Contents/Home/jre/lib/amd64:/Library/Java/JavaVirtualMachines/jdk1.7.0_10.jdk/Contents/Home/jre/lib/i386:
SHELL=/bin/bash
DISPLAY=/tmp/launch-tHXbl9/org.macosforge.xquartz:0

Signal Handlers:
SIGSEGV: [libjvm.dylib+0x4a363d], sa_mask[0]=0xfffefeff, sa_flags=0x00000042
SIGBUS: [libjvm.dylib+0x4a363d], sa_mask[0]=0xfffefeff, sa_flags=0x00000042
SIGFPE: [libjvm.dylib+0x3b3051], sa_mask[0]=0xfffefeff, sa_flags=0x00000042
SIGPIPE: [libjvm.dylib+0x3b3051], sa_mask[0]=0xfffefeff, sa_flags=0x00000042
SIGXFSZ: [libjvm.dylib+0x3b3051], sa_mask[0]=0xfffefeff, sa_flags=0x00000042
SIGILL: [libjvm.dylib+0x3b3051], sa_mask[0]=0xfffefeff, sa_flags=0x00000042
SIGUSR1: SIG_DFL, sa_mask[0]=0x00000000, sa_flags=0x00000002
SIGUSR2: [libjvm.dylib+0x3b2bea], sa_mask[0]=0x00000004, sa_flags=0x00000042
SIGHUP: [libjvm.dylib+0x3b0e4b], sa_mask[0]=0xfffefeff, sa_flags=0x00000042
SIGINT: SIG_IGN, sa_mask[0]=0x00000000, sa_flags=0x00000000
SIGTERM: [libjvm.dylib+0x3b0e4b], sa_mask[0]=0xfffefeff, sa_flags=0x00000042
SIGQUIT: [libjvm.dylib+0x3b0e4b], sa_mask[0]=0xfffefeff, sa_flags=0x00000042


---------------  S Y S T E M  ---------------

OS:Bsduname:Darwin 11.4.2 Darwin Kernel Version 11.4.2: Thu Aug 23 16:25:48 PDT 2012; root:xnu-1699.32.7~1/RELEASE_X86_64 x86_64
rlimit: STACK 8192k, CORE 0k, NPROC 709, NOFILE 10240, AS infinity
load average:1.68 1.07 0.58

CPU:total 8 (4 cores per cpu, 2 threads per core) family 6 model 42 stepping 7, cmov, cx8, fxsr, mmx, sse, sse2, sse3, ssse3, sse4.1, sse4.2, popcnt, avx, ht, tsc, tscinvbit

Memory: 4k page, physical 5323440k(1330860k free)

/proc/meminfo:


vm_info: Java HotSpot(TM) 64-Bit Server VM (23.6-b04) for bsd-amd64 JRE (1.7.0_10-b18), built on Nov 28 2012 07:52:20 by "java_re" with gcc 4.2.1 (Based on Apple Inc. build 5658) (LLVM build 2336.9.00)

time: Thu May 16 08:06:27 2013
elapsed time: 12 seconds

