#
# A fatal error has been detected by the Java Runtime Environment:
#
#  SIGSEGV (0xb) at pc=0x00007fff90595d80, pid=3109, tid=40195
#
# JRE version: 7.0_10-b18
# Java VM: Java HotSpot(TM) 64-Bit Server VM (23.6-b04 mixed mode bsd-amd64 compressed oops)
# Problematic frame:
# C  [libsystem_c.dylib+0x27d80]  memmove$VARIANT$sse42+0xc3
#
# Failed to write core dump. Core dumps have been disabled. To enable core dumping, try "ulimit -c unlimited" before starting Java again
#
# If you would like to submit a bug report, please visit:
#   http://bugreport.sun.com/bugreport/crash.jsp
# The crash happened outside the Java Virtual Machine in native code.
# See problematic frame for where to report the bug.
#

---------------  T H R E A D  ---------------

Current thread (0x00007ff86c0f5800):  JavaThread "AWT-EventQueue-0" [_thread_in_native, id=40195, stack(0x000000011a558000,0x000000011a658000)]

siginfo:si_signo=SIGSEGV: si_errno=0, si_code=1 (SEGV_MAPERR), si_addr=0x000000011a835000

Registers:
RAX=0x00007ff751639081, RBX=0x000000011a827bf5, RCX=0xfffffffffffffe40, RDX=0x0000000000000020
RSP=0x000000011a654570, RBP=0x000000011a654570, RSI=0x000000011a8351b4, RDI=0x00007ff86be6e250
R8 =0x00007ff86be71c00, R9 =0x000000000000000c, R10=0x0000000000000000, R11=0x00007ff86be67c02
R12=0x0000000072756f73, R13=0x0000000003140201, R14=0x000000002f736563, R15=0x000000000000666e
RIP=0x00007fff90595d80, EFLAGS=0x0000000000010282, ERR=0x0000000000000004
  TRAPNO=0x000000000000000e

Top of Stack: (sp=0x000000011a654570)
0x000000011a654570:   000000011a6545e0 000000010b326324
0x000000011a654580:   0000006e00000000 0000000000000066
0x000000011a654590:   0000000000006769 00007ff86be77e00
0x000000011a6545a0:   0000000000006f43 00007ff870a977f0
0x000000011a6545b0:   00007ff873e88250 00000000eda10935
0x000000011a6545c0:   0000000000000384 00007ff86eb45a00
0x000000011a6545d0:   00007ff870a977f0 000000000000012c
0x000000011a6545e0:   000000011a654630 000000010b3267d0
0x000000011a6545f0:   0000000000000021 000000216c0f5800
0x000000011a654600:   000000011a65464e 000000011a654a98
0x000000011a654610:   0000000000000021 000000011a65464e
0x000000011a654620:   00007ff870a977f0 00007ff86c0f59d8
0x000000011a654630:   000000011a654a80 000000010b32562a
0x000000011a654640:   0000000000000000 6f63000100000001
0x000000011a654650:   69756472656e2f6d 756f7365722f6f6e
0x000000011a654660:   736f482f73656372 00676e702e363174
0x000000011a654670:   000000010adb2478 000000010adb2460
0x000000011a654680:   0000000000000044 00007ff86c94aea0
0x000000011a654690:   00007ff86c9000b0 000000011a654710
0x000000011a6546a0:   000000011a6546e0 00007fff905bb6ab
0x000000011a6546b0:   0000000000000044 00007ff86c94aea0
0x000000011a6546c0:   000020606c9000b0 07746b0007746b00
0x000000011a6546d0:   00007ff86b980600 00007ff86c9000b0
0x000000011a6546e0:   000000011a6546f0 000000010ab7b5dd
0x000000011a6546f0:   000000011a654730 000000010a772b5c
0x000000011a654700:   0000000000000024 00000007aa4acc90
0x000000011a654710:   00007ff86c0f5800 000000010a6f56f0
0x000000011a654720:   0000000000000000 0000000000000044
0x000000011a654730:   000000011a654750 000000010a772c80
0x000000011a654740:   000000011a654aa8 0000000000000000
0x000000011a654750:   000000011a654770 000000010a849f1e
0x000000011a654760:   00007ff86ca09550 0000000000000000 

Instructions: (pc=0x00007fff90595d80)
0x00007fff90595d60:   0f 10 66 0f 7f 54 0f 20 66 0f 7f 5c 0f 30 48 83
0x00007fff90595d70:   c1 40 75 cc e9 5c ff ff ff 0f 1f 80 00 00 00 00
0x00007fff90595d80:   f3 0f 6f 04 0e f3 0f 6f 4c 0e 10 f3 0f 6f 54 0e
0x00007fff90595d90:   20 f3 0f 6f 5c 0e 30 66 0f 7f 04 0f 66 0f 7f 4c 

Register to memory mapping:

RAX=0x00007ff751639081 is an unknown value
RBX=0x000000011a827bf5 is an unknown value
RCX=0xfffffffffffffe40 is an unknown value
RDX=0x0000000000000020 is an unknown value
RSP=0x000000011a654570 is pointing into the stack for thread: 0x00007ff86c0f5800
RBP=0x000000011a654570 is pointing into the stack for thread: 0x00007ff86c0f5800
RSI=0x000000011a8351b4 is an unknown value
RDI=0x00007ff86be6e250 is an unknown value
R8 =0x00007ff86be71c00 is an unknown value
R9 =0x000000000000000c is an unknown value
R10=0x0000000000000000 is an unknown value
R11=0x00007ff86be67c02 is an unknown value
R12=0x0000000072756f73 is an unknown value
R13=0x0000000003140201 is an unknown value
R14=0x000000002f736563 is an unknown value
R15=0x000000000000666e is an unknown value


Stack: [0x000000011a558000,0x000000011a658000],  sp=0x000000011a654570,  free space=1009k
Native frames: (J=compiled Java code, j=interpreted, Vv=VM code, C=native code)
C  [libsystem_c.dylib+0x27d80]  memmove$VARIANT$sse42+0xc3
C  [libzip.dylib+0x3324]  newEntry+0x31a
C  [libzip.dylib+0x37d0]  ZIP_GetEntry+0xa2
C  [libzip.dylib+0x262a]  Java_java_util_zip_ZipFile_getEntry+0xdd
J  java.util.zip.ZipFile.getEntry(J[BZ)J

Java frames: (J=compiled Java code, j=interpreted, Vv=VM code)
J  java.util.zip.ZipFile.getEntry(J[BZ)J
J  java.util.zip.ZipFile.getEntry(Ljava/lang/String;)Ljava/util/zip/ZipEntry;
J  org.netbeans.JarClassLoader$JarSource.resource(Ljava/lang/String;)[B
J  org.netbeans.Archive.getData(Lorg/netbeans/ArchiveResources;Ljava/lang/String;)[B
J  org.netbeans.JarClassLoader.findResource(Ljava/lang/String;)Ljava/net/URL;
J  org.netbeans.ProxyClassLoader.getResourceImpl(Ljava/lang/String;)Ljava/net/URL;
j  org.netbeans.ProxyClassLoader.getResource(Ljava/lang/String;)Ljava/net/URL;+2
j  java.lang.Class.getResource(Ljava/lang/String;)Ljava/net/URL;+22
j  com.nerduino.nodes.TreeNode.getIcon(I)Ljava/awt/Image;+8
j  org.openide.explorer.view.NodeRenderDataProvider.getIcon(Ljava/lang/Object;)Ljavax/swing/Icon;+155
j  org.netbeans.swing.outline.DefaultOutlineCellRenderer.getTableCellRendererComponent(Ljavax/swing/JTable;Ljava/lang/Object;ZZII)Ljava/awt/Component;+567
j  javax.swing.JTable.prepareRenderer(Ljavax/swing/table/TableCellRenderer;II)Ljava/awt/Component;+108
j  javax.swing.plaf.basic.BasicTableUI.paintCell(Ljava/awt/Graphics;Ljava/awt/Rectangle;II)V+77
j  javax.swing.plaf.basic.BasicTableUI.paintCells(Ljava/awt/Graphics;IIII)V+133
j  javax.swing.plaf.basic.BasicTableUI.paint(Ljava/awt/Graphics;Ljavax/swing/JComponent;)V+249
j  javax.swing.plaf.ComponentUI.update(Ljava/awt/Graphics;Ljavax/swing/JComponent;)V+32
j  javax.swing.JComponent.paintComponent(Ljava/awt/Graphics;)V+26
j  javax.swing.JComponent.paint(Ljava/awt/Graphics;)V+286
j  javax.swing.JComponent.paintChildren(Ljava/awt/Graphics;)V+501
j  javax.swing.JComponent.paint(Ljava/awt/Graphics;)V+318
j  javax.swing.JViewport.paint(Ljava/awt/Graphics;)V+205
j  javax.swing.JComponent.paintChildren(Ljava/awt/Graphics;)V+501
j  javax.swing.JComponent.paint(Ljava/awt/Graphics;)V+318
j  com.nerduino.core.ExplorerTopComponent$1.paint(Ljava/awt/Graphics;)V+2
j  javax.swing.JComponent.paintChildren(Ljava/awt/Graphics;)V+501
j  javax.swing.JComponent.paint(Ljava/awt/Graphics;)V+318
j  javax.swing.JViewport.paint(Ljava/awt/Graphics;)V+205
j  javax.swing.JComponent.paintChildren(Ljava/awt/Graphics;)V+501
j  javax.swing.JComponent.paint(Ljava/awt/Graphics;)V+318
j  javax.swing.JComponent.paintChildren(Ljava/awt/Graphics;)V+501
j  javax.swing.JComponent.paint(Ljava/awt/Graphics;)V+318
j  javax.swing.JComponent.paintChildren(Ljava/awt/Graphics;)V+501
j  javax.swing.JComponent.paint(Ljava/awt/Graphics;)V+318
j  javax.swing.JComponent.paintChildren(Ljava/awt/Graphics;)V+501
j  javax.swing.JComponent.paint(Ljava/awt/Graphics;)V+318
j  org.netbeans.swing.tabcontrol.TabbedContainer.paint(Ljava/awt/Graphics;)V+53
j  javax.swing.JComponent.paintChildren(Ljava/awt/Graphics;)V+501
j  javax.swing.JComponent.paint(Ljava/awt/Graphics;)V+318
j  javax.swing.JComponent.paintToOffscreen(Ljava/awt/Graphics;IIIIII)V+41
j  javax.swing.RepaintManager$PaintManager.paintDoubleBuffered(Ljavax/swing/JComponent;Ljava/awt/Image;Ljava/awt/Graphics;IIII)V+105
j  javax.swing.RepaintManager$PaintManager.paint(Ljavax/swing/JComponent;Ljavax/swing/JComponent;Ljava/awt/Graphics;IIII)Z+116
j  javax.swing.RepaintManager.paint(Ljavax/swing/JComponent;Ljavax/swing/JComponent;Ljava/awt/Graphics;IIII)V+52
j  javax.swing.JComponent._paintImmediately(IIII)V+683
j  javax.swing.JComponent.paintImmediately(IIII)V+138
j  javax.swing.JComponent.paintImmediately(IIII)V+65
j  javax.swing.RepaintManager.paintDirtyRegions(Ljava/util/Map;)V+182
j  javax.swing.RepaintManager.paintDirtyRegions()V+46
j  javax.swing.RepaintManager.prePaintDirtyRegions()V+73
j  javax.swing.RepaintManager.access$700(Ljavax/swing/RepaintManager;)V+1
j  javax.swing.RepaintManager$ProcessingRunnable.run()V+37
j  java.awt.event.InvocationEvent.dispatch()V+47
j  java.awt.EventQueue.dispatchEventImpl(Ljava/awt/AWTEvent;Ljava/lang/Object;)V+21
j  java.awt.EventQueue.access$200(Ljava/awt/EventQueue;Ljava/awt/AWTEvent;Ljava/lang/Object;)V+3
j  java.awt.EventQueue$3.run()Ljava/lang/Void;+12
j  java.awt.EventQueue$3.run()Ljava/lang/Object;+1
v  ~StubRoutines::call_stub
J  java.security.AccessController.doPrivileged(Ljava/security/PrivilegedAction;Ljava/security/AccessControlContext;)Ljava/lang/Object;
j  java.security.ProtectionDomain$1.doIntersectionPrivilege(Ljava/security/PrivilegedAction;Ljava/security/AccessControlContext;Ljava/security/AccessControlContext;)Ljava/lang/Object;+28
j  java.awt.EventQueue.dispatchEvent(Ljava/awt/AWTEvent;)V+46
j  org.netbeans.core.TimableEventQueue.dispatchEvent(Ljava/awt/AWTEvent;)V+17
j  java.awt.EventDispatchThread.pumpOneEventForFilters(I)V+245
j  java.awt.EventDispatchThread.pumpEventsForFilter(ILjava/awt/Conditional;Ljava/awt/EventFilter;)V+35
j  java.awt.EventDispatchThread.pumpEventsForHierarchy(ILjava/awt/Conditional;Ljava/awt/Component;)V+11
j  java.awt.EventDispatchThread.pumpEvents(ILjava/awt/Conditional;)V+4
j  java.awt.EventDispatchThread.pumpEvents(Ljava/awt/Conditional;)V+3
j  java.awt.EventDispatchThread.run()V+9
v  ~StubRoutines::call_stub

---------------  P R O C E S S  ---------------

Java Threads: ( => current thread )
  0x00007ff86be7f000 JavaThread "Inactive RequestProcessor thread [Was:Timeable Event Queue Watch Dog/org.netbeans.core.TimableEventQueue]" daemon [_thread_blocked, id=80899, stack(0x000000011c538000,0x000000011c638000)]
  0x00007ff876817800 JavaThread "qtp764153494-119" [_thread_blocked, id=78603, stack(0x000000011b75c000,0x000000011b85c000)]
  0x00007ff875292800 JavaThread "qtp764153494-62-acceptor-3-ServerConnector@7173782d{HTTP/1.1}{0.0.0.0:8081}" [_thread_blocked, id=62723, stack(0x000000012132d000,0x000000012142d000)]
  0x00007ff874b53800 JavaThread "qtp764153494-61-acceptor-2-ServerConnector@7173782d{HTTP/1.1}{0.0.0.0:8081}" [_thread_in_native, id=62467, stack(0x000000012122a000,0x000000012132a000)]
  0x00007ff86bc7b000 JavaThread "qtp764153494-60-acceptor-1-ServerConnector@7173782d{HTTP/1.1}{0.0.0.0:8081}" [_thread_blocked, id=62211, stack(0x0000000121024000,0x0000000121124000)]
  0x00007ff86d029800 JavaThread "qtp764153494-59-acceptor-0-ServerConnector@7173782d{HTTP/1.1}{0.0.0.0:8081}" [_thread_blocked, id=60931, stack(0x0000000121127000,0x0000000121227000)]
  0x00007ff87523f800 JavaThread "Thread-19" [_thread_in_native, id=59139, stack(0x0000000120f21000,0x0000000121021000)]
  0x00007ff8752ac800 JavaThread "Timer-1" [_thread_blocked, id=58883, stack(0x0000000120e1e000,0x0000000120f1e000)]
  0x00007ff8749ef800 JavaThread "Timer-0" [_thread_blocked, id=58115, stack(0x0000000120d1b000,0x0000000120e1b000)]
  0x00007ff874aeb000 JavaThread "qtp764153494-54-selector-7" [_thread_in_native, id=57859, stack(0x0000000120c18000,0x0000000120d18000)]
  0x00007ff86bfa6000 JavaThread "qtp764153494-53-selector-6" [_thread_in_native, id=57603, stack(0x0000000120b15000,0x0000000120c15000)]
  0x00007ff86f8e4000 JavaThread "qtp764153494-52-selector-5" [_thread_in_native, id=57347, stack(0x0000000120a12000,0x0000000120b12000)]
  0x00007ff86f920800 JavaThread "qtp764153494-51-selector-2" [_thread_in_native, id=57091, stack(0x000000012090f000,0x0000000120a0f000)]
  0x00007ff86becc000 JavaThread "qtp764153494-50-selector-4" [_thread_in_native, id=56835, stack(0x00000001203a7000,0x00000001204a7000)]
  0x00007ff86bc61000 JavaThread "qtp764153494-49-selector-1" [_thread_in_native, id=56579, stack(0x00000001202a4000,0x00000001203a4000)]
  0x00007ff86bb6a000 JavaThread "qtp764153494-48-selector-3" [_thread_in_native, id=56323, stack(0x00000001201a1000,0x00000001202a1000)]
  0x00007ff86bbb9800 JavaThread "qtp764153494-47-selector-0" [_thread_in_native, id=56067, stack(0x000000012009e000,0x000000012019e000)]
  0x00007ff875187000 JavaThread "DateCache" daemon [_thread_blocked, id=54787, stack(0x000000011ff9b000,0x000000012009b000)]
  0x00007ff875221000 JavaThread "Thread-7" [_thread_blocked, id=54531, stack(0x000000011fe98000,0x000000011ff98000)]
  0x00007ff87515c800 JavaThread "Sleep thread" [_thread_blocked, id=54275, stack(0x000000011fd95000,0x000000011fe95000)]
  0x00007ff8750c4800 JavaThread "Discovery thread" [_thread_blocked, id=22535, stack(0x000000011fc92000,0x000000011fd92000)]
  0x00007ff874a90800 JavaThread "DestroyJavaVM" [_thread_blocked, id=7171, stack(0x000000010b1a8000,0x000000010b2a8000)]
  0x00007ff86c4ff800 JavaThread "TimerQueue" daemon [_thread_blocked, id=53763, stack(0x000000011f83b000,0x000000011f93b000)]
  0x00007ff86ec30800 JavaThread "KeyTipManager processing thread" daemon [_thread_blocked, id=53507, stack(0x000000011f738000,0x000000011f838000)]
  0x00007ff86b8aa800 JavaThread "Thread-4" daemon [_thread_blocked, id=53251, stack(0x000000011d3a2000,0x000000011d4a2000)]
  0x00007ff875005800 JavaThread "Worker-JM" [_thread_blocked, id=52227, stack(0x0000000117368000,0x0000000117468000)]
  0x00007ff86eaab000 JavaThread "File Watcher" daemon [_thread_blocked, id=50947, stack(0x000000011d227000,0x000000011d327000)]
  0x00007ff86c0ef800 JavaThread "Thread-3" daemon [_thread_in_native, id=49159, stack(0x000000011d124000,0x000000011d224000)]
  0x00007ff86bb89000 JavaThread "Bundle File Closer" daemon [_thread_blocked, id=32263, stack(0x000000011cbda000,0x000000011ccda000)]
  0x00007ff86ea01000 JavaThread "Framework Event Dispatcher" daemon [_thread_blocked, id=32519, stack(0x000000011c9d4000,0x000000011cad4000)]
  0x00007ff86ead5000 JavaThread "Framework Active Thread" [_thread_blocked, id=15623, stack(0x000000011c7ce000,0x000000011c8ce000)]
  0x00007ff86c149800 JavaThread "org.netbeans.modules.debugger.jpda.visual AWT Access Loop" daemon [_thread_blocked, id=40971, stack(0x000000011a840000,0x000000011a940000)]
=>0x00007ff86c0f5800 JavaThread "AWT-EventQueue-0" [_thread_in_native, id=40195, stack(0x000000011a558000,0x000000011a658000)]
  0x00007ff86c12a000 JavaThread "Java2D Disposer" daemon [_thread_blocked, id=39939, stack(0x000000011a409000,0x000000011a509000)]
  0x00007ff86d0c5800 JavaThread "Java2D Queue Flusher" daemon [_thread_blocked, id=37135, stack(0x000000011974e000,0x000000011984e000)]
  0x00007ff86e915000 JavaThread "AWT-Shutdown" [_thread_blocked, id=23047, stack(0x0000000115cc4000,0x0000000115dc4000)]
  0x00007ff86e8f2800 JavaThread "AppKit Thread" daemon [_thread_in_native, id=1799, stack(0x00007fff698c5000,0x00007fff6a0c5000)]
  0x00007ff86e86d800 JavaThread "RequestProcessor queue manager" daemon [_thread_blocked, id=22787, stack(0x0000000115971000,0x0000000115a71000)]
  0x00007ff86c003000 JavaThread "CLI Requests Server" daemon [_thread_in_native, id=21251, stack(0x000000011555a000,0x000000011565a000)]
  0x00007ff86e8e4800 JavaThread "Active Reference Queue Daemon" daemon [_thread_blocked, id=20995, stack(0x0000000115457000,0x0000000115557000)]
  0x00007ff86e812000 JavaThread "Service Thread" daemon [_thread_blocked, id=20483, stack(0x0000000114fec000,0x00000001150ec000)]
  0x00007ff86e811800 JavaThread "C2 CompilerThread1" daemon [_thread_blocked, id=20227, stack(0x0000000114ee9000,0x0000000114fe9000)]
  0x00007ff86e810800 JavaThread "C2 CompilerThread0" daemon [_thread_blocked, id=19971, stack(0x0000000114de6000,0x0000000114ee6000)]
  0x00007ff86b8ac800 JavaThread "JDWP Command Reader" daemon [_thread_in_native, id=19715, stack(0x0000000114ce3000,0x0000000114de3000)]
  0x00007ff86e806800 JavaThread "JDWP Event Helper Thread" daemon [_thread_blocked, id=19459, stack(0x0000000114be0000,0x0000000114ce0000)]
  0x00007ff86c012000 JavaThread "JDWP Transport Listener: dt_socket" daemon [_thread_blocked, id=19203, stack(0x0000000114add000,0x0000000114bdd000)]
  0x00007ff86b88d800 JavaThread "Signal Dispatcher" daemon [_thread_blocked, id=18947, stack(0x00000001149d4000,0x0000000114ad4000)]
  0x00007ff86b87d000 JavaThread "Finalizer" daemon [_thread_blocked, id=15107, stack(0x00000001146ca000,0x00000001147ca000)]
  0x00007ff86b87c800 JavaThread "Reference Handler" daemon [_thread_blocked, id=14851, stack(0x00000001145c7000,0x00000001146c7000)]

Other Threads:
  0x00007ff86b87a000 VMThread [stack: 0x00000001144c4000,0x00000001145c4000] [id=14595]
  0x00007ff86e813000 WatcherThread [stack: 0x00000001150ef000,0x00000001151ef000] [id=20739]

VM state:not at safepoint (normal execution)

VM Mutex/Monitor currently owned by a thread: None

Heap
 PSYoungGen      total 339520K, used 299265K [0x00000007e5200000, 0x00000007fb890000, 0x0000000800000000)
  eden space 328192K, 91% used [0x00000007e5200000,0x00000007f7640440,0x00000007f9280000)
  from space 11328K, 0% used [0x00000007fa2e0000,0x00000007fa2e0000,0x00000007fadf0000)
  to   space 16768K, 0% used [0x00000007f9280000,0x00000007f9280000,0x00000007fa2e0000)
 ParOldGen       total 85888K, used 47341K [0x00000007af600000, 0x00000007b49e0000, 0x00000007e5200000)
  object space 85888K, 55% used [0x00000007af600000,0x00000007b243b6a8,0x00000007b49e0000)
 PSPermGen       total 57920K, used 57876K [0x00000007aa400000, 0x00000007adc90000, 0x00000007af600000)
  object space 57920K, 99% used [0x00000007aa400000,0x00000007adc852f8,0x00000007adc90000)

Card table byte_map: [0x000000010e3ec000,0x000000010e69b000] byte_map_base: 0x000000010a69a000

Polling page: 0x000000010a5fc000

Code Cache  [0x000000010b32c000, 0x000000010b72c000, 0x000000010e32c000)
 total_blobs=1787 nmethods=1095 adapters=651 free_code_cache=45176Kb largest_free_block=46170496

Compilation events (10 events):
Event: 1923.943 Thread 0x00007ff86e811800 1277             sun.util.calendar.AbstractCalendar::getDayOfWeekDateOnOrBefore (31 bytes)
Event: 1923.944 Thread 0x00007ff86e811800 nmethod 1277 0x000000010b6f3d10 code [0x000000010b6f3e60, 0x000000010b6f3f28]
Event: 2197.940 Thread 0x00007ff86e810800 1278             java.util.Calendar::getFirstDayOfWeek (5 bytes)
Event: 2197.941 Thread 0x00007ff86e811800 1279             java.util.Calendar::getMinimalDaysInFirstWeek (5 bytes)
Event: 2197.941 Thread 0x00007ff86e811800 nmethod 1279 0x000000010b6f3fd0 code [0x000000010b6f4100, 0x000000010b6f4158]
Event: 2197.941 Thread 0x00007ff86e810800 nmethod 1278 0x000000010b6f3b10 code [0x000000010b6f3c40, 0x000000010b6f3c98]
Event: 2351.941 Thread 0x00007ff86e810800 1280             java.util.GregorianCalendar::getWeekNumber (93 bytes)
Event: 2351.942 Thread 0x00007ff86e810800 nmethod 1280 0x000000010b6f3710 code [0x000000010b6f3860, 0x000000010b6f39f8]
Event: 2559.941 Thread 0x00007ff86e811800 1281             org.eclipse.jetty.http.HttpHeader::asString (5 bytes)
Event: 2559.942 Thread 0x00007ff86e811800 nmethod 1281 0x000000010b6f3490 code [0x000000010b6f35c0, 0x000000010b6f3638]

GC Heap History (10 events):
Event: 20.976 GC heap before
{Heap before GC invocations=11 (full 0):
 PSYoungGen      total 140416K, used 134044K [0x00000007e5200000, 0x00000007ee560000, 0x0000000800000000)
  eden space 130304K, 100% used [0x00000007e5200000,0x00000007ed140000,0x00000007ed140000)
  from space 10112K, 36% used [0x00000007edb80000,0x00000007edf27110,0x00000007ee560000)
  to   space 10304K, 0% used [0x00000007ed140000,0x00000007ed140000,0x00000007edb50000)
 ParOldGen       total 55040K, used 20817K [0x00000007af600000, 0x00000007b2bc0000, 0x00000007e5200000)
  object space 55040K, 37% used [0x00000007af600000,0x00000007b0a54648,0x00000007b2bc0000)
 PSPermGen       total 29696K, used 29622K [0x00000007aa400000, 0x00000007ac100000, 0x00000007af600000)
  object space 29696K, 99% used [0x00000007aa400000,0x00000007ac0ed878,0x00000007ac100000)
Event: 20.991 GC heap after
Heap after GC invocations=11 (full 0):
 PSYoungGen      total 140608K, used 7294K [0x00000007e5200000, 0x00000007f3240000, 0x0000000800000000)
  eden space 130304K, 0% used [0x00000007e5200000,0x00000007e5200000,0x00000007ed140000)
  from space 10304K, 70% used [0x00000007ed140000,0x00000007ed85fba0,0x00000007edb50000)
  to   space 10560K, 0% used [0x00000007f27f0000,0x00000007f27f0000,0x00000007f3240000)
 ParOldGen       total 55040K, used 24222K [0x00000007af600000, 0x00000007b2bc0000, 0x00000007e5200000)
  object space 55040K, 44% used [0x00000007af600000,0x00000007b0da78a8,0x00000007b2bc0000)
 PSPermGen       total 29696K, used 29622K [0x00000007aa400000, 0x00000007ac100000, 0x00000007af600000)
  object space 29696K, 99% used [0x00000007aa400000,0x00000007ac0ed878,0x00000007ac100000)
}
Event: 22.032 GC heap before
{Heap before GC invocations=12 (full 0):
 PSYoungGen      total 140608K, used 137598K [0x00000007e5200000, 0x00000007f3240000, 0x0000000800000000)
  eden space 130304K, 100% used [0x00000007e5200000,0x00000007ed140000,0x00000007ed140000)
  from space 10304K, 70% used [0x00000007ed140000,0x00000007ed85fba0,0x00000007edb50000)
  to   space 10560K, 0% used [0x00000007f27f0000,0x00000007f27f0000,0x00000007f3240000)
 ParOldGen       total 55040K, used 24222K [0x00000007af600000, 0x00000007b2bc0000, 0x00000007e5200000)
  object space 55040K, 44% used [0x00000007af600000,0x00000007b0da78a8,0x00000007b2bc0000)
 PSPermGen       total 32384K, used 32223K [0x00000007aa400000, 0x00000007ac3a0000, 0x00000007af600000)
  object space 32384K, 99% used [0x00000007aa400000,0x00000007ac377e28,0x00000007ac3a0000)
Event: 22.044 GC heap after
Heap after GC invocations=12 (full 0):
 PSYoungGen      total 218688K, used 6489K [0x00000007e5200000, 0x00000007f31e0000, 0x0000000800000000)
  eden space 208512K, 0% used [0x00000007e5200000,0x00000007e5200000,0x00000007f1da0000)
  from space 10176K, 63% used [0x00000007f27f0000,0x00000007f2e46488,0x00000007f31e0000)
  to   space 10368K, 0% used [0x00000007f1da0000,0x00000007f1da0000,0x00000007f27c0000)
 ParOldGen       total 55040K, used 29716K [0x00000007af600000, 0x00000007b2bc0000, 0x00000007e5200000)
  object space 55040K, 53% used [0x00000007af600000,0x00000007b1305380,0x00000007b2bc0000)
 PSPermGen       total 32384K, used 32223K [0x00000007aa400000, 0x00000007ac3a0000, 0x00000007af600000)
  object space 32384K, 99% used [0x00000007aa400000,0x00000007ac377e28,0x00000007ac3a0000)
}
Event: 30.411 GC heap before
{Heap before GC invocations=13 (full 0):
 PSYoungGen      total 218688K, used 215001K [0x00000007e5200000, 0x00000007f31e0000, 0x0000000800000000)
  eden space 208512K, 100% used [0x00000007e5200000,0x00000007f1da0000,0x00000007f1da0000)
  from space 10176K, 63% used [0x00000007f27f0000,0x00000007f2e46488,0x00000007f31e0000)
  to   space 10368K, 0% used [0x00000007f1da0000,0x00000007f1da0000,0x00000007f27c0000)
 ParOldGen       total 55040K, used 29716K [0x00000007af600000, 0x00000007b2bc0000, 0x00000007e5200000)
  object space 55040K, 53% used [0x00000007af600000,0x00000007b1305380,0x00000007b2bc0000)
 PSPermGen       total 46976K, used 46845K [0x00000007aa400000, 0x00000007ad1e0000, 0x00000007af600000)
  object space 46976K, 99% used [0x00000007aa400000,0x00000007ad1bf7d8,0x00000007ad1e0000)
Event: 30.426 GC heap after
Heap after GC invocations=13 (full 0):
 PSYoungGen      total 218880K, used 9376K [0x00000007e5200000, 0x00000007fadf0000, 0x0000000800000000)
  eden space 208512K, 0% used [0x00000007e5200000,0x00000007e5200000,0x00000007f1da0000)
  from space 10368K, 90% used [0x00000007f1da0000,0x00000007f26c8050,0x00000007f27c0000)
  to   space 11328K, 0% used [0x00000007fa2e0000,0x00000007fa2e0000,0x00000007fadf0000)
 ParOldGen       total 55040K, used 34922K [0x00000007af600000, 0x00000007b2bc0000, 0x00000007e5200000)
  object space 55040K, 63% used [0x00000007af600000,0x00000007b181a988,0x00000007b2bc0000)
 PSPermGen       total 46976K, used 46845K [0x00000007aa400000, 0x00000007ad1e0000, 0x00000007af600000)
  object space 46976K, 99% used [0x00000007aa400000,0x00000007ad1bf7d8,0x00000007ad1e0000)
}
Event: 36.138 GC heap before
{Heap before GC invocations=14 (full 0):
 PSYoungGen      total 218880K, used 217888K [0x00000007e5200000, 0x00000007fadf0000, 0x0000000800000000)
  eden space 208512K, 100% used [0x00000007e5200000,0x00000007f1da0000,0x00000007f1da0000)
  from space 10368K, 90% used [0x00000007f1da0000,0x00000007f26c8050,0x00000007f27c0000)
  to   space 11328K, 0% used [0x00000007fa2e0000,0x00000007fa2e0000,0x00000007fadf0000)
 ParOldGen       total 55040K, used 34922K [0x00000007af600000, 0x00000007b2bc0000, 0x00000007e5200000)
  object space 55040K, 63% used [0x00000007af600000,0x00000007b181a988,0x00000007b2bc0000)
 PSPermGen       total 51392K, used 51211K [0x00000007aa400000, 0x00000007ad630000, 0x00000007af600000)
  object space 51392K, 99% used [0x00000007aa400000,0x00000007ad602c18,0x00000007ad630000)
Event: 36.156 GC heap after
Heap after GC invocations=14 (full 0):
 PSYoungGen      total 339520K, used 11319K [0x00000007e5200000, 0x00000007fb890000, 0x0000000800000000)
  eden space 328192K, 0% used [0x00000007e5200000,0x00000007e5200000,0x00000007f9280000)
  from space 11328K, 99% used [0x00000007fa2e0000,0x00000007fadedc80,0x00000007fadf0000)
  to   space 16768K, 0% used [0x00000007f9280000,0x00000007f9280000,0x00000007fa2e0000)
 ParOldGen       total 55040K, used 45861K [0x00000007af600000, 0x00000007b2bc0000, 0x00000007e5200000)
  object space 55040K, 83% used [0x00000007af600000,0x00000007b22c95a0,0x00000007b2bc0000)
 PSPermGen       total 51392K, used 51211K [0x00000007aa400000, 0x00000007ad630000, 0x00000007af600000)
  object space 51392K, 99% used [0x00000007aa400000,0x00000007ad602c18,0x00000007ad630000)
}
Event: 36.156 GC heap before
{Heap before GC invocations=15 (full 1):
 PSYoungGen      total 339520K, used 11319K [0x00000007e5200000, 0x00000007fb890000, 0x0000000800000000)
  eden space 328192K, 0% used [0x00000007e5200000,0x00000007e5200000,0x00000007f9280000)
  from space 11328K, 99% used [0x00000007fa2e0000,0x00000007fadedc80,0x00000007fadf0000)
  to   space 16768K, 0% used [0x00000007f9280000,0x00000007f9280000,0x00000007fa2e0000)
 ParOldGen       total 55040K, used 45861K [0x00000007af600000, 0x00000007b2bc0000, 0x00000007e5200000)
  object space 55040K, 83% used [0x00000007af600000,0x00000007b22c95a0,0x00000007b2bc0000)
 PSPermGen       total 51392K, used 51211K [0x00000007aa400000, 0x00000007ad630000, 0x00000007af600000)
  object space 51392K, 99% used [0x00000007aa400000,0x00000007ad602c18,0x00000007ad630000)
Event: 36.378 GC heap after
Heap after GC invocations=15 (full 1):
 PSYoungGen      total 339520K, used 0K [0x00000007e5200000, 0x00000007fb890000, 0x0000000800000000)
  eden space 328192K, 0% used [0x00000007e5200000,0x00000007e5200000,0x00000007f9280000)
  from space 11328K, 0% used [0x00000007fa2e0000,0x00000007fa2e0000,0x00000007fadf0000)
  to   space 16768K, 0% used [0x00000007f9280000,0x00000007f9280000,0x00000007fa2e0000)
 ParOldGen       total 85888K, used 47341K [0x00000007af600000, 0x00000007b49e0000, 0x00000007e5200000)
  object space 85888K, 55% used [0x00000007af600000,0x00000007b243b6a8,0x00000007b49e0000)
 PSPermGen       total 51392K, used 51187K [0x00000007aa400000, 0x00000007ad630000, 0x00000007af600000)
  object space 51392K, 99% used [0x00000007aa400000,0x00000007ad5fcf20,0x00000007ad630000)
}

Deoptimization events (10 events):
Event: 40.274 Thread 0x00007ff86bb94000 Uncommon trap -34 fr.pc 0x000000010b6e7594
Event: 40.274 Thread 0x00007ff86bb94000 Uncommon trap -34 fr.pc 0x000000010b6e7594
Event: 40.274 Thread 0x00007ff86bb94000 Uncommon trap -83 fr.pc 0x000000010b6ef408
Event: 40.849 Thread 0x00007ff86bb94000 Uncommon trap -58 fr.pc 0x000000010b6f3fec
Event: 40.852 Thread 0x00007ff86bb94000 Uncommon trap -58 fr.pc 0x000000010b6f3fec
Event: 40.852 Thread 0x00007ff86bb94000 Uncommon trap -58 fr.pc 0x000000010b6f3fec
Event: 40.853 Thread 0x00007ff86bb94000 Uncommon trap -58 fr.pc 0x000000010b6f3fec
Event: 41.377 Thread 0x00007ff86bb94000 Uncommon trap -83 fr.pc 0x000000010b54805c
Event: 54.188 Thread 0x00007ff86bb94000 Uncommon trap -83 fr.pc 0x000000010b674b9c
Event: 369.942 Thread 0x00007ff875187000 Uncommon trap -28 fr.pc 0x000000010b718ac0

Internal exceptions (10 events):
Event: 38.975 Thread 0x00007ff86c0f5800 Threw 0x00000007ee700898 at /HUDSON/workspace/jdk7u10-2-build-macosx-amd64-product/jdk7u10/hotspot/src/share/vm/prims/jvm.cpp:1166
Event: 39.025 Thread 0x00007ff86c0f5800 Threw 0x00000007ee755510 at /HUDSON/workspace/jdk7u10-2-build-macosx-amd64-product/jdk7u10/hotspot/src/share/vm/prims/jvm.cpp:1166
Event: 39.025 Thread 0x00007ff86c0f5800 Threw 0x00000007ee7582b0 at /HUDSON/workspace/jdk7u10-2-build-macosx-amd64-product/jdk7u10/hotspot/src/share/vm/prims/jvm.cpp:1166
Event: 39.066 Thread 0x00007ff86c0f5800 Implicit null exception at 0x000000010b5a4e58 to 0x000000010b5a5214
Event: 39.174 Thread 0x00007ff86c102000 Threw 0x00000007ee8c4ef0 at /HUDSON/workspace/jdk7u10-2-build-macosx-amd64-product/jdk7u10/hotspot/src/share/vm/prims/jvm.cpp:1166
Event: 39.174 Thread 0x00007ff86c102000 Threw 0x00000007ee8c8018 at /HUDSON/workspace/jdk7u10-2-build-macosx-amd64-product/jdk7u10/hotspot/src/share/vm/prims/jvm.cpp:1166
Event: 40.274 Thread 0x00007ff86bb94000 Threw 0x00000007f014ea60 at /HUDSON/workspace/jdk7u10-2-build-macosx-amd64-product/jdk7u10/hotspot/src/share/vm/prims/jni.cpp:1631
Event: 40.274 Thread 0x00007ff86bb94000 Implicit null exception at 0x000000010b6eeab4 to 0x000000010b6ef3f9
Event: 3174.736 Thread 0x00007ff86c0f5800 Threw 0x00000007ef255430 at /HUDSON/workspace/jdk7u10-2-build-macosx-amd64-product/jdk7u10/hotspot/src/share/vm/prims/jvm.cpp:1166
Event: 3174.737 Thread 0x00007ff86c0f5800 Threw 0x00000007ef25d7a0 at /HUDSON/workspace/jdk7u10-2-build-macosx-amd64-product/jdk7u10/hotspot/src/share/vm/prims/jvm.cpp:1166

Events (10 events):
Event: 3174.745 loading class 0x00007ff873e18540
Event: 3174.745 loading class 0x00007ff873e18540 done
Event: 3174.745 loading class 0x00007ff873e17b50
Event: 3174.746 loading class 0x00007ff873e17b50 done
Event: 3174.746 loading class 0x00007ff86c8a50e0
Event: 3174.746 loading class 0x00007ff86c8a50e0 done
Event: 3174.746 loading class 0x00007ff873e238e0
Event: 3174.746 loading class 0x00007ff86c8a52d0
Event: 3174.746 loading class 0x00007ff86c8a52d0 done
Event: 3174.746 loading class 0x00007ff873e238e0 done


Dynamic libraries:
0x0000000005cc5000 	/System/Library/Frameworks/Cocoa.framework/Versions/A/Cocoa
0x0000000005cc5000 	/System/Library/Frameworks/Security.framework/Versions/A/Security
0x0000000005cc5000 	/System/Library/Frameworks/ApplicationServices.framework/Versions/A/ApplicationServices
0x0000000005cc5000 	/usr/lib/libz.1.dylib
0x0000000005cc5000 	/usr/lib/libSystem.B.dylib
0x0000000005cc5000 	/usr/lib/libobjc.A.dylib
0x0000000005cc5000 	/System/Library/Frameworks/CoreFoundation.framework/Versions/A/CoreFoundation
0x0000000005cc5000 	/System/Library/Frameworks/AppKit.framework/Versions/C/AppKit
0x0000000005cc5000 	/System/Library/Frameworks/CoreData.framework/Versions/A/CoreData
0x0000000005cc5000 	/System/Library/Frameworks/Foundation.framework/Versions/C/Foundation
0x0000000005cc5000 	/System/Library/PrivateFrameworks/RemoteViewServices.framework/Versions/A/RemoteViewServices
0x0000000005cc5000 	/System/Library/Frameworks/AudioToolbox.framework/Versions/A/AudioToolbox
0x0000000005cc5000 	/System/Library/Frameworks/AudioUnit.framework/Versions/A/AudioUnit
0x0000000005cc5000 	/System/Library/PrivateFrameworks/DataDetectorsCore.framework/Versions/A/DataDetectorsCore
0x0000000005cc5000 	/System/Library/PrivateFrameworks/DesktopServicesPriv.framework/Versions/A/DesktopServicesPriv
0x0000000005cc5000 	/System/Library/Frameworks/Carbon.framework/Versions/A/Frameworks/HIToolbox.framework/Versions/A/HIToolbox
0x0000000005cc5000 	/System/Library/Frameworks/QuartzCore.framework/Versions/A/QuartzCore
0x0000000005cc5000 	/System/Library/Frameworks/Carbon.framework/Versions/A/Frameworks/SpeechRecognition.framework/Versions/A/SpeechRecognition
0x0000000005cc5000 	/usr/lib/libauto.dylib
0x0000000005cc5000 	/usr/lib/libicucore.A.dylib
0x0000000005cc5000 	/usr/lib/libxml2.2.dylib
0x0000000005cc5000 	/System/Library/PrivateFrameworks/CoreUI.framework/Versions/A/CoreUI
0x0000000005cc5000 	/System/Library/Frameworks/CoreAudio.framework/Versions/A/CoreAudio
0x0000000005cc5000 	/System/Library/Frameworks/DiskArbitration.framework/Versions/A/DiskArbitration
0x0000000005cc5000 	/usr/lib/liblangid.dylib
0x0000000005cc5000 	/System/Library/PrivateFrameworks/MultitouchSupport.framework/Versions/A/MultitouchSupport
0x0000000005cc5000 	/System/Library/Frameworks/IOKit.framework/Versions/A/IOKit
0x0000000005cc5000 	/usr/lib/libDiagnosticMessagesClient.dylib
0x0000000005cc5000 	/System/Library/Frameworks/CoreServices.framework/Versions/A/CoreServices
0x0000000005cc5000 	/System/Library/PrivateFrameworks/PerformanceAnalysis.framework/Versions/A/PerformanceAnalysis
0x0000000005cc5000 	/System/Library/PrivateFrameworks/GenerationalStorage.framework/Versions/A/GenerationalStorage
0x0000000005cc5000 	/System/Library/Frameworks/OpenGL.framework/Versions/A/OpenGL
0x0000000005cc5000 	/System/Library/Frameworks/CoreServices.framework/Versions/A/Frameworks/CFNetwork.framework/Versions/A/CFNetwork
0x0000000005cc5000 	/System/Library/Frameworks/SystemConfiguration.framework/Versions/A/SystemConfiguration
0x0000000005cc5000 	/usr/lib/libCRFSuite.dylib
0x0000000005cc5000 	/usr/lib/libc++.1.dylib
0x0000000005cc5000 	/usr/lib/libstdc++.6.dylib
0x0000000005cc5000 	/usr/lib/libc++abi.dylib
0x0000000005cc5000 	/usr/lib/system/libcache.dylib
0x0000000005cc5000 	/usr/lib/system/libcommonCrypto.dylib
0x0000000005cc5000 	/usr/lib/system/libcompiler_rt.dylib
0x0000000005cc5000 	/usr/lib/system/libcopyfile.dylib
0x0000000005cc5000 	/usr/lib/system/libdispatch.dylib
0x0000000005cc5000 	/usr/lib/system/libdnsinfo.dylib
0x0000000005cc5000 	/usr/lib/system/libdyld.dylib
0x0000000005cc5000 	/usr/lib/system/libkeymgr.dylib
0x0000000005cc5000 	/usr/lib/system/liblaunch.dylib
0x0000000005cc5000 	/usr/lib/system/libmacho.dylib
0x0000000005cc5000 	/usr/lib/system/libmathCommon.A.dylib
0x0000000005cc5000 	/usr/lib/system/libquarantine.dylib
0x0000000005cc5000 	/usr/lib/system/libremovefile.dylib
0x0000000005cc5000 	/usr/lib/system/libsystem_blocks.dylib
0x0000000005cc5000 	/usr/lib/system/libsystem_c.dylib
0x0000000005cc5000 	/usr/lib/system/libsystem_dnssd.dylib
0x0000000005cc5000 	/usr/lib/system/libsystem_info.dylib
0x0000000005cc5000 	/usr/lib/system/libsystem_kernel.dylib
0x0000000005cc5000 	/usr/lib/system/libsystem_network.dylib
0x0000000005cc5000 	/usr/lib/system/libsystem_notify.dylib
0x0000000005cc5000 	/usr/lib/system/libsystem_sandbox.dylib
0x0000000005cc5000 	/usr/lib/system/libunc.dylib
0x0000000005cc5000 	/usr/lib/system/libunwind.dylib
0x0000000005cc5000 	/usr/lib/system/libxpc.dylib
0x0000000005cc5000 	/usr/lib/libbsm.0.dylib
0x0000000005cc5000 	/usr/lib/libsqlite3.dylib
0x0000000005cc5000 	/usr/lib/libOpenScriptingUtil.dylib
0x0000000005cc5000 	/usr/lib/libpam.2.dylib
0x0000000005cc5000 	/usr/lib/libxar-nossl.dylib
0x0000000005cc5000 	/usr/lib/libbz2.1.0.dylib
0x0000000005cc5000 	/System/Library/Frameworks/CoreServices.framework/Versions/A/Frameworks/CarbonCore.framework/Versions/A/CarbonCore
0x0000000005cc5000 	/System/Library/Frameworks/CoreServices.framework/Versions/A/Frameworks/Metadata.framework/Versions/A/Metadata
0x0000000005cc5000 	/System/Library/Frameworks/CoreServices.framework/Versions/A/Frameworks/OSServices.framework/Versions/A/OSServices
0x0000000005cc5000 	/System/Library/Frameworks/CoreServices.framework/Versions/A/Frameworks/SearchKit.framework/Versions/A/SearchKit
0x0000000005cc5000 	/System/Library/Frameworks/CoreServices.framework/Versions/A/Frameworks/AE.framework/Versions/A/AE
0x0000000005cc5000 	/System/Library/Frameworks/CoreServices.framework/Versions/A/Frameworks/LaunchServices.framework/Versions/A/LaunchServices
0x0000000005cc5000 	/System/Library/Frameworks/CoreServices.framework/Versions/A/Frameworks/DictionaryServices.framework/Versions/A/DictionaryServices
0x0000000005cc5000 	/System/Library/Frameworks/NetFS.framework/Versions/A/NetFS
0x0000000005cc5000 	/usr/lib/system/libkxld.dylib
0x0000000005cc5000 	/System/Library/PrivateFrameworks/NetAuth.framework/Versions/A/NetAuth
0x0000000005cc5000 	/usr/lib/libcrypto.0.9.8.dylib
0x0000000005cc5000 	/System/Library/PrivateFrameworks/TrustEvaluationAgent.framework/Versions/A/TrustEvaluationAgent
0x0000000005cc5000 	/System/Library/Frameworks/OpenDirectory.framework/Versions/A/Frameworks/CFOpenDirectory.framework/Versions/A/CFOpenDirectory
0x0000000005cc5000 	/usr/lib/libxslt.1.dylib
0x0000000005cc5000 	/System/Library/PrivateFrameworks/FamilyControls.framework/Versions/A/FamilyControls
0x0000000005cc5000 	/System/Library/Frameworks/Carbon.framework/Versions/A/Frameworks/Ink.framework/Versions/A/Ink
0x0000000005cc5000 	/System/Library/Frameworks/ApplicationServices.framework/Versions/A/Frameworks/CoreGraphics.framework/Versions/A/CoreGraphics
0x0000000005cc5000 	/System/Library/Frameworks/ApplicationServices.framework/Versions/A/Frameworks/ImageIO.framework/Versions/A/ImageIO
0x0000000005cc5000 	/System/Library/Frameworks/ApplicationServices.framework/Versions/A/Frameworks/CoreText.framework/Versions/A/CoreText
0x0000000005cc5000 	/System/Library/Frameworks/ApplicationServices.framework/Versions/A/Frameworks/ATS.framework/Versions/A/ATS
0x0000000005cc5000 	/System/Library/Frameworks/ApplicationServices.framework/Versions/A/Frameworks/ColorSync.framework/Versions/A/ColorSync
0x0000000005cc5000 	/System/Library/Frameworks/ApplicationServices.framework/Versions/A/Frameworks/HIServices.framework/Versions/A/HIServices
0x0000000005cc5000 	/System/Library/Frameworks/ApplicationServices.framework/Versions/A/Frameworks/LangAnalysis.framework/Versions/A/LangAnalysis
0x0000000005cc5000 	/System/Library/Frameworks/ApplicationServices.framework/Versions/A/Frameworks/PrintCore.framework/Versions/A/PrintCore
0x0000000005cc5000 	/System/Library/Frameworks/ApplicationServices.framework/Versions/A/Frameworks/QD.framework/Versions/A/QD
0x0000000005cc5000 	/System/Library/Frameworks/ApplicationServices.framework/Versions/A/Frameworks/SpeechSynthesis.framework/Versions/A/SpeechSynthesis
0x0000000005cc5000 	/System/Library/Frameworks/IOSurface.framework/Versions/A/IOSurface
0x0000000005cc5000 	/System/Library/Frameworks/Accelerate.framework/Versions/A/Accelerate
0x0000000005cc5000 	/System/Library/Frameworks/ApplicationServices.framework/Versions/A/Frameworks/ImageIO.framework/Versions/A/Resources/libJPEG.dylib
0x0000000005cc5000 	/System/Library/Frameworks/ApplicationServices.framework/Versions/A/Frameworks/ImageIO.framework/Versions/A/Resources/libTIFF.dylib
0x0000000005cc5000 	/System/Library/Frameworks/ApplicationServices.framework/Versions/A/Frameworks/ImageIO.framework/Versions/A/Resources/libPng.dylib
0x0000000005cc5000 	/System/Library/Frameworks/ApplicationServices.framework/Versions/A/Frameworks/ImageIO.framework/Versions/A/Resources/libGIF.dylib
0x0000000005cc5000 	/System/Library/Frameworks/ApplicationServices.framework/Versions/A/Frameworks/ImageIO.framework/Versions/A/Resources/libJP2.dylib
0x0000000005cc5000 	/System/Library/Frameworks/ApplicationServices.framework/Versions/A/Frameworks/ImageIO.framework/Versions/A/Resources/libRadiance.dylib
0x0000000005cc5000 	/System/Library/Frameworks/Accelerate.framework/Versions/A/Frameworks/vImage.framework/Versions/A/vImage
0x0000000005cc5000 	/System/Library/Frameworks/Accelerate.framework/Versions/A/Frameworks/vecLib.framework/Versions/A/vecLib
0x0000000005cc5000 	/System/Library/Frameworks/Accelerate.framework/Versions/A/Frameworks/vecLib.framework/Versions/A/libvDSP.dylib
0x0000000005cc5000 	/System/Library/Frameworks/Accelerate.framework/Versions/A/Frameworks/vecLib.framework/Versions/A/libvMisc.dylib
0x0000000005cc5000 	/System/Library/Frameworks/Accelerate.framework/Versions/A/Frameworks/vecLib.framework/Versions/A/libLAPACK.dylib
0x0000000005cc5000 	/System/Library/Frameworks/Accelerate.framework/Versions/A/Frameworks/vecLib.framework/Versions/A/libBLAS.dylib
0x0000000005cc5000 	/System/Library/Frameworks/ApplicationServices.framework/Versions/A/Frameworks/ATS.framework/Versions/A/Resources/libFontParser.dylib
0x0000000005cc5000 	/System/Library/Frameworks/ApplicationServices.framework/Versions/A/Frameworks/ATS.framework/Versions/A/Resources/libFontRegistry.dylib
0x0000000005cc5000 	/usr/lib/libcups.2.dylib
0x0000000005cc5000 	/System/Library/Frameworks/Kerberos.framework/Versions/A/Kerberos
0x0000000005cc5000 	/System/Library/Frameworks/GSS.framework/Versions/A/GSS
0x0000000005cc5000 	/usr/lib/libresolv.9.dylib
0x0000000005cc5000 	/usr/lib/libiconv.2.dylib
0x0000000005cc5000 	/System/Library/PrivateFrameworks/Heimdal.framework/Versions/A/Heimdal
0x0000000005cc5000 	/System/Library/Frameworks/OpenDirectory.framework/Versions/A/OpenDirectory
0x0000000005cc5000 	/System/Library/PrivateFrameworks/CommonAuth.framework/Versions/A/CommonAuth
0x0000000005cc5000 	/System/Library/Frameworks/CoreVideo.framework/Versions/A/CoreVideo
0x0000000005cc5000 	/System/Library/Frameworks/QuartzCore.framework/Versions/A/Frameworks/CoreImage.framework/Versions/A/CoreImage
0x0000000005cc5000 	/System/Library/Frameworks/QuartzCore.framework/Versions/A/Frameworks/ScalableUserInterface.framework/Versions/A/ScalableUserInterface
0x0000000005cc5000 	/System/Library/Frameworks/OpenGL.framework/Versions/A/Libraries/libGLU.dylib
0x0000000005cc5000 	/System/Library/Frameworks/OpenGL.framework/Versions/A/Libraries/libGFXShared.dylib
0x0000000005cc5000 	/System/Library/Frameworks/OpenGL.framework/Versions/A/Libraries/libGL.dylib
0x0000000005cc5000 	/System/Library/Frameworks/OpenGL.framework/Versions/A/Libraries/libGLImage.dylib
0x0000000005cc5000 	/System/Library/Frameworks/OpenGL.framework/Versions/A/Libraries/libCVMSPluginSupport.dylib
0x0000000005cc5000 	/System/Library/Frameworks/OpenGL.framework/Versions/A/Libraries/libCoreVMClient.dylib
0x0000000005cc5000 	/System/Library/Frameworks/OpenCL.framework/Versions/A/OpenCL
0x0000000005cc5000 	/System/Library/PrivateFrameworks/FaceCoreLight.framework/Versions/A/FaceCoreLight
0x0000000005cc5000 	/System/Library/Frameworks/vecLib.framework/Versions/A/vecLib
0x0000000005cc5000 	/System/Library/Frameworks/SecurityFoundation.framework/Versions/A/SecurityFoundation
0x0000000005cc5000 	/System/Library/PrivateFrameworks/CommerceKit.framework/Versions/A/Frameworks/CommerceCore.framework/Versions/A/CommerceCore
0x0000000005cc5000 	/System/Library/PrivateFrameworks/CoreSymbolication.framework/Versions/A/CoreSymbolication
0x0000000005cc5000 	/System/Library/PrivateFrameworks/Symbolication.framework/Versions/A/Symbolication
0x0000000005cc5000 	/System/Library/PrivateFrameworks/DebugSymbols.framework/Versions/A/DebugSymbols
0x000000010a700000 	/Library/Java/JavaVirtualMachines/jdk1.7.0_10.jdk/Contents/Home/jre/lib/server/libjvm.dylib
0x000000010a5ef000 	/Library/Java/JavaVirtualMachines/jdk1.7.0_10.jdk/Contents/Home/jre/lib/libverify.dylib
0x000000010b2aa000 	/Library/Java/JavaVirtualMachines/jdk1.7.0_10.jdk/Contents/Home/jre/lib/libjava.dylib
0x000000010b2da000 	/Library/Java/JavaVirtualMachines/jdk1.7.0_10.jdk/Contents/Home/jre/lib/libjdwp.dylib
0x000000010b317000 	/Library/Java/JavaVirtualMachines/jdk1.7.0_10.jdk/Contents/Home/jre/lib/./libnpt.dylib
0x000000010b323000 	/Library/Java/JavaVirtualMachines/jdk1.7.0_10.jdk/Contents/Home/jre/lib/libzip.dylib
0x00000001147cc000 	/System/Library/Frameworks/JavaVM.framework/Frameworks/JavaRuntimeSupport.framework/JavaRuntimeSupport
0x00000001147e4000 	/System/Library/Frameworks/JavaVM.framework/Versions/A/Frameworks/JavaNativeFoundation.framework/Versions/A/JavaNativeFoundation
0x00000001147f9000 	/System/Library/Frameworks/JavaVM.framework/Versions/A/JavaVM
0x0000000005cc5000 	/System/Library/Frameworks/Carbon.framework/Versions/A/Carbon
0x0000000114806000 	/System/Library/PrivateFrameworks/JavaLaunching.framework/Versions/A/JavaLaunching
0x0000000005cc5000 	/System/Library/Frameworks/Carbon.framework/Versions/A/Frameworks/CommonPanels.framework/Versions/A/CommonPanels
0x0000000005cc5000 	/System/Library/Frameworks/Carbon.framework/Versions/A/Frameworks/Help.framework/Versions/A/Help
0x0000000005cc5000 	/System/Library/Frameworks/Carbon.framework/Versions/A/Frameworks/ImageCapture.framework/Versions/A/ImageCapture
0x0000000005cc5000 	/System/Library/Frameworks/Carbon.framework/Versions/A/Frameworks/OpenScripting.framework/Versions/A/OpenScripting
0x0000000005cc5000 	/System/Library/Frameworks/Carbon.framework/Versions/A/Frameworks/Print.framework/Versions/A/Print
0x0000000005cc5000 	/System/Library/Frameworks/Carbon.framework/Versions/A/Frameworks/SecurityHI.framework/Versions/A/SecurityHI
0x0000000114ad6000 	/Library/Java/JavaVirtualMachines/jdk1.7.0_10.jdk/Contents/Home/jre/lib/libdt_socket.dylib
0x000000011524e000 	/Library/Java/JavaVirtualMachines/jdk1.7.0_10.jdk/Contents/Home/jre/lib/libnio.dylib
0x000000011525d000 	/Library/Java/JavaVirtualMachines/jdk1.7.0_10.jdk/Contents/Home/jre/lib/./libnet.dylib
0x0000000115a73000 	/Library/Java/JavaVirtualMachines/jdk1.7.0_10.jdk/Contents/Home/jre/lib/libawt.dylib
0x0000000115b22000 	/Library/Java/JavaVirtualMachines/jdk1.7.0_10.jdk/Contents/Home/jre/lib/./libmlib_image.dylib
0x0000000115bee000 	/Library/Java/JavaVirtualMachines/jdk1.7.0_10.jdk/Contents/Home/jre/lib/lwawt/liblwawt.dylib
0x0000000115ca0000 	/Library/Java/JavaVirtualMachines/jdk1.7.0_10.jdk/Contents/Home/jre/lib/server/../libosxapp.dylib
0x0000000115cbc000 	/System/Library/Frameworks/ExceptionHandling.framework/Versions/A/ExceptionHandling
0x0000000005cc5000 	/System/Library/PrivateFrameworks/CoreServicesInternal.framework/Versions/A/CoreServicesInternal
0x0000000005cc5000 	/System/Library/Frameworks/ApplicationServices.framework/Versions/A/Frameworks/CoreGraphics.framework/Versions/A/Resources/libCSync.A.dylib
0x0000000005cc5000 	/System/Library/Frameworks/ApplicationServices.framework/Versions/A/Frameworks/CoreGraphics.framework/Versions/A/Resources/libRIP.A.dylib
0x0000000005cc5000 	/System/Library/Frameworks/ApplicationServices.framework/Versions/A/Frameworks/CoreGraphics.framework/Versions/A/Resources/libCGXType.A.dylib
0x0000000119850000 	/System/Library/Frameworks/OpenGL.framework/Resources/GLEngine.bundle/GLEngine
0x0000000119a3f000 	/System/Library/Frameworks/OpenGL.framework/Versions/A/Libraries/libGLProgrammability.dylib
0x0000000119bcb000 	/System/Library/Extensions/ATIRadeonX3000GLDriver.bundle/Contents/MacOS/ATIRadeonX3000GLDriver
0x0000000117097000 	/System/Library/PrivateFrameworks/GPUSupport.framework/Versions/A/Libraries/libGPUSupport.dylib
0x0000000119edb000 	/System/Library/Extensions/AppleIntelHD3000GraphicsGLDriver.bundle/Contents/MacOS/AppleIntelHD3000GraphicsGLDriver
0x00000001170e3000 	/System/Library/Frameworks/OpenGL.framework/Resources//GLRendererFloat.bundle/GLRendererFloat
0x00000001170ac000 	/System/Library/Frameworks/OpenCL.framework/Versions/A/Libraries/libcldcpuengine.dylib
0x0000000005cc5000 	/System/Library/PrivateFrameworks/DiskImages.framework/Versions/A/DiskImages
0x00000001170bc000 	/System/Library/Frameworks/OpenGL.framework/Versions/A/Libraries/libCoreFSCache.dylib
0x0000000005cc5000 	/System/Library/Frameworks/DiscRecording.framework/Versions/A/DiscRecording
0x0000000005cc5000 	/usr/lib/libcurl.4.dylib
0x0000000005cc5000 	/System/Library/PrivateFrameworks/MediaKit.framework/Versions/A/MediaKit
0x0000000005cc5000 	/usr/lib/libssl.0.9.8.dylib
0x0000000005cc5000 	/System/Library/Frameworks/LDAP.framework/Versions/A/LDAP
0x0000000005cc5000 	/usr/lib/libsasl2.2.dylib
0x000000011a50b000 	/Library/Java/JavaVirtualMachines/jdk1.7.0_10.jdk/Contents/Home/jre/lib/libfontmanager.dylib
0x00000001148ee000 	/Applications/NetBeans/NetBeans 7.3 Beta 2.app/Contents/Resources/NetBeans/platform/modules/lib/libjnidispatch-340.jnilib
0x0000000115793000 	/Library/Java/JavaVirtualMachines/jdk1.7.0_10.jdk/Contents/Home/jre/lib/libosxui.dylib
0x0000000005cc5000 	/System/Library/CoreServices/RawCamera.bundle/Contents/MacOS/RawCamera
0x00000001171fb000 	/Library/Java/JavaVirtualMachines/jdk1.7.0_10.jdk/Contents/Home/jre/lib/libkcms.dylib
0x000000011586d000 	/Library/Java/Extensions/librxtxSerial.jnilib
0x000000011588d000 	cl_kernels
0x000000011b372000 	/System/Library/Frameworks/OpenCL.framework/Versions/A/Libraries/ImageFormats/unorm8_bgra.dylib
0x0000000115892000 	cl_kernels
0x0000000117272000 	/Library/Java/JavaVirtualMachines/jdk1.7.0_10.jdk/Contents/Home/jre/lib/libdcpr.dylib
0x0000000005cc5000 	/System/Library/Frameworks/ApplicationServices.framework/Versions/A/Frameworks/ATS.framework/Versions/A/Resources/libTrueTypeScaler.dylib
0x0000000115968000 	/Library/Java/JavaVirtualMachines/jdk1.7.0_10.jdk/Contents/Home/jre/lib/libmanagement.dylib

VM Arguments:
jvm_args: -Djdk.home=/Library/Java/JavaVirtualMachines/jdk1.7.0_10.jdk/Contents/Home -Dnetbeans.system_http_proxy=DIRECT -Dnetbeans.system_http_non_proxy_hosts= -Dnetbeans.dirs=/Users/chaselaurendine/Documents/SvnProjects/NerduinoIDE/Nerduino-host/build/cluster:/Applications/NetBeans/NetBeans 7.3 Beta 2.app/Contents/Resources/NetBeans/harness:/Applications/NetBeans/NetBeans 7.3 Beta 2.app/Contents/Resources/NetBeans/ide:/Applications/NetBeans/NetBeans 7.3 Beta 2.app/Contents/Resources/NetBeans/java:/Applications/NetBeans/NetBeans 7.3 Beta 2.app/Contents/Resources/NetBeans/platform:/Applications/NetBeans/NetBeans 7.3 Beta 2.app/Contents/Resources/NetBeans/websvccommon:/Users/chaselaurendine/Documents/Downloads/nbribbon/PinkMatterRibbonPlatform -Dnetbeans.home=/Applications/NetBeans/NetBeans 7.3 Beta 2.app/Contents/Resources/NetBeans/platform -Dnetbeans.logger.console=true -ea -Xdebug -Xrunjdwp:transport=dt_socket,suspend=y,server=n,address=dsldevice:50651 -Dsun.awt.disableMixing=true -XX:+HeapDumpOnOutOfMemoryError -XX:HeapDumpPath=/Users/chaselaurendine/Documents/SvnProjects/NerduinoIDE/Nerduino-host/NerduinoCore/../build/testuserdir/var/log/heapdump.hprof 
java_command: org.netbeans.Main --userdir /Users/chaselaurendine/Documents/SvnProjects/NerduinoIDE/Nerduino-host/NerduinoCore/../build/testuserdir --branding nerduinoiot
Launcher Type: SUN_STANDARD

Environment Variables:
PATH=/usr/bin:/bin:/usr/sbin:/sbin
LD_LIBRARY_PATH=/Library/Java/JavaVirtualMachines/jdk1.7.0_10.jdk/Contents/Home/jre/lib/amd64:/Library/Java/JavaVirtualMachines/jdk1.7.0_10.jdk/Contents/Home/jre/lib/i386:/Library/Java/JavaVirtualMachines/jdk1.7.0_10.jdk/Contents/Home/jre/lib/amd64:/Library/Java/JavaVirtualMachines/jdk1.7.0_10.jdk/Contents/Home/jre/lib/i386:
SHELL=/bin/bash
DISPLAY=/tmp/launch-Lj3SWX/org.macosforge.xquartz:0

Signal Handlers:
SIGSEGV: [libjvm.dylib+0x4a363d], sa_mask[0]=0xfffefeff, sa_flags=0x00000042
SIGBUS: [libjvm.dylib+0x4a363d], sa_mask[0]=0xfffefeff, sa_flags=0x00000042
SIGFPE: [libjvm.dylib+0x3b3051], sa_mask[0]=0xfffefeff, sa_flags=0x00000042
SIGPIPE: [libjvm.dylib+0x3b3051], sa_mask[0]=0xfffefeff, sa_flags=0x00000042
SIGXFSZ: [libjvm.dylib+0x3b3051], sa_mask[0]=0xfffefeff, sa_flags=0x00000042
SIGILL: [libjvm.dylib+0x3b3051], sa_mask[0]=0xfffefeff, sa_flags=0x00000042
SIGUSR1: SIG_DFL, sa_mask[0]=0x00000000, sa_flags=0x00000002
SIGUSR2: [libjvm.dylib+0x3b2bea], sa_mask[0]=0x00000004, sa_flags=0x00000042
SIGHUP: [libjvm.dylib+0x3b0e4b], sa_mask[0]=0xfffefeff, sa_flags=0x00000042
SIGINT: SIG_IGN, sa_mask[0]=0x00000000, sa_flags=0x00000000
SIGTERM: [libjvm.dylib+0x3b0e4b], sa_mask[0]=0xfffefeff, sa_flags=0x00000042
SIGQUIT: [libjvm.dylib+0x3b0e4b], sa_mask[0]=0xfffefeff, sa_flags=0x00000042


---------------  S Y S T E M  ---------------

OS:Bsduname:Darwin 11.4.2 Darwin Kernel Version 11.4.2: Thu Aug 23 16:25:48 PDT 2012; root:xnu-1699.32.7~1/RELEASE_X86_64 x86_64
rlimit: STACK 8192k, CORE 0k, NPROC 709, NOFILE 10240, AS infinity
load average:0.86 0.81 0.78

CPU:total 8 (4 cores per cpu, 2 threads per core) family 6 model 42 stepping 7, cmov, cx8, fxsr, mmx, sse, sse2, sse3, ssse3, sse4.1, sse4.2, popcnt, avx, ht, tsc, tscinvbit

Memory: 4k page, physical 5283664k(1320916k free)

/proc/meminfo:


vm_info: Java HotSpot(TM) 64-Bit Server VM (23.6-b04) for bsd-amd64 JRE (1.7.0_10-b18), built on Nov 28 2012 07:52:20 by "java_re" with gcc 4.2.1 (Based on Apple Inc. build 5658) (LLVM build 2336.9.00)

time: Tue Jun 18 05:24:17 2013
elapsed time: 3174 seconds

