#
# A fatal error has been detected by the Java Runtime Environment:
#
#  SIGBUS (0xa) at pc=0x0000000102be515e, pid=20572, tid=40451
#
# JRE version: 7.0_10-b18
# Java VM: Java HotSpot(TM) 64-Bit Server VM (23.6-b04 mixed mode bsd-amd64 compressed oops)
# Problematic frame:
# C  [libzip.dylib+0x315e]  newEntry+0x154
#
# Failed to write core dump. Core dumps have been disabled. To enable core dumping, try "ulimit -c unlimited" before starting Java again
#
# If you would like to submit a bug report, please visit:
#   http://bugreport.sun.com/bugreport/crash.jsp
# The crash happened outside the Java Virtual Machine in native code.
# See problematic frame for where to report the bug.
#

---------------  T H R E A D  ---------------

Current thread (0x00007f835916a800):  JavaThread "AWT-EventQueue-0" [_thread_in_native, id=40451, stack(0x00000001683d5000,0x00000001684d5000)]

siginfo:si_signo=SIGBUS: si_errno=0, si_code=2 (BUS_ADRERR), si_addr=0x000000016a0c936b

Registers:
RAX=0x00007f835f328460, RBX=0x000000016a0c935f, RCX=0x00000000000003ba, RDX=0x000000000000039a
RSP=0x00000001684d1560, RBP=0x00000001684d15c0, RSI=0x0000000004000000, RDI=0x0000000101ddd000
R8 =0x000000000000001a, R9 =0x000000000000039a, R10=0x0000000000000000, R11=0x00000000fbffffff
R12=0x000000000000032d, R13=0x00007f8360858e00, R14=0x00007f835f328460, R15=0x000000000000010f
RIP=0x0000000102be515e, EFLAGS=0x0000000000010206, ERR=0x0000000000000004
  TRAPNO=0x000000000000000e

Top of Stack: (sp=0x00000001684d1560)
0x00000001684d1560:   0000000105e638d0 00000000684d15a8
0x00000001684d1570:   0000000105e65918 0000000107a658f8
0x00000001684d1580:   00000001684d15a0 00007f835f328460
0x00000001684d1590:   00007f8359c39b50 00000000eda10935
0x00000001684d15a0:   000000000000032d 00007f8360858e00
0x00000001684d15b0:   00007f835f328460 000000000000010f
0x00000001684d15c0:   00000001684d1610 0000000102be57d0
0x00000001684d15d0:   0000000000000021 000000215916a800
0x00000001684d15e0:   00000001684d162e 00000001684d1a78
0x00000001684d15f0:   0000000000000021 00000001684d162e
0x00000001684d1600:   00007f835f328460 00007f835916a9d8
0x00000001684d1610:   00000001684d1a60 0000000102be462a
0x00000001684d1620:   0000206000000100 6f63000100000001
0x00000001684d1630:   69756472656e2f6d 756f7365722f6f6e
0x00000001684d1640:   736f482f73656372 00676e702e363174
0x00000001684d1650:   0000000000000043 0000000101f8ab28
0x00000001684d1660:   00007f8358e01710 00000001684d16e0
0x00000001684d1670:   00000001684d16b0 00007fff921646ab
0x00000001684d1680:   0000000000000043 0000000101f8ab28
0x00000001684d1690:   0000206058e01710 094cc400094cc400
0x00000001684d16a0:   00007f835abfee00 00007f8358e01710
0x00000001684d16b0:   00000001684d16c0 000000010247b5dd
0x00000001684d16c0:   00000001684d1700 0000000102072b5c
0x00000001684d16d0:   0000000000000024 0000000105d6aa10
0x00000001684d16e0:   00007f835916a800 0000000101f8a4e0
0x00000001684d16f0:   0000000000000000 0000000000000043
0x00000001684d1700:   00000001684d1720 0000000102072c80
0x00000001684d1710:   00000001684d1a78 0000000000000000
0x00000001684d1720:   00000001684d1740 0000000102149f1e
0x00000001684d1730:   00007f8358d8d230 0000000000000000
0x00000001684d1740:   00000001684d1ad0 00000001022be90a
0x00000001684d1750:   00007f835916a9d8 00000001684d4aa0 

Instructions: (pc=0x0000000102be515e)
0x0000000102be513e:   49 8b 7f 38 e8 83 19 00 00 4d 89 77 38 49 89 5f
0x0000000102be514e:   40 4c 89 f0 48 85 c0 0f 84 16 05 00 00 48 89 c3
0x0000000102be515e:   0f b6 43 0c 0f b6 4b 0d 48 c1 e1 08 48 01 c1 0f
0x0000000102be516e:   b6 43 0e 0f b6 53 0f 48 c1 e2 08 48 01 c2 48 c1 

Register to memory mapping:

RAX=0x00007f835f328460 is an unknown value
RBX=0x000000016a0c935f is an unknown value
RCX=0x00000000000003ba is an unknown value
RDX=0x000000000000039a is an unknown value
RSP=0x00000001684d1560 is pointing into the stack for thread: 0x00007f835916a800
RBP=0x00000001684d15c0 is pointing into the stack for thread: 0x00007f835916a800
RSI=0x0000000004000000 is an unknown value
RDI=0x0000000101ddd000 is an unknown value
R8 =0x000000000000001a is an unknown value
R9 =0x000000000000039a is an unknown value
R10=0x0000000000000000 is an unknown value
R11=0x00000000fbffffff is an unknown value
R12=0x000000000000032d is an unknown value
R13=0x00007f8360858e00 is an unknown value
R14=0x00007f835f328460 is an unknown value
R15=0x000000000000010f is an unknown value


Stack: [0x00000001683d5000,0x00000001684d5000],  sp=0x00000001684d1560,  free space=1009k
Native frames: (J=compiled Java code, j=interpreted, Vv=VM code, C=native code)
C  [libzip.dylib+0x315e]  newEntry+0x154
C  [libzip.dylib+0x37d0]  ZIP_GetEntry+0xa2
C  [libzip.dylib+0x262a]  Java_java_util_zip_ZipFile_getEntry+0xdd
J  java.util.zip.ZipFile.getEntry(J[BZ)J

Java frames: (J=compiled Java code, j=interpreted, Vv=VM code)
J  java.util.zip.ZipFile.getEntry(J[BZ)J
J  java.util.jar.JarFile.getEntry(Ljava/lang/String;)Ljava/util/zip/ZipEntry;
j  org.netbeans.JarClassLoader$JarSource.resource(Ljava/lang/String;)[B+85
J  org.netbeans.Archive.getData(Lorg/netbeans/ArchiveResources;Ljava/lang/String;)[B
J  org.netbeans.JarClassLoader$Source.getResource(Ljava/lang/String;)Ljava/net/URL;
J  org.netbeans.JarClassLoader.findResource(Ljava/lang/String;)Ljava/net/URL;
j  org.netbeans.ProxyClassLoader.getResourceImpl(Ljava/lang/String;)Ljava/net/URL;+319
j  org.netbeans.ProxyClassLoader.getResource(Ljava/lang/String;)Ljava/net/URL;+2
j  java.lang.Class.getResource(Ljava/lang/String;)Ljava/net/URL;+22
j  com.nerduino.nodes.TreeNode.getIcon(I)Ljava/awt/Image;+8
j  org.openide.explorer.view.NodeRenderDataProvider.getIcon(Ljava/lang/Object;)Ljavax/swing/Icon;+155
j  org.netbeans.swing.outline.DefaultOutlineCellRenderer.getTableCellRendererComponent(Ljavax/swing/JTable;Ljava/lang/Object;ZZII)Ljava/awt/Component;+518
j  javax.swing.JTable.prepareRenderer(Ljavax/swing/table/TableCellRenderer;II)Ljava/awt/Component;+108
j  javax.swing.plaf.basic.BasicTableUI.paintCell(Ljava/awt/Graphics;Ljava/awt/Rectangle;II)V+77
j  javax.swing.plaf.basic.BasicTableUI.paintCells(Ljava/awt/Graphics;IIII)V+133
j  javax.swing.plaf.basic.BasicTableUI.paint(Ljava/awt/Graphics;Ljavax/swing/JComponent;)V+249
j  javax.swing.plaf.ComponentUI.update(Ljava/awt/Graphics;Ljavax/swing/JComponent;)V+32
j  javax.swing.JComponent.paintComponent(Ljava/awt/Graphics;)V+26
j  javax.swing.JComponent.paint(Ljava/awt/Graphics;)V+286
j  javax.swing.JComponent.paintChildren(Ljava/awt/Graphics;)V+501
j  javax.swing.JComponent.paint(Ljava/awt/Graphics;)V+318
j  javax.swing.JViewport.paint(Ljava/awt/Graphics;)V+205
j  javax.swing.JComponent.paintChildren(Ljava/awt/Graphics;)V+501
j  javax.swing.JComponent.paint(Ljava/awt/Graphics;)V+318
j  javax.swing.JComponent.paintChildren(Ljava/awt/Graphics;)V+501
j  javax.swing.JComponent.paint(Ljava/awt/Graphics;)V+318
j  javax.swing.JViewport.paint(Ljava/awt/Graphics;)V+205
j  javax.swing.JComponent.paintChildren(Ljava/awt/Graphics;)V+501
j  javax.swing.JComponent.paint(Ljava/awt/Graphics;)V+318
j  javax.swing.JComponent.paintChildren(Ljava/awt/Graphics;)V+501
j  javax.swing.JComponent.paint(Ljava/awt/Graphics;)V+318
j  javax.swing.JComponent.paintChildren(Ljava/awt/Graphics;)V+501
j  javax.swing.JComponent.paint(Ljava/awt/Graphics;)V+318
j  javax.swing.JComponent.paintChildren(Ljava/awt/Graphics;)V+501
j  javax.swing.JComponent.paint(Ljava/awt/Graphics;)V+318
j  org.netbeans.swing.tabcontrol.TabbedContainer.paint(Ljava/awt/Graphics;)V+53
j  javax.swing.JComponent.paintChildren(Ljava/awt/Graphics;)V+501
j  javax.swing.JComponent.paint(Ljava/awt/Graphics;)V+318
j  javax.swing.JComponent.paintToOffscreen(Ljava/awt/Graphics;IIIIII)V+41
j  javax.swing.RepaintManager$PaintManager.paintDoubleBuffered(Ljavax/swing/JComponent;Ljava/awt/Image;Ljava/awt/Graphics;IIII)V+105
j  javax.swing.RepaintManager$PaintManager.paint(Ljavax/swing/JComponent;Ljavax/swing/JComponent;Ljava/awt/Graphics;IIII)Z+116
j  javax.swing.RepaintManager.paint(Ljavax/swing/JComponent;Ljavax/swing/JComponent;Ljava/awt/Graphics;IIII)V+52
j  javax.swing.JComponent._paintImmediately(IIII)V+683
j  javax.swing.JComponent.paintImmediately(IIII)V+138
j  javax.swing.JComponent.paintImmediately(IIII)V+65
j  javax.swing.RepaintManager.paintDirtyRegions(Ljava/util/Map;)V+182
j  javax.swing.RepaintManager.paintDirtyRegions()V+46
j  javax.swing.RepaintManager.prePaintDirtyRegions()V+73
j  javax.swing.RepaintManager.access$700(Ljavax/swing/RepaintManager;)V+1
j  javax.swing.RepaintManager$ProcessingRunnable.run()V+37
j  java.awt.event.InvocationEvent.dispatch()V+47
j  java.awt.EventQueue.dispatchEventImpl(Ljava/awt/AWTEvent;Ljava/lang/Object;)V+21
j  java.awt.EventQueue.access$200(Ljava/awt/EventQueue;Ljava/awt/AWTEvent;Ljava/lang/Object;)V+3
j  java.awt.EventQueue$3.run()Ljava/lang/Void;+12
j  java.awt.EventQueue$3.run()Ljava/lang/Object;+1
v  ~StubRoutines::call_stub
j  java.security.AccessController.doPrivileged(Ljava/security/PrivilegedAction;Ljava/security/AccessControlContext;)Ljava/lang/Object;+0
j  java.security.ProtectionDomain$1.doIntersectionPrivilege(Ljava/security/PrivilegedAction;Ljava/security/AccessControlContext;Ljava/security/AccessControlContext;)Ljava/lang/Object;+28
j  java.awt.EventQueue.dispatchEvent(Ljava/awt/AWTEvent;)V+46
j  org.netbeans.core.TimableEventQueue.dispatchEvent(Ljava/awt/AWTEvent;)V+17
j  java.awt.EventDispatchThread.pumpOneEventForFilters(I)V+245
j  java.awt.EventDispatchThread.pumpEventsForFilter(ILjava/awt/Conditional;Ljava/awt/EventFilter;)V+35
j  java.awt.EventDispatchThread.pumpEventsForHierarchy(ILjava/awt/Conditional;Ljava/awt/Component;)V+11
j  java.awt.EventDispatchThread.pumpEvents(ILjava/awt/Conditional;)V+4
j  java.awt.EventDispatchThread.pumpEvents(Ljava/awt/Conditional;)V+3
j  java.awt.EventDispatchThread.run()V+9
v  ~StubRoutines::call_stub

---------------  P R O C E S S  ---------------

Java Threads: ( => current thread )
  0x00007f835f854800 JavaThread "qtp1531722383-161" [_thread_blocked, id=81443, stack(0x0000000174d71000,0x0000000174e71000)]
  0x00007f835ac07000 JavaThread "Trident pulse source thread" daemon [_thread_blocked, id=90371, stack(0x0000000178eb8000,0x0000000178fb8000)]
  0x00007f8359087800 JavaThread "Trident callback thread" daemon [_thread_blocked, id=90115, stack(0x0000000178b5c000,0x0000000178c5c000)]
  0x00007f835f826000 JavaThread "Prism Font Disposer" daemon [_thread_blocked, id=79875, stack(0x0000000175e21000,0x0000000175f21000)]
  0x00007f8360c27800 JavaThread "Disposer" daemon [_thread_blocked, id=67079, stack(0x00000001696a7000,0x00000001697a7000)]
  0x00007f8360c5f800 JavaThread "Thread-44" daemon [_thread_in_native, id=42503, stack(0x0000000168dec000,0x0000000168e6c000)]
  0x00007f835b023000 JavaThread "Thread-43" daemon [_thread_blocked, id=44559, stack(0x000000016dfd4000,0x000000016e0d4000)]
  0x00007f8360ae6000 JavaThread "Disposer" daemon [_thread_blocked, id=45579, stack(0x000000016ded1000,0x000000016dfd1000)]
  0x00007f835c01b000 JavaThread "QuantumRenderer-0" daemon [_thread_blocked, id=40975, stack(0x0000000169206000,0x0000000169306000)]
  0x00007f835aca4000 JavaThread "JmDNS(fe80:0:0:0:0:0:0:1%1.local.).Timer" daemon [_thread_blocked, id=66819, stack(0x0000000170166000,0x0000000170266000)]
  0x00007f83594c1800 JavaThread "JmDNS(fe80:0:0:0:0:0:0:1%1.local.).State.Timer" [_thread_blocked, id=66563, stack(0x0000000170063000,0x0000000170163000)]
  0x00007f8360ac0000 JavaThread "JmDNS(fe80:0:0:0:0:0:0:1%1.local.).Timer" daemon [_thread_blocked, id=56327, stack(0x000000016ff60000,0x0000000170060000)]
  0x00007f8360bcb800 JavaThread "SocketListener(fe80:0:0:0:0:0:0:1%1.local.)" daemon [_thread_in_native, id=56071, stack(0x000000016a26c000,0x000000016a36c000)]
  0x00007f8360d32800 JavaThread "qtp1531722383-75-acceptor-3-ServerConnector@3b0a3ab3{HTTP/1.1}{0.0.0.0:8081}" [_thread_blocked, id=65795, stack(0x000000016fd5a000,0x000000016fe5a000)]
  0x00007f836141a800 JavaThread "qtp1531722383-74-acceptor-2-ServerConnector@3b0a3ab3{HTTP/1.1}{0.0.0.0:8081}" [_thread_blocked, id=65539, stack(0x000000016fc57000,0x000000016fd57000)]
  0x00007f835adad000 JavaThread "qtp1531722383-73-acceptor-1-ServerConnector@3b0a3ab3{HTTP/1.1}{0.0.0.0:8081}" [_thread_blocked, id=65283, stack(0x000000016fa51000,0x000000016fb51000)]
  0x00007f836156b000 JavaThread "qtp1531722383-72-acceptor-0-ServerConnector@3b0a3ab3{HTTP/1.1}{0.0.0.0:8081}" [_thread_in_native, id=64003, stack(0x000000016fb54000,0x000000016fc54000)]
  0x00007f835bce2800 JavaThread "Timer-1" [_thread_blocked, id=62467, stack(0x000000016f94e000,0x000000016fa4e000)]
  0x00007f8360aac800 JavaThread "Timer-0" [_thread_blocked, id=61955, stack(0x000000016f84b000,0x000000016f94b000)]
  0x00007f8360b77800 JavaThread "qtp1531722383-68-selector-7" [_thread_in_native, id=61699, stack(0x000000016f748000,0x000000016f848000)]
  0x00007f8360bba800 JavaThread "qtp1531722383-67-selector-6" [_thread_in_native, id=61443, stack(0x000000016f645000,0x000000016f745000)]
  0x00007f8360cd6000 JavaThread "qtp1531722383-66-selector-5" [_thread_in_native, id=61187, stack(0x000000016f542000,0x000000016f642000)]
  0x00007f8360a05000 JavaThread "qtp1531722383-65-selector-4" [_thread_in_native, id=60931, stack(0x000000016f43f000,0x000000016f53f000)]
  0x00007f8360b9e000 JavaThread "qtp1531722383-64-selector-3" [_thread_in_native, id=60675, stack(0x000000016f33c000,0x000000016f43c000)]
  0x00007f8360d1b000 JavaThread "qtp1531722383-63-selector-2" [_thread_in_native, id=60419, stack(0x000000016f239000,0x000000016f339000)]
  0x00007f8360b1f000 JavaThread "qtp1531722383-62-selector-1" [_thread_in_native, id=60163, stack(0x000000016f136000,0x000000016f236000)]
  0x00007f83596dd800 JavaThread "qtp1531722383-61-selector-0" [_thread_in_native, id=59907, stack(0x000000016f033000,0x000000016f133000)]
  0x00007f8360d2a800 JavaThread "DateCache" daemon [_thread_blocked, id=59651, stack(0x000000016ef30000,0x000000016f030000)]
  0x00007f835a0ba000 JavaThread "Thread-21" [_thread_blocked, id=59395, stack(0x000000016ee2d000,0x000000016ef2d000)]
  0x00007f8361567000 JavaThread "JmDNS(macintosh-local.local.).Timer" daemon [_thread_blocked, id=59139, stack(0x000000016ed2a000,0x000000016ee2a000)]
  0x00007f835a014000 JavaThread "JmDNS(macintosh-local.local.).State.Timer" [_thread_blocked, id=58883, stack(0x000000016ec27000,0x000000016ed27000)]
  0x00007f835f80c000 JavaThread "JmDNS(macintosh-local.local.).Timer" daemon [_thread_blocked, id=58627, stack(0x000000016eb24000,0x000000016ec24000)]
  0x00007f8360bdb000 JavaThread "SocketListener(macintosh-local.local.)" daemon [_thread_in_native, id=58371, stack(0x000000016ea21000,0x000000016eb21000)]
  0x00007f835acde000 JavaThread "JmDNS(192-168-1-11.local.).Timer" daemon [_thread_blocked, id=57859, stack(0x000000016e91e000,0x000000016ea1e000)]
  0x00007f835ac48000 JavaThread "JmDNS(192-168-1-11.local.).State.Timer" [_thread_blocked, id=57603, stack(0x000000016e81b000,0x000000016e91b000)]
  0x00007f835ab49000 JavaThread "JmDNS(192-168-1-11.local.).Timer" daemon [_thread_blocked, id=57347, stack(0x000000016e718000,0x000000016e818000)]
  0x00007f835a9dc800 JavaThread "SocketListener(192-168-1-11.local.)" daemon [_thread_in_native, id=57091, stack(0x000000016ddce000,0x000000016dece000)]
  0x00007f835adaf000 JavaThread "cc.arduino.packages.discoverers.NetworkDiscovery timer" [_thread_blocked, id=56579, stack(0x000000016d60f000,0x000000016d70f000)]
  0x00007f8360bbf000 JavaThread "Sleep thread" [_thread_blocked, id=55555, stack(0x000000016e53b000,0x000000016e63b000)]
  0x00007f835f803000 JavaThread "Thread-11" [_thread_in_native, id=55299, stack(0x000000016e438000,0x000000016e538000)]
  0x00007f8360b9f000 JavaThread "Thread-10" [_thread_in_native, id=55043, stack(0x000000016e335000,0x000000016e435000)]
  0x00007f8360882800 JavaThread "Thread-9" [_thread_blocked, id=54787, stack(0x000000016e232000,0x000000016e332000)]
  0x00007f83608d7000 JavaThread "Discovery thread" [_thread_blocked, id=54531, stack(0x000000016e12f000,0x000000016e22f000)]
  0x00007f8360c12000 JavaThread "Thread-8" [_thread_in_native, id=53763, stack(0x000000016daaf000,0x000000016dbaf000)]
  0x00007f8360b7a800 JavaThread "Thread-7" [_thread_in_native, id=20743, stack(0x0000000163350000,0x0000000163450000)]
  0x00007f835b000000 JavaThread "DestroyJavaVM" [_thread_blocked, id=7171, stack(0x0000000102aa8000,0x0000000102ba8000)]
  0x00007f8360bde800 JavaThread "TimerQueue" daemon [_thread_blocked, id=53507, stack(0x000000016dbc8000,0x000000016dcc8000)]
  0x00007f8360967800 JavaThread "KeyTipManager processing thread" daemon [_thread_blocked, id=53251, stack(0x000000016d9ac000,0x000000016daac000)]
  0x00007f835b8cc800 JavaThread "Thread-5" daemon [_thread_blocked, id=52487, stack(0x000000016a721000,0x000000016a821000)]
  0x00007f8359707000 JavaThread "File Watcher" daemon [_thread_blocked, id=50947, stack(0x000000016b05d000,0x000000016b15d000)]
  0x00007f83591d1000 JavaThread "Thread-3" daemon [_thread_in_native, id=48899, stack(0x000000016a5c0000,0x000000016a6c0000)]
  0x00007f835c82d000 JavaThread "Bundle File Closer" daemon [_thread_blocked, id=22543, stack(0x000000016a927000,0x000000016aa27000)]
  0x00007f835b97a800 JavaThread "Framework Event Dispatcher" daemon [_thread_blocked, id=36879, stack(0x000000016a457000,0x000000016a557000)]
  0x00007f835c833800 JavaThread "Framework Active Thread" [_thread_blocked, id=25359, stack(0x000000016a169000,0x000000016a269000)]
=>0x00007f835916a800 JavaThread "AWT-EventQueue-0" [_thread_in_native, id=40451, stack(0x00000001683d5000,0x00000001684d5000)]
  0x00007f8359054800 JavaThread "AWT-Shutdown" [_thread_blocked, id=40195, stack(0x0000000167476000,0x0000000167576000)]
  0x00007f835b8e3800 JavaThread "Java2D Disposer" daemon [_thread_blocked, id=39683, stack(0x0000000168237000,0x0000000168337000)]
  0x00007f835b8dc800 JavaThread "Java2D Queue Flusher" daemon [_thread_blocked, id=32283, stack(0x000000016757c000,0x000000016767c000)]
  0x00007f8359130000 JavaThread "JavaFX Application Thread" daemon [_thread_in_native, id=1799, stack(0x00007fff611c7000,0x00007fff619c7000)]
  0x00007f835a806800 JavaThread "RequestProcessor queue manager" daemon [_thread_blocked, id=20995, stack(0x00000001634d4000,0x00000001635d4000)]
  0x00007f835a82e800 JavaThread "Inactive RequestProcessor thread [Was:TimedSoftReference/org.openide.util.TimedSoftReference]" daemon [_thread_blocked, id=17671, stack(0x000000016324d000,0x000000016334d000)]
  0x00007f835a861000 JavaThread "CLI Requests Server" daemon [_thread_in_native, id=15623, stack(0x000000016280d000,0x000000016290d000)]
  0x00007f835b038800 JavaThread "Active Reference Queue Daemon" daemon [_thread_blocked, id=20227, stack(0x000000016314a000,0x000000016324a000)]
  0x00007f8359054000 JavaThread "Service Thread" daemon [_thread_blocked, id=19715, stack(0x0000000162c1c000,0x0000000162d1c000)]
  0x00007f8359053000 JavaThread "C2 CompilerThread1" daemon [_thread_blocked, id=19459, stack(0x0000000162b19000,0x0000000162c19000)]
  0x00007f8359051800 JavaThread "C2 CompilerThread0" daemon [_thread_blocked, id=19203, stack(0x0000000162a16000,0x0000000162b16000)]
  0x00007f8359050800 JavaThread "Signal Dispatcher" daemon [_thread_blocked, id=18947, stack(0x0000000162913000,0x0000000162a13000)]
  0x00007f835b82c800 JavaThread "Finalizer" daemon [_thread_blocked, id=15107, stack(0x000000016260b000,0x000000016270b000)]
  0x00007f835b82c000 JavaThread "Reference Handler" daemon [_thread_blocked, id=14851, stack(0x0000000162508000,0x0000000162608000)]

Other Threads:
  0x00007f835a80d000 VMThread [stack: 0x0000000162405000,0x0000000162505000] [id=14595]
  0x00007f8359064800 WatcherThread [stack: 0x0000000162d1f000,0x0000000162e1f000] [id=19971]

VM state:not at safepoint (normal execution)

VM Mutex/Monitor currently owned by a thread: None

Heap
 PSYoungGen      total 69312K, used 61199K [0x0000000141170000, 0x0000000146930000, 0x000000015c2c0000)
  eden space 60736K, 97% used [0x0000000141170000,0x0000000144b10f98,0x0000000144cc0000)
  from space 8576K, 25% used [0x0000000144cc0000,0x0000000144ee2ca0,0x0000000145520000)
  to   space 8000K, 0% used [0x0000000146160000,0x0000000146160000,0x0000000146930000)
 ParOldGen       total 71424K, used 63111K [0x000000010aec0000, 0x000000010f480000, 0x0000000141170000)
  object space 71424K, 88% used [0x000000010aec0000,0x000000010ec61e08,0x000000010f480000)
 PSPermGen       total 83968K, used 64300K [0x0000000105cc0000, 0x000000010aec0000, 0x000000010aec0000)
  object space 83968K, 76% used [0x0000000105cc0000,0x0000000109b8b2a0,0x000000010aec0000)

Card table byte_map: [0x000000015c2c0000,0x000000015c574000] byte_map_base: 0x000000015ba91a00

Polling page: 0x0000000101efe000

Code Cache  [0x0000000102beb000, 0x0000000102ffb000, 0x0000000105beb000)
 total_blobs=2093 nmethods=1188 adapters=856 free_code_cache=45073Kb largest_free_block=46078720

Compilation events (10 events):
Event: 519.274 Thread 0x00007f8359053000 nmethod 1394 0x0000000102f77d90 code [0x0000000102f77ec0, 0x0000000102f77f18]
Event: 519.281 Thread 0x00007f8359051800 nmethod 1392 0x0000000102ff0610 code [0x0000000102ff0800, 0x0000000102ff1400]
Event: 524.258 Thread 0x00007f8359053000 1395   !         org.pushingpixels.trident.TimelineEngine::updateTimelines (1318 bytes)
Event: 524.273 Thread 0x00007f8359053000 nmethod 1395 0x0000000102ff55d0 code [0x0000000102ff5900, 0x0000000102ff6878]
Event: 525.281 Thread 0x00007f8359051800 1396   !         org.pushingpixels.trident.TridentConfig$FixedRatePulseSource::waitUntilNextPulse (17 bytes)
Event: 525.282 Thread 0x00007f8359051800 nmethod 1396 0x0000000102f77ad0 code [0x0000000102f77c20, 0x0000000102f77cd8]
Event: 544.548 Thread 0x00007f8359053000 1397             sun.java2d.pipe.RenderQueue::unlock (4 bytes)
Event: 544.551 Thread 0x00007f8359053000 nmethod 1397 0x0000000102ff2150 code [0x0000000102ff22c0, 0x0000000102ff24c8]
Event: 585.224 Thread 0x00007f8359051800 1398             java.text.SimpleDateFormat::format (171 bytes)
Event: 585.232 Thread 0x00007f8359051800 nmethod 1398 0x0000000102ff3450 code [0x0000000102ff3620, 0x0000000102ff3b10]

GC Heap History (10 events):
Event: 114.934 GC heap before
{Heap before GC invocations=42 (full 1):
 PSYoungGen      total 48768K, used 41184K [0x0000000141170000, 0x0000000144960000, 0x000000015c2c0000)
  eden space 40896K, 99% used [0x0000000141170000,0x00000001439423d0,0x0000000143960000)
  from space 7872K, 5% used [0x00000001441b0000,0x0000000144215cf0,0x0000000144960000)
  to   space 8192K, 0% used [0x0000000143960000,0x0000000143960000,0x0000000144160000)
 ParOldGen       total 71424K, used 54194K [0x000000010aec0000, 0x000000010f480000, 0x0000000141170000)
  object space 71424K, 75% used [0x000000010aec0000,0x000000010e3ac9a0,0x000000010f480000)
 PSPermGen       total 83968K, used 60391K [0x0000000105cc0000, 0x000000010aec0000, 0x000000010aec0000)
  object space 83968K, 71% used [0x0000000105cc0000,0x00000001097b9dc0,0x000000010aec0000)
Event: 114.937 GC heap after
Heap after GC invocations=42 (full 1):
 PSYoungGen      total 49088K, used 569K [0x0000000141170000, 0x0000000145180000, 0x000000015c2c0000)
  eden space 40896K, 0% used [0x0000000141170000,0x0000000141170000,0x0000000143960000)
  from space 8192K, 6% used [0x0000000143960000,0x00000001439ee7e0,0x0000000144160000)
  to   space 7872K, 0% used [0x00000001449d0000,0x00000001449d0000,0x0000000145180000)
 ParOldGen       total 71424K, used 54210K [0x000000010aec0000, 0x000000010f480000, 0x0000000141170000)
  object space 71424K, 75% used [0x000000010aec0000,0x000000010e3b09a0,0x000000010f480000)
 PSPermGen       total 83968K, used 60391K [0x0000000105cc0000, 0x000000010aec0000, 0x000000010aec0000)
  object space 83968K, 71% used [0x0000000105cc0000,0x00000001097b9dc0,0x000000010aec0000)
}
Event: 114.948 GC heap before
{Heap before GC invocations=43 (full 1):
 PSYoungGen      total 49088K, used 41394K [0x0000000141170000, 0x0000000145180000, 0x000000015c2c0000)
  eden space 40896K, 99% used [0x0000000141170000,0x000000014394e178,0x0000000143960000)
  from space 8192K, 6% used [0x0000000143960000,0x00000001439ee7e0,0x0000000144160000)
  to   space 7872K, 0% used [0x00000001449d0000,0x00000001449d0000,0x0000000145180000)
 ParOldGen       total 71424K, used 54210K [0x000000010aec0000, 0x000000010f480000, 0x0000000141170000)
  object space 71424K, 75% used [0x000000010aec0000,0x000000010e3b09a0,0x000000010f480000)
 PSPermGen       total 83968K, used 60391K [0x0000000105cc0000, 0x000000010aec0000, 0x000000010aec0000)
  object space 83968K, 71% used [0x0000000105cc0000,0x00000001097b9dc0,0x000000010aec0000)
Event: 114.951 GC heap after
Heap after GC invocations=43 (full 1):
 PSYoungGen      total 56960K, used 601K [0x0000000141170000, 0x00000001450c0000, 0x000000015c2c0000)
  eden space 49856K, 0% used [0x0000000141170000,0x0000000141170000,0x0000000144220000)
  from space 7104K, 8% used [0x00000001449d0000,0x0000000144a66670,0x00000001450c0000)
  to   space 7488K, 0% used [0x0000000144220000,0x0000000144220000,0x0000000144970000)
 ParOldGen       total 71424K, used 54266K [0x000000010aec0000, 0x000000010f480000, 0x0000000141170000)
  object space 71424K, 75% used [0x000000010aec0000,0x000000010e3be9a0,0x000000010f480000)
 PSPermGen       total 83968K, used 60391K [0x0000000105cc0000, 0x000000010aec0000, 0x000000010aec0000)
  object space 83968K, 71% used [0x0000000105cc0000,0x00000001097b9dc0,0x000000010aec0000)
}
Event: 116.478 GC heap before
{Heap before GC invocations=44 (full 1):
 PSYoungGen      total 56960K, used 50457K [0x0000000141170000, 0x00000001450c0000, 0x000000015c2c0000)
  eden space 49856K, 100% used [0x0000000141170000,0x0000000144220000,0x0000000144220000)
  from space 7104K, 8% used [0x00000001449d0000,0x0000000144a66670,0x00000001450c0000)
  to   space 7488K, 0% used [0x0000000144220000,0x0000000144220000,0x0000000144970000)
 ParOldGen       total 71424K, used 54266K [0x000000010aec0000, 0x000000010f480000, 0x0000000141170000)
  object space 71424K, 75% used [0x000000010aec0000,0x000000010e3be9a0,0x000000010f480000)
 PSPermGen       total 83968K, used 61200K [0x0000000105cc0000, 0x000000010aec0000, 0x000000010aec0000)
  object space 83968K, 72% used [0x0000000105cc0000,0x0000000109884370,0x000000010aec0000)
Event: 116.486 GC heap after
Heap after GC invocations=44 (full 1):
 PSYoungGen      total 57344K, used 7464K [0x0000000141170000, 0x0000000145ea0000, 0x000000015c2c0000)
  eden space 49856K, 0% used [0x0000000141170000,0x0000000141170000,0x0000000144220000)
  from space 7488K, 99% used [0x0000000144220000,0x000000014496a110,0x0000000144970000)
  to   space 9152K, 0% used [0x00000001455b0000,0x00000001455b0000,0x0000000145ea0000)
 ParOldGen       total 71424K, used 54652K [0x000000010aec0000, 0x000000010f480000, 0x0000000141170000)
  object space 71424K, 76% used [0x000000010aec0000,0x000000010e41f210,0x000000010f480000)
 PSPermGen       total 83968K, used 61200K [0x0000000105cc0000, 0x000000010aec0000, 0x000000010aec0000)
  object space 83968K, 72% used [0x0000000105cc0000,0x0000000109884370,0x000000010aec0000)
}
Event: 120.113 GC heap before
{Heap before GC invocations=45 (full 1):
 PSYoungGen      total 57344K, used 57320K [0x0000000141170000, 0x0000000145ea0000, 0x000000015c2c0000)
  eden space 49856K, 100% used [0x0000000141170000,0x0000000144220000,0x0000000144220000)
  from space 7488K, 99% used [0x0000000144220000,0x000000014496a110,0x0000000144970000)
  to   space 9152K, 0% used [0x00000001455b0000,0x00000001455b0000,0x0000000145ea0000)
 ParOldGen       total 71424K, used 54652K [0x000000010aec0000, 0x000000010f480000, 0x0000000141170000)
  object space 71424K, 76% used [0x000000010aec0000,0x000000010e41f210,0x000000010f480000)
 PSPermGen       total 83968K, used 62691K [0x0000000105cc0000, 0x000000010aec0000, 0x000000010aec0000)
  object space 83968K, 74% used [0x0000000105cc0000,0x00000001099f8cc0,0x000000010aec0000)
Event: 120.120 GC heap after
Heap after GC invocations=45 (full 1):
 PSYoungGen      total 68736K, used 2719K [0x0000000141170000, 0x0000000145d80000, 0x000000015c2c0000)
  eden space 60736K, 0% used [0x0000000141170000,0x0000000141170000,0x0000000144cc0000)
  from space 8000K, 33% used [0x00000001455b0000,0x0000000145857e20,0x0000000145d80000)
  to   space 8576K, 0% used [0x0000000144cc0000,0x0000000144cc0000,0x0000000145520000)
 ParOldGen       total 71424K, used 61072K [0x000000010aec0000, 0x000000010f480000, 0x0000000141170000)
  object space 71424K, 85% used [0x000000010aec0000,0x000000010ea64188,0x000000010f480000)
 PSPermGen       total 83968K, used 62691K [0x0000000105cc0000, 0x000000010aec0000, 0x000000010aec0000)
  object space 83968K, 74% used [0x0000000105cc0000,0x00000001099f8cc0,0x000000010aec0000)
}
Event: 126.972 GC heap before
{Heap before GC invocations=46 (full 1):
 PSYoungGen      total 68736K, used 63455K [0x0000000141170000, 0x0000000145d80000, 0x000000015c2c0000)
  eden space 60736K, 100% used [0x0000000141170000,0x0000000144cc0000,0x0000000144cc0000)
  from space 8000K, 33% used [0x00000001455b0000,0x0000000145857e20,0x0000000145d80000)
  to   space 8576K, 0% used [0x0000000144cc0000,0x0000000144cc0000,0x0000000145520000)
 ParOldGen       total 71424K, used 61072K [0x000000010aec0000, 0x000000010f480000, 0x0000000141170000)
  object space 71424K, 85% used [0x000000010aec0000,0x000000010ea64188,0x000000010f480000)
 PSPermGen       total 83968K, used 64107K [0x0000000105cc0000, 0x000000010aec0000, 0x000000010aec0000)
  object space 83968K, 76% used [0x0000000105cc0000,0x0000000109b5ad20,0x000000010aec0000)
Event: 126.978 GC heap after
Heap after GC invocations=46 (full 1):
 PSYoungGen      total 69312K, used 2187K [0x0000000141170000, 0x0000000146930000, 0x000000015c2c0000)
  eden space 60736K, 0% used [0x0000000141170000,0x0000000141170000,0x0000000144cc0000)
  from space 8576K, 25% used [0x0000000144cc0000,0x0000000144ee2ca0,0x0000000145520000)
  to   space 8000K, 0% used [0x0000000146160000,0x0000000146160000,0x0000000146930000)
 ParOldGen       total 71424K, used 63111K [0x000000010aec0000, 0x000000010f480000, 0x0000000141170000)
  object space 71424K, 88% used [0x000000010aec0000,0x000000010ec61e08,0x000000010f480000)
 PSPermGen       total 83968K, used 64107K [0x0000000105cc0000, 0x000000010aec0000, 0x000000010aec0000)
  object space 83968K, 76% used [0x0000000105cc0000,0x0000000109b5ad20,0x000000010aec0000)
}

Deoptimization events (10 events):
Event: 117.798 Thread 0x00007f835916a800 Uncommon trap -58 fr.pc 0x0000000102d5c540
Event: 121.389 Thread 0x00007f835b99a800 Uncommon trap -34 fr.pc 0x0000000102da005c
Event: 122.411 Thread 0x00007f835916a800 Uncommon trap -42 fr.pc 0x0000000102f93a38
Event: 122.452 Thread 0x00007f835916a800 Uncommon trap -42 fr.pc 0x0000000102f93a38
Event: 122.452 Thread 0x00007f835916a800 Uncommon trap -42 fr.pc 0x0000000102f93a38
Event: 122.492 Thread 0x00007f835916a800 Uncommon trap -12 fr.pc 0x0000000102f8d534
Event: 122.493 Thread 0x00007f835916a800 Uncommon trap -42 fr.pc 0x0000000102f93b18
Event: 122.787 Thread 0x00007f835b99a800 Uncommon trap -83 fr.pc 0x0000000102df38b4
Event: 125.266 Thread 0x00007f835916a800 Uncommon trap -42 fr.pc 0x0000000102f93a38
Event: 429.224 Thread 0x00007f8360d2a800 Uncommon trap -28 fr.pc 0x0000000102feeb28

Internal exceptions (10 events):
Event: 294.176 Thread 0x00007f835f803000 Threw 0x00000001428a6e98 at /HUDSON/workspace/jdk7u10-2-build-macosx-amd64-product/jdk7u10/hotspot/src/share/vm/prims/jni.cpp:716
Event: 341.142 Thread 0x00007f835f803000 Threw 0x0000000142d014f8 at /HUDSON/workspace/jdk7u10-2-build-macosx-amd64-product/jdk7u10/hotspot/src/share/vm/prims/jni.cpp:716
Event: 341.142 Thread 0x00007f835f803000 Threw 0x0000000142e056d0 at /HUDSON/workspace/jdk7u10-2-build-macosx-amd64-product/jdk7u10/hotspot/src/share/vm/prims/jni.cpp:716
Event: 356.612 Thread 0x00007f835f803000 Threw 0x0000000143000c38 at /HUDSON/workspace/jdk7u10-2-build-macosx-amd64-product/jdk7u10/hotspot/src/share/vm/prims/jni.cpp:716
Event: 356.612 Thread 0x00007f835f803000 Threw 0x0000000143001100 at /HUDSON/workspace/jdk7u10-2-build-macosx-amd64-product/jdk7u10/hotspot/src/share/vm/prims/jni.cpp:716
Event: 403.574 Thread 0x00007f835f803000 Threw 0x000000014345b2f0 at /HUDSON/workspace/jdk7u10-2-build-macosx-amd64-product/jdk7u10/hotspot/src/share/vm/prims/jni.cpp:716
Event: 409.872 Thread 0x00007f835f803000 Threw 0x000000014345b860 at /HUDSON/workspace/jdk7u10-2-build-macosx-amd64-product/jdk7u10/hotspot/src/share/vm/prims/jni.cpp:716
Event: 409.872 Thread 0x00007f835f803000 Threw 0x00000001435f0ad0 at /HUDSON/workspace/jdk7u10-2-build-macosx-amd64-product/jdk7u10/hotspot/src/share/vm/prims/jni.cpp:716
Event: 416.166 Thread 0x00007f835f803000 Threw 0x00000001435f1038 at /HUDSON/workspace/jdk7u10-2-build-macosx-amd64-product/jdk7u10/hotspot/src/share/vm/prims/jni.cpp:716
Event: 422.464 Thread 0x00007f835f803000 Threw 0x0000000143724a08 at /HUDSON/workspace/jdk7u10-2-build-macosx-amd64-product/jdk7u10/hotspot/src/share/vm/prims/jni.cpp:716

Events (10 events):
Event: 493.942 Executing VM operation: RevokeBias
Event: 493.942 Executing VM operation: RevokeBias done
Event: 497.131 Thread 0x00007f8365147000 Thread added: 0x00007f8365147000
Event: 497.131 Executing VM operation: RevokeBias
Event: 497.132 Executing VM operation: RevokeBias done
Event: 497.132 Thread 0x00007f8365068000 Thread exited: 0x00007f8365068000
Event: 557.132 Thread 0x00007f835f854800 Thread added: 0x00007f835f854800
Event: 557.133 Executing VM operation: RevokeBias
Event: 557.133 Executing VM operation: RevokeBias done
Event: 557.133 Thread 0x00007f8365147000 Thread exited: 0x00007f8365147000


Dynamic libraries:
0x000000000c1a7000 	/System/Library/Frameworks/Cocoa.framework/Versions/A/Cocoa
0x000000000c1a7000 	/System/Library/Frameworks/Security.framework/Versions/A/Security
0x000000000c1a7000 	/System/Library/Frameworks/ApplicationServices.framework/Versions/A/ApplicationServices
0x000000000c1a7000 	/usr/lib/libz.1.dylib
0x000000000c1a7000 	/usr/lib/libSystem.B.dylib
0x000000000c1a7000 	/usr/lib/libobjc.A.dylib
0x000000000c1a7000 	/System/Library/Frameworks/CoreFoundation.framework/Versions/A/CoreFoundation
0x000000000c1a7000 	/System/Library/Frameworks/AppKit.framework/Versions/C/AppKit
0x000000000c1a7000 	/System/Library/Frameworks/CoreData.framework/Versions/A/CoreData
0x000000000c1a7000 	/System/Library/Frameworks/Foundation.framework/Versions/C/Foundation
0x000000000c1a7000 	/System/Library/PrivateFrameworks/RemoteViewServices.framework/Versions/A/RemoteViewServices
0x000000000c1a7000 	/System/Library/Frameworks/AudioToolbox.framework/Versions/A/AudioToolbox
0x000000000c1a7000 	/System/Library/Frameworks/AudioUnit.framework/Versions/A/AudioUnit
0x000000000c1a7000 	/System/Library/PrivateFrameworks/DataDetectorsCore.framework/Versions/A/DataDetectorsCore
0x000000000c1a7000 	/System/Library/PrivateFrameworks/DesktopServicesPriv.framework/Versions/A/DesktopServicesPriv
0x000000000c1a7000 	/System/Library/Frameworks/Carbon.framework/Versions/A/Frameworks/HIToolbox.framework/Versions/A/HIToolbox
0x000000000c1a7000 	/System/Library/Frameworks/QuartzCore.framework/Versions/A/QuartzCore
0x000000000c1a7000 	/System/Library/Frameworks/Carbon.framework/Versions/A/Frameworks/SpeechRecognition.framework/Versions/A/SpeechRecognition
0x000000000c1a7000 	/usr/lib/libauto.dylib
0x000000000c1a7000 	/usr/lib/libicucore.A.dylib
0x000000000c1a7000 	/usr/lib/libxml2.2.dylib
0x000000000c1a7000 	/System/Library/PrivateFrameworks/CoreUI.framework/Versions/A/CoreUI
0x000000000c1a7000 	/System/Library/Frameworks/CoreAudio.framework/Versions/A/CoreAudio
0x000000000c1a7000 	/System/Library/Frameworks/DiskArbitration.framework/Versions/A/DiskArbitration
0x000000000c1a7000 	/usr/lib/liblangid.dylib
0x000000000c1a7000 	/System/Library/PrivateFrameworks/MultitouchSupport.framework/Versions/A/MultitouchSupport
0x000000000c1a7000 	/System/Library/Frameworks/IOKit.framework/Versions/A/IOKit
0x000000000c1a7000 	/usr/lib/libDiagnosticMessagesClient.dylib
0x000000000c1a7000 	/System/Library/Frameworks/CoreServices.framework/Versions/A/CoreServices
0x000000000c1a7000 	/System/Library/PrivateFrameworks/PerformanceAnalysis.framework/Versions/A/PerformanceAnalysis
0x000000000c1a7000 	/System/Library/PrivateFrameworks/GenerationalStorage.framework/Versions/A/GenerationalStorage
0x000000000c1a7000 	/System/Library/Frameworks/OpenGL.framework/Versions/A/OpenGL
0x000000000c1a7000 	/System/Library/Frameworks/CoreServices.framework/Versions/A/Frameworks/CFNetwork.framework/Versions/A/CFNetwork
0x000000000c1a7000 	/System/Library/Frameworks/SystemConfiguration.framework/Versions/A/SystemConfiguration
0x000000000c1a7000 	/usr/lib/libCRFSuite.dylib
0x000000000c1a7000 	/usr/lib/libc++.1.dylib
0x000000000c1a7000 	/usr/lib/libstdc++.6.dylib
0x000000000c1a7000 	/usr/lib/libc++abi.dylib
0x000000000c1a7000 	/usr/lib/system/libcache.dylib
0x000000000c1a7000 	/usr/lib/system/libcommonCrypto.dylib
0x000000000c1a7000 	/usr/lib/system/libcompiler_rt.dylib
0x000000000c1a7000 	/usr/lib/system/libcopyfile.dylib
0x000000000c1a7000 	/usr/lib/system/libdispatch.dylib
0x000000000c1a7000 	/usr/lib/system/libdnsinfo.dylib
0x000000000c1a7000 	/usr/lib/system/libdyld.dylib
0x000000000c1a7000 	/usr/lib/system/libkeymgr.dylib
0x000000000c1a7000 	/usr/lib/system/liblaunch.dylib
0x000000000c1a7000 	/usr/lib/system/libmacho.dylib
0x000000000c1a7000 	/usr/lib/system/libmathCommon.A.dylib
0x000000000c1a7000 	/usr/lib/system/libquarantine.dylib
0x000000000c1a7000 	/usr/lib/system/libremovefile.dylib
0x000000000c1a7000 	/usr/lib/system/libsystem_blocks.dylib
0x000000000c1a7000 	/usr/lib/system/libsystem_c.dylib
0x000000000c1a7000 	/usr/lib/system/libsystem_dnssd.dylib
0x000000000c1a7000 	/usr/lib/system/libsystem_info.dylib
0x000000000c1a7000 	/usr/lib/system/libsystem_kernel.dylib
0x000000000c1a7000 	/usr/lib/system/libsystem_network.dylib
0x000000000c1a7000 	/usr/lib/system/libsystem_notify.dylib
0x000000000c1a7000 	/usr/lib/system/libsystem_sandbox.dylib
0x000000000c1a7000 	/usr/lib/system/libunc.dylib
0x000000000c1a7000 	/usr/lib/system/libunwind.dylib
0x000000000c1a7000 	/usr/lib/system/libxpc.dylib
0x000000000c1a7000 	/usr/lib/libbsm.0.dylib
0x000000000c1a7000 	/usr/lib/libsqlite3.dylib
0x000000000c1a7000 	/usr/lib/libOpenScriptingUtil.dylib
0x000000000c1a7000 	/usr/lib/libpam.2.dylib
0x000000000c1a7000 	/usr/lib/libxar-nossl.dylib
0x000000000c1a7000 	/usr/lib/libbz2.1.0.dylib
0x000000000c1a7000 	/System/Library/Frameworks/CoreServices.framework/Versions/A/Frameworks/CarbonCore.framework/Versions/A/CarbonCore
0x000000000c1a7000 	/System/Library/Frameworks/CoreServices.framework/Versions/A/Frameworks/Metadata.framework/Versions/A/Metadata
0x000000000c1a7000 	/System/Library/Frameworks/CoreServices.framework/Versions/A/Frameworks/OSServices.framework/Versions/A/OSServices
0x000000000c1a7000 	/System/Library/Frameworks/CoreServices.framework/Versions/A/Frameworks/SearchKit.framework/Versions/A/SearchKit
0x000000000c1a7000 	/System/Library/Frameworks/CoreServices.framework/Versions/A/Frameworks/AE.framework/Versions/A/AE
0x000000000c1a7000 	/System/Library/Frameworks/CoreServices.framework/Versions/A/Frameworks/LaunchServices.framework/Versions/A/LaunchServices
0x000000000c1a7000 	/System/Library/Frameworks/CoreServices.framework/Versions/A/Frameworks/DictionaryServices.framework/Versions/A/DictionaryServices
0x000000000c1a7000 	/System/Library/Frameworks/NetFS.framework/Versions/A/NetFS
0x000000000c1a7000 	/usr/lib/system/libkxld.dylib
0x000000000c1a7000 	/System/Library/PrivateFrameworks/NetAuth.framework/Versions/A/NetAuth
0x000000000c1a7000 	/usr/lib/libcrypto.0.9.8.dylib
0x000000000c1a7000 	/System/Library/PrivateFrameworks/TrustEvaluationAgent.framework/Versions/A/TrustEvaluationAgent
0x000000000c1a7000 	/System/Library/Frameworks/OpenDirectory.framework/Versions/A/Frameworks/CFOpenDirectory.framework/Versions/A/CFOpenDirectory
0x000000000c1a7000 	/usr/lib/libxslt.1.dylib
0x000000000c1a7000 	/System/Library/PrivateFrameworks/FamilyControls.framework/Versions/A/FamilyControls
0x000000000c1a7000 	/System/Library/Frameworks/Carbon.framework/Versions/A/Frameworks/Ink.framework/Versions/A/Ink
0x000000000c1a7000 	/System/Library/Frameworks/ApplicationServices.framework/Versions/A/Frameworks/CoreGraphics.framework/Versions/A/CoreGraphics
0x000000000c1a7000 	/System/Library/Frameworks/ApplicationServices.framework/Versions/A/Frameworks/ImageIO.framework/Versions/A/ImageIO
0x000000000c1a7000 	/System/Library/Frameworks/ApplicationServices.framework/Versions/A/Frameworks/CoreText.framework/Versions/A/CoreText
0x000000000c1a7000 	/System/Library/Frameworks/ApplicationServices.framework/Versions/A/Frameworks/ATS.framework/Versions/A/ATS
0x000000000c1a7000 	/System/Library/Frameworks/ApplicationServices.framework/Versions/A/Frameworks/ColorSync.framework/Versions/A/ColorSync
0x000000000c1a7000 	/System/Library/Frameworks/ApplicationServices.framework/Versions/A/Frameworks/HIServices.framework/Versions/A/HIServices
0x000000000c1a7000 	/System/Library/Frameworks/ApplicationServices.framework/Versions/A/Frameworks/LangAnalysis.framework/Versions/A/LangAnalysis
0x000000000c1a7000 	/System/Library/Frameworks/ApplicationServices.framework/Versions/A/Frameworks/PrintCore.framework/Versions/A/PrintCore
0x000000000c1a7000 	/System/Library/Frameworks/ApplicationServices.framework/Versions/A/Frameworks/QD.framework/Versions/A/QD
0x000000000c1a7000 	/System/Library/Frameworks/ApplicationServices.framework/Versions/A/Frameworks/SpeechSynthesis.framework/Versions/A/SpeechSynthesis
0x000000000c1a7000 	/System/Library/Frameworks/IOSurface.framework/Versions/A/IOSurface
0x000000000c1a7000 	/System/Library/Frameworks/Accelerate.framework/Versions/A/Accelerate
0x000000000c1a7000 	/System/Library/Frameworks/ApplicationServices.framework/Versions/A/Frameworks/ImageIO.framework/Versions/A/Resources/libJPEG.dylib
0x000000000c1a7000 	/System/Library/Frameworks/ApplicationServices.framework/Versions/A/Frameworks/ImageIO.framework/Versions/A/Resources/libTIFF.dylib
0x000000000c1a7000 	/System/Library/Frameworks/ApplicationServices.framework/Versions/A/Frameworks/ImageIO.framework/Versions/A/Resources/libPng.dylib
0x000000000c1a7000 	/System/Library/Frameworks/ApplicationServices.framework/Versions/A/Frameworks/ImageIO.framework/Versions/A/Resources/libGIF.dylib
0x000000000c1a7000 	/System/Library/Frameworks/ApplicationServices.framework/Versions/A/Frameworks/ImageIO.framework/Versions/A/Resources/libJP2.dylib
0x000000000c1a7000 	/System/Library/Frameworks/ApplicationServices.framework/Versions/A/Frameworks/ImageIO.framework/Versions/A/Resources/libRadiance.dylib
0x000000000c1a7000 	/System/Library/Frameworks/Accelerate.framework/Versions/A/Frameworks/vImage.framework/Versions/A/vImage
0x000000000c1a7000 	/System/Library/Frameworks/Accelerate.framework/Versions/A/Frameworks/vecLib.framework/Versions/A/vecLib
0x000000000c1a7000 	/System/Library/Frameworks/Accelerate.framework/Versions/A/Frameworks/vecLib.framework/Versions/A/libvDSP.dylib
0x000000000c1a7000 	/System/Library/Frameworks/Accelerate.framework/Versions/A/Frameworks/vecLib.framework/Versions/A/libvMisc.dylib
0x000000000c1a7000 	/System/Library/Frameworks/Accelerate.framework/Versions/A/Frameworks/vecLib.framework/Versions/A/libLAPACK.dylib
0x000000000c1a7000 	/System/Library/Frameworks/Accelerate.framework/Versions/A/Frameworks/vecLib.framework/Versions/A/libBLAS.dylib
0x000000000c1a7000 	/System/Library/Frameworks/ApplicationServices.framework/Versions/A/Frameworks/ATS.framework/Versions/A/Resources/libFontParser.dylib
0x000000000c1a7000 	/System/Library/Frameworks/ApplicationServices.framework/Versions/A/Frameworks/ATS.framework/Versions/A/Resources/libFontRegistry.dylib
0x000000000c1a7000 	/usr/lib/libcups.2.dylib
0x000000000c1a7000 	/System/Library/Frameworks/Kerberos.framework/Versions/A/Kerberos
0x000000000c1a7000 	/System/Library/Frameworks/GSS.framework/Versions/A/GSS
0x000000000c1a7000 	/usr/lib/libresolv.9.dylib
0x000000000c1a7000 	/usr/lib/libiconv.2.dylib
0x000000000c1a7000 	/System/Library/PrivateFrameworks/Heimdal.framework/Versions/A/Heimdal
0x000000000c1a7000 	/System/Library/Frameworks/OpenDirectory.framework/Versions/A/OpenDirectory
0x000000000c1a7000 	/System/Library/PrivateFrameworks/CommonAuth.framework/Versions/A/CommonAuth
0x000000000c1a7000 	/System/Library/Frameworks/CoreVideo.framework/Versions/A/CoreVideo
0x000000000c1a7000 	/System/Library/Frameworks/QuartzCore.framework/Versions/A/Frameworks/CoreImage.framework/Versions/A/CoreImage
0x000000000c1a7000 	/System/Library/Frameworks/QuartzCore.framework/Versions/A/Frameworks/ScalableUserInterface.framework/Versions/A/ScalableUserInterface
0x000000000c1a7000 	/System/Library/Frameworks/OpenGL.framework/Versions/A/Libraries/libGLU.dylib
0x000000000c1a7000 	/System/Library/Frameworks/OpenGL.framework/Versions/A/Libraries/libGFXShared.dylib
0x000000000c1a7000 	/System/Library/Frameworks/OpenGL.framework/Versions/A/Libraries/libGL.dylib
0x000000000c1a7000 	/System/Library/Frameworks/OpenGL.framework/Versions/A/Libraries/libGLImage.dylib
0x000000000c1a7000 	/System/Library/Frameworks/OpenGL.framework/Versions/A/Libraries/libCVMSPluginSupport.dylib
0x000000000c1a7000 	/System/Library/Frameworks/OpenGL.framework/Versions/A/Libraries/libCoreVMClient.dylib
0x000000000c1a7000 	/System/Library/Frameworks/OpenCL.framework/Versions/A/OpenCL
0x000000000c1a7000 	/System/Library/PrivateFrameworks/FaceCoreLight.framework/Versions/A/FaceCoreLight
0x000000000c1a7000 	/System/Library/Frameworks/vecLib.framework/Versions/A/vecLib
0x000000000c1a7000 	/System/Library/Frameworks/SecurityFoundation.framework/Versions/A/SecurityFoundation
0x000000000c1a7000 	/System/Library/PrivateFrameworks/CommerceKit.framework/Versions/A/Frameworks/CommerceCore.framework/Versions/A/CommerceCore
0x000000000c1a7000 	/System/Library/PrivateFrameworks/CoreSymbolication.framework/Versions/A/CoreSymbolication
0x000000000c1a7000 	/System/Library/PrivateFrameworks/Symbolication.framework/Versions/A/Symbolication
0x000000000c1a7000 	/System/Library/PrivateFrameworks/DebugSymbols.framework/Versions/A/DebugSymbols
0x0000000102000000 	/Library/Java/JavaVirtualMachines/jdk1.7.0_10.jdk/Contents/Home/jre/lib/server/libjvm.dylib
0x0000000101ef1000 	/Library/Java/JavaVirtualMachines/jdk1.7.0_10.jdk/Contents/Home/jre/lib/libverify.dylib
0x0000000102baa000 	/Library/Java/JavaVirtualMachines/jdk1.7.0_10.jdk/Contents/Home/jre/lib/libjava.dylib
0x0000000102be2000 	/Library/Java/JavaVirtualMachines/jdk1.7.0_10.jdk/Contents/Home/jre/lib/libzip.dylib
0x000000016270d000 	/System/Library/Frameworks/JavaVM.framework/Frameworks/JavaRuntimeSupport.framework/JavaRuntimeSupport
0x0000000162725000 	/System/Library/Frameworks/JavaVM.framework/Versions/A/Frameworks/JavaNativeFoundation.framework/Versions/A/JavaNativeFoundation
0x000000016273a000 	/System/Library/Frameworks/JavaVM.framework/Versions/A/JavaVM
0x000000000c1a7000 	/System/Library/Frameworks/Carbon.framework/Versions/A/Carbon
0x0000000162747000 	/System/Library/PrivateFrameworks/JavaLaunching.framework/Versions/A/JavaLaunching
0x000000000c1a7000 	/System/Library/Frameworks/Carbon.framework/Versions/A/Frameworks/CommonPanels.framework/Versions/A/CommonPanels
0x000000000c1a7000 	/System/Library/Frameworks/Carbon.framework/Versions/A/Frameworks/Help.framework/Versions/A/Help
0x000000000c1a7000 	/System/Library/Frameworks/Carbon.framework/Versions/A/Frameworks/ImageCapture.framework/Versions/A/ImageCapture
0x000000000c1a7000 	/System/Library/Frameworks/Carbon.framework/Versions/A/Frameworks/OpenScripting.framework/Versions/A/OpenScripting
0x000000000c1a7000 	/System/Library/Frameworks/Carbon.framework/Versions/A/Frameworks/Print.framework/Versions/A/Print
0x000000000c1a7000 	/System/Library/Frameworks/Carbon.framework/Versions/A/Frameworks/SecurityHI.framework/Versions/A/SecurityHI
0x0000000162f35000 	/Library/Java/JavaVirtualMachines/jdk1.7.0_10.jdk/Contents/Home/jre/lib/libnio.dylib
0x0000000162f44000 	/Library/Java/JavaVirtualMachines/jdk1.7.0_10.jdk/Contents/Home/jre/lib/./libnet.dylib
0x00000001635d6000 	/Library/Java/JavaVirtualMachines/jdk1.7.0_10.jdk/Contents/Home/jre/lib/libawt.dylib
0x0000000163685000 	/Library/Java/JavaVirtualMachines/jdk1.7.0_10.jdk/Contents/Home/jre/lib/./libmlib_image.dylib
0x0000000163751000 	/Library/Java/JavaVirtualMachines/jdk1.7.0_10.jdk/Contents/Home/jre/lib/lwawt/liblwawt.dylib
0x0000000163803000 	/Library/Java/JavaVirtualMachines/jdk1.7.0_10.jdk/Contents/Home/jre/lib/server/../libosxapp.dylib
0x000000016381f000 	/System/Library/Frameworks/ExceptionHandling.framework/Versions/A/ExceptionHandling
0x000000000c1a7000 	/System/Library/PrivateFrameworks/CoreServicesInternal.framework/Versions/A/CoreServicesInternal
0x000000000c1a7000 	/System/Library/Frameworks/ApplicationServices.framework/Versions/A/Frameworks/CoreGraphics.framework/Versions/A/Resources/libCSync.A.dylib
0x000000000c1a7000 	/System/Library/Frameworks/ApplicationServices.framework/Versions/A/Frameworks/CoreGraphics.framework/Versions/A/Resources/libRIP.A.dylib
0x000000000c1a7000 	/System/Library/Frameworks/ApplicationServices.framework/Versions/A/Frameworks/CoreGraphics.framework/Versions/A/Resources/libCGXType.A.dylib
0x000000016767e000 	/System/Library/Frameworks/OpenGL.framework/Resources/GLEngine.bundle/GLEngine
0x000000016786d000 	/System/Library/Frameworks/OpenGL.framework/Versions/A/Libraries/libGLProgrammability.dylib
0x00000001679f9000 	/System/Library/Extensions/ATIRadeonX3000GLDriver.bundle/Contents/MacOS/ATIRadeonX3000GLDriver
0x0000000164c85000 	/System/Library/PrivateFrameworks/GPUSupport.framework/Versions/A/Libraries/libGPUSupport.dylib
0x0000000167d09000 	/System/Library/Extensions/AppleIntelHD3000GraphicsGLDriver.bundle/Contents/MacOS/AppleIntelHD3000GraphicsGLDriver
0x0000000164e76000 	/System/Library/Frameworks/OpenGL.framework/Resources//GLRendererFloat.bundle/GLRendererFloat
0x0000000164c9a000 	/System/Library/Frameworks/OpenCL.framework/Versions/A/Libraries/libcldcpuengine.dylib
0x000000000c1a7000 	/System/Library/PrivateFrameworks/DiskImages.framework/Versions/A/DiskImages
0x0000000164ead000 	/System/Library/Frameworks/OpenGL.framework/Versions/A/Libraries/libCoreFSCache.dylib
0x000000000c1a7000 	/System/Library/Frameworks/DiscRecording.framework/Versions/A/DiscRecording
0x000000000c1a7000 	/usr/lib/libcurl.4.dylib
0x000000000c1a7000 	/System/Library/PrivateFrameworks/MediaKit.framework/Versions/A/MediaKit
0x000000000c1a7000 	/usr/lib/libssl.0.9.8.dylib
0x000000000c1a7000 	/System/Library/Frameworks/LDAP.framework/Versions/A/LDAP
0x000000000c1a7000 	/usr/lib/libsasl2.2.dylib
0x0000000168339000 	/Library/Java/JavaVirtualMachines/jdk1.7.0_10.jdk/Contents/Home/jre/lib/libsplashscreen.dylib
0x0000000168388000 	/Library/Java/JavaVirtualMachines/jdk1.7.0_10.jdk/Contents/Home/jre/lib/libfontmanager.dylib
0x0000000163826000 	/Library/Java/JavaVirtualMachines/jdk1.7.0_10.jdk/Contents/Home/jre/lib/libosxui.dylib
0x0000000164b6d000 	/Applications/NetBeans/NetBeans 8.0.2.app/Contents/Resources/NetBeans/platform/modules/lib/libjnidispatch-410.jnilib
0x000000000c1a7000 	/System/Library/CoreServices/RawCamera.bundle/Contents/MacOS/RawCamera
0x000000016ab2c000 	/Library/Java/JavaVirtualMachines/jdk1.7.0_10.jdk/Contents/Home/jre/lib/libkcms.dylib
0x0000000164927000 	/Users/chaselaurendine/.jssc/mac_os_x/libjSSC-2.6_x86_64.jnilib
0x0000000168c2d000 	/Library/Java/JavaVirtualMachines/jdk1.7.0_10.jdk/Contents/Home/jre/lib/libosx.dylib
0x000000016385c000 	/Library/Java/JavaVirtualMachines/jdk1.7.0_10.jdk/Contents/Home/jre/lib/libprism-es2.dylib
0x000000016853c000 	/Library/Java/JavaVirtualMachines/jdk1.7.0_10.jdk/Contents/Home/jre/lib/libglass.dylib
0x0000000170a0b000 	/Library/Java/JavaVirtualMachines/jdk1.7.0_10.jdk/Contents/Home/jre/lib/libjfxwebkit.dylib
0x000000016a36e000 	/Library/Java/JavaVirtualMachines/jdk1.7.0_10.jdk/Contents/Home/jre/lib/libjavafx-font.dylib
0x0000000168ace000 	cl_kernels
0x000000017036b000 	/System/Library/Frameworks/OpenCL.framework/Versions/A/Libraries/ImageFormats/unorm8_bgra.dylib
0x0000000168b85000 	cl_kernels
0x0000000168b51000 	/Library/Java/JavaVirtualMachines/jdk1.7.0_10.jdk/Contents/Home/jre/lib/libmanagement.dylib
0x000000016d940000 	/Library/Java/JavaVirtualMachines/jdk1.7.0_10.jdk/Contents/Home/jre/lib/libdcpr.dylib
0x000000016d96e000 	/Library/Java/JavaVirtualMachines/jdk1.7.0_10.jdk/Contents/Home/jre/lib/libsunec.dylib
0x000000000c1a7000 	/System/Library/Frameworks/ApplicationServices.framework/Versions/A/Frameworks/ATS.framework/Versions/A/Resources/libTrueTypeScaler.dylib

VM Arguments:
jvm_args: -Djdk.home=/Library/Java/JavaVirtualMachines/jdk1.7.0_10.jdk/Contents/Home -Dnetbeans.dirs=/Users/chaselaurendine/Documents/SvnProjects/NerduinoIDE/Nerduino-host/build/cluster:/Applications/NetBeans/NetBeans 8.0.2.app/Contents/Resources/NetBeans/harness:/Applications/NetBeans/NetBeans 8.0.2.app/Contents/Resources/NetBeans/ide:/Applications/NetBeans/NetBeans 8.0.2.app/Contents/Resources/NetBeans/java:/Applications/NetBeans/NetBeans 8.0.2.app/Contents/Resources/NetBeans/platform:/Applications/NetBeans/NetBeans 8.0.2.app/Contents/Resources/NetBeans/websvccommon:/Users/chaselaurendine/Documents/Downloads/nbribbon/PinkMatterRibbonPlatform -Dnetbeans.home=/Applications/NetBeans/NetBeans 8.0.2.app/Contents/Resources/NetBeans/platform -Dnetbeans.logger.console=true -ea -Dsun.awt.disableMixing=true -XX:+HeapDumpOnOutOfMemoryError -XX:HeapDumpPath=/Users/chaselaurendine/Documents/SvnProjects/NerduinoIDE/Nerduino-host/NerduinoCore/../build/testuserdir/var/log/heapdump.hprof 
java_command: org.netbeans.Main --cachedir /Users/chaselaurendine/Documents/SvnProjects/NerduinoIDE/Nerduino-host/NerduinoCore/../build/testuserdir/var/cache --userdir /Users/chaselaurendine/Documents/SvnProjects/NerduinoIDE/Nerduino-host/NerduinoCore/../build/testuserdir --branding nerduinoiot
Launcher Type: SUN_STANDARD

Environment Variables:
PATH=/usr/bin:/bin:/usr/sbin:/sbin
LD_LIBRARY_PATH=/Library/Java/JavaVirtualMachines/jdk1.7.0_10.jdk/Contents/Home/jre/lib/amd64:/Library/Java/JavaVirtualMachines/jdk1.7.0_10.jdk/Contents/Home/jre/lib/i386:/Library/Java/JavaVirtualMachines/jdk1.7.0_10.jdk/Contents/Home/jre/lib/amd64:/Library/Java/JavaVirtualMachines/jdk1.7.0_10.jdk/Contents/Home/jre/lib/i386:
SHELL=/bin/bash
DISPLAY=/tmp/launch-zj26Jz/org.macosforge.xquartz:0
DYLD_LIBRARY_PATH=/Applications/NetBeans/NetBeans 8.0.2.app/Contents/Resources/NetBeans/webcommon/bin:

Signal Handlers:
SIGSEGV: [libjvm.dylib+0x4a363d], sa_mask[0]=0xfffefeff, sa_flags=0x00000042
SIGBUS: [libjvm.dylib+0x4a363d], sa_mask[0]=0xfffefeff, sa_flags=0x00000042
SIGFPE: [libjvm.dylib+0x3b3051], sa_mask[0]=0xfffefeff, sa_flags=0x00000042
SIGPIPE: [libjvm.dylib+0x3b3051], sa_mask[0]=0xfffefeff, sa_flags=0x00000042
SIGXFSZ: [libjvm.dylib+0x3b3051], sa_mask[0]=0xfffefeff, sa_flags=0x00000042
SIGILL: [libjvm.dylib+0x3b3051], sa_mask[0]=0xfffefeff, sa_flags=0x00000042
SIGUSR1: SIG_DFL, sa_mask[0]=0x00000000, sa_flags=0x00000002
SIGUSR2: [libjvm.dylib+0x3b2bea], sa_mask[0]=0x00000004, sa_flags=0x00000042
SIGHUP: [libjvm.dylib+0x3b0e4b], sa_mask[0]=0xfffefeff, sa_flags=0x00000042
SIGINT: SIG_IGN, sa_mask[0]=0x00000000, sa_flags=0x00000000
SIGTERM: [libjvm.dylib+0x3b0e4b], sa_mask[0]=0xfffefeff, sa_flags=0x00000042
SIGQUIT: [libjvm.dylib+0x3b0e4b], sa_mask[0]=0xfffefeff, sa_flags=0x00000042


---------------  S Y S T E M  ---------------

OS:Bsduname:Darwin 11.4.2 Darwin Kernel Version 11.4.2: Thu Aug 23 16:25:48 PDT 2012; root:xnu-1699.32.7~1/RELEASE_X86_64 x86_64
rlimit: STACK 8192k, CORE 0k, NPROC 709, NOFILE 10240, AS infinity
load average:2.07 1.79 1.36

CPU:total 8 (4 cores per cpu, 2 threads per core) family 6 model 42 stepping 7, cmov, cx8, fxsr, mmx, sse, sse2, sse3, ssse3, sse4.1, sse4.2, popcnt, avx, ht, tsc, tscinvbit

Memory: 4k page, physical 5319088k(1329772k free)

/proc/meminfo:


vm_info: Java HotSpot(TM) 64-Bit Server VM (23.6-b04) for bsd-amd64 JRE (1.7.0_10-b18), built on Nov 28 2012 07:52:20 by "java_re" with gcc 4.2.1 (Based on Apple Inc. build 5658) (LLVM build 2336.9.00)

time: Sun Mar  1 08:36:47 2015
elapsed time: 591 seconds

