#
# A fatal error has been detected by the Java Runtime Environment:
#
#  SIGSEGV (0xb) at pc=0x000000010373ee89, pid=1438, tid=1799
#
# JRE version: 7.0_10-b18
# Java VM: Java HotSpot(TM) 64-Bit Server VM (23.6-b04 mixed mode bsd-amd64 compressed oops)
# Problematic frame:
# V  [libjvm.dylib+0x2a4e89]
#
# Failed to write core dump. Core dumps have been disabled. To enable core dumping, try "ulimit -c unlimited" before starting Java again
#
# If you would like to submit a bug report, please visit:
#   http://bugreport.sun.com/bugreport/crash.jsp
#

---------------  T H R E A D  ---------------

Current thread (0x00007feb3181b800):  JavaThread "JavaFX Application Thread" daemon [_thread_in_vm, id=1799, stack(0x00007fff6269c000,0x00007fff62e9c000)]

siginfo:si_signo=SIGSEGV: si_errno=0, si_code=1 (SEGV_MAPERR), si_addr=0x0000000000000000

Registers:
RAX=0x00000001039860fc, RBX=0x00007fff62e935c0, RCX=0x00007feb3181b800, RDX=0x00007fff62e935c0
RSP=0x00007fff62e934d0, RBP=0x00007fff62e934e0, RSI=0x0000000000000000, RDI=0x00007fff62e93508
R8 =0x0000000000000000, R9 =0x0000000000000004, R10=0x0000000000000481, R11=0x00007feb31038386
R12=0x00007feb3181b800, R13=0x00007fff62e93508, R14=0x00007fff62e93508, R15=0x00007feb3181b9d8
RIP=0x000000010373ee89, EFLAGS=0x0000000000010297, ERR=0x0000000000000004
  TRAPNO=0x000000000000000e

Top of Stack: (sp=0x00007fff62e934d0)
0x00007fff62e934d0:   0000000000000000 00007feb30d7b110
0x00007fff62e934e0:   00007fff62e935b0 000000010372fcc4
0x00007fff62e934f0:   00007fff62e93550 00000001038e72c5
0x00007fff62e93500:   00007fff62e935c0 0000000000000220
0x00007fff62e93510:   00007fff62e934b8 00007fff62e93500
0x00007fff62e93520:   0000000800000002 000020603181b801
0x00007fff62e93530:   0000000000000000 00000001714d4e81
0x00007fff62e93540:   00000001039860fc 00007feb0000000c
0x00007fff62e93550:   00007fff62e93580 00007feb3181b800
0x00007fff62e93560:   00007feb3242e798 000000300000063d
0x00007fff62e93570:   00000001039860fc 00007feb3181b800
0x00007fff62e93580:   00007feb3181b800 00000000ffffffff
0x00007fff62e93590:   00007feb334dc058 00007feb39de79a0
0x00007fff62e935a0:   0000000000000000 0000000000000000
0x00007fff62e935b0:   00007fff62e93690 0000000170ab08c8
0x00007fff62e935c0:   0000003000000018 00007fff62e936a0
0x00007fff62e935d0:   00007fff62e935e0 00007fff62e93668
0x00007fff62e935e0:   0000000000000000 00007fff62e93664
0x00007fff62e935f0:   0001206800000100 00007feb334dc058
0x00007fff62e93600:   0000000000000000 0000000000000004
0x00007fff62e93610:   00000000000026fb 00007fff7536e730
0x00007fff62e93620:   00007feb334dc058 00007feb39de79a0
0x00007fff62e93630:   0000000000000000 0000000000000000
0x00007fff62e93640:   00007fff62e93680 00007fff8f23d6ab
0x00007fff62e93650:   00007fff62e93690 00007feb3181b800
0x00007fff62e93660:   000120683181b9d8 0000f4000000f400
0x00007fff62e93670:   00007feb3181b9d8 0000000000000000
0x00007fff62e93680:   00007fff62e93690 00007fff88d2ef29
0x00007fff62e93690:   00007fff62e937b0 0000000170b2a1a6
0x00007fff62e936a0:   0000000000000125 0000000000000014
0x00007fff62e936b0:   00000000ffffffff 0000000000000000
0x00007fff62e936c0:   000000010727ac8d 00007fff62e93728 

Instructions: (pc=0x000000010373ee89)
0x000000010373ee69:   3e 00 48 83 c0 10 49 89 06 49 89 5e 28 5b 41 5e
0x000000010373ee79:   5d c3 90 55 48 89 e5 41 56 53 48 89 d3 49 89 fe
0x000000010373ee89:   48 8b 06 48 8b 48 10 48 8b 78 18 0f b7 71 42 e8
0x000000010373ee99:   b5 2a 21 00 48 89 c6 48 83 e6 fe 4c 89 f7 e8 64 

Register to memory mapping:

RAX=0x00000001039860fc: _ZZN16GenCollectedHeap16preload_and_dumpEP6ThreadE19map_entry_array_sig+0xfaac in /Library/Java/JavaVirtualMachines/jdk1.7.0_10.jdk/Contents/Home/jre/lib/server/libjvm.dylib at 0x000000010349a000
RBX=0x00007fff62e935c0 is pointing into the stack for thread: 0x00007feb3181b800
RCX=0x00007feb3181b800 is a thread
RDX=0x00007fff62e935c0 is pointing into the stack for thread: 0x00007feb3181b800
RSP=0x00007fff62e934d0 is pointing into the stack for thread: 0x00007feb3181b800
RBP=0x00007fff62e934e0 is pointing into the stack for thread: 0x00007feb3181b800
RSI=0x0000000000000000 is an unknown value
RDI=0x00007fff62e93508 is pointing into the stack for thread: 0x00007feb3181b800
R8 =0x0000000000000000 is an unknown value
R9 =0x0000000000000004 is an unknown value
R10=0x0000000000000481 is an unknown value
R11=0x00007feb31038386 is an unknown value
R12=0x00007feb3181b800 is a thread
R13=0x00007fff62e93508 is pointing into the stack for thread: 0x00007feb3181b800
R14=0x00007fff62e93508 is pointing into the stack for thread: 0x00007feb3181b800
R15=0x00007feb3181b9d8 is an unknown value


Stack: [0x00007fff6269c000,0x00007fff62e9c000],  sp=0x00007fff62e934d0,  free space=8157k
Native frames: (J=compiled Java code, j=interpreted, Vv=VM code, C=native code)
V  [libjvm.dylib+0x2a4e89]
V  [libjvm.dylib+0x295cc4]
C  [libWebPaneJava.dylib+0x5378c8]  _ZN7JNIEnv_16CallObjectMethodEP8_jobjectP10_jmethodIDz+0x98
C  [libWebPaneJava.dylib+0x5b11a6]  _ZN7WebCore15RenderThemeJava11paintWidgetEiPNS_12RenderObjectERKNS_9PaintInfoERKNS_7IntRectE+0x1a6
C  [libWebPaneJava.dylib+0x5b19b4]  _ZN7WebCore15RenderThemeJava14paintTextFieldEPNS_12RenderObjectERKNS_9PaintInfoERKNS_7IntRectE+0x14
C  [libWebPaneJava.dylib+0x6ff896]  _ZN7WebCore11RenderTheme15paintBorderOnlyEPNS_12RenderObjectERKNS_9PaintInfoERKNS_7IntRectE+0x146
C  [libWebPaneJava.dylib+0x65dd5b]  _ZN7WebCore9RenderBox19paintBoxDecorationsERNS_9PaintInfoERKNS_8IntPointE+0x19b
C  [libWebPaneJava.dylib+0x622eea]  _ZN7WebCore11RenderBlock11paintObjectERNS_9PaintInfoERKNS_8IntPointE+0x43a
C  [libWebPaneJava.dylib+0x60c85c]  _ZN7WebCore11RenderBlock5paintERNS_9PaintInfoERKNS_8IntPointE+0xec
C  [libWebPaneJava.dylib+0x6fa73b]  _ZN7WebCore27RenderTextControlSingleLine5paintERNS_9PaintInfoERKNS_8IntPointE+0x2b
C  [libWebPaneJava.dylib+0x5f82fa]  _ZN7WebCore9InlineBox5paintERNS_9PaintInfoERKNS_8IntPointEii+0xfa
C  [libWebPaneJava.dylib+0x5fd45c]  _ZN7WebCore13InlineFlowBox5paintERNS_9PaintInfoERKNS_8IntPointEii+0x1bc
C  [libWebPaneJava.dylib+0x711fa0]  _ZN7WebCore13RootInlineBox5paintERNS_9PaintInfoERKNS_8IntPointEii+0x30
C  [libWebPaneJava.dylib+0x6ac063]  _ZNK7WebCore17RenderLineBoxList5paintEPNS_20RenderBoxModelObjectERNS_9PaintInfoERKNS_8IntPointE+0x2d3
C  [libWebPaneJava.dylib+0x614caf]  _ZN7WebCore11RenderBlock13paintContentsERNS_9PaintInfoERKNS_8IntPointE+0x8f
C  [libWebPaneJava.dylib+0x622cff]  _ZN7WebCore11RenderBlock11paintObjectERNS_9PaintInfoERKNS_8IntPointE+0x24f
C  [libWebPaneJava.dylib+0x60c85c]  _ZN7WebCore11RenderBlock5paintERNS_9PaintInfoERKNS_8IntPointE+0xec
C  [libWebPaneJava.dylib+0x6e2d39]  _ZN7WebCore15RenderTableCell5paintERNS_9PaintInfoERKNS_8IntPointE+0x39
C  [libWebPaneJava.dylib+0x6e65b3]  _ZN7WebCore18RenderTableSection9paintCellEPNS_15RenderTableCellERNS_9PaintInfoERKNS_8IntPointE+0x93
C  [libWebPaneJava.dylib+0x6eb8a4]  _ZN7WebCore18RenderTableSection11paintObjectERNS_9PaintInfoERKNS_8IntPointE+0x214
C  [libWebPaneJava.dylib+0x6e6802]  _ZN7WebCore18RenderTableSection5paintERNS_9PaintInfoERKNS_8IntPointE+0xb2
C  [libWebPaneJava.dylib+0x6d6ae6]  _ZN7WebCore11RenderTable11paintObjectERNS_9PaintInfoERKNS_8IntPointE+0x156
C  [libWebPaneJava.dylib+0x6d532c]  _ZN7WebCore11RenderTable5paintERNS_9PaintInfoERKNS_8IntPointE+0xec
C  [libWebPaneJava.dylib+0x614b6a]  _ZN7WebCore11RenderBlock13paintChildrenERNS_9PaintInfoERKNS_8IntPointE+0x22a
C  [libWebPaneJava.dylib+0x614ccf]  _ZN7WebCore11RenderBlock13paintContentsERNS_9PaintInfoERKNS_8IntPointE+0xaf
C  [libWebPaneJava.dylib+0x622cff]  _ZN7WebCore11RenderBlock11paintObjectERNS_9PaintInfoERKNS_8IntPointE+0x24f
C  [libWebPaneJava.dylib+0x60c85c]  _ZN7WebCore11RenderBlock5paintERNS_9PaintInfoERKNS_8IntPointE+0xec
C  [libWebPaneJava.dylib+0x6e2d39]  _ZN7WebCore15RenderTableCell5paintERNS_9PaintInfoERKNS_8IntPointE+0x39
C  [libWebPaneJava.dylib+0x6e65b3]  _ZN7WebCore18RenderTableSection9paintCellEPNS_15RenderTableCellERNS_9PaintInfoERKNS_8IntPointE+0x93
C  [libWebPaneJava.dylib+0x6eb8a4]  _ZN7WebCore18RenderTableSection11paintObjectERNS_9PaintInfoERKNS_8IntPointE+0x214
C  [libWebPaneJava.dylib+0x6e6802]  _ZN7WebCore18RenderTableSection5paintERNS_9PaintInfoERKNS_8IntPointE+0xb2
C  [libWebPaneJava.dylib+0x6d6ae6]  _ZN7WebCore11RenderTable11paintObjectERNS_9PaintInfoERKNS_8IntPointE+0x156
C  [libWebPaneJava.dylib+0x6d532c]  _ZN7WebCore11RenderTable5paintERNS_9PaintInfoERKNS_8IntPointE+0xec
C  [libWebPaneJava.dylib+0x614b6a]  _ZN7WebCore11RenderBlock13paintChildrenERNS_9PaintInfoERKNS_8IntPointE+0x22a
C  [libWebPaneJava.dylib+0x614ccf]  _ZN7WebCore11RenderBlock13paintContentsERNS_9PaintInfoERKNS_8IntPointE+0xaf
C  [libWebPaneJava.dylib+0x622cff]  _ZN7WebCore11RenderBlock11paintObjectERNS_9PaintInfoERKNS_8IntPointE+0x24f
C  [libWebPaneJava.dylib+0x60c85c]  _ZN7WebCore11RenderBlock5paintERNS_9PaintInfoERKNS_8IntPointE+0xec
C  [libWebPaneJava.dylib+0x614b6a]  _ZN7WebCore11RenderBlock13paintChildrenERNS_9PaintInfoERKNS_8IntPointE+0x22a
C  [libWebPaneJava.dylib+0x614ccf]  _ZN7WebCore11RenderBlock13paintContentsERNS_9PaintInfoERKNS_8IntPointE+0xaf
C  [libWebPaneJava.dylib+0x622cff]  _ZN7WebCore11RenderBlock11paintObjectERNS_9PaintInfoERKNS_8IntPointE+0x24f
C  [libWebPaneJava.dylib+0x60c85c]  _ZN7WebCore11RenderBlock5paintERNS_9PaintInfoERKNS_8IntPointE+0xec
C  [libWebPaneJava.dylib+0x6e2d39]  _ZN7WebCore15RenderTableCell5paintERNS_9PaintInfoERKNS_8IntPointE+0x39
C  [libWebPaneJava.dylib+0x6e65b3]  _ZN7WebCore18RenderTableSection9paintCellEPNS_15RenderTableCellERNS_9PaintInfoERKNS_8IntPointE+0x93
C  [libWebPaneJava.dylib+0x6eb8a4]  _ZN7WebCore18RenderTableSection11paintObjectERNS_9PaintInfoERKNS_8IntPointE+0x214
C  [libWebPaneJava.dylib+0x6e6802]  _ZN7WebCore18RenderTableSection5paintERNS_9PaintInfoERKNS_8IntPointE+0xb2
C  [libWebPaneJava.dylib+0x6d6ae6]  _ZN7WebCore11RenderTable11paintObjectERNS_9PaintInfoERKNS_8IntPointE+0x156
C  [libWebPaneJava.dylib+0x6d532c]  _ZN7WebCore11RenderTable5paintERNS_9PaintInfoERKNS_8IntPointE+0xec
C  [libWebPaneJava.dylib+0x614b6a]  _ZN7WebCore11RenderBlock13paintChildrenERNS_9PaintInfoERKNS_8IntPointE+0x22a
C  [libWebPaneJava.dylib+0x614ccf]  _ZN7WebCore11RenderBlock13paintContentsERNS_9PaintInfoERKNS_8IntPointE+0xaf
C  [libWebPaneJava.dylib+0x622cff]  _ZN7WebCore11RenderBlock11paintObjectERNS_9PaintInfoERKNS_8IntPointE+0x24f
C  [libWebPaneJava.dylib+0x60c85c]  _ZN7WebCore11RenderBlock5paintERNS_9PaintInfoERKNS_8IntPointE+0xec
C  [libWebPaneJava.dylib+0x6e2d39]  _ZN7WebCore15RenderTableCell5paintERNS_9PaintInfoERKNS_8IntPointE+0x39
C  [libWebPaneJava.dylib+0x6e65b3]  _ZN7WebCore18RenderTableSection9paintCellEPNS_15RenderTableCellERNS_9PaintInfoERKNS_8IntPointE+0x93
C  [libWebPaneJava.dylib+0x6eb8a4]  _ZN7WebCore18RenderTableSection11paintObjectERNS_9PaintInfoERKNS_8IntPointE+0x214
C  [libWebPaneJava.dylib+0x6e6802]  _ZN7WebCore18RenderTableSection5paintERNS_9PaintInfoERKNS_8IntPointE+0xb2
C  [libWebPaneJava.dylib+0x6d6ae6]  _ZN7WebCore11RenderTable11paintObjectERNS_9PaintInfoERKNS_8IntPointE+0x156
C  [libWebPaneJava.dylib+0x6d532c]  _ZN7WebCore11RenderTable5paintERNS_9PaintInfoERKNS_8IntPointE+0xec
C  [libWebPaneJava.dylib+0x614b6a]  _ZN7WebCore11RenderBlock13paintChildrenERNS_9PaintInfoERKNS_8IntPointE+0x22a
C  [libWebPaneJava.dylib+0x614ccf]  _ZN7WebCore11RenderBlock13paintContentsERNS_9PaintInfoERKNS_8IntPointE+0xaf
C  [libWebPaneJava.dylib+0x622cff]  _ZN7WebCore11RenderBlock11paintObjectERNS_9PaintInfoERKNS_8IntPointE+0x24f
C  [libWebPaneJava.dylib+0x60c85c]  _ZN7WebCore11RenderBlock5paintERNS_9PaintInfoERKNS_8IntPointE+0xec
C  [libWebPaneJava.dylib+0x614b6a]  _ZN7WebCore11RenderBlock13paintChildrenERNS_9PaintInfoERKNS_8IntPointE+0x22a
C  [libWebPaneJava.dylib+0x614ccf]  _ZN7WebCore11RenderBlock13paintContentsERNS_9PaintInfoERKNS_8IntPointE+0xaf
C  [libWebPaneJava.dylib+0x622cff]  _ZN7WebCore11RenderBlock11paintObjectERNS_9PaintInfoERKNS_8IntPointE+0x24f
C  [libWebPaneJava.dylib+0x60c85c]  _ZN7WebCore11RenderBlock5paintERNS_9PaintInfoERKNS_8IntPointE+0xec
C  [libWebPaneJava.dylib+0x614b6a]  _ZN7WebCore11RenderBlock13paintChildrenERNS_9PaintInfoERKNS_8IntPointE+0x22a
C  [libWebPaneJava.dylib+0x614ccf]  _ZN7WebCore11RenderBlock13paintContentsERNS_9PaintInfoERKNS_8IntPointE+0xaf
C  [libWebPaneJava.dylib+0x622cff]  _ZN7WebCore11RenderBlock11paintObjectERNS_9PaintInfoERKNS_8IntPointE+0x24f
C  [libWebPaneJava.dylib+0x60c85c]  _ZN7WebCore11RenderBlock5paintERNS_9PaintInfoERKNS_8IntPointE+0xec
C  [libWebPaneJava.dylib+0x6a7145]  _ZN7WebCore11RenderLayer10paintLayerEPS0_PNS_15GraphicsContextERKNS_7IntRectEjPNS_12RenderObjectEPNS_12RenderRegionEPN3WTF7HashMapIPNS_24OverlapTestRequestClientES4_NSB_7PtrHashISE_EENSB_10HashTraitsISE_EENSH_IS4_EEEEj+0x14c5
C  [libWebPaneJava.dylib+0x6a6377]  _ZN7WebCore11RenderLayer10paintLayerEPS0_PNS_15GraphicsContextERKNS_7IntRectEjPNS_12RenderObjectEPNS_12RenderRegionEPN3WTF7HashMapIPNS_24OverlapTestRequestClientES4_NSB_7PtrHashISE_EENSB_10HashTraitsISE_EENSH_IS4_EEEEj+0x6f7
C  [libWebPaneJava.dylib+0x6a7be7]  _ZN7WebCore11RenderLayer5paintEPNS_15GraphicsContextERKNS_7IntRectEjPNS_12RenderObjectEPNS_12RenderRegionEj+0x57
C  [libWebPaneJava.dylib+0x516679]  _ZN7WebCore9FrameView13paintContentsEPNS_15GraphicsContextERKNS_7IntRectE+0x269
C  [libWebPaneJava.dylib+0x5dd9fd]  _ZN7WebCore10ScrollView5paintEPNS_15GraphicsContextERKNS_7IntRectE+0x34d
C  [libWebPaneJava.dylib+0x5b9957]  Java_com_sun_webpane_platform_WebPage_twkUpdateContent+0x2a7
j  com.sun.webpane.platform.WebPage.twkUpdateContent(JLcom/sun/webpane/platform/graphics/WCRenderQueue;IIII)V+0
j  com.sun.webpane.platform.WebPage.updateDirty(Lcom/sun/webpane/platform/graphics/WCRectangle;)V+182
j  com.sun.webpane.platform.WebPage.updateContent(Lcom/sun/webpane/platform/graphics/WCRectangle;)V+159
j  com.sun.javafx.sg.prism.NGWebView.update()V+68
j  javafx.scene.web.WebView.handleStagePulse()V+89
j  javafx.scene.web.WebView.access$100(Ljavafx/scene/web/WebView;)V+1
j  javafx.scene.web.WebView$2.pulse()V+4
j  com.sun.javafx.tk.Toolkit.firePulse()V+76
j  com.sun.javafx.tk.quantum.QuantumToolkit.pulse()V+44
j  com.sun.javafx.tk.quantum.QuantumToolkit$8.run()V+4
v  ~StubRoutines::call_stub
V  [libjvm.dylib+0x28855f]
V  [libjvm.dylib+0x28832c]
V  [libjvm.dylib+0x2a3e23]
V  [libjvm.dylib+0x297b8b]
C  [libmat.jnilib+0x132f]  -[GlassRunnable run]+0xa8
C  [CoreFoundation+0x9370d]  -[NSObject performSelector:withObject:]+0x3d
C  [Foundation+0x4fd70]  __NSThreadPerformPerform+0xd6
C  [CoreFoundation+0x124f1]  __CFRUNLOOP_IS_CALLING_OUT_TO_A_SOURCE0_PERFORM_FUNCTION__+0x11
C  [CoreFoundation+0x11d5d]  __CFRunLoopDoSources0+0xfd
C  [CoreFoundation+0x38b49]  __CFRunLoopRun+0x389
C  [CoreFoundation+0x38486]  CFRunLoopRunSpecific+0xe6
C  [HIToolbox+0x22bf]  RunCurrentEventLoopInMode+0x115
C  [HIToolbox+0x956d]  ReceiveNextEventCommon+0x163
C  [HIToolbox+0x93fa]  BlockUntilNextEventMatchingListInMode+0x3e
...<more frames>...

Java frames: (J=compiled Java code, j=interpreted, Vv=VM code)
j  com.sun.webpane.platform.WebPage.twkUpdateContent(JLcom/sun/webpane/platform/graphics/WCRenderQueue;IIII)V+0
j  com.sun.webpane.platform.WebPage.updateDirty(Lcom/sun/webpane/platform/graphics/WCRectangle;)V+182
j  com.sun.webpane.platform.WebPage.updateContent(Lcom/sun/webpane/platform/graphics/WCRectangle;)V+159
j  com.sun.javafx.sg.prism.NGWebView.update()V+68
j  javafx.scene.web.WebView.handleStagePulse()V+89
j  javafx.scene.web.WebView.access$100(Ljavafx/scene/web/WebView;)V+1
j  javafx.scene.web.WebView$2.pulse()V+4
j  com.sun.javafx.tk.Toolkit.firePulse()V+76
j  com.sun.javafx.tk.quantum.QuantumToolkit.pulse()V+44
j  com.sun.javafx.tk.quantum.QuantumToolkit$8.run()V+4
v  ~StubRoutines::call_stub

---------------  P R O C E S S  ---------------

Java Threads: ( => current thread )
  0x00007feb311cb000 JavaThread "Prism Font Disposer" daemon [_thread_blocked, id=71683, stack(0x000000017e34b000,0x000000017e44b000)]
  0x00007feb3ad49800 JavaThread "URL-Fetcher-7" daemon [_thread_in_native, id=71427, stack(0x000000017e248000,0x000000017e348000)]
  0x00007feb31927800 JavaThread "URL-Fetcher-6" daemon [_thread_in_native, id=71171, stack(0x000000017e145000,0x000000017e245000)]
  0x00007feb32c78000 JavaThread "URL-Fetcher-5" daemon [_thread_in_native, id=70915, stack(0x000000017e042000,0x000000017e142000)]
  0x00007feb32a50000 JavaThread "URL-Fetcher-4" daemon [_thread_blocked, id=70659, stack(0x000000017df3f000,0x000000017e03f000)]
  0x00007feb35851000 JavaThread "URL-Fetcher-3" daemon [_thread_blocked, id=69891, stack(0x00000001755c2000,0x00000001756c2000)]
  0x00007feb3a588800 JavaThread "URL-Fetcher-2" daemon [_thread_blocked, id=69379, stack(0x00000001753bf000,0x00000001754bf000)]
  0x00007feb35155000 JavaThread "URL-Fetcher-1" daemon [_thread_blocked, id=45067, stack(0x000000016f31f000,0x000000016f41f000)]
  0x00007feb3ab87000 JavaThread "Disposer" daemon [_thread_blocked, id=44563, stack(0x000000016f178000,0x000000016f278000)]
  0x00007feb32b71000 JavaThread "Thread-26" daemon [_thread_in_native, id=43783, stack(0x0000000169c02000,0x0000000169c82000)]
  0x00007feb3aa21800 JavaThread "Disposer" daemon [_thread_blocked, id=40711, stack(0x000000016a41d000,0x000000016a51d000)]
  0x00007feb317f4800 JavaThread "QuantumRenderer-0" daemon [_thread_blocked, id=40455, stack(0x000000016a31a000,0x000000016a41a000)]
  0x00007feb3597e800 JavaThread "qtp981161667-62" [_thread_blocked, id=64771, stack(0x0000000170477000,0x0000000170577000)]
  0x00007feb34822000 JavaThread "qtp981161667-61-acceptor-3-ServerConnector@38605c72{HTTP/1.1}{0.0.0.0:8081}" [_thread_blocked, id=64515, stack(0x0000000170374000,0x0000000170474000)]
  0x00007feb3484c800 JavaThread "qtp981161667-60-acceptor-2-ServerConnector@38605c72{HTTP/1.1}{0.0.0.0:8081}" [_thread_blocked, id=64259, stack(0x0000000170271000,0x0000000170371000)]
  0x00007feb32a58000 JavaThread "qtp981161667-59-acceptor-1-ServerConnector@38605c72{HTTP/1.1}{0.0.0.0:8081}" [_thread_blocked, id=64003, stack(0x000000017006b000,0x000000017016b000)]
  0x00007feb34865000 JavaThread "qtp981161667-58-acceptor-0-ServerConnector@38605c72{HTTP/1.1}{0.0.0.0:8081}" [_thread_in_native, id=62723, stack(0x000000017016e000,0x000000017026e000)]
  0x00007feb3ae4a800 JavaThread "Timer-1" [_thread_blocked, id=61187, stack(0x000000016ff68000,0x0000000170068000)]
  0x00007feb31254800 JavaThread "Timer-0" [_thread_blocked, id=60675, stack(0x000000016fe65000,0x000000016ff65000)]
  0x00007feb3387f800 JavaThread "qtp981161667-54-selector-7" [_thread_in_native, id=60419, stack(0x000000016fd62000,0x000000016fe62000)]
  0x00007feb33839000 JavaThread "qtp981161667-53-selector-6" [_thread_in_native, id=60163, stack(0x000000016fc5f000,0x000000016fd5f000)]
  0x00007feb33895000 JavaThread "qtp981161667-52-selector-5" [_thread_in_native, id=59907, stack(0x000000016fb5c000,0x000000016fc5c000)]
  0x00007feb33887000 JavaThread "qtp981161667-51-selector-4" [_thread_in_native, id=59651, stack(0x000000016fa59000,0x000000016fb59000)]
  0x00007feb33944800 JavaThread "qtp981161667-50-selector-3" [_thread_in_native, id=59395, stack(0x000000016f956000,0x000000016fa56000)]
  0x00007feb3a3d5000 JavaThread "qtp981161667-49-selector-1" [_thread_in_native, id=59139, stack(0x000000016f853000,0x000000016f953000)]
  0x00007feb33670000 JavaThread "qtp981161667-48-selector-0" [_thread_in_native, id=58883, stack(0x000000016f750000,0x000000016f850000)]
  0x00007feb33602800 JavaThread "qtp981161667-47-selector-2" [_thread_in_native, id=58627, stack(0x000000016f075000,0x000000016f175000)]
  0x00007feb333ce800 JavaThread "DateCache" daemon [_thread_blocked, id=57859, stack(0x000000016ef72000,0x000000016f072000)]
  0x00007feb3ae07800 JavaThread "Thread-7" [_thread_blocked, id=56323, stack(0x000000016eb1d000,0x000000016ec1d000)]
  0x00007feb31f6c800 JavaThread "Sleep thread" [_thread_blocked, id=56067, stack(0x000000016f64d000,0x000000016f74d000)]
  0x00007feb32b79800 JavaThread "Discovery thread" [_thread_blocked, id=22535, stack(0x000000016f54a000,0x000000016f64a000)]
  0x00007feb35115000 JavaThread "DestroyJavaVM" [_thread_blocked, id=7171, stack(0x0000000103f70000,0x0000000104070000)]
  0x00007feb3a924800 JavaThread "Flushing caches" [_thread_blocked, id=55811, stack(0x000000016ee6f000,0x000000016ef6f000)]
  0x00007feb3ac79000 JavaThread "TimerQueue" daemon [_thread_blocked, id=55555, stack(0x000000016f447000,0x000000016f547000)]
  0x00007feb3a973800 JavaThread "KeyTipManager processing thread" daemon [_thread_blocked, id=55299, stack(0x000000016c260000,0x000000016c360000)]
  0x00007feb33019000 JavaThread "Thread-4" daemon [_thread_blocked, id=55043, stack(0x000000016c3da000,0x000000016c4da000)]
  0x00007feb3a540800 JavaThread "Image Fetcher 0" daemon [_thread_blocked, id=54275, stack(0x000000016ea1a000,0x000000016eb1a000)]
  0x00007feb3a05a000 JavaThread "Worker-JM" [_thread_blocked, id=54019, stack(0x000000016ec66000,0x000000016ed66000)]
  0x00007feb32b8e800 JavaThread "File Watcher" daemon [_thread_blocked, id=52739, stack(0x000000016c59e000,0x000000016c69e000)]
  0x00007feb35052000 JavaThread "Thread-3" daemon [_thread_in_native, id=50691, stack(0x000000016c15d000,0x000000016c25d000)]
  0x00007feb33284800 JavaThread "Inactive RequestProcessor thread [Was:On Start/Stop/org.netbeans.core.execution.Install]" daemon [_thread_blocked, id=50179, stack(0x000000016c05a000,0x000000016c15a000)]
  0x00007feb31f03000 JavaThread "PaletteSwitch" daemon [_thread_in_native, id=49923, stack(0x000000016bf57000,0x000000016c057000)]
  0x00007feb319c4800 JavaThread "OutlineView" daemon [_thread_blocked, id=49667, stack(0x000000016be54000,0x000000016bf54000)]
  0x00007feb329eb800 JavaThread "Bundle File Closer" daemon [_thread_blocked, id=49411, stack(0x000000016bca1000,0x000000016bda1000)]
  0x00007feb3aa64000 JavaThread "Framework Event Dispatcher" daemon [_thread_blocked, id=49155, stack(0x000000016bb9e000,0x000000016bc9e000)]
  0x00007feb3aa61800 JavaThread "State Saver" [_thread_blocked, id=48899, stack(0x000000016ba9b000,0x000000016bb9b000)]
  0x00007feb3a9d5800 JavaThread "Framework Active Thread" [_thread_blocked, id=48643, stack(0x000000016b82f000,0x000000016b92f000)]
  0x00007feb3193b800 JavaThread "Inactive RequestProcessor thread [Was:Folder recognizer/org.openide.loaders.FolderList$ListTask]" daemon [_thread_blocked, id=47619, stack(0x000000016a814000,0x000000016a914000)]
  0x00007feb3318f000 JavaThread "org.netbeans.modules.debugger.jpda.visual AWT Access Loop" daemon [_thread_blocked, id=39939, stack(0x00000001699fa000,0x0000000169afa000)]
  0x00007feb311a6000 JavaThread "AWT-EventQueue-0" [_thread_in_native, id=39683, stack(0x0000000169712000,0x0000000169812000)]
  0x00007feb33124000 JavaThread "Java2D Disposer" daemon [_thread_blocked, id=39427, stack(0x00000001695c3000,0x00000001696c3000)]
  0x00007feb3293e000 JavaThread "Java2D Queue Flusher" daemon [_thread_blocked, id=37135, stack(0x0000000168908000,0x0000000168a08000)]
  0x00007feb3180d000 JavaThread "AWT-Shutdown" [_thread_blocked, id=23047, stack(0x0000000164f01000,0x0000000165001000)]
=>0x00007feb3181b800 JavaThread "JavaFX Application Thread" daemon [_thread_in_vm, id=1799, stack(0x00007fff6269c000,0x00007fff62e9c000)]
  0x00007feb3301a000 JavaThread "RequestProcessor queue manager" daemon [_thread_blocked, id=22787, stack(0x0000000164bae000,0x0000000164cae000)]
  0x00007feb32910800 JavaThread "Inactive RequestProcessor thread [Was:ConnectAction is enabled/org.netbeans.modules.debugger.ui.actions.ConnectAction$1]" daemon [_thread_blocked, id=21763, stack(0x000000016489a000,0x000000016499a000)]
  0x00007feb32919800 JavaThread "CLI Requests Server" daemon [_thread_in_native, id=21251, stack(0x0000000164797000,0x0000000164897000)]
  0x00007feb32894000 JavaThread "Active Reference Queue Daemon" daemon [_thread_blocked, id=20995, stack(0x0000000164694000,0x0000000164794000)]
  0x00007feb32807800 JavaThread "Service Thread" daemon [_thread_blocked, id=20483, stack(0x000000016422a000,0x000000016432a000)]
  0x00007feb32806800 JavaThread "C2 CompilerThread1" daemon [_thread_blocked, id=20227, stack(0x0000000164127000,0x0000000164227000)]
  0x00007feb32805000 JavaThread "C2 CompilerThread0" daemon [_thread_blocked, id=19971, stack(0x0000000164024000,0x0000000164124000)]
  0x00007feb310a2800 JavaThread "JDWP Command Reader" daemon [_thread_in_native, id=19715, stack(0x0000000163f21000,0x0000000164021000)]
  0x00007feb3180c800 JavaThread "JDWP Event Helper Thread" daemon [_thread_blocked, id=19459, stack(0x0000000163e1e000,0x0000000163f1e000)]
  0x00007feb31800800 JavaThread "JDWP Transport Listener: dt_socket" daemon [_thread_blocked, id=19203, stack(0x0000000163d1b000,0x0000000163e1b000)]
  0x00007feb33016000 JavaThread "Signal Dispatcher" daemon [_thread_blocked, id=18947, stack(0x0000000163c12000,0x0000000163d12000)]
  0x00007feb3108f800 JavaThread "Finalizer" daemon [_thread_blocked, id=15107, stack(0x0000000163915000,0x0000000163a15000)]
  0x00007feb3108f000 JavaThread "Reference Handler" daemon [_thread_blocked, id=14851, stack(0x0000000163812000,0x0000000163912000)]

Other Threads:
  0x00007feb3108c800 VMThread [stack: 0x000000016370f000,0x000000016380f000] [id=14595]
  0x00007feb32810000 WatcherThread [stack: 0x000000016432d000,0x000000016442d000] [id=20739]

VM state:not at safepoint (normal execution)

VM Mutex/Monitor currently owned by a thread: None

Heap
 PSYoungGen      total 276736K, used 49717K [0x0000000142540000, 0x000000015d5e0000, 0x000000015d5e0000)
  eden space 259520K, 13% used [0x0000000142540000,0x00000001446b6100,0x00000001522b0000)
  from space 17216K, 89% used [0x00000001522b0000,0x00000001531c7320,0x0000000153380000)
  to   space 18944K, 0% used [0x000000015c360000,0x000000015c360000,0x000000015d5e0000)
 ParOldGen       total 55360K, used 38707K [0x000000010c3e0000, 0x000000010f9f0000, 0x0000000142540000)
  object space 55360K, 69% used [0x000000010c3e0000,0x000000010e9acdf8,0x000000010f9f0000)
 PSPermGen       total 55232K, used 55091K [0x00000001071e0000, 0x000000010a7d0000, 0x000000010c3e0000)
  object space 55232K, 99% used [0x00000001071e0000,0x000000010a7acc78,0x000000010a7d0000)

Card table byte_map: [0x000000015d5e0000,0x000000015d893000] byte_map_base: 0x000000015cda7100

Polling page: 0x00000001032fe000

Code Cache  [0x0000000104101000, 0x00000001044b1000, 0x0000000107101000)
 total_blobs=1649 nmethods=870 adapters=738 free_code_cache=45765Kb largest_free_block=46478528

Compilation events (10 events):
Event: 9.244 Thread 0x00007feb32805000 nmethod 1035 0x0000000104288210 code [0x00000001042883a0, 0x00000001042888a8]
Event: 9.251 Thread 0x00007feb32806800 1036             javax.swing.MultiUIDefaults::get (67 bytes)
Event: 9.253 Thread 0x00007feb32806800 nmethod 1036 0x00000001043b83d0 code [0x00000001043b8540, 0x00000001043b86f8]
Event: 9.265 Thread 0x00007feb32805000 1037             java.util.TimSort::binarySort (223 bytes)
Event: 9.271 Thread 0x00007feb32806800 1038             java.util.EventObject::getSource (5 bytes)
Event: 9.271 Thread 0x00007feb32806800 nmethod 1038 0x000000010439eb50 code [0x000000010439ec80, 0x000000010439ecf8]
Event: 9.271 Thread 0x00007feb32805000 nmethod 1037 0x0000000104259150 code [0x00000001042592e0, 0x0000000104259b38]
Event: 9.279 Thread 0x00007feb32806800 1039   !         org.netbeans.Archive::getData (225 bytes)
Event: 9.285 Thread 0x00007feb32805000 1040             sun.awt.image.ByteInterleavedRaster::getDataElements (132 bytes)
Event: 9.290 Thread 0x00007feb32805000 nmethod 1040 0x0000000104492810 code [0x0000000104492980, 0x0000000104492e58]

GC Heap History (10 events):
Event: 3.430 GC heap before
{Heap before GC invocations=7 (full 0):
 PSYoungGen      total 89152K, used 88181K [0x0000000142540000, 0x0000000148260000, 0x000000015d5e0000)
  eden space 82944K, 100% used [0x0000000142540000,0x0000000147640000,0x0000000147640000)
  from space 6208K, 84% used [0x0000000147c50000,0x000000014816d478,0x0000000148260000)
  to   space 6208K, 0% used [0x0000000147640000,0x0000000147640000,0x0000000147c50000)
 ParOldGen       total 55360K, used 6849K [0x000000010c3e0000, 0x000000010f9f0000, 0x0000000142540000)
  object space 55360K, 12% used [0x000000010c3e0000,0x000000010ca905b0,0x000000010f9f0000)
 PSPermGen       total 21248K, used 18253K [0x00000001071e0000, 0x00000001086a0000, 0x000000010c3e0000)
  object space 21248K, 85% used [0x00000001071e0000,0x00000001083b34c0,0x00000001086a0000)
Event: 3.440 GC heap after
Heap after GC invocations=7 (full 0):
 PSYoungGen      total 89152K, used 6204K [0x0000000142540000, 0x000000014d9c0000, 0x000000015d5e0000)
  eden space 82944K, 0% used [0x0000000142540000,0x0000000142540000,0x0000000147640000)
  from space 6208K, 99% used [0x0000000147640000,0x0000000147c4f160,0x0000000147c50000)
  to   space 9472K, 0% used [0x000000014d080000,0x000000014d080000,0x000000014d9c0000)
 ParOldGen       total 55360K, used 12349K [0x000000010c3e0000, 0x000000010f9f0000, 0x0000000142540000)
  object space 55360K, 22% used [0x000000010c3e0000,0x000000010cfef6d0,0x000000010f9f0000)
 PSPermGen       total 21248K, used 18253K [0x00000001071e0000, 0x00000001086a0000, 0x000000010c3e0000)
  object space 21248K, 85% used [0x00000001071e0000,0x00000001083b34c0,0x00000001086a0000)
}
Event: 4.208 GC heap before
{Heap before GC invocations=8 (full 0):
 PSYoungGen      total 89152K, used 89148K [0x0000000142540000, 0x000000014d9c0000, 0x000000015d5e0000)
  eden space 82944K, 100% used [0x0000000142540000,0x0000000147640000,0x0000000147640000)
  from space 6208K, 99% used [0x0000000147640000,0x0000000147c4f160,0x0000000147c50000)
  to   space 9472K, 0% used [0x000000014d080000,0x000000014d080000,0x000000014d9c0000)
 ParOldGen       total 55360K, used 12349K [0x000000010c3e0000, 0x000000010f9f0000, 0x0000000142540000)
  object space 55360K, 22% used [0x000000010c3e0000,0x000000010cfef6d0,0x000000010f9f0000)
 PSPermGen       total 21248K, used 18508K [0x00000001071e0000, 0x00000001086a0000, 0x000000010c3e0000)
  object space 21248K, 87% used [0x00000001071e0000,0x00000001083f3050,0x00000001086a0000)
Event: 4.221 GC heap after
Heap after GC invocations=8 (full 0):
 PSYoungGen      total 172672K, used 9452K [0x0000000142540000, 0x000000014df00000, 0x000000015d5e0000)
  eden space 163200K, 0% used [0x0000000142540000,0x0000000142540000,0x000000014c4a0000)
  from space 9472K, 99% used [0x000000014d080000,0x000000014d9bb190,0x000000014d9c0000)
  to   space 12160K, 0% used [0x000000014c4a0000,0x000000014c4a0000,0x000000014d080000)
 ParOldGen       total 55360K, used 15849K [0x000000010c3e0000, 0x000000010f9f0000, 0x0000000142540000)
  object space 55360K, 28% used [0x000000010c3e0000,0x000000010d35a418,0x000000010f9f0000)
 PSPermGen       total 21248K, used 18508K [0x00000001071e0000, 0x00000001086a0000, 0x000000010c3e0000)
  object space 21248K, 87% used [0x00000001071e0000,0x00000001083f3050,0x00000001086a0000)
}
Event: 5.836 GC heap before
{Heap before GC invocations=9 (full 0):
 PSYoungGen      total 172672K, used 172652K [0x0000000142540000, 0x000000014df00000, 0x000000015d5e0000)
  eden space 163200K, 100% used [0x0000000142540000,0x000000014c4a0000,0x000000014c4a0000)
  from space 9472K, 99% used [0x000000014d080000,0x000000014d9bb190,0x000000014d9c0000)
  to   space 12160K, 0% used [0x000000014c4a0000,0x000000014c4a0000,0x000000014d080000)
 ParOldGen       total 55360K, used 15849K [0x000000010c3e0000, 0x000000010f9f0000, 0x0000000142540000)
  object space 55360K, 28% used [0x000000010c3e0000,0x000000010d35a418,0x000000010f9f0000)
 PSPermGen       total 29504K, used 29336K [0x00000001071e0000, 0x0000000108eb0000, 0x000000010c3e0000)
  object space 29504K, 99% used [0x00000001071e0000,0x0000000108e86018,0x0000000108eb0000)
Event: 5.858 GC heap after
Heap after GC invocations=9 (full 0):
 PSYoungGen      total 175360K, used 12133K [0x0000000142540000, 0x00000001542c0000, 0x000000015d5e0000)
  eden space 163200K, 0% used [0x0000000142540000,0x0000000142540000,0x000000014c4a0000)
  from space 12160K, 99% used [0x000000014c4a0000,0x000000014d0797e0,0x000000014d080000)
  to   space 15616K, 0% used [0x0000000153380000,0x0000000153380000,0x00000001542c0000)
 ParOldGen       total 55360K, used 20423K [0x000000010c3e0000, 0x000000010f9f0000, 0x0000000142540000)
  object space 55360K, 36% used [0x000000010c3e0000,0x000000010d7d1d58,0x000000010f9f0000)
 PSPermGen       total 29504K, used 29336K [0x00000001071e0000, 0x0000000108eb0000, 0x000000010c3e0000)
  object space 29504K, 99% used [0x00000001071e0000,0x0000000108e86018,0x0000000108eb0000)
}
Event: 6.624 GC heap before
{Heap before GC invocations=10 (full 0):
 PSYoungGen      total 175360K, used 175333K [0x0000000142540000, 0x00000001542c0000, 0x000000015d5e0000)
  eden space 163200K, 100% used [0x0000000142540000,0x000000014c4a0000,0x000000014c4a0000)
  from space 12160K, 99% used [0x000000014c4a0000,0x000000014d0797e0,0x000000014d080000)
  to   space 15616K, 0% used [0x0000000153380000,0x0000000153380000,0x00000001542c0000)
 ParOldGen       total 55360K, used 20423K [0x000000010c3e0000, 0x000000010f9f0000, 0x0000000142540000)
  object space 55360K, 36% used [0x000000010c3e0000,0x000000010d7d1d58,0x000000010f9f0000)
 PSPermGen       total 32384K, used 32326K [0x00000001071e0000, 0x0000000109180000, 0x000000010c3e0000)
  object space 32384K, 99% used [0x00000001071e0000,0x0000000109171a18,0x0000000109180000)
Event: 6.650 GC heap after
Heap after GC invocations=10 (full 0):
 PSYoungGen      total 275136K, used 14258K [0x0000000142540000, 0x00000001545e0000, 0x000000015d5e0000)
  eden space 259520K, 0% used [0x0000000142540000,0x0000000142540000,0x00000001522b0000)
  from space 15616K, 91% used [0x0000000153380000,0x000000015416ca90,0x00000001542c0000)
  to   space 17216K, 0% used [0x00000001522b0000,0x00000001522b0000,0x0000000153380000)
 ParOldGen       total 55360K, used 26272K [0x000000010c3e0000, 0x000000010f9f0000, 0x0000000142540000)
  object space 55360K, 47% used [0x000000010c3e0000,0x000000010dd88030,0x000000010f9f0000)
 PSPermGen       total 32384K, used 32326K [0x00000001071e0000, 0x0000000109180000, 0x000000010c3e0000)
  object space 32384K, 99% used [0x00000001071e0000,0x0000000109171a18,0x0000000109180000)
}
Event: 8.689 GC heap before
{Heap before GC invocations=11 (full 0):
 PSYoungGen      total 275136K, used 273778K [0x0000000142540000, 0x00000001545e0000, 0x000000015d5e0000)
  eden space 259520K, 100% used [0x0000000142540000,0x00000001522b0000,0x00000001522b0000)
  from space 15616K, 91% used [0x0000000153380000,0x000000015416ca90,0x00000001542c0000)
  to   space 17216K, 0% used [0x00000001522b0000,0x00000001522b0000,0x0000000153380000)
 ParOldGen       total 55360K, used 26272K [0x000000010c3e0000, 0x000000010f9f0000, 0x0000000142540000)
  object space 55360K, 47% used [0x000000010c3e0000,0x000000010dd88030,0x000000010f9f0000)
 PSPermGen       total 54464K, used 54278K [0x00000001071e0000, 0x000000010a710000, 0x000000010c3e0000)
  object space 54464K, 99% used [0x00000001071e0000,0x000000010a6e19e8,0x000000010a710000)
Event: 8.718 GC heap after
Heap after GC invocations=11 (full 0):
 PSYoungGen      total 276736K, used 15452K [0x0000000142540000, 0x000000015d5e0000, 0x000000015d5e0000)
  eden space 259520K, 0% used [0x0000000142540000,0x0000000142540000,0x00000001522b0000)
  from space 17216K, 89% used [0x00000001522b0000,0x00000001531c7320,0x0000000153380000)
  to   space 18944K, 0% used [0x000000015c360000,0x000000015c360000,0x000000015d5e0000)
 ParOldGen       total 55360K, used 38707K [0x000000010c3e0000, 0x000000010f9f0000, 0x0000000142540000)
  object space 55360K, 69% used [0x000000010c3e0000,0x000000010e9acdf8,0x000000010f9f0000)
 PSPermGen       total 54464K, used 54278K [0x00000001071e0000, 0x000000010a710000, 0x000000010c3e0000)
  object space 54464K, 99% used [0x00000001071e0000,0x000000010a6e19e8,0x000000010a710000)
}

Deoptimization events (10 events):
Event: 8.668 Thread 0x00007feb31f03000 Uncommon trap -34 fr.pc 0x0000000104192dcc
Event: 8.774 Thread 0x00007feb311a6000 Uncommon trap 51 fr.pc 0x0000000104193958
Event: 8.777 Thread 0x00007feb311a6000 Uncommon trap -42 fr.pc 0x000000010433b85c
Event: 8.777 Thread 0x00007feb311a6000 Uncommon trap -42 fr.pc 0x000000010433b85c
Event: 8.911 Thread 0x00007feb311a6000 Uncommon trap -34 fr.pc 0x000000010432eee0
Event: 8.911 Thread 0x00007feb311a6000 Uncommon trap -34 fr.pc 0x000000010432eee0
Event: 8.912 Thread 0x00007feb311a6000 Uncommon trap -34 fr.pc 0x000000010432eee0
Event: 8.956 Thread 0x00007feb311a6000 Uncommon trap -42 fr.pc 0x00000001041da9a4
Event: 9.034 Thread 0x00007feb317f4800 Uncommon trap -83 fr.pc 0x0000000104253110
Event: 9.265 Thread 0x00007feb311a6000 Uncommon trap -42 fr.pc 0x00000001041da9a4

Internal exceptions (10 events):
Event: 9.018 Thread 0x00007feb317f4800 Threw 0x0000000142ce34c8 at /HUDSON/workspace/jdk7u10-2-build-macosx-amd64-product/jdk7u10/hotspot/src/share/vm/prims/jvm.cpp:1166
Event: 9.223 Thread 0x00007feb3181b800 Threw 0x00000001427d0168 at /HUDSON/workspace/jdk7u10-2-build-macosx-amd64-product/jdk7u10/hotspot/src/share/vm/prims/jvm.cpp:1166
Event: 9.223 Thread 0x00007feb3181b800 Threw 0x00000001427d25f0 at /HUDSON/workspace/jdk7u10-2-build-macosx-amd64-product/jdk7u10/hotspot/src/share/vm/prims/jvm.cpp:1166
Event: 9.224 Thread 0x00007feb3181b800 Threw 0x00000001427dd120 at /HUDSON/workspace/jdk7u10-2-build-macosx-amd64-product/jdk7u10/hotspot/src/share/vm/prims/jvm.cpp:1166
Event: 9.224 Thread 0x00007feb3181b800 Threw 0x00000001427df0b8 at /HUDSON/workspace/jdk7u10-2-build-macosx-amd64-product/jdk7u10/hotspot/src/share/vm/prims/jvm.cpp:1166
Event: 9.224 Thread 0x00007feb3181b800 Threw 0x00000001427e52d0 at /HUDSON/workspace/jdk7u10-2-build-macosx-amd64-product/jdk7u10/hotspot/src/share/vm/prims/jvm.cpp:1166
Event: 9.224 Thread 0x00007feb3181b800 Threw 0x00000001427e7320 at /HUDSON/workspace/jdk7u10-2-build-macosx-amd64-product/jdk7u10/hotspot/src/share/vm/prims/jvm.cpp:1166
Event: 9.292 Thread 0x00007feb3181b800 Threw 0x000000014284ce50 at /HUDSON/workspace/jdk7u10-2-build-macosx-amd64-product/jdk7u10/hotspot/src/share/vm/prims/jvm.cpp:1166
Event: 9.292 Thread 0x00007feb3181b800 Threw 0x000000014284ec78 at /HUDSON/workspace/jdk7u10-2-build-macosx-amd64-product/jdk7u10/hotspot/src/share/vm/prims/jvm.cpp:1166
Event: 9.295 Thread 0x00007feb3181b800 Threw 0x0000000142859ab0 at /HUDSON/workspace/jdk7u10-2-build-macosx-amd64-product/jdk7u10/hotspot/src/share/vm/prims/jni.cpp:1597

Events (10 events):
Event: 9.235 Executing VM operation: RevokeBias done
Event: 9.244 Thread 0x00007feb32805000 flushing nmethod 0x00000001043dc1d0
Event: 9.253 Thread 0x00007feb32806800 flushing nmethod 0x0000000104437d10
Event: 9.265 Thread 0x00007feb311a6000 DEOPT PACKING pc=0x00000001041da9a4 sp=0x000000016980f170
Event: 9.265 Thread 0x00007feb311a6000 DEOPT UNPACKING pc=0x000000010413a145 sp=0x000000016980f148 mode 2
Event: 9.268 loading class 0x00007feb3202a470
Event: 9.269 loading class 0x00007feb3202a470 done
Event: 9.282 Thread 0x00007feb311cb000 Thread added: 0x00007feb311cb000
Event: 9.291 loading class 0x00007feb3b0ba4c0
Event: 9.291 loading class 0x00007feb3b0ba4c0 done


Dynamic libraries:
0x0000000004947000 	/System/Library/Frameworks/Cocoa.framework/Versions/A/Cocoa
0x0000000004947000 	/System/Library/Frameworks/Security.framework/Versions/A/Security
0x0000000004947000 	/System/Library/Frameworks/ApplicationServices.framework/Versions/A/ApplicationServices
0x0000000004947000 	/usr/lib/libz.1.dylib
0x0000000004947000 	/usr/lib/libSystem.B.dylib
0x0000000004947000 	/usr/lib/libobjc.A.dylib
0x0000000004947000 	/System/Library/Frameworks/CoreFoundation.framework/Versions/A/CoreFoundation
0x0000000004947000 	/System/Library/Frameworks/AppKit.framework/Versions/C/AppKit
0x0000000004947000 	/System/Library/Frameworks/CoreData.framework/Versions/A/CoreData
0x0000000004947000 	/System/Library/Frameworks/Foundation.framework/Versions/C/Foundation
0x0000000004947000 	/System/Library/PrivateFrameworks/RemoteViewServices.framework/Versions/A/RemoteViewServices
0x0000000004947000 	/System/Library/Frameworks/AudioToolbox.framework/Versions/A/AudioToolbox
0x0000000004947000 	/System/Library/Frameworks/AudioUnit.framework/Versions/A/AudioUnit
0x0000000004947000 	/System/Library/PrivateFrameworks/DataDetectorsCore.framework/Versions/A/DataDetectorsCore
0x0000000004947000 	/System/Library/PrivateFrameworks/DesktopServicesPriv.framework/Versions/A/DesktopServicesPriv
0x0000000004947000 	/System/Library/Frameworks/Carbon.framework/Versions/A/Frameworks/HIToolbox.framework/Versions/A/HIToolbox
0x0000000004947000 	/System/Library/Frameworks/QuartzCore.framework/Versions/A/QuartzCore
0x0000000004947000 	/System/Library/Frameworks/Carbon.framework/Versions/A/Frameworks/SpeechRecognition.framework/Versions/A/SpeechRecognition
0x0000000004947000 	/usr/lib/libauto.dylib
0x0000000004947000 	/usr/lib/libicucore.A.dylib
0x0000000004947000 	/usr/lib/libxml2.2.dylib
0x0000000004947000 	/System/Library/PrivateFrameworks/CoreUI.framework/Versions/A/CoreUI
0x0000000004947000 	/System/Library/Frameworks/CoreAudio.framework/Versions/A/CoreAudio
0x0000000004947000 	/System/Library/Frameworks/DiskArbitration.framework/Versions/A/DiskArbitration
0x0000000004947000 	/usr/lib/liblangid.dylib
0x0000000004947000 	/System/Library/PrivateFrameworks/MultitouchSupport.framework/Versions/A/MultitouchSupport
0x0000000004947000 	/System/Library/Frameworks/IOKit.framework/Versions/A/IOKit
0x0000000004947000 	/usr/lib/libDiagnosticMessagesClient.dylib
0x0000000004947000 	/System/Library/Frameworks/CoreServices.framework/Versions/A/CoreServices
0x0000000004947000 	/System/Library/PrivateFrameworks/PerformanceAnalysis.framework/Versions/A/PerformanceAnalysis
0x0000000004947000 	/System/Library/PrivateFrameworks/GenerationalStorage.framework/Versions/A/GenerationalStorage
0x0000000004947000 	/System/Library/Frameworks/OpenGL.framework/Versions/A/OpenGL
0x0000000004947000 	/System/Library/Frameworks/CoreServices.framework/Versions/A/Frameworks/CFNetwork.framework/Versions/A/CFNetwork
0x0000000004947000 	/System/Library/Frameworks/SystemConfiguration.framework/Versions/A/SystemConfiguration
0x0000000004947000 	/usr/lib/libCRFSuite.dylib
0x0000000004947000 	/usr/lib/libc++.1.dylib
0x0000000004947000 	/usr/lib/libstdc++.6.dylib
0x0000000004947000 	/usr/lib/libc++abi.dylib
0x0000000004947000 	/usr/lib/system/libcache.dylib
0x0000000004947000 	/usr/lib/system/libcommonCrypto.dylib
0x0000000004947000 	/usr/lib/system/libcompiler_rt.dylib
0x0000000004947000 	/usr/lib/system/libcopyfile.dylib
0x0000000004947000 	/usr/lib/system/libdispatch.dylib
0x0000000004947000 	/usr/lib/system/libdnsinfo.dylib
0x0000000004947000 	/usr/lib/system/libdyld.dylib
0x0000000004947000 	/usr/lib/system/libkeymgr.dylib
0x0000000004947000 	/usr/lib/system/liblaunch.dylib
0x0000000004947000 	/usr/lib/system/libmacho.dylib
0x0000000004947000 	/usr/lib/system/libmathCommon.A.dylib
0x0000000004947000 	/usr/lib/system/libquarantine.dylib
0x0000000004947000 	/usr/lib/system/libremovefile.dylib
0x0000000004947000 	/usr/lib/system/libsystem_blocks.dylib
0x0000000004947000 	/usr/lib/system/libsystem_c.dylib
0x0000000004947000 	/usr/lib/system/libsystem_dnssd.dylib
0x0000000004947000 	/usr/lib/system/libsystem_info.dylib
0x0000000004947000 	/usr/lib/system/libsystem_kernel.dylib
0x0000000004947000 	/usr/lib/system/libsystem_network.dylib
0x0000000004947000 	/usr/lib/system/libsystem_notify.dylib
0x0000000004947000 	/usr/lib/system/libsystem_sandbox.dylib
0x0000000004947000 	/usr/lib/system/libunc.dylib
0x0000000004947000 	/usr/lib/system/libunwind.dylib
0x0000000004947000 	/usr/lib/system/libxpc.dylib
0x0000000004947000 	/usr/lib/libbsm.0.dylib
0x0000000004947000 	/usr/lib/libsqlite3.dylib
0x0000000004947000 	/usr/lib/libOpenScriptingUtil.dylib
0x0000000004947000 	/usr/lib/libpam.2.dylib
0x0000000004947000 	/usr/lib/libxar-nossl.dylib
0x0000000004947000 	/usr/lib/libbz2.1.0.dylib
0x0000000004947000 	/System/Library/Frameworks/CoreServices.framework/Versions/A/Frameworks/CarbonCore.framework/Versions/A/CarbonCore
0x0000000004947000 	/System/Library/Frameworks/CoreServices.framework/Versions/A/Frameworks/Metadata.framework/Versions/A/Metadata
0x0000000004947000 	/System/Library/Frameworks/CoreServices.framework/Versions/A/Frameworks/OSServices.framework/Versions/A/OSServices
0x0000000004947000 	/System/Library/Frameworks/CoreServices.framework/Versions/A/Frameworks/SearchKit.framework/Versions/A/SearchKit
0x0000000004947000 	/System/Library/Frameworks/CoreServices.framework/Versions/A/Frameworks/AE.framework/Versions/A/AE
0x0000000004947000 	/System/Library/Frameworks/CoreServices.framework/Versions/A/Frameworks/LaunchServices.framework/Versions/A/LaunchServices
0x0000000004947000 	/System/Library/Frameworks/CoreServices.framework/Versions/A/Frameworks/DictionaryServices.framework/Versions/A/DictionaryServices
0x0000000004947000 	/System/Library/Frameworks/NetFS.framework/Versions/A/NetFS
0x0000000004947000 	/usr/lib/system/libkxld.dylib
0x0000000004947000 	/System/Library/PrivateFrameworks/NetAuth.framework/Versions/A/NetAuth
0x0000000004947000 	/usr/lib/libcrypto.0.9.8.dylib
0x0000000004947000 	/System/Library/PrivateFrameworks/TrustEvaluationAgent.framework/Versions/A/TrustEvaluationAgent
0x0000000004947000 	/System/Library/Frameworks/OpenDirectory.framework/Versions/A/Frameworks/CFOpenDirectory.framework/Versions/A/CFOpenDirectory
0x0000000004947000 	/usr/lib/libxslt.1.dylib
0x0000000004947000 	/System/Library/PrivateFrameworks/FamilyControls.framework/Versions/A/FamilyControls
0x0000000004947000 	/System/Library/Frameworks/Carbon.framework/Versions/A/Frameworks/Ink.framework/Versions/A/Ink
0x0000000004947000 	/System/Library/Frameworks/ApplicationServices.framework/Versions/A/Frameworks/CoreGraphics.framework/Versions/A/CoreGraphics
0x0000000004947000 	/System/Library/Frameworks/ApplicationServices.framework/Versions/A/Frameworks/ImageIO.framework/Versions/A/ImageIO
0x0000000004947000 	/System/Library/Frameworks/ApplicationServices.framework/Versions/A/Frameworks/CoreText.framework/Versions/A/CoreText
0x0000000004947000 	/System/Library/Frameworks/ApplicationServices.framework/Versions/A/Frameworks/ATS.framework/Versions/A/ATS
0x0000000004947000 	/System/Library/Frameworks/ApplicationServices.framework/Versions/A/Frameworks/ColorSync.framework/Versions/A/ColorSync
0x0000000004947000 	/System/Library/Frameworks/ApplicationServices.framework/Versions/A/Frameworks/HIServices.framework/Versions/A/HIServices
0x0000000004947000 	/System/Library/Frameworks/ApplicationServices.framework/Versions/A/Frameworks/LangAnalysis.framework/Versions/A/LangAnalysis
0x0000000004947000 	/System/Library/Frameworks/ApplicationServices.framework/Versions/A/Frameworks/PrintCore.framework/Versions/A/PrintCore
0x0000000004947000 	/System/Library/Frameworks/ApplicationServices.framework/Versions/A/Frameworks/QD.framework/Versions/A/QD
0x0000000004947000 	/System/Library/Frameworks/ApplicationServices.framework/Versions/A/Frameworks/SpeechSynthesis.framework/Versions/A/SpeechSynthesis
0x0000000004947000 	/System/Library/Frameworks/IOSurface.framework/Versions/A/IOSurface
0x0000000004947000 	/System/Library/Frameworks/Accelerate.framework/Versions/A/Accelerate
0x0000000004947000 	/System/Library/Frameworks/ApplicationServices.framework/Versions/A/Frameworks/ImageIO.framework/Versions/A/Resources/libJPEG.dylib
0x0000000004947000 	/System/Library/Frameworks/ApplicationServices.framework/Versions/A/Frameworks/ImageIO.framework/Versions/A/Resources/libTIFF.dylib
0x0000000004947000 	/System/Library/Frameworks/ApplicationServices.framework/Versions/A/Frameworks/ImageIO.framework/Versions/A/Resources/libPng.dylib
0x0000000004947000 	/System/Library/Frameworks/ApplicationServices.framework/Versions/A/Frameworks/ImageIO.framework/Versions/A/Resources/libGIF.dylib
0x0000000004947000 	/System/Library/Frameworks/ApplicationServices.framework/Versions/A/Frameworks/ImageIO.framework/Versions/A/Resources/libJP2.dylib
0x0000000004947000 	/System/Library/Frameworks/ApplicationServices.framework/Versions/A/Frameworks/ImageIO.framework/Versions/A/Resources/libRadiance.dylib
0x0000000004947000 	/System/Library/Frameworks/Accelerate.framework/Versions/A/Frameworks/vImage.framework/Versions/A/vImage
0x0000000004947000 	/System/Library/Frameworks/Accelerate.framework/Versions/A/Frameworks/vecLib.framework/Versions/A/vecLib
0x0000000004947000 	/System/Library/Frameworks/Accelerate.framework/Versions/A/Frameworks/vecLib.framework/Versions/A/libvDSP.dylib
0x0000000004947000 	/System/Library/Frameworks/Accelerate.framework/Versions/A/Frameworks/vecLib.framework/Versions/A/libvMisc.dylib
0x0000000004947000 	/System/Library/Frameworks/Accelerate.framework/Versions/A/Frameworks/vecLib.framework/Versions/A/libLAPACK.dylib
0x0000000004947000 	/System/Library/Frameworks/Accelerate.framework/Versions/A/Frameworks/vecLib.framework/Versions/A/libBLAS.dylib
0x0000000004947000 	/System/Library/Frameworks/ApplicationServices.framework/Versions/A/Frameworks/ATS.framework/Versions/A/Resources/libFontParser.dylib
0x0000000004947000 	/System/Library/Frameworks/ApplicationServices.framework/Versions/A/Frameworks/ATS.framework/Versions/A/Resources/libFontRegistry.dylib
0x0000000004947000 	/usr/lib/libcups.2.dylib
0x0000000004947000 	/System/Library/Frameworks/Kerberos.framework/Versions/A/Kerberos
0x0000000004947000 	/System/Library/Frameworks/GSS.framework/Versions/A/GSS
0x0000000004947000 	/usr/lib/libresolv.9.dylib
0x0000000004947000 	/usr/lib/libiconv.2.dylib
0x0000000004947000 	/System/Library/PrivateFrameworks/Heimdal.framework/Versions/A/Heimdal
0x0000000004947000 	/System/Library/Frameworks/OpenDirectory.framework/Versions/A/OpenDirectory
0x0000000004947000 	/System/Library/PrivateFrameworks/CommonAuth.framework/Versions/A/CommonAuth
0x0000000004947000 	/System/Library/Frameworks/CoreVideo.framework/Versions/A/CoreVideo
0x0000000004947000 	/System/Library/Frameworks/QuartzCore.framework/Versions/A/Frameworks/CoreImage.framework/Versions/A/CoreImage
0x0000000004947000 	/System/Library/Frameworks/QuartzCore.framework/Versions/A/Frameworks/ScalableUserInterface.framework/Versions/A/ScalableUserInterface
0x0000000004947000 	/System/Library/Frameworks/OpenGL.framework/Versions/A/Libraries/libGLU.dylib
0x0000000004947000 	/System/Library/Frameworks/OpenGL.framework/Versions/A/Libraries/libGFXShared.dylib
0x0000000004947000 	/System/Library/Frameworks/OpenGL.framework/Versions/A/Libraries/libGL.dylib
0x0000000004947000 	/System/Library/Frameworks/OpenGL.framework/Versions/A/Libraries/libGLImage.dylib
0x0000000004947000 	/System/Library/Frameworks/OpenGL.framework/Versions/A/Libraries/libCVMSPluginSupport.dylib
0x0000000004947000 	/System/Library/Frameworks/OpenGL.framework/Versions/A/Libraries/libCoreVMClient.dylib
0x0000000004947000 	/System/Library/Frameworks/OpenCL.framework/Versions/A/OpenCL
0x0000000004947000 	/System/Library/PrivateFrameworks/FaceCoreLight.framework/Versions/A/FaceCoreLight
0x0000000004947000 	/System/Library/Frameworks/vecLib.framework/Versions/A/vecLib
0x0000000004947000 	/System/Library/Frameworks/SecurityFoundation.framework/Versions/A/SecurityFoundation
0x0000000004947000 	/System/Library/PrivateFrameworks/CommerceKit.framework/Versions/A/Frameworks/CommerceCore.framework/Versions/A/CommerceCore
0x0000000004947000 	/System/Library/PrivateFrameworks/CoreSymbolication.framework/Versions/A/CoreSymbolication
0x0000000004947000 	/System/Library/PrivateFrameworks/Symbolication.framework/Versions/A/Symbolication
0x0000000004947000 	/System/Library/PrivateFrameworks/DebugSymbols.framework/Versions/A/DebugSymbols
0x000000010349a000 	/Library/Java/JavaVirtualMachines/jdk1.7.0_10.jdk/Contents/Home/jre/lib/server/libjvm.dylib
0x0000000104072000 	/Library/Java/JavaVirtualMachines/jdk1.7.0_10.jdk/Contents/Home/jre/lib/libverify.dylib
0x000000010407f000 	/Library/Java/JavaVirtualMachines/jdk1.7.0_10.jdk/Contents/Home/jre/lib/libjava.dylib
0x00000001040af000 	/Library/Java/JavaVirtualMachines/jdk1.7.0_10.jdk/Contents/Home/jre/lib/libjdwp.dylib
0x00000001040ec000 	/Library/Java/JavaVirtualMachines/jdk1.7.0_10.jdk/Contents/Home/jre/lib/./libnpt.dylib
0x00000001040f8000 	/Library/Java/JavaVirtualMachines/jdk1.7.0_10.jdk/Contents/Home/jre/lib/libzip.dylib
0x0000000163a17000 	/System/Library/Frameworks/JavaVM.framework/Frameworks/JavaRuntimeSupport.framework/JavaRuntimeSupport
0x0000000163a2f000 	/System/Library/Frameworks/JavaVM.framework/Versions/A/Frameworks/JavaNativeFoundation.framework/Versions/A/JavaNativeFoundation
0x00000001071c2000 	/System/Library/Frameworks/JavaVM.framework/Versions/A/JavaVM
0x0000000004947000 	/System/Library/Frameworks/Carbon.framework/Versions/A/Carbon
0x0000000163a44000 	/System/Library/PrivateFrameworks/JavaLaunching.framework/Versions/A/JavaLaunching
0x0000000004947000 	/System/Library/Frameworks/Carbon.framework/Versions/A/Frameworks/CommonPanels.framework/Versions/A/CommonPanels
0x0000000004947000 	/System/Library/Frameworks/Carbon.framework/Versions/A/Frameworks/Help.framework/Versions/A/Help
0x0000000004947000 	/System/Library/Frameworks/Carbon.framework/Versions/A/Frameworks/ImageCapture.framework/Versions/A/ImageCapture
0x0000000004947000 	/System/Library/Frameworks/Carbon.framework/Versions/A/Frameworks/OpenScripting.framework/Versions/A/OpenScripting
0x0000000004947000 	/System/Library/Frameworks/Carbon.framework/Versions/A/Frameworks/Print.framework/Versions/A/Print
0x0000000004947000 	/System/Library/Frameworks/Carbon.framework/Versions/A/Frameworks/SecurityHI.framework/Versions/A/SecurityHI
0x0000000163d14000 	/Library/Java/JavaVirtualMachines/jdk1.7.0_10.jdk/Contents/Home/jre/lib/libdt_socket.dylib
0x000000016448c000 	/Library/Java/JavaVirtualMachines/jdk1.7.0_10.jdk/Contents/Home/jre/lib/libnio.dylib
0x000000016449b000 	/Library/Java/JavaVirtualMachines/jdk1.7.0_10.jdk/Contents/Home/jre/lib/./libnet.dylib
0x0000000164cb0000 	/Library/Java/JavaVirtualMachines/jdk1.7.0_10.jdk/Contents/Home/jre/lib/libawt.dylib
0x0000000164d5f000 	/Library/Java/JavaVirtualMachines/jdk1.7.0_10.jdk/Contents/Home/jre/lib/./libmlib_image.dylib
0x0000000164e2b000 	/Library/Java/JavaVirtualMachines/jdk1.7.0_10.jdk/Contents/Home/jre/lib/lwawt/liblwawt.dylib
0x0000000164edd000 	/Library/Java/JavaVirtualMachines/jdk1.7.0_10.jdk/Contents/Home/jre/lib/server/../libosxapp.dylib
0x0000000164ef9000 	/System/Library/Frameworks/ExceptionHandling.framework/Versions/A/ExceptionHandling
0x0000000004947000 	/System/Library/PrivateFrameworks/CoreServicesInternal.framework/Versions/A/CoreServicesInternal
0x0000000004947000 	/System/Library/Frameworks/ApplicationServices.framework/Versions/A/Frameworks/CoreGraphics.framework/Versions/A/Resources/libCSync.A.dylib
0x0000000004947000 	/System/Library/Frameworks/ApplicationServices.framework/Versions/A/Frameworks/CoreGraphics.framework/Versions/A/Resources/libRIP.A.dylib
0x0000000004947000 	/System/Library/Frameworks/ApplicationServices.framework/Versions/A/Frameworks/CoreGraphics.framework/Versions/A/Resources/libCGXType.A.dylib
0x0000000168a0a000 	/System/Library/Frameworks/OpenGL.framework/Resources/GLEngine.bundle/GLEngine
0x0000000168bf9000 	/System/Library/Frameworks/OpenGL.framework/Versions/A/Libraries/libGLProgrammability.dylib
0x0000000168d85000 	/System/Library/Extensions/ATIRadeonX3000GLDriver.bundle/Contents/MacOS/ATIRadeonX3000GLDriver
0x00000001662dc000 	/System/Library/PrivateFrameworks/GPUSupport.framework/Versions/A/Libraries/libGPUSupport.dylib
0x0000000169095000 	/System/Library/Extensions/AppleIntelHD3000GraphicsGLDriver.bundle/Contents/MacOS/AppleIntelHD3000GraphicsGLDriver
0x0000000166328000 	/System/Library/Frameworks/OpenGL.framework/Resources//GLRendererFloat.bundle/GLRendererFloat
0x00000001662f1000 	/System/Library/Frameworks/OpenCL.framework/Versions/A/Libraries/libcldcpuengine.dylib
0x0000000004947000 	/System/Library/PrivateFrameworks/DiskImages.framework/Versions/A/DiskImages
0x0000000166301000 	/System/Library/Frameworks/OpenGL.framework/Versions/A/Libraries/libCoreFSCache.dylib
0x0000000004947000 	/System/Library/Frameworks/DiscRecording.framework/Versions/A/DiscRecording
0x0000000004947000 	/usr/lib/libcurl.4.dylib
0x0000000004947000 	/System/Library/PrivateFrameworks/MediaKit.framework/Versions/A/MediaKit
0x0000000004947000 	/usr/lib/libssl.0.9.8.dylib
0x0000000004947000 	/System/Library/Frameworks/LDAP.framework/Versions/A/LDAP
0x0000000004947000 	/usr/lib/libsasl2.2.dylib
0x00000001696c5000 	/Library/Java/JavaVirtualMachines/jdk1.7.0_10.jdk/Contents/Home/jre/lib/libfontmanager.dylib
0x0000000164583000 	/Applications/NetBeans/NetBeans 7.3 Beta 2.app/Contents/Resources/NetBeans/platform/modules/lib/libjnidispatch-340.jnilib
0x0000000164597000 	/Library/Java/JavaVirtualMachines/jdk1.7.0_10.jdk/Contents/Home/jre/lib/libosxui.dylib
0x000000016aa03000 	/Library/Java/JavaVirtualMachines/jdk1.7.0_10.jdk/Contents/Home/jre/lib/libkcms.dylib
0x0000000163b65000 	/Library/Java/Extensions/librxtxSerial.jnilib
0x00000001649de000 	/Users/chaselaurendine/Documents/SvnProjects/NerduinoIDE/Nerduino-host/build/cluster/modules/bin/libmat.jnilib
0x000000012bfd7000 	/System/Library/Frameworks/GLUT.framework/Versions/A/GLUT
0x0000000004947000 	/System/Library/Frameworks/QTKit.framework/Versions/A/QTKit
0x0000000004947000 	/System/Library/Frameworks/CoreMedia.framework/Versions/A/CoreMedia
0x0000000004947000 	/System/Library/PrivateFrameworks/MediaToolbox.framework/Versions/A/MediaToolbox
0x0000000004947000 	/System/Library/PrivateFrameworks/VideoToolbox.framework/Versions/A/VideoToolbox
0x0000000004947000 	/System/Library/PrivateFrameworks/CoreMediaAuthoring.framework/Versions/A/CoreMediaAuthoring
0x0000000004947000 	/System/Library/Frameworks/CoreMediaIO.framework/Versions/A/CoreMediaIO
0x0000000004947000 	/System/Library/PrivateFrameworks/CoreAUC.framework/Versions/A/CoreAUC
0x0000000004947000 	/System/Library/PrivateFrameworks/AppleVA.framework/Versions/A/AppleVA
0x0000000170579000 	/Users/chaselaurendine/Documents/SvnProjects/NerduinoIDE/Nerduino-host/build/cluster/modules/bin/libWebPaneJava.dylib
0x000000016a51f000 	/Users/chaselaurendine/Documents/SvnProjects/NerduinoIDE/Nerduino-host/build/cluster/modules/bin/libjavafx-font.jnilib
0x000000016453a000 	cl_kernels
0x00000001742d4000 	/System/Library/Frameworks/OpenCL.framework/Versions/A/Libraries/ImageFormats/unorm8_bgra.dylib
0x0000000164ad8000 	cl_kernels
0x000000016a5db000 	/Library/Java/JavaVirtualMachines/jdk1.7.0_10.jdk/Contents/Home/jre/lib/libdcpr.dylib
0x0000000004947000 	/System/Library/Frameworks/ApplicationServices.framework/Versions/A/Frameworks/ATS.framework/Versions/A/Resources/libTrueTypeScaler.dylib
0x0000000164a3e000 	/Library/Java/JavaVirtualMachines/jdk1.7.0_10.jdk/Contents/Home/jre/lib/libmanagement.dylib

VM Arguments:
jvm_args: -Djdk.home=/Library/Java/JavaVirtualMachines/jdk1.7.0_10.jdk/Contents/Home -Dnetbeans.system_http_proxy=DIRECT -Dnetbeans.system_http_non_proxy_hosts= -Dnetbeans.dirs=/Users/chaselaurendine/Documents/SvnProjects/NerduinoIDE/Nerduino-host/build/cluster:/Applications/NetBeans/NetBeans 7.3 Beta 2.app/Contents/Resources/NetBeans/harness:/Applications/NetBeans/NetBeans 7.3 Beta 2.app/Contents/Resources/NetBeans/ide:/Applications/NetBeans/NetBeans 7.3 Beta 2.app/Contents/Resources/NetBeans/java:/Applications/NetBeans/NetBeans 7.3 Beta 2.app/Contents/Resources/NetBeans/platform:/Applications/NetBeans/NetBeans 7.3 Beta 2.app/Contents/Resources/NetBeans/websvccommon:/Users/chaselaurendine/Documents/Downloads/nbribbon/PinkMatterRibbonPlatform -Dnetbeans.home=/Applications/NetBeans/NetBeans 7.3 Beta 2.app/Contents/Resources/NetBeans/platform -Dnetbeans.logger.console=true -ea -Xdebug -Xrunjdwp:transport=dt_socket,suspend=y,server=n,address=dsldevice:49351 -Dsun.awt.disableMixing=true -XX:+HeapDumpOnOutOfMemoryError -XX:HeapDumpPath=/Users/chaselaurendine/Documents/SvnProjects/NerduinoIDE/Nerduino-host/fxbrowser/../build/testuserdir/var/log/heapdump.hprof 
java_command: org.netbeans.Main --userdir /Users/chaselaurendine/Documents/SvnProjects/NerduinoIDE/Nerduino-host/fxbrowser/../build/testuserdir --branding nerduinoiot
Launcher Type: SUN_STANDARD

Environment Variables:
PATH=/usr/bin:/bin:/usr/sbin:/sbin
LD_LIBRARY_PATH=/Library/Java/JavaVirtualMachines/jdk1.7.0_10.jdk/Contents/Home/jre/lib/amd64:/Library/Java/JavaVirtualMachines/jdk1.7.0_10.jdk/Contents/Home/jre/lib/i386:/Library/Java/JavaVirtualMachines/jdk1.7.0_10.jdk/Contents/Home/jre/lib/amd64:/Library/Java/JavaVirtualMachines/jdk1.7.0_10.jdk/Contents/Home/jre/lib/i386:
SHELL=/bin/bash
DISPLAY=/tmp/launch-tHXbl9/org.macosforge.xquartz:0

Signal Handlers:
SIGSEGV: [libjvm.dylib+0x4a363d], sa_mask[0]=0xfffefeff, sa_flags=0x00000042
SIGBUS: [libjvm.dylib+0x4a363d], sa_mask[0]=0xfffefeff, sa_flags=0x00000042
SIGFPE: [libjvm.dylib+0x3b3051], sa_mask[0]=0xfffefeff, sa_flags=0x00000042
SIGPIPE: [libjvm.dylib+0x3b3051], sa_mask[0]=0xfffefeff, sa_flags=0x00000042
SIGXFSZ: [libjvm.dylib+0x3b3051], sa_mask[0]=0xfffefeff, sa_flags=0x00000042
SIGILL: [libjvm.dylib+0x3b3051], sa_mask[0]=0xfffefeff, sa_flags=0x00000042
SIGUSR1: SIG_DFL, sa_mask[0]=0x00000000, sa_flags=0x00000002
SIGUSR2: [libjvm.dylib+0x3b2bea], sa_mask[0]=0x00000004, sa_flags=0x00000042
SIGHUP: [libjvm.dylib+0x3b0e4b], sa_mask[0]=0xfffefeff, sa_flags=0x00000042
SIGINT: SIG_IGN, sa_mask[0]=0x00000000, sa_flags=0x00000000
SIGTERM: [libjvm.dylib+0x3b0e4b], sa_mask[0]=0xfffefeff, sa_flags=0x00000042
SIGQUIT: [libjvm.dylib+0x3b0e4b], sa_mask[0]=0xfffefeff, sa_flags=0x00000042


---------------  S Y S T E M  ---------------

OS:Bsduname:Darwin 11.4.2 Darwin Kernel Version 11.4.2: Thu Aug 23 16:25:48 PDT 2012; root:xnu-1699.32.7~1/RELEASE_X86_64 x86_64
rlimit: STACK 8192k, CORE 0k, NPROC 709, NOFILE 10240, AS infinity
load average:1.56 1.07 0.75

CPU:total 8 (4 cores per cpu, 2 threads per core) family 6 model 42 stepping 7, cmov, cx8, fxsr, mmx, sse, sse2, sse3, ssse3, sse4.1, sse4.2, popcnt, avx, ht, tsc, tscinvbit

Memory: 4k page, physical 5311116k(1327779k free)

/proc/meminfo:


vm_info: Java HotSpot(TM) 64-Bit Server VM (23.6-b04) for bsd-amd64 JRE (1.7.0_10-b18), built on Nov 28 2012 07:52:20 by "java_re" with gcc 4.2.1 (Based on Apple Inc. build 5658) (LLVM build 2336.9.00)

time: Thu May 16 08:14:33 2013
elapsed time: 9 seconds

