#
# A fatal error has been detected by the Java Runtime Environment:
#
#  SIGSEGV (0xb) at pc=0x0000000106e3ee89, pid=1152, tid=1799
#
# JRE version: 7.0_10-b18
# Java VM: Java HotSpot(TM) 64-Bit Server VM (23.6-b04 mixed mode bsd-amd64 compressed oops)
# Problematic frame:
# V  [libjvm.dylib+0x2a4e89]
#
# Failed to write core dump. Core dumps have been disabled. To enable core dumping, try "ulimit -c unlimited" before starting Java again
#
# If you would like to submit a bug report, please visit:
#   http://bugreport.sun.com/bugreport/crash.jsp
#

---------------  T H R E A D  ---------------

Current thread (0x00007ffb2a869800):  JavaThread "JavaFX Application Thread" daemon [_thread_in_vm, id=1799, stack(0x00007fff65d9e000,0x00007fff6659e000)]

siginfo:si_signo=SIGSEGV: si_errno=0, si_code=1 (SEGV_MAPERR), si_addr=0x0000000000000000

Registers:
RAX=0x00000001070860fc, RBX=0x00007fff665955c0, RCX=0x00007ffb2a869800, RDX=0x00007fff665955c0
RSP=0x00007fff665954d0, RBP=0x00007fff665954e0, RSI=0x0000000000000000, RDI=0x00007fff66595508
R8 =0x0000000000000000, R9 =0x0000000000000004, R10=0x0000000000000481, R11=0x00007ffb2900208e
R12=0x00007ffb2a869800, R13=0x00007fff66595508, R14=0x00007fff66595508, R15=0x00007ffb2a8699d8
RIP=0x0000000106e3ee89, EFLAGS=0x0000000000010297, ERR=0x0000000000000004
  TRAPNO=0x000000000000000e

Top of Stack: (sp=0x00007fff665954d0)
0x00007fff665954d0:   0000000000000000 00007ffb298d2cd0
0x00007fff665954e0:   00007fff665955b0 0000000106e2fcc4
0x00007fff665954f0:   00007fff66595550 0000000106fe72c5
0x00007fff66595500:   00007fff665955c0 0000000000000220
0x00007fff66595510:   00007fff665954b8 00007fff66595500
0x00007fff66595520:   0000000800000002 000020602a869801
0x00007fff66595530:   0000000000000000 00000001757d2e81
0x00007fff66595540:   00000001070860fc 00007ffb0000000c
0x00007fff66595550:   00007fff66595580 00007ffb2a869800
0x00007fff66595560:   0000000106a316c8 000000300000063d
0x00007fff66595570:   00000001070860fc 00007ffb2a869800
0x00007fff66595580:   00007ffb2a869800 00000000ffffffff
0x00007fff66595590:   00007ffb324ab258 00007ffb30e625a0
0x00007fff665955a0:   0000000000000000 0000000000000000
0x00007fff665955b0:   00007fff66595690 0000000174dae8c8
0x00007fff665955c0:   0000003000000018 00007fff665956a0
0x00007fff665955d0:   00007fff665955e0 00007fff66595668
0x00007fff665955e0:   0000000000000000 00007fff66595664
0x00007fff665955f0:   0001206800000100 00007ffb324ab258
0x00007fff66595600:   0000000000000000 0000000000000004
0x00007fff66595610:   0000000000001eb0 00007fff7536e730
0x00007fff66595620:   00007ffb324ab258 00007ffb30e625a0
0x00007fff66595630:   0000000000000000 0000000000000000
0x00007fff66595640:   00007fff66595680 00007fff8f23d6ab
0x00007fff66595650:   00007fff66595690 00007ffb2a869800
0x00007fff66595660:   000120682a8699d8 0000f9000000f900
0x00007fff66595670:   00007ffb2a8699d8 0000000000000000
0x00007fff66595680:   00007fff66595690 00007fff88d2ef29
0x00007fff66595690:   00007fff665957b0 0000000174e281a6
0x00007fff665956a0:   0000000000000125 0000000000000014
0x00007fff665956b0:   00000000ffffffff 0000000000000000
0x00007fff665956c0:   00007ffb2851c4f0 00007fff66595728 

Instructions: (pc=0x0000000106e3ee89)
0x0000000106e3ee69:   3e 00 48 83 c0 10 49 89 06 49 89 5e 28 5b 41 5e
0x0000000106e3ee79:   5d c3 90 55 48 89 e5 41 56 53 48 89 d3 49 89 fe
0x0000000106e3ee89:   48 8b 06 48 8b 48 10 48 8b 78 18 0f b7 71 42 e8
0x0000000106e3ee99:   b5 2a 21 00 48 89 c6 48 83 e6 fe 4c 89 f7 e8 64 

Register to memory mapping:

RAX=0x00000001070860fc: _ZZN16GenCollectedHeap16preload_and_dumpEP6ThreadE19map_entry_array_sig+0xfaac in /Library/Java/JavaVirtualMachines/jdk1.7.0_10.jdk/Contents/Home/jre/lib/server/libjvm.dylib at 0x0000000106b9a000
RBX=0x00007fff665955c0 is pointing into the stack for thread: 0x00007ffb2a869800
RCX=0x00007ffb2a869800 is a thread
RDX=0x00007fff665955c0 is pointing into the stack for thread: 0x00007ffb2a869800
RSP=0x00007fff665954d0 is pointing into the stack for thread: 0x00007ffb2a869800
RBP=0x00007fff665954e0 is pointing into the stack for thread: 0x00007ffb2a869800
RSI=0x0000000000000000 is an unknown value
RDI=0x00007fff66595508 is pointing into the stack for thread: 0x00007ffb2a869800
R8 =0x0000000000000000 is an unknown value
R9 =0x0000000000000004 is an unknown value
R10=0x0000000000000481 is an unknown value
R11=0x00007ffb2900208e is an unknown value
R12=0x00007ffb2a869800 is a thread
R13=0x00007fff66595508 is pointing into the stack for thread: 0x00007ffb2a869800
R14=0x00007fff66595508 is pointing into the stack for thread: 0x00007ffb2a869800
R15=0x00007ffb2a8699d8 is an unknown value


Stack: [0x00007fff65d9e000,0x00007fff6659e000],  sp=0x00007fff665954d0,  free space=8157k
Native frames: (J=compiled Java code, j=interpreted, Vv=VM code, C=native code)
V  [libjvm.dylib+0x2a4e89]
V  [libjvm.dylib+0x295cc4]
C  [libWebPaneJava.dylib+0x5378c8]  _ZN7JNIEnv_16CallObjectMethodEP8_jobjectP10_jmethodIDz+0x98
C  [libWebPaneJava.dylib+0x5b11a6]  _ZN7WebCore15RenderThemeJava11paintWidgetEiPNS_12RenderObjectERKNS_9PaintInfoERKNS_7IntRectE+0x1a6
C  [libWebPaneJava.dylib+0x5b19b4]  _ZN7WebCore15RenderThemeJava14paintTextFieldEPNS_12RenderObjectERKNS_9PaintInfoERKNS_7IntRectE+0x14
C  [libWebPaneJava.dylib+0x6ff896]  _ZN7WebCore11RenderTheme15paintBorderOnlyEPNS_12RenderObjectERKNS_9PaintInfoERKNS_7IntRectE+0x146
C  [libWebPaneJava.dylib+0x65dd5b]  _ZN7WebCore9RenderBox19paintBoxDecorationsERNS_9PaintInfoERKNS_8IntPointE+0x19b
C  [libWebPaneJava.dylib+0x622eea]  _ZN7WebCore11RenderBlock11paintObjectERNS_9PaintInfoERKNS_8IntPointE+0x43a
C  [libWebPaneJava.dylib+0x60c85c]  _ZN7WebCore11RenderBlock5paintERNS_9PaintInfoERKNS_8IntPointE+0xec
C  [libWebPaneJava.dylib+0x6fa73b]  _ZN7WebCore27RenderTextControlSingleLine5paintERNS_9PaintInfoERKNS_8IntPointE+0x2b
C  [libWebPaneJava.dylib+0x5f82fa]  _ZN7WebCore9InlineBox5paintERNS_9PaintInfoERKNS_8IntPointEii+0xfa
C  [libWebPaneJava.dylib+0x5fd45c]  _ZN7WebCore13InlineFlowBox5paintERNS_9PaintInfoERKNS_8IntPointEii+0x1bc
C  [libWebPaneJava.dylib+0x711fa0]  _ZN7WebCore13RootInlineBox5paintERNS_9PaintInfoERKNS_8IntPointEii+0x30
C  [libWebPaneJava.dylib+0x6ac063]  _ZNK7WebCore17RenderLineBoxList5paintEPNS_20RenderBoxModelObjectERNS_9PaintInfoERKNS_8IntPointE+0x2d3
C  [libWebPaneJava.dylib+0x614caf]  _ZN7WebCore11RenderBlock13paintContentsERNS_9PaintInfoERKNS_8IntPointE+0x8f
C  [libWebPaneJava.dylib+0x622cff]  _ZN7WebCore11RenderBlock11paintObjectERNS_9PaintInfoERKNS_8IntPointE+0x24f
C  [libWebPaneJava.dylib+0x60c85c]  _ZN7WebCore11RenderBlock5paintERNS_9PaintInfoERKNS_8IntPointE+0xec
C  [libWebPaneJava.dylib+0x6e2d39]  _ZN7WebCore15RenderTableCell5paintERNS_9PaintInfoERKNS_8IntPointE+0x39
C  [libWebPaneJava.dylib+0x6e65b3]  _ZN7WebCore18RenderTableSection9paintCellEPNS_15RenderTableCellERNS_9PaintInfoERKNS_8IntPointE+0x93
C  [libWebPaneJava.dylib+0x6eb8a4]  _ZN7WebCore18RenderTableSection11paintObjectERNS_9PaintInfoERKNS_8IntPointE+0x214
C  [libWebPaneJava.dylib+0x6e6802]  _ZN7WebCore18RenderTableSection5paintERNS_9PaintInfoERKNS_8IntPointE+0xb2
C  [libWebPaneJava.dylib+0x6d6ae6]  _ZN7WebCore11RenderTable11paintObjectERNS_9PaintInfoERKNS_8IntPointE+0x156
C  [libWebPaneJava.dylib+0x6d532c]  _ZN7WebCore11RenderTable5paintERNS_9PaintInfoERKNS_8IntPointE+0xec
C  [libWebPaneJava.dylib+0x614b6a]  _ZN7WebCore11RenderBlock13paintChildrenERNS_9PaintInfoERKNS_8IntPointE+0x22a
C  [libWebPaneJava.dylib+0x614ccf]  _ZN7WebCore11RenderBlock13paintContentsERNS_9PaintInfoERKNS_8IntPointE+0xaf
C  [libWebPaneJava.dylib+0x622cff]  _ZN7WebCore11RenderBlock11paintObjectERNS_9PaintInfoERKNS_8IntPointE+0x24f
C  [libWebPaneJava.dylib+0x60c85c]  _ZN7WebCore11RenderBlock5paintERNS_9PaintInfoERKNS_8IntPointE+0xec
C  [libWebPaneJava.dylib+0x6e2d39]  _ZN7WebCore15RenderTableCell5paintERNS_9PaintInfoERKNS_8IntPointE+0x39
C  [libWebPaneJava.dylib+0x6e65b3]  _ZN7WebCore18RenderTableSection9paintCellEPNS_15RenderTableCellERNS_9PaintInfoERKNS_8IntPointE+0x93
C  [libWebPaneJava.dylib+0x6eb8a4]  _ZN7WebCore18RenderTableSection11paintObjectERNS_9PaintInfoERKNS_8IntPointE+0x214
C  [libWebPaneJava.dylib+0x6e6802]  _ZN7WebCore18RenderTableSection5paintERNS_9PaintInfoERKNS_8IntPointE+0xb2
C  [libWebPaneJava.dylib+0x6d6ae6]  _ZN7WebCore11RenderTable11paintObjectERNS_9PaintInfoERKNS_8IntPointE+0x156
C  [libWebPaneJava.dylib+0x6d532c]  _ZN7WebCore11RenderTable5paintERNS_9PaintInfoERKNS_8IntPointE+0xec
C  [libWebPaneJava.dylib+0x614b6a]  _ZN7WebCore11RenderBlock13paintChildrenERNS_9PaintInfoERKNS_8IntPointE+0x22a
C  [libWebPaneJava.dylib+0x614ccf]  _ZN7WebCore11RenderBlock13paintContentsERNS_9PaintInfoERKNS_8IntPointE+0xaf
C  [libWebPaneJava.dylib+0x622cff]  _ZN7WebCore11RenderBlock11paintObjectERNS_9PaintInfoERKNS_8IntPointE+0x24f
C  [libWebPaneJava.dylib+0x60c85c]  _ZN7WebCore11RenderBlock5paintERNS_9PaintInfoERKNS_8IntPointE+0xec
C  [libWebPaneJava.dylib+0x614b6a]  _ZN7WebCore11RenderBlock13paintChildrenERNS_9PaintInfoERKNS_8IntPointE+0x22a
C  [libWebPaneJava.dylib+0x614ccf]  _ZN7WebCore11RenderBlock13paintContentsERNS_9PaintInfoERKNS_8IntPointE+0xaf
C  [libWebPaneJava.dylib+0x622cff]  _ZN7WebCore11RenderBlock11paintObjectERNS_9PaintInfoERKNS_8IntPointE+0x24f
C  [libWebPaneJava.dylib+0x60c85c]  _ZN7WebCore11RenderBlock5paintERNS_9PaintInfoERKNS_8IntPointE+0xec
C  [libWebPaneJava.dylib+0x6e2d39]  _ZN7WebCore15RenderTableCell5paintERNS_9PaintInfoERKNS_8IntPointE+0x39
C  [libWebPaneJava.dylib+0x6e65b3]  _ZN7WebCore18RenderTableSection9paintCellEPNS_15RenderTableCellERNS_9PaintInfoERKNS_8IntPointE+0x93
C  [libWebPaneJava.dylib+0x6eb8a4]  _ZN7WebCore18RenderTableSection11paintObjectERNS_9PaintInfoERKNS_8IntPointE+0x214
C  [libWebPaneJava.dylib+0x6e6802]  _ZN7WebCore18RenderTableSection5paintERNS_9PaintInfoERKNS_8IntPointE+0xb2
C  [libWebPaneJava.dylib+0x6d6ae6]  _ZN7WebCore11RenderTable11paintObjectERNS_9PaintInfoERKNS_8IntPointE+0x156
C  [libWebPaneJava.dylib+0x6d532c]  _ZN7WebCore11RenderTable5paintERNS_9PaintInfoERKNS_8IntPointE+0xec
C  [libWebPaneJava.dylib+0x614b6a]  _ZN7WebCore11RenderBlock13paintChildrenERNS_9PaintInfoERKNS_8IntPointE+0x22a
C  [libWebPaneJava.dylib+0x614ccf]  _ZN7WebCore11RenderBlock13paintContentsERNS_9PaintInfoERKNS_8IntPointE+0xaf
C  [libWebPaneJava.dylib+0x622cff]  _ZN7WebCore11RenderBlock11paintObjectERNS_9PaintInfoERKNS_8IntPointE+0x24f
C  [libWebPaneJava.dylib+0x60c85c]  _ZN7WebCore11RenderBlock5paintERNS_9PaintInfoERKNS_8IntPointE+0xec
C  [libWebPaneJava.dylib+0x6e2d39]  _ZN7WebCore15RenderTableCell5paintERNS_9PaintInfoERKNS_8IntPointE+0x39
C  [libWebPaneJava.dylib+0x6e65b3]  _ZN7WebCore18RenderTableSection9paintCellEPNS_15RenderTableCellERNS_9PaintInfoERKNS_8IntPointE+0x93
C  [libWebPaneJava.dylib+0x6eb8a4]  _ZN7WebCore18RenderTableSection11paintObjectERNS_9PaintInfoERKNS_8IntPointE+0x214
C  [libWebPaneJava.dylib+0x6e6802]  _ZN7WebCore18RenderTableSection5paintERNS_9PaintInfoERKNS_8IntPointE+0xb2
C  [libWebPaneJava.dylib+0x6d6ae6]  _ZN7WebCore11RenderTable11paintObjectERNS_9PaintInfoERKNS_8IntPointE+0x156
C  [libWebPaneJava.dylib+0x6d532c]  _ZN7WebCore11RenderTable5paintERNS_9PaintInfoERKNS_8IntPointE+0xec
C  [libWebPaneJava.dylib+0x614b6a]  _ZN7WebCore11RenderBlock13paintChildrenERNS_9PaintInfoERKNS_8IntPointE+0x22a
C  [libWebPaneJava.dylib+0x614ccf]  _ZN7WebCore11RenderBlock13paintContentsERNS_9PaintInfoERKNS_8IntPointE+0xaf
C  [libWebPaneJava.dylib+0x622cff]  _ZN7WebCore11RenderBlock11paintObjectERNS_9PaintInfoERKNS_8IntPointE+0x24f
C  [libWebPaneJava.dylib+0x60c85c]  _ZN7WebCore11RenderBlock5paintERNS_9PaintInfoERKNS_8IntPointE+0xec
C  [libWebPaneJava.dylib+0x614b6a]  _ZN7WebCore11RenderBlock13paintChildrenERNS_9PaintInfoERKNS_8IntPointE+0x22a
C  [libWebPaneJava.dylib+0x614ccf]  _ZN7WebCore11RenderBlock13paintContentsERNS_9PaintInfoERKNS_8IntPointE+0xaf
C  [libWebPaneJava.dylib+0x622cff]  _ZN7WebCore11RenderBlock11paintObjectERNS_9PaintInfoERKNS_8IntPointE+0x24f
C  [libWebPaneJava.dylib+0x60c85c]  _ZN7WebCore11RenderBlock5paintERNS_9PaintInfoERKNS_8IntPointE+0xec
C  [libWebPaneJava.dylib+0x614b6a]  _ZN7WebCore11RenderBlock13paintChildrenERNS_9PaintInfoERKNS_8IntPointE+0x22a
C  [libWebPaneJava.dylib+0x614ccf]  _ZN7WebCore11RenderBlock13paintContentsERNS_9PaintInfoERKNS_8IntPointE+0xaf
C  [libWebPaneJava.dylib+0x622cff]  _ZN7WebCore11RenderBlock11paintObjectERNS_9PaintInfoERKNS_8IntPointE+0x24f
C  [libWebPaneJava.dylib+0x60c85c]  _ZN7WebCore11RenderBlock5paintERNS_9PaintInfoERKNS_8IntPointE+0xec
C  [libWebPaneJava.dylib+0x6a7145]  _ZN7WebCore11RenderLayer10paintLayerEPS0_PNS_15GraphicsContextERKNS_7IntRectEjPNS_12RenderObjectEPNS_12RenderRegionEPN3WTF7HashMapIPNS_24OverlapTestRequestClientES4_NSB_7PtrHashISE_EENSB_10HashTraitsISE_EENSH_IS4_EEEEj+0x14c5
C  [libWebPaneJava.dylib+0x6a6377]  _ZN7WebCore11RenderLayer10paintLayerEPS0_PNS_15GraphicsContextERKNS_7IntRectEjPNS_12RenderObjectEPNS_12RenderRegionEPN3WTF7HashMapIPNS_24OverlapTestRequestClientES4_NSB_7PtrHashISE_EENSB_10HashTraitsISE_EENSH_IS4_EEEEj+0x6f7
C  [libWebPaneJava.dylib+0x6a7be7]  _ZN7WebCore11RenderLayer5paintEPNS_15GraphicsContextERKNS_7IntRectEjPNS_12RenderObjectEPNS_12RenderRegionEj+0x57
C  [libWebPaneJava.dylib+0x516679]  _ZN7WebCore9FrameView13paintContentsEPNS_15GraphicsContextERKNS_7IntRectE+0x269
C  [libWebPaneJava.dylib+0x5dd9fd]  _ZN7WebCore10ScrollView5paintEPNS_15GraphicsContextERKNS_7IntRectE+0x34d
C  [libWebPaneJava.dylib+0x5b9957]  Java_com_sun_webpane_platform_WebPage_twkUpdateContent+0x2a7
j  com.sun.webpane.platform.WebPage.twkUpdateContent(JLcom/sun/webpane/platform/graphics/WCRenderQueue;IIII)V+0
j  com.sun.webpane.platform.WebPage.updateDirty(Lcom/sun/webpane/platform/graphics/WCRectangle;)V+182
j  com.sun.webpane.platform.WebPage.updateContent(Lcom/sun/webpane/platform/graphics/WCRectangle;)V+159
j  com.sun.javafx.sg.prism.NGWebView.update()V+68
j  javafx.scene.web.WebView.handleStagePulse()V+89
j  javafx.scene.web.WebView.access$100(Ljavafx/scene/web/WebView;)V+1
j  javafx.scene.web.WebView$2.pulse()V+4
j  com.sun.javafx.tk.Toolkit.firePulse()V+76
j  com.sun.javafx.tk.quantum.QuantumToolkit.pulse()V+44
j  com.sun.javafx.tk.quantum.QuantumToolkit$8.run()V+4
v  ~StubRoutines::call_stub
V  [libjvm.dylib+0x28855f]
V  [libjvm.dylib+0x28832c]
V  [libjvm.dylib+0x2a3e23]
V  [libjvm.dylib+0x297b8b]
C  [libmat.jnilib+0x132f]  -[GlassRunnable run]+0xa8
C  [CoreFoundation+0x9370d]  -[NSObject performSelector:withObject:]+0x3d
C  [Foundation+0x4fd70]  __NSThreadPerformPerform+0xd6
C  [CoreFoundation+0x124f1]  __CFRUNLOOP_IS_CALLING_OUT_TO_A_SOURCE0_PERFORM_FUNCTION__+0x11
C  [CoreFoundation+0x11e1c]  __CFRunLoopDoSources0+0x1bc
C  [CoreFoundation+0x38b49]  __CFRunLoopRun+0x389
C  [CoreFoundation+0x38486]  CFRunLoopRunSpecific+0xe6
C  [HIToolbox+0x22bf]  RunCurrentEventLoopInMode+0x115
C  [HIToolbox+0x956d]  ReceiveNextEventCommon+0x163
C  [HIToolbox+0x93fa]  BlockUntilNextEventMatchingListInMode+0x3e
...<more frames>...

Java frames: (J=compiled Java code, j=interpreted, Vv=VM code)
j  com.sun.webpane.platform.WebPage.twkUpdateContent(JLcom/sun/webpane/platform/graphics/WCRenderQueue;IIII)V+0
j  com.sun.webpane.platform.WebPage.updateDirty(Lcom/sun/webpane/platform/graphics/WCRectangle;)V+182
j  com.sun.webpane.platform.WebPage.updateContent(Lcom/sun/webpane/platform/graphics/WCRectangle;)V+159
j  com.sun.javafx.sg.prism.NGWebView.update()V+68
j  javafx.scene.web.WebView.handleStagePulse()V+89
j  javafx.scene.web.WebView.access$100(Ljavafx/scene/web/WebView;)V+1
j  javafx.scene.web.WebView$2.pulse()V+4
j  com.sun.javafx.tk.Toolkit.firePulse()V+76
j  com.sun.javafx.tk.quantum.QuantumToolkit.pulse()V+44
j  com.sun.javafx.tk.quantum.QuantumToolkit$8.run()V+4
v  ~StubRoutines::call_stub

---------------  P R O C E S S  ---------------

Java Threads: ( => current thread )
  0x00007ffb31bec800 JavaThread "Prism Font Disposer" daemon [_thread_blocked, id=72707, stack(0x000000017923a000,0x000000017933a000)]
  0x00007ffb2c00d000 JavaThread "URL-Fetcher-7" daemon [_thread_blocked, id=71683, stack(0x0000000179137000,0x0000000179237000)]
  0x00007ffb28aaa800 JavaThread "URL-Fetcher-6" daemon [_thread_blocked, id=71427, stack(0x0000000179034000,0x0000000179134000)]
  0x00007ffb31af7000 JavaThread "URL-Fetcher-5" daemon [_thread_blocked, id=71171, stack(0x0000000174018000,0x0000000174118000)]
  0x00007ffb2d09e000 JavaThread "URL-Fetcher-4" daemon [_thread_blocked, id=70915, stack(0x0000000173867000,0x0000000173967000)]
  0x00007ffb2a5d7800 JavaThread "URL-Fetcher-3" daemon [_thread_blocked, id=70403, stack(0x00000001736e4000,0x00000001737e4000)]
  0x00007ffb2aa49800 JavaThread "URL-Fetcher-2" daemon [_thread_blocked, id=69127, stack(0x00000001735e1000,0x00000001736e1000)]
  0x00007ffb292b8800 JavaThread "URL-Fetcher-1" daemon [_thread_blocked, id=46091, stack(0x000000017017a000,0x000000017027a000)]
  0x00007ffb2b901800 JavaThread "Disposer" daemon [_thread_blocked, id=45587, stack(0x000000016ea3d000,0x000000016eb3d000)]
  0x00007ffb2a819000 JavaThread "Thread-26" daemon [_thread_in_native, id=44807, stack(0x000000016d61d000,0x000000016d69d000)]
  0x00007ffb2a90b000 JavaThread "Disposer" daemon [_thread_blocked, id=41747, stack(0x000000016dff7000,0x000000016e0f7000)]
  0x00007ffb29507800 JavaThread "QuantumRenderer-0" daemon [_thread_blocked, id=41487, stack(0x000000016dd35000,0x000000016de35000)]
  0x00007ffb2d05b800 JavaThread "qtp1323179482-62" [_thread_blocked, id=65027, stack(0x0000000174775000,0x0000000174875000)]
  0x00007ffb2d06d000 JavaThread "qtp1323179482-61-acceptor-3-ServerConnector@5221ff81{HTTP/1.1}{0.0.0.0:8081}" [_thread_blocked, id=64771, stack(0x0000000174672000,0x0000000174772000)]
  0x00007ffb2b822800 JavaThread "qtp1323179482-60-acceptor-2-ServerConnector@5221ff81{HTTP/1.1}{0.0.0.0:8081}" [_thread_in_native, id=64515, stack(0x000000017456f000,0x000000017466f000)]
  0x00007ffb318db000 JavaThread "qtp1323179482-59-acceptor-1-ServerConnector@5221ff81{HTTP/1.1}{0.0.0.0:8081}" [_thread_blocked, id=64259, stack(0x0000000174369000,0x0000000174469000)]
  0x00007ffb2a4e8000 JavaThread "qtp1323179482-58-acceptor-0-ServerConnector@5221ff81{HTTP/1.1}{0.0.0.0:8081}" [_thread_blocked, id=62979, stack(0x000000017446c000,0x000000017456c000)]
  0x00007ffb2a2b7800 JavaThread "Timer-1" [_thread_blocked, id=61443, stack(0x0000000174266000,0x0000000174366000)]
  0x00007ffb3168e000 JavaThread "Timer-0" [_thread_blocked, id=60931, stack(0x0000000174163000,0x0000000174263000)]
  0x00007ffb2b82b000 JavaThread "qtp1323179482-54-selector-7" [_thread_in_native, id=60675, stack(0x0000000173f15000,0x0000000174015000)]
  0x00007ffb2a81a000 JavaThread "qtp1323179482-53-selector-6" [_thread_in_native, id=60419, stack(0x0000000173e12000,0x0000000173f12000)]
  0x00007ffb2c00f000 JavaThread "qtp1323179482-52-selector-5" [_thread_in_native, id=60163, stack(0x0000000173d0f000,0x0000000173e0f000)]
  0x00007ffb2d044000 JavaThread "qtp1323179482-51-selector-4" [_thread_in_native, id=59907, stack(0x0000000173c0c000,0x0000000173d0c000)]
  0x00007ffb324f9000 JavaThread "qtp1323179482-50-selector-2" [_thread_in_native, id=59651, stack(0x0000000173b09000,0x0000000173c09000)]
  0x00007ffb28be4000 JavaThread "qtp1323179482-49-selector-3" [_thread_in_native, id=59395, stack(0x0000000173a06000,0x0000000173b06000)]
  0x00007ffb28893000 JavaThread "qtp1323179482-48-selector-1" [_thread_in_native, id=59139, stack(0x0000000173330000,0x0000000173430000)]
  0x00007ffb31a47800 JavaThread "qtp1323179482-47-selector-0" [_thread_in_native, id=58627, stack(0x0000000172d70000,0x0000000172e70000)]
  0x00007ffb28bee800 JavaThread "DateCache" daemon [_thread_blocked, id=57859, stack(0x000000017302d000,0x000000017312d000)]
  0x00007ffb324d3800 JavaThread "Thread-7" [_thread_blocked, id=56323, stack(0x0000000172f2a000,0x000000017302a000)]
  0x00007ffb2a646800 JavaThread "Sleep thread" [_thread_blocked, id=56067, stack(0x0000000172858000,0x0000000172958000)]
  0x00007ffb31008000 JavaThread "Discovery thread" [_thread_blocked, id=22535, stack(0x0000000172755000,0x0000000172855000)]
  0x00007ffb2c82a000 JavaThread "DestroyJavaVM" [_thread_blocked, id=7171, stack(0x0000000107670000,0x0000000107770000)]
  0x00007ffb324ee000 JavaThread "Flushing caches" [_thread_blocked, id=55811, stack(0x000000016f6f4000,0x000000016f7f4000)]
  0x00007ffb2c829000 JavaThread "TimerQueue" daemon [_thread_blocked, id=55555, stack(0x0000000172354000,0x0000000172454000)]
  0x00007ffb28aad800 JavaThread "KeyTipManager processing thread" daemon [_thread_blocked, id=55299, stack(0x0000000172251000,0x0000000172351000)]
  0x00007ffb32374800 JavaThread "Thread-4" daemon [_thread_blocked, id=55043, stack(0x000000016fe27000,0x000000016ff27000)]
  0x00007ffb28fc1000 JavaThread "Image Fetcher 0" daemon [_thread_blocked, id=15623, stack(0x000000016efad000,0x000000016f0ad000)]
  0x00007ffb28b47000 JavaThread "Worker-JM" [_thread_blocked, id=54275, stack(0x00000001729ad000,0x0000000172aad000)]
  0x00007ffb291ee000 JavaThread "File Watcher" daemon [_thread_blocked, id=52995, stack(0x000000016fc17000,0x000000016fd17000)]
  0x00007ffb2d045000 JavaThread "Thread-3" daemon [_thread_in_native, id=50947, stack(0x000000016fb14000,0x000000016fc14000)]
  0x00007ffb28ff5800 JavaThread "Inactive RequestProcessor thread [Was:Folder recognizer/org.openide.loaders.FolderList$ListTask]" daemon [_thread_blocked, id=50435, stack(0x000000016fa11000,0x000000016fb11000)]
  0x00007ffb28ff4800 JavaThread "Inactive RequestProcessor thread [Was:Timeable Event Queue Watch Dog/org.netbeans.core.TimableEventQueue]" daemon [_thread_blocked, id=50179, stack(0x000000016f90e000,0x000000016fa0e000)]
  0x00007ffb2927b000 JavaThread "OutlineView" daemon [_thread_blocked, id=49923, stack(0x000000016f80b000,0x000000016f90b000)]
  0x00007ffb290a8000 JavaThread "Bundle File Closer" daemon [_thread_blocked, id=49667, stack(0x000000016f569000,0x000000016f669000)]
  0x00007ffb2a750800 JavaThread "Framework Event Dispatcher" daemon [_thread_blocked, id=49411, stack(0x000000016f43f000,0x000000016f53f000)]
  0x00007ffb2a74e000 JavaThread "State Saver" [_thread_blocked, id=49155, stack(0x000000016f33c000,0x000000016f43c000)]
  0x00007ffb2a6c0800 JavaThread "Framework Active Thread" [_thread_blocked, id=48899, stack(0x000000016f239000,0x000000016f339000)]
  0x00007ffb2a15a800 JavaThread "org.netbeans.modules.debugger.jpda.visual AWT Access Loop" daemon [_thread_blocked, id=40451, stack(0x000000016d414000,0x000000016d514000)]
  0x00007ffb29120000 JavaThread "AWT-EventQueue-0" [_thread_in_native, id=40195, stack(0x000000016d12a000,0x000000016d22a000)]
  0x00007ffb2a896000 JavaThread "Java2D Disposer" daemon [_thread_blocked, id=39939, stack(0x000000016cfdb000,0x000000016d0db000)]
  0x00007ffb2912d800 JavaThread "Java2D Queue Flusher" daemon [_thread_blocked, id=37647, stack(0x000000016c320000,0x000000016c420000)]
  0x00007ffb288c9000 JavaThread "Inactive RequestProcessor thread [Was:On Start/Stop/org.netbeans.modules.projectapi.Installer]" daemon [_thread_blocked, id=29187, stack(0x0000000169917000,0x0000000169a17000)]
  0x00007ffb2a86b800 JavaThread "AWT-Shutdown" [_thread_blocked, id=23047, stack(0x0000000168819000,0x0000000168919000)]
=>0x00007ffb2a869800 JavaThread "JavaFX Application Thread" daemon [_thread_in_vm, id=1799, stack(0x00007fff65d9e000,0x00007fff6659e000)]
  0x00007ffb2a0f4000 JavaThread "RequestProcessor queue manager" daemon [_thread_blocked, id=22787, stack(0x00000001684c6000,0x00000001685c6000)]
  0x00007ffb2d00c000 JavaThread "Inactive RequestProcessor thread [Was:ConnectAction is enabled/org.netbeans.modules.debugger.ui.actions.ConnectAction$1]" daemon [_thread_blocked, id=21763, stack(0x00000001681b2000,0x00000001682b2000)]
  0x00007ffb2a0ac800 JavaThread "CLI Requests Server" daemon [_thread_in_native, id=21251, stack(0x00000001680af000,0x00000001681af000)]
  0x00007ffb2a0f3000 JavaThread "Active Reference Queue Daemon" daemon [_thread_blocked, id=20995, stack(0x0000000167fac000,0x00000001680ac000)]
  0x00007ffb2906b000 JavaThread "Service Thread" daemon [_thread_blocked, id=20483, stack(0x0000000167b41000,0x0000000167c41000)]
  0x00007ffb2c801000 JavaThread "C2 CompilerThread1" daemon [_thread_in_native, id=20227, stack(0x0000000167a3e000,0x0000000167b3e000)]
  0x00007ffb2a81c000 JavaThread "C2 CompilerThread0" daemon [_thread_in_native, id=19971, stack(0x000000016793b000,0x0000000167a3b000)]
  0x00007ffb2a007800 JavaThread "JDWP Command Reader" daemon [_thread_in_native, id=19715, stack(0x0000000167838000,0x0000000167938000)]
  0x00007ffb29073000 JavaThread "JDWP Event Helper Thread" daemon [_thread_blocked, id=19459, stack(0x0000000167735000,0x0000000167835000)]
  0x00007ffb29072800 JavaThread "JDWP Transport Listener: dt_socket" daemon [_thread_blocked, id=19203, stack(0x0000000167632000,0x0000000167732000)]
  0x00007ffb2a816000 JavaThread "Signal Dispatcher" daemon [_thread_blocked, id=18947, stack(0x0000000167529000,0x0000000167629000)]
  0x00007ffb2905b000 JavaThread "Finalizer" daemon [_thread_blocked, id=15107, stack(0x000000016722b000,0x000000016732b000)]
  0x00007ffb2905a000 JavaThread "Reference Handler" daemon [_thread_blocked, id=14851, stack(0x0000000167128000,0x0000000167228000)]

Other Threads:
  0x00007ffb29057800 VMThread [stack: 0x0000000167025000,0x0000000167125000] [id=14595]
  0x00007ffb2d008000 WatcherThread [stack: 0x0000000167c44000,0x0000000167d44000] [id=20739]

VM state:not at safepoint (normal execution)

VM Mutex/Monitor currently owned by a thread: None

Heap
 PSYoungGen      total 278528K, used 40319K [0x0000000145d90000, 0x0000000160ee0000, 0x0000000160ee0000)
  eden space 260800K, 9% used [0x0000000145d90000,0x0000000147607518,0x0000000155c40000)
  from space 17728K, 86% used [0x0000000155c40000,0x0000000156b28740,0x0000000156d90000)
  to   space 19264K, 0% used [0x000000015fc10000,0x000000015fc10000,0x0000000160ee0000)
 ParOldGen       total 55424K, used 42582K [0x000000010fae0000, 0x0000000113100000, 0x0000000145d90000)
  object space 55424K, 76% used [0x000000010fae0000,0x0000000112475bf8,0x0000000113100000)
 PSPermGen       total 55040K, used 54915K [0x000000010a8e0000, 0x000000010dea0000, 0x000000010fae0000)
  object space 55040K, 99% used [0x000000010a8e0000,0x000000010de80d90,0x000000010dea0000)

Card table byte_map: [0x0000000160ee0000,0x0000000161194000] byte_map_base: 0x000000016068b900

Polling page: 0x00000001077af000

Code Cache  [0x0000000107803000, 0x0000000107bd3000, 0x000000010a803000)
 total_blobs=1647 nmethods=878 adapters=728 free_code_cache=45569Kb largest_free_block=46389056

Compilation events (10 events):
Event: 9.644 Thread 0x00007ffb2c801000 1029             java.nio.Buffer::nextGetIndex (31 bytes)
Event: 9.644 Thread 0x00007ffb2a81c000 1030             java.nio.HeapByteBuffer::get (14 bytes)
Event: 9.644 Thread 0x00007ffb2c801000 nmethod 1029 0x0000000107963110 code [0x0000000107963240, 0x00000001079632d8]
Event: 9.645 Thread 0x00007ffb2a81c000 nmethod 1030 0x00000001079d1e50 code [0x00000001079d1fa0, 0x00000001079d2098]
Event: 9.663 Thread 0x00007ffb2c801000 1031   !         org.netbeans.Archive::getData (225 bytes)
Event: 9.679 Thread 0x00007ffb2a81c000 1032             com.sun.javafx.iio.gif.GIFImageLoader::getPalette (255 bytes)
Event: 9.688 Thread 0x00007ffb2a81c000 nmethod 1032 0x0000000107ab5550 code [0x0000000107ab5700, 0x0000000107ab6168]
Event: 9.688 Thread 0x00007ffb2a81c000 1033             com.sun.javafx.iio.gif.GIFImageLoader::outputPixels (262 bytes)
Event: 9.694 Thread 0x00007ffb2a81c000 nmethod 1033 0x000000010793e2d0 code [0x000000010793e4a0, 0x000000010793eb70]
Event: 9.694 Thread 0x00007ffb2a81c000 1034             com.sun.javafx.iio.common.ImageTools::convert (1303 bytes)

GC Heap History (10 events):
Event: 4.024 GC heap before
{Heap before GC invocations=7 (full 0):
 PSYoungGen      total 90112K, used 88565K [0x0000000145d90000, 0x000000014bcd0000, 0x0000000160ee0000)
  eden space 83200K, 100% used [0x0000000145d90000,0x000000014aed0000,0x000000014aed0000)
  from space 6912K, 77% used [0x000000014b610000,0x000000014bb4d468,0x000000014bcd0000)
  to   space 7168K, 0% used [0x000000014aed0000,0x000000014aed0000,0x000000014b5d0000)
 ParOldGen       total 55424K, used 10666K [0x000000010fae0000, 0x0000000113100000, 0x0000000145d90000)
  object space 55424K, 19% used [0x000000010fae0000,0x000000011054a948,0x0000000113100000)
 PSPermGen       total 21248K, used 18248K [0x000000010a8e0000, 0x000000010bda0000, 0x000000010fae0000)
  object space 21248K, 85% used [0x000000010a8e0000,0x000000010bab2310,0x000000010bda0000)
Event: 4.035 GC heap after
Heap after GC invocations=7 (full 0):
 PSYoungGen      total 90368K, used 7167K [0x0000000145d90000, 0x0000000151430000, 0x0000000160ee0000)
  eden space 83200K, 0% used [0x0000000145d90000,0x0000000145d90000,0x000000014aed0000)
  from space 7168K, 99% used [0x000000014aed0000,0x000000014b5cff58,0x000000014b5d0000)
  to   space 10304K, 0% used [0x0000000150a20000,0x0000000150a20000,0x0000000151430000)
 ParOldGen       total 55424K, used 15414K [0x000000010fae0000, 0x0000000113100000, 0x0000000145d90000)
  object space 55424K, 27% used [0x000000010fae0000,0x00000001109ed888,0x0000000113100000)
 PSPermGen       total 21248K, used 18248K [0x000000010a8e0000, 0x000000010bda0000, 0x000000010fae0000)
  object space 21248K, 85% used [0x000000010a8e0000,0x000000010bab2310,0x000000010bda0000)
}
Event: 4.838 GC heap before
{Heap before GC invocations=8 (full 0):
 PSYoungGen      total 90368K, used 90367K [0x0000000145d90000, 0x0000000151430000, 0x0000000160ee0000)
  eden space 83200K, 100% used [0x0000000145d90000,0x000000014aed0000,0x000000014aed0000)
  from space 7168K, 99% used [0x000000014aed0000,0x000000014b5cff58,0x000000014b5d0000)
  to   space 10304K, 0% used [0x0000000150a20000,0x0000000150a20000,0x0000000151430000)
 ParOldGen       total 55424K, used 15414K [0x000000010fae0000, 0x0000000113100000, 0x0000000145d90000)
  object space 55424K, 27% used [0x000000010fae0000,0x00000001109ed888,0x0000000113100000)
 PSPermGen       total 21248K, used 18510K [0x000000010a8e0000, 0x000000010bda0000, 0x000000010fae0000)
  object space 21248K, 87% used [0x000000010a8e0000,0x000000010baf3840,0x000000010bda0000)
Event: 4.851 GC heap after
Heap after GC invocations=8 (full 0):
 PSYoungGen      total 173824K, used 10301K [0x0000000145d90000, 0x00000001519d0000, 0x0000000160ee0000)
  eden space 163520K, 0% used [0x0000000145d90000,0x0000000145d90000,0x000000014fd40000)
  from space 10304K, 99% used [0x0000000150a20000,0x000000015142f700,0x0000000151430000)
  to   space 13184K, 0% used [0x000000014fd40000,0x000000014fd40000,0x0000000150a20000)
 ParOldGen       total 55424K, used 18965K [0x000000010fae0000, 0x0000000113100000, 0x0000000145d90000)
  object space 55424K, 34% used [0x000000010fae0000,0x0000000110d65580,0x0000000113100000)
 PSPermGen       total 21248K, used 18510K [0x000000010a8e0000, 0x000000010bda0000, 0x000000010fae0000)
  object space 21248K, 87% used [0x000000010a8e0000,0x000000010baf3840,0x000000010bda0000)
}
Event: 6.426 GC heap before
{Heap before GC invocations=9 (full 0):
 PSYoungGen      total 173824K, used 173821K [0x0000000145d90000, 0x00000001519d0000, 0x0000000160ee0000)
  eden space 163520K, 100% used [0x0000000145d90000,0x000000014fd40000,0x000000014fd40000)
  from space 10304K, 99% used [0x0000000150a20000,0x000000015142f700,0x0000000151430000)
  to   space 13184K, 0% used [0x000000014fd40000,0x000000014fd40000,0x0000000150a20000)
 ParOldGen       total 55424K, used 18965K [0x000000010fae0000, 0x0000000113100000, 0x0000000145d90000)
  object space 55424K, 34% used [0x000000010fae0000,0x0000000110d65580,0x0000000113100000)
 PSPermGen       total 29888K, used 29699K [0x000000010a8e0000, 0x000000010c610000, 0x000000010fae0000)
  object space 29888K, 99% used [0x000000010a8e0000,0x000000010c5e0c60,0x000000010c610000)
Event: 6.447 GC heap after
Heap after GC invocations=9 (full 0):
 PSYoungGen      total 176704K, used 13155K [0x0000000145d90000, 0x0000000157e10000, 0x0000000160ee0000)
  eden space 163520K, 0% used [0x0000000145d90000,0x0000000145d90000,0x000000014fd40000)
  from space 13184K, 99% used [0x000000014fd40000,0x0000000150a18fd8,0x0000000150a20000)
  to   space 16896K, 0% used [0x0000000156d90000,0x0000000156d90000,0x0000000157e10000)
 ParOldGen       total 55424K, used 23725K [0x000000010fae0000, 0x0000000113100000, 0x0000000145d90000)
  object space 55424K, 42% used [0x000000010fae0000,0x000000011120b670,0x0000000113100000)
 PSPermGen       total 29888K, used 29699K [0x000000010a8e0000, 0x000000010c610000, 0x000000010fae0000)
  object space 29888K, 99% used [0x000000010a8e0000,0x000000010c5e0c60,0x000000010c610000)
}
Event: 7.120 GC heap before
{Heap before GC invocations=10 (full 0):
 PSYoungGen      total 176704K, used 176675K [0x0000000145d90000, 0x0000000157e10000, 0x0000000160ee0000)
  eden space 163520K, 100% used [0x0000000145d90000,0x000000014fd40000,0x000000014fd40000)
  from space 13184K, 99% used [0x000000014fd40000,0x0000000150a18fd8,0x0000000150a20000)
  to   space 16896K, 0% used [0x0000000156d90000,0x0000000156d90000,0x0000000157e10000)
 ParOldGen       total 55424K, used 23725K [0x000000010fae0000, 0x0000000113100000, 0x0000000145d90000)
  object space 55424K, 42% used [0x000000010fae0000,0x000000011120b670,0x0000000113100000)
 PSPermGen       total 32384K, used 32321K [0x000000010a8e0000, 0x000000010c880000, 0x000000010fae0000)
  object space 32384K, 99% used [0x000000010a8e0000,0x000000010c8704d8,0x000000010c880000)
Event: 7.139 GC heap after
Heap after GC invocations=10 (full 0):
 PSYoungGen      total 277696K, used 12801K [0x0000000145d90000, 0x0000000157fb0000, 0x0000000160ee0000)
  eden space 260800K, 0% used [0x0000000145d90000,0x0000000145d90000,0x0000000155c40000)
  from space 16896K, 75% used [0x0000000156d90000,0x0000000157a10708,0x0000000157e10000)
  to   space 17728K, 0% used [0x0000000155c40000,0x0000000155c40000,0x0000000156d90000)
 ParOldGen       total 55424K, used 30993K [0x000000010fae0000, 0x0000000113100000, 0x0000000145d90000)
  object space 55424K, 55% used [0x000000010fae0000,0x00000001119244b0,0x0000000113100000)
 PSPermGen       total 32384K, used 32321K [0x000000010a8e0000, 0x000000010c880000, 0x000000010fae0000)
  object space 32384K, 99% used [0x000000010a8e0000,0x000000010c8704d8,0x000000010c880000)
}
Event: 9.161 GC heap before
{Heap before GC invocations=11 (full 0):
 PSYoungGen      total 277696K, used 273601K [0x0000000145d90000, 0x0000000157fb0000, 0x0000000160ee0000)
  eden space 260800K, 100% used [0x0000000145d90000,0x0000000155c40000,0x0000000155c40000)
  from space 16896K, 75% used [0x0000000156d90000,0x0000000157a10708,0x0000000157e10000)
  to   space 17728K, 0% used [0x0000000155c40000,0x0000000155c40000,0x0000000156d90000)
 ParOldGen       total 55424K, used 30993K [0x000000010fae0000, 0x0000000113100000, 0x0000000145d90000)
  object space 55424K, 55% used [0x000000010fae0000,0x00000001119244b0,0x0000000113100000)
 PSPermGen       total 53312K, used 53185K [0x000000010a8e0000, 0x000000010dcf0000, 0x000000010fae0000)
  object space 53312K, 99% used [0x000000010a8e0000,0x000000010dcd0588,0x000000010dcf0000)
Event: 9.184 GC heap after
Heap after GC invocations=11 (full 0):
 PSYoungGen      total 278528K, used 15265K [0x0000000145d90000, 0x0000000160ee0000, 0x0000000160ee0000)
  eden space 260800K, 0% used [0x0000000145d90000,0x0000000145d90000,0x0000000155c40000)
  from space 17728K, 86% used [0x0000000155c40000,0x0000000156b28740,0x0000000156d90000)
  to   space 19264K, 0% used [0x000000015fc10000,0x000000015fc10000,0x0000000160ee0000)
 ParOldGen       total 55424K, used 42582K [0x000000010fae0000, 0x0000000113100000, 0x0000000145d90000)
  object space 55424K, 76% used [0x000000010fae0000,0x0000000112475bf8,0x0000000113100000)
 PSPermGen       total 53312K, used 53185K [0x000000010a8e0000, 0x000000010dcf0000, 0x000000010fae0000)
  object space 53312K, 99% used [0x000000010a8e0000,0x000000010dcd0588,0x000000010dcf0000)
}

Deoptimization events (10 events):
Event: 9.338 Thread 0x00007ffb28ff4800 Uncommon trap -34 fr.pc 0x0000000107895440
Event: 9.338 Thread 0x00007ffb28ff4800 Uncommon trap -34 fr.pc 0x0000000107895440
Event: 9.338 Thread 0x00007ffb28ff4800 Uncommon trap -34 fr.pc 0x0000000107895440
Event: 9.339 Thread 0x00007ffb28ff4800 Uncommon trap -34 fr.pc 0x0000000107895440
Event: 9.406 Thread 0x00007ffb29120000 Uncommon trap 51 fr.pc 0x00000001078942d8
Event: 9.408 Thread 0x00007ffb29120000 Uncommon trap -42 fr.pc 0x0000000107a3a0a0
Event: 9.409 Thread 0x00007ffb29120000 Uncommon trap -42 fr.pc 0x0000000107a3a0a0
Event: 9.549 Thread 0x00007ffb29120000 Uncommon trap -34 fr.pc 0x0000000107ad2a60
Event: 9.549 Thread 0x00007ffb29120000 Uncommon trap -34 fr.pc 0x0000000107ad2a60
Event: 9.549 Thread 0x00007ffb29120000 Uncommon trap -34 fr.pc 0x0000000107ad2a60

Internal exceptions (10 events):
Event: 9.664 Thread 0x00007ffb2a869800 Threw 0x00000001475013a0 at /HUDSON/workspace/jdk7u10-2-build-macosx-amd64-product/jdk7u10/hotspot/src/share/vm/prims/jvm.cpp:1166
Event: 9.665 Thread 0x00007ffb2a869800 Threw 0x00000001475144e0 at /HUDSON/workspace/jdk7u10-2-build-macosx-amd64-product/jdk7u10/hotspot/src/share/vm/prims/jvm.cpp:1166
Event: 9.665 Thread 0x00007ffb2a869800 Threw 0x0000000147516748 at /HUDSON/workspace/jdk7u10-2-build-macosx-amd64-product/jdk7u10/hotspot/src/share/vm/prims/jvm.cpp:1166
Event: 9.696 Thread 0x00007ffb2a869800 Threw 0x00000001475ab5f0 at /HUDSON/workspace/jdk7u10-2-build-macosx-amd64-product/jdk7u10/hotspot/src/share/vm/prims/jvm.cpp:1166
Event: 9.696 Thread 0x00007ffb2a869800 Threw 0x00000001475ad090 at /HUDSON/workspace/jdk7u10-2-build-macosx-amd64-product/jdk7u10/hotspot/src/share/vm/prims/jvm.cpp:1166
Event: 9.697 Thread 0x00007ffb2a869800 Threw 0x00000001475bdd48 at /HUDSON/workspace/jdk7u10-2-build-macosx-amd64-product/jdk7u10/hotspot/src/share/vm/prims/jvm.cpp:1166
Event: 9.697 Thread 0x00007ffb2a869800 Threw 0x00000001475bf958 at /HUDSON/workspace/jdk7u10-2-build-macosx-amd64-product/jdk7u10/hotspot/src/share/vm/prims/jvm.cpp:1166
Event: 9.697 Thread 0x00007ffb2a869800 Threw 0x00000001475cb778 at /HUDSON/workspace/jdk7u10-2-build-macosx-amd64-product/jdk7u10/hotspot/src/share/vm/prims/jvm.cpp:1166
Event: 9.697 Thread 0x00007ffb2a869800 Threw 0x00000001475cd5a0 at /HUDSON/workspace/jdk7u10-2-build-macosx-amd64-product/jdk7u10/hotspot/src/share/vm/prims/jvm.cpp:1166
Event: 9.700 Thread 0x00007ffb2a869800 Threw 0x00000001475e6798 at /HUDSON/workspace/jdk7u10-2-build-macosx-amd64-product/jdk7u10/hotspot/src/share/vm/prims/jni.cpp:1597

Events (10 events):
Event: 9.665 loading class 0x00007ffb30df4c40
Event: 9.665 loading class 0x00007ffb30df4c40 done
Event: 9.688 Executing VM operation: GetOrSetLocal
Event: 9.688 Executing VM operation: GetOrSetLocal done
Event: 9.696 loading class 0x00007ffb30df80f0
Event: 9.696 loading class 0x00007ffb30df80f0 done
Event: 9.697 loading class 0x00007ffb30df81b0
Event: 9.697 loading class 0x00007ffb30df81b0 done
Event: 9.697 loading class 0x00007ffb30df8160
Event: 9.697 loading class 0x00007ffb30df8160 done


Dynamic libraries:
0x0000000004947000 	/System/Library/Frameworks/Cocoa.framework/Versions/A/Cocoa
0x0000000004947000 	/System/Library/Frameworks/Security.framework/Versions/A/Security
0x0000000004947000 	/System/Library/Frameworks/ApplicationServices.framework/Versions/A/ApplicationServices
0x0000000004947000 	/usr/lib/libz.1.dylib
0x0000000004947000 	/usr/lib/libSystem.B.dylib
0x0000000004947000 	/usr/lib/libobjc.A.dylib
0x0000000004947000 	/System/Library/Frameworks/CoreFoundation.framework/Versions/A/CoreFoundation
0x0000000004947000 	/System/Library/Frameworks/AppKit.framework/Versions/C/AppKit
0x0000000004947000 	/System/Library/Frameworks/CoreData.framework/Versions/A/CoreData
0x0000000004947000 	/System/Library/Frameworks/Foundation.framework/Versions/C/Foundation
0x0000000004947000 	/System/Library/PrivateFrameworks/RemoteViewServices.framework/Versions/A/RemoteViewServices
0x0000000004947000 	/System/Library/Frameworks/AudioToolbox.framework/Versions/A/AudioToolbox
0x0000000004947000 	/System/Library/Frameworks/AudioUnit.framework/Versions/A/AudioUnit
0x0000000004947000 	/System/Library/PrivateFrameworks/DataDetectorsCore.framework/Versions/A/DataDetectorsCore
0x0000000004947000 	/System/Library/PrivateFrameworks/DesktopServicesPriv.framework/Versions/A/DesktopServicesPriv
0x0000000004947000 	/System/Library/Frameworks/Carbon.framework/Versions/A/Frameworks/HIToolbox.framework/Versions/A/HIToolbox
0x0000000004947000 	/System/Library/Frameworks/QuartzCore.framework/Versions/A/QuartzCore
0x0000000004947000 	/System/Library/Frameworks/Carbon.framework/Versions/A/Frameworks/SpeechRecognition.framework/Versions/A/SpeechRecognition
0x0000000004947000 	/usr/lib/libauto.dylib
0x0000000004947000 	/usr/lib/libicucore.A.dylib
0x0000000004947000 	/usr/lib/libxml2.2.dylib
0x0000000004947000 	/System/Library/PrivateFrameworks/CoreUI.framework/Versions/A/CoreUI
0x0000000004947000 	/System/Library/Frameworks/CoreAudio.framework/Versions/A/CoreAudio
0x0000000004947000 	/System/Library/Frameworks/DiskArbitration.framework/Versions/A/DiskArbitration
0x0000000004947000 	/usr/lib/liblangid.dylib
0x0000000004947000 	/System/Library/PrivateFrameworks/MultitouchSupport.framework/Versions/A/MultitouchSupport
0x0000000004947000 	/System/Library/Frameworks/IOKit.framework/Versions/A/IOKit
0x0000000004947000 	/usr/lib/libDiagnosticMessagesClient.dylib
0x0000000004947000 	/System/Library/Frameworks/CoreServices.framework/Versions/A/CoreServices
0x0000000004947000 	/System/Library/PrivateFrameworks/PerformanceAnalysis.framework/Versions/A/PerformanceAnalysis
0x0000000004947000 	/System/Library/PrivateFrameworks/GenerationalStorage.framework/Versions/A/GenerationalStorage
0x0000000004947000 	/System/Library/Frameworks/OpenGL.framework/Versions/A/OpenGL
0x0000000004947000 	/System/Library/Frameworks/CoreServices.framework/Versions/A/Frameworks/CFNetwork.framework/Versions/A/CFNetwork
0x0000000004947000 	/System/Library/Frameworks/SystemConfiguration.framework/Versions/A/SystemConfiguration
0x0000000004947000 	/usr/lib/libCRFSuite.dylib
0x0000000004947000 	/usr/lib/libc++.1.dylib
0x0000000004947000 	/usr/lib/libstdc++.6.dylib
0x0000000004947000 	/usr/lib/libc++abi.dylib
0x0000000004947000 	/usr/lib/system/libcache.dylib
0x0000000004947000 	/usr/lib/system/libcommonCrypto.dylib
0x0000000004947000 	/usr/lib/system/libcompiler_rt.dylib
0x0000000004947000 	/usr/lib/system/libcopyfile.dylib
0x0000000004947000 	/usr/lib/system/libdispatch.dylib
0x0000000004947000 	/usr/lib/system/libdnsinfo.dylib
0x0000000004947000 	/usr/lib/system/libdyld.dylib
0x0000000004947000 	/usr/lib/system/libkeymgr.dylib
0x0000000004947000 	/usr/lib/system/liblaunch.dylib
0x0000000004947000 	/usr/lib/system/libmacho.dylib
0x0000000004947000 	/usr/lib/system/libmathCommon.A.dylib
0x0000000004947000 	/usr/lib/system/libquarantine.dylib
0x0000000004947000 	/usr/lib/system/libremovefile.dylib
0x0000000004947000 	/usr/lib/system/libsystem_blocks.dylib
0x0000000004947000 	/usr/lib/system/libsystem_c.dylib
0x0000000004947000 	/usr/lib/system/libsystem_dnssd.dylib
0x0000000004947000 	/usr/lib/system/libsystem_info.dylib
0x0000000004947000 	/usr/lib/system/libsystem_kernel.dylib
0x0000000004947000 	/usr/lib/system/libsystem_network.dylib
0x0000000004947000 	/usr/lib/system/libsystem_notify.dylib
0x0000000004947000 	/usr/lib/system/libsystem_sandbox.dylib
0x0000000004947000 	/usr/lib/system/libunc.dylib
0x0000000004947000 	/usr/lib/system/libunwind.dylib
0x0000000004947000 	/usr/lib/system/libxpc.dylib
0x0000000004947000 	/usr/lib/libbsm.0.dylib
0x0000000004947000 	/usr/lib/libsqlite3.dylib
0x0000000004947000 	/usr/lib/libOpenScriptingUtil.dylib
0x0000000004947000 	/usr/lib/libpam.2.dylib
0x0000000004947000 	/usr/lib/libxar-nossl.dylib
0x0000000004947000 	/usr/lib/libbz2.1.0.dylib
0x0000000004947000 	/System/Library/Frameworks/CoreServices.framework/Versions/A/Frameworks/CarbonCore.framework/Versions/A/CarbonCore
0x0000000004947000 	/System/Library/Frameworks/CoreServices.framework/Versions/A/Frameworks/Metadata.framework/Versions/A/Metadata
0x0000000004947000 	/System/Library/Frameworks/CoreServices.framework/Versions/A/Frameworks/OSServices.framework/Versions/A/OSServices
0x0000000004947000 	/System/Library/Frameworks/CoreServices.framework/Versions/A/Frameworks/SearchKit.framework/Versions/A/SearchKit
0x0000000004947000 	/System/Library/Frameworks/CoreServices.framework/Versions/A/Frameworks/AE.framework/Versions/A/AE
0x0000000004947000 	/System/Library/Frameworks/CoreServices.framework/Versions/A/Frameworks/LaunchServices.framework/Versions/A/LaunchServices
0x0000000004947000 	/System/Library/Frameworks/CoreServices.framework/Versions/A/Frameworks/DictionaryServices.framework/Versions/A/DictionaryServices
0x0000000004947000 	/System/Library/Frameworks/NetFS.framework/Versions/A/NetFS
0x0000000004947000 	/usr/lib/system/libkxld.dylib
0x0000000004947000 	/System/Library/PrivateFrameworks/NetAuth.framework/Versions/A/NetAuth
0x0000000004947000 	/usr/lib/libcrypto.0.9.8.dylib
0x0000000004947000 	/System/Library/PrivateFrameworks/TrustEvaluationAgent.framework/Versions/A/TrustEvaluationAgent
0x0000000004947000 	/System/Library/Frameworks/OpenDirectory.framework/Versions/A/Frameworks/CFOpenDirectory.framework/Versions/A/CFOpenDirectory
0x0000000004947000 	/usr/lib/libxslt.1.dylib
0x0000000004947000 	/System/Library/PrivateFrameworks/FamilyControls.framework/Versions/A/FamilyControls
0x0000000004947000 	/System/Library/Frameworks/Carbon.framework/Versions/A/Frameworks/Ink.framework/Versions/A/Ink
0x0000000004947000 	/System/Library/Frameworks/ApplicationServices.framework/Versions/A/Frameworks/CoreGraphics.framework/Versions/A/CoreGraphics
0x0000000004947000 	/System/Library/Frameworks/ApplicationServices.framework/Versions/A/Frameworks/ImageIO.framework/Versions/A/ImageIO
0x0000000004947000 	/System/Library/Frameworks/ApplicationServices.framework/Versions/A/Frameworks/CoreText.framework/Versions/A/CoreText
0x0000000004947000 	/System/Library/Frameworks/ApplicationServices.framework/Versions/A/Frameworks/ATS.framework/Versions/A/ATS
0x0000000004947000 	/System/Library/Frameworks/ApplicationServices.framework/Versions/A/Frameworks/ColorSync.framework/Versions/A/ColorSync
0x0000000004947000 	/System/Library/Frameworks/ApplicationServices.framework/Versions/A/Frameworks/HIServices.framework/Versions/A/HIServices
0x0000000004947000 	/System/Library/Frameworks/ApplicationServices.framework/Versions/A/Frameworks/LangAnalysis.framework/Versions/A/LangAnalysis
0x0000000004947000 	/System/Library/Frameworks/ApplicationServices.framework/Versions/A/Frameworks/PrintCore.framework/Versions/A/PrintCore
0x0000000004947000 	/System/Library/Frameworks/ApplicationServices.framework/Versions/A/Frameworks/QD.framework/Versions/A/QD
0x0000000004947000 	/System/Library/Frameworks/ApplicationServices.framework/Versions/A/Frameworks/SpeechSynthesis.framework/Versions/A/SpeechSynthesis
0x0000000004947000 	/System/Library/Frameworks/IOSurface.framework/Versions/A/IOSurface
0x0000000004947000 	/System/Library/Frameworks/Accelerate.framework/Versions/A/Accelerate
0x0000000004947000 	/System/Library/Frameworks/ApplicationServices.framework/Versions/A/Frameworks/ImageIO.framework/Versions/A/Resources/libJPEG.dylib
0x0000000004947000 	/System/Library/Frameworks/ApplicationServices.framework/Versions/A/Frameworks/ImageIO.framework/Versions/A/Resources/libTIFF.dylib
0x0000000004947000 	/System/Library/Frameworks/ApplicationServices.framework/Versions/A/Frameworks/ImageIO.framework/Versions/A/Resources/libPng.dylib
0x0000000004947000 	/System/Library/Frameworks/ApplicationServices.framework/Versions/A/Frameworks/ImageIO.framework/Versions/A/Resources/libGIF.dylib
0x0000000004947000 	/System/Library/Frameworks/ApplicationServices.framework/Versions/A/Frameworks/ImageIO.framework/Versions/A/Resources/libJP2.dylib
0x0000000004947000 	/System/Library/Frameworks/ApplicationServices.framework/Versions/A/Frameworks/ImageIO.framework/Versions/A/Resources/libRadiance.dylib
0x0000000004947000 	/System/Library/Frameworks/Accelerate.framework/Versions/A/Frameworks/vImage.framework/Versions/A/vImage
0x0000000004947000 	/System/Library/Frameworks/Accelerate.framework/Versions/A/Frameworks/vecLib.framework/Versions/A/vecLib
0x0000000004947000 	/System/Library/Frameworks/Accelerate.framework/Versions/A/Frameworks/vecLib.framework/Versions/A/libvDSP.dylib
0x0000000004947000 	/System/Library/Frameworks/Accelerate.framework/Versions/A/Frameworks/vecLib.framework/Versions/A/libvMisc.dylib
0x0000000004947000 	/System/Library/Frameworks/Accelerate.framework/Versions/A/Frameworks/vecLib.framework/Versions/A/libLAPACK.dylib
0x0000000004947000 	/System/Library/Frameworks/Accelerate.framework/Versions/A/Frameworks/vecLib.framework/Versions/A/libBLAS.dylib
0x0000000004947000 	/System/Library/Frameworks/ApplicationServices.framework/Versions/A/Frameworks/ATS.framework/Versions/A/Resources/libFontParser.dylib
0x0000000004947000 	/System/Library/Frameworks/ApplicationServices.framework/Versions/A/Frameworks/ATS.framework/Versions/A/Resources/libFontRegistry.dylib
0x0000000004947000 	/usr/lib/libcups.2.dylib
0x0000000004947000 	/System/Library/Frameworks/Kerberos.framework/Versions/A/Kerberos
0x0000000004947000 	/System/Library/Frameworks/GSS.framework/Versions/A/GSS
0x0000000004947000 	/usr/lib/libresolv.9.dylib
0x0000000004947000 	/usr/lib/libiconv.2.dylib
0x0000000004947000 	/System/Library/PrivateFrameworks/Heimdal.framework/Versions/A/Heimdal
0x0000000004947000 	/System/Library/Frameworks/OpenDirectory.framework/Versions/A/OpenDirectory
0x0000000004947000 	/System/Library/PrivateFrameworks/CommonAuth.framework/Versions/A/CommonAuth
0x0000000004947000 	/System/Library/Frameworks/CoreVideo.framework/Versions/A/CoreVideo
0x0000000004947000 	/System/Library/Frameworks/QuartzCore.framework/Versions/A/Frameworks/CoreImage.framework/Versions/A/CoreImage
0x0000000004947000 	/System/Library/Frameworks/QuartzCore.framework/Versions/A/Frameworks/ScalableUserInterface.framework/Versions/A/ScalableUserInterface
0x0000000004947000 	/System/Library/Frameworks/OpenGL.framework/Versions/A/Libraries/libGLU.dylib
0x0000000004947000 	/System/Library/Frameworks/OpenGL.framework/Versions/A/Libraries/libGFXShared.dylib
0x0000000004947000 	/System/Library/Frameworks/OpenGL.framework/Versions/A/Libraries/libGL.dylib
0x0000000004947000 	/System/Library/Frameworks/OpenGL.framework/Versions/A/Libraries/libGLImage.dylib
0x0000000004947000 	/System/Library/Frameworks/OpenGL.framework/Versions/A/Libraries/libCVMSPluginSupport.dylib
0x0000000004947000 	/System/Library/Frameworks/OpenGL.framework/Versions/A/Libraries/libCoreVMClient.dylib
0x0000000004947000 	/System/Library/Frameworks/OpenCL.framework/Versions/A/OpenCL
0x0000000004947000 	/System/Library/PrivateFrameworks/FaceCoreLight.framework/Versions/A/FaceCoreLight
0x0000000004947000 	/System/Library/Frameworks/vecLib.framework/Versions/A/vecLib
0x0000000004947000 	/System/Library/Frameworks/SecurityFoundation.framework/Versions/A/SecurityFoundation
0x0000000004947000 	/System/Library/PrivateFrameworks/CommerceKit.framework/Versions/A/Frameworks/CommerceCore.framework/Versions/A/CommerceCore
0x0000000004947000 	/System/Library/PrivateFrameworks/CoreSymbolication.framework/Versions/A/CoreSymbolication
0x0000000004947000 	/System/Library/PrivateFrameworks/Symbolication.framework/Versions/A/Symbolication
0x0000000004947000 	/System/Library/PrivateFrameworks/DebugSymbols.framework/Versions/A/DebugSymbols
0x0000000106b9a000 	/Library/Java/JavaVirtualMachines/jdk1.7.0_10.jdk/Contents/Home/jre/lib/server/libjvm.dylib
0x0000000107772000 	/Library/Java/JavaVirtualMachines/jdk1.7.0_10.jdk/Contents/Home/jre/lib/libverify.dylib
0x000000010777f000 	/Library/Java/JavaVirtualMachines/jdk1.7.0_10.jdk/Contents/Home/jre/lib/libjava.dylib
0x00000001077b0000 	/Library/Java/JavaVirtualMachines/jdk1.7.0_10.jdk/Contents/Home/jre/lib/libjdwp.dylib
0x00000001077ed000 	/Library/Java/JavaVirtualMachines/jdk1.7.0_10.jdk/Contents/Home/jre/lib/./libnpt.dylib
0x00000001077fa000 	/Library/Java/JavaVirtualMachines/jdk1.7.0_10.jdk/Contents/Home/jre/lib/libzip.dylib
0x000000016732d000 	/System/Library/Frameworks/JavaVM.framework/Frameworks/JavaRuntimeSupport.framework/JavaRuntimeSupport
0x0000000167345000 	/System/Library/Frameworks/JavaVM.framework/Versions/A/Frameworks/JavaNativeFoundation.framework/Versions/A/JavaNativeFoundation
0x000000016735a000 	/System/Library/Frameworks/JavaVM.framework/Versions/A/JavaVM
0x0000000004947000 	/System/Library/Frameworks/Carbon.framework/Versions/A/Carbon
0x000000010a8c4000 	/System/Library/PrivateFrameworks/JavaLaunching.framework/Versions/A/JavaLaunching
0x0000000004947000 	/System/Library/Frameworks/Carbon.framework/Versions/A/Frameworks/CommonPanels.framework/Versions/A/CommonPanels
0x0000000004947000 	/System/Library/Frameworks/Carbon.framework/Versions/A/Frameworks/Help.framework/Versions/A/Help
0x0000000004947000 	/System/Library/Frameworks/Carbon.framework/Versions/A/Frameworks/ImageCapture.framework/Versions/A/ImageCapture
0x0000000004947000 	/System/Library/Frameworks/Carbon.framework/Versions/A/Frameworks/OpenScripting.framework/Versions/A/OpenScripting
0x0000000004947000 	/System/Library/Frameworks/Carbon.framework/Versions/A/Frameworks/Print.framework/Versions/A/Print
0x0000000004947000 	/System/Library/Frameworks/Carbon.framework/Versions/A/Frameworks/SecurityHI.framework/Versions/A/SecurityHI
0x000000016762b000 	/Library/Java/JavaVirtualMachines/jdk1.7.0_10.jdk/Contents/Home/jre/lib/libdt_socket.dylib
0x0000000167da4000 	/Library/Java/JavaVirtualMachines/jdk1.7.0_10.jdk/Contents/Home/jre/lib/libnio.dylib
0x0000000167db3000 	/Library/Java/JavaVirtualMachines/jdk1.7.0_10.jdk/Contents/Home/jre/lib/./libnet.dylib
0x00000001685c8000 	/Library/Java/JavaVirtualMachines/jdk1.7.0_10.jdk/Contents/Home/jre/lib/libawt.dylib
0x0000000168677000 	/Library/Java/JavaVirtualMachines/jdk1.7.0_10.jdk/Contents/Home/jre/lib/./libmlib_image.dylib
0x0000000168743000 	/Library/Java/JavaVirtualMachines/jdk1.7.0_10.jdk/Contents/Home/jre/lib/lwawt/liblwawt.dylib
0x00000001687f5000 	/Library/Java/JavaVirtualMachines/jdk1.7.0_10.jdk/Contents/Home/jre/lib/server/../libosxapp.dylib
0x0000000168811000 	/System/Library/Frameworks/ExceptionHandling.framework/Versions/A/ExceptionHandling
0x0000000004947000 	/System/Library/PrivateFrameworks/CoreServicesInternal.framework/Versions/A/CoreServicesInternal
0x0000000004947000 	/System/Library/Frameworks/ApplicationServices.framework/Versions/A/Frameworks/CoreGraphics.framework/Versions/A/Resources/libCSync.A.dylib
0x0000000004947000 	/System/Library/Frameworks/ApplicationServices.framework/Versions/A/Frameworks/CoreGraphics.framework/Versions/A/Resources/libRIP.A.dylib
0x0000000004947000 	/System/Library/Frameworks/ApplicationServices.framework/Versions/A/Frameworks/CoreGraphics.framework/Versions/A/Resources/libCGXType.A.dylib
0x000000016c422000 	/System/Library/Frameworks/OpenGL.framework/Resources/GLEngine.bundle/GLEngine
0x000000016c611000 	/System/Library/Frameworks/OpenGL.framework/Versions/A/Libraries/libGLProgrammability.dylib
0x000000016c79d000 	/System/Library/Extensions/ATIRadeonX3000GLDriver.bundle/Contents/MacOS/ATIRadeonX3000GLDriver
0x0000000169c46000 	/System/Library/PrivateFrameworks/GPUSupport.framework/Versions/A/Libraries/libGPUSupport.dylib
0x000000016caad000 	/System/Library/Extensions/AppleIntelHD3000GraphicsGLDriver.bundle/Contents/MacOS/AppleIntelHD3000GraphicsGLDriver
0x0000000169c5b000 	/System/Library/Frameworks/OpenGL.framework/Resources//GLRendererFloat.bundle/GLRendererFloat
0x0000000169c92000 	/System/Library/Frameworks/OpenCL.framework/Versions/A/Libraries/libcldcpuengine.dylib
0x0000000004947000 	/System/Library/PrivateFrameworks/DiskImages.framework/Versions/A/DiskImages
0x0000000169ca2000 	/System/Library/Frameworks/OpenGL.framework/Versions/A/Libraries/libCoreFSCache.dylib
0x0000000004947000 	/System/Library/Frameworks/DiscRecording.framework/Versions/A/DiscRecording
0x0000000004947000 	/usr/lib/libcurl.4.dylib
0x0000000004947000 	/System/Library/PrivateFrameworks/MediaKit.framework/Versions/A/MediaKit
0x0000000004947000 	/usr/lib/libssl.0.9.8.dylib
0x0000000004947000 	/System/Library/Frameworks/LDAP.framework/Versions/A/LDAP
0x0000000004947000 	/usr/lib/libsasl2.2.dylib
0x000000016d0dd000 	/Library/Java/JavaVirtualMachines/jdk1.7.0_10.jdk/Contents/Home/jre/lib/libfontmanager.dylib
0x00000001683bc000 	/Applications/NetBeans/NetBeans 7.3 Beta 2.app/Contents/Resources/NetBeans/platform/modules/lib/libjnidispatch-340.jnilib
0x00000001683d0000 	/Library/Java/JavaVirtualMachines/jdk1.7.0_10.jdk/Contents/Home/jre/lib/libosxui.dylib
0x000000016ed70000 	/Library/Java/JavaVirtualMachines/jdk1.7.0_10.jdk/Contents/Home/jre/lib/libkcms.dylib
0x0000000167468000 	/Library/Java/Extensions/librxtxSerial.jnilib
0x00000001682b4000 	/Users/chaselaurendine/Documents/SvnProjects/NerduinoIDE/Nerduino-host/build/cluster/modules/bin/libmat.jnilib
0x000000012feeb000 	/System/Library/Frameworks/GLUT.framework/Versions/A/GLUT
0x0000000004947000 	/System/Library/Frameworks/QTKit.framework/Versions/A/QTKit
0x0000000004947000 	/System/Library/Frameworks/CoreMedia.framework/Versions/A/CoreMedia
0x0000000004947000 	/System/Library/PrivateFrameworks/MediaToolbox.framework/Versions/A/MediaToolbox
0x0000000004947000 	/System/Library/PrivateFrameworks/VideoToolbox.framework/Versions/A/VideoToolbox
0x0000000004947000 	/System/Library/PrivateFrameworks/CoreMediaAuthoring.framework/Versions/A/CoreMediaAuthoring
0x0000000004947000 	/System/Library/Frameworks/CoreMediaIO.framework/Versions/A/CoreMediaIO
0x0000000004947000 	/System/Library/PrivateFrameworks/CoreAUC.framework/Versions/A/CoreAUC
0x0000000004947000 	/System/Library/PrivateFrameworks/AppleVA.framework/Versions/A/AppleVA
0x0000000174877000 	/Users/chaselaurendine/Documents/SvnProjects/NerduinoIDE/Nerduino-host/build/cluster/modules/bin/libWebPaneJava.dylib
0x000000016e0f9000 	/Users/chaselaurendine/Documents/SvnProjects/NerduinoIDE/Nerduino-host/build/cluster/modules/bin/libjavafx-font.jnilib
0x0000000167e75000 	cl_kernels
0x0000000173432000 	/System/Library/Frameworks/OpenCL.framework/Versions/A/Libraries/ImageFormats/unorm8_bgra.dylib
0x0000000167eb9000 	cl_kernels
0x000000016eb3f000 	/Library/Java/JavaVirtualMachines/jdk1.7.0_10.jdk/Contents/Home/jre/lib/libdcpr.dylib
0x0000000004947000 	/System/Library/Frameworks/ApplicationServices.framework/Versions/A/Frameworks/ATS.framework/Versions/A/Resources/libTrueTypeScaler.dylib
0x0000000168385000 	/Library/Java/JavaVirtualMachines/jdk1.7.0_10.jdk/Contents/Home/jre/lib/libmanagement.dylib
0x000000016dea7000 	/Users/chaselaurendine/Documents/SvnProjects/NerduinoIDE/Nerduino-host/build/cluster/modules/bin/libjavafx-iio.jnilib

VM Arguments:
jvm_args: -Djdk.home=/Library/Java/JavaVirtualMachines/jdk1.7.0_10.jdk/Contents/Home -Dnetbeans.system_http_proxy=DIRECT -Dnetbeans.system_http_non_proxy_hosts= -Dnetbeans.dirs=/Users/chaselaurendine/Documents/SvnProjects/NerduinoIDE/Nerduino-host/build/cluster:/Applications/NetBeans/NetBeans 7.3 Beta 2.app/Contents/Resources/NetBeans/harness:/Applications/NetBeans/NetBeans 7.3 Beta 2.app/Contents/Resources/NetBeans/ide:/Applications/NetBeans/NetBeans 7.3 Beta 2.app/Contents/Resources/NetBeans/java:/Applications/NetBeans/NetBeans 7.3 Beta 2.app/Contents/Resources/NetBeans/platform:/Applications/NetBeans/NetBeans 7.3 Beta 2.app/Contents/Resources/NetBeans/websvccommon:/Users/chaselaurendine/Documents/Downloads/nbribbon/PinkMatterRibbonPlatform -Dnetbeans.home=/Applications/NetBeans/NetBeans 7.3 Beta 2.app/Contents/Resources/NetBeans/platform -Dnetbeans.logger.console=true -ea -Xdebug -Xrunjdwp:transport=dt_socket,suspend=y,server=n,address=dsldevice:49321 -Dsun.awt.disableMixing=true -XX:+HeapDumpOnOutOfMemoryError -XX:HeapDumpPath=/Users/chaselaurendine/Documents/SvnProjects/NerduinoIDE/Nerduino-host/fxbrowser/../build/testuserdir/var/log/heapdump.hprof 
java_command: org.netbeans.Main --userdir /Users/chaselaurendine/Documents/SvnProjects/NerduinoIDE/Nerduino-host/fxbrowser/../build/testuserdir --branding nerduinoiot
Launcher Type: SUN_STANDARD

Environment Variables:
PATH=/usr/bin:/bin:/usr/sbin:/sbin
LD_LIBRARY_PATH=/Library/Java/JavaVirtualMachines/jdk1.7.0_10.jdk/Contents/Home/jre/lib/amd64:/Library/Java/JavaVirtualMachines/jdk1.7.0_10.jdk/Contents/Home/jre/lib/i386:/Library/Java/JavaVirtualMachines/jdk1.7.0_10.jdk/Contents/Home/jre/lib/amd64:/Library/Java/JavaVirtualMachines/jdk1.7.0_10.jdk/Contents/Home/jre/lib/i386:
SHELL=/bin/bash
DISPLAY=/tmp/launch-tHXbl9/org.macosforge.xquartz:0

Signal Handlers:
SIGSEGV: [libjvm.dylib+0x4a363d], sa_mask[0]=0xfffefeff, sa_flags=0x00000042
SIGBUS: [libjvm.dylib+0x4a363d], sa_mask[0]=0xfffefeff, sa_flags=0x00000042
SIGFPE: [libjvm.dylib+0x3b3051], sa_mask[0]=0xfffefeff, sa_flags=0x00000042
SIGPIPE: [libjvm.dylib+0x3b3051], sa_mask[0]=0xfffefeff, sa_flags=0x00000042
SIGXFSZ: [libjvm.dylib+0x3b3051], sa_mask[0]=0xfffefeff, sa_flags=0x00000042
SIGILL: [libjvm.dylib+0x3b3051], sa_mask[0]=0xfffefeff, sa_flags=0x00000042
SIGUSR1: SIG_DFL, sa_mask[0]=0x00000000, sa_flags=0x00000002
SIGUSR2: [libjvm.dylib+0x3b2bea], sa_mask[0]=0x00000004, sa_flags=0x00000042
SIGHUP: [libjvm.dylib+0x3b0e4b], sa_mask[0]=0xfffefeff, sa_flags=0x00000042
SIGINT: SIG_IGN, sa_mask[0]=0x00000000, sa_flags=0x00000000
SIGTERM: [libjvm.dylib+0x3b0e4b], sa_mask[0]=0xfffefeff, sa_flags=0x00000042
SIGQUIT: [libjvm.dylib+0x3b0e4b], sa_mask[0]=0xfffefeff, sa_flags=0x00000042


---------------  S Y S T E M  ---------------

OS:Bsduname:Darwin 11.4.2 Darwin Kernel Version 11.4.2: Thu Aug 23 16:25:48 PDT 2012; root:xnu-1699.32.7~1/RELEASE_X86_64 x86_64
rlimit: STACK 8192k, CORE 0k, NPROC 709, NOFILE 10240, AS infinity
load average:1.67 1.02 0.70

CPU:total 8 (4 cores per cpu, 2 threads per core) family 6 model 42 stepping 7, cmov, cx8, fxsr, mmx, sse, sse2, sse3, ssse3, sse4.1, sse4.2, popcnt, avx, ht, tsc, tscinvbit

Memory: 4k page, physical 5317180k(1329295k free)

/proc/meminfo:


vm_info: Java HotSpot(TM) 64-Bit Server VM (23.6-b04) for bsd-amd64 JRE (1.7.0_10-b18), built on Nov 28 2012 07:52:20 by "java_re" with gcc 4.2.1 (Based on Apple Inc. build 5658) (LLVM build 2336.9.00)

time: Thu May 16 08:12:29 2013
elapsed time: 9 seconds

