#
# A fatal error has been detected by the Java Runtime Environment:
#
#  SIGSEGV (0xb) at pc=0x000000010c6a4e89, pid=1578, tid=1799
#
# JRE version: 7.0_10-b18
# Java VM: Java HotSpot(TM) 64-Bit Server VM (23.6-b04 mixed mode bsd-amd64 compressed oops)
# Problematic frame:
# V  [libjvm.dylib+0x2a4e89]
#
# Failed to write core dump. Core dumps have been disabled. To enable core dumping, try "ulimit -c unlimited" before starting Java again
#
# If you would like to submit a bug report, please visit:
#   http://bugreport.sun.com/bugreport/crash.jsp
#

---------------  T H R E A D  ---------------

Current thread (0x00007ff25b10a800):  JavaThread "JavaFX Application Thread" daemon [_thread_in_vm, id=1799, stack(0x00007fff6b5d1000,0x00007fff6bdd1000)]

siginfo:si_signo=SIGSEGV: si_errno=0, si_code=1 (SEGV_MAPERR), si_addr=0x0000000000000000

Registers:
RAX=0x000000010c8ec0fc, RBX=0x00007fff6bdc85c0, RCX=0x00007ff25b10a800, RDX=0x00007fff6bdc85c0
RSP=0x00007fff6bdc84d0, RBP=0x00007fff6bdc84e0, RSI=0x0000000000000000, RDI=0x00007fff6bdc8508
R8 =0x0000000000000000, R9 =0x0000000000000004, R10=0x0000000000000481, R11=0x00007ff25c8024b6
R12=0x00007ff25b10a800, R13=0x00007fff6bdc8508, R14=0x00007fff6bdc8508, R15=0x00007ff25b10a9d8
RIP=0x000000010c6a4e89, EFLAGS=0x0000000000010297, ERR=0x0000000000000004
  TRAPNO=0x000000000000000e

Top of Stack: (sp=0x00007fff6bdc84d0)
0x00007fff6bdc84d0:   0000000000000000 00007ff25aede220
0x00007fff6bdc84e0:   00007fff6bdc85b0 000000010c695cc4
0x00007fff6bdc84f0:   00007fff6bdc8550 000000010c84d2c5
0x00007fff6bdc8500:   00007fff6bdc85c0 0000000000000220
0x00007fff6bdc8510:   00007fff6bdc84b8 00007fff6bdc8500
0x00007fff6bdc8520:   0000000800000002 000020605b10a801
0x00007fff6bdc8530:   0000000000000000 000000017a674e81
0x00007fff6bdc8540:   000000010c8ec0fc 00007ff20000000c
0x00007fff6bdc8550:   00007fff6bdc8580 00007ff25b10a800
0x00007fff6bdc8560:   000000010c37df08 000000300000063d
0x00007fff6bdc8570:   000000010c8ec0fc 00007ff25b10a800
0x00007fff6bdc8580:   00007ff25b10a800 00000000ffffffff
0x00007fff6bdc8590:   00007ff25d93ac58 00007ff263cc5d80
0x00007fff6bdc85a0:   0000000000000000 0000000000000000
0x00007fff6bdc85b0:   00007fff6bdc8690 0000000179c508c8
0x00007fff6bdc85c0:   0000003000000018 00007fff6bdc86a0
0x00007fff6bdc85d0:   00007fff6bdc85e0 00007fff6bdc8668
0x00007fff6bdc85e0:   0000000000000000 00007fff6bdc8664
0x00007fff6bdc85f0:   0001206800000100 00007ff25d93ac58
0x00007fff6bdc8600:   0000000000000000 0000000000000004
0x00007fff6bdc8610:   0000000000002b1a 00007fff7536e730
0x00007fff6bdc8620:   00007ff25d93ac58 00007ff263cc5d80
0x00007fff6bdc8630:   0000000000000000 0000000000000000
0x00007fff6bdc8640:   00007fff6bdc8680 00007fff8f23d6ab
0x00007fff6bdc8650:   00007fff6bdc8690 00007ff25b10a800
0x00007fff6bdc8660:   000120685b10a9d8 0000f9000000f900
0x00007fff6bdc8670:   00007ff25b10a9d8 0000000000000000
0x00007fff6bdc8680:   00007fff6bdc8690 00007fff88d2ef29
0x00007fff6bdc8690:   00007fff6bdc87b0 0000000179cca1a6
0x00007fff6bdc86a0:   0000000000000125 0000000000000014
0x00007fff6bdc86b0:   00000000ffffffff 0000000000000000
0x00007fff6bdc86c0:   00007ff25c11c170 00007fff6bdc8728 

Instructions: (pc=0x000000010c6a4e89)
0x000000010c6a4e69:   3e 00 48 83 c0 10 49 89 06 49 89 5e 28 5b 41 5e
0x000000010c6a4e79:   5d c3 90 55 48 89 e5 41 56 53 48 89 d3 49 89 fe
0x000000010c6a4e89:   48 8b 06 48 8b 48 10 48 8b 78 18 0f b7 71 42 e8
0x000000010c6a4e99:   b5 2a 21 00 48 89 c6 48 83 e6 fe 4c 89 f7 e8 64 

Register to memory mapping:

RAX=0x000000010c8ec0fc: _ZZN16GenCollectedHeap16preload_and_dumpEP6ThreadE19map_entry_array_sig+0xfaac in /Library/Java/JavaVirtualMachines/jdk1.7.0_10.jdk/Contents/Home/jre/lib/server/libjvm.dylib at 0x000000010c400000
RBX=0x00007fff6bdc85c0 is pointing into the stack for thread: 0x00007ff25b10a800
RCX=0x00007ff25b10a800 is a thread
RDX=0x00007fff6bdc85c0 is pointing into the stack for thread: 0x00007ff25b10a800
RSP=0x00007fff6bdc84d0 is pointing into the stack for thread: 0x00007ff25b10a800
RBP=0x00007fff6bdc84e0 is pointing into the stack for thread: 0x00007ff25b10a800
RSI=0x0000000000000000 is an unknown value
RDI=0x00007fff6bdc8508 is pointing into the stack for thread: 0x00007ff25b10a800
R8 =0x0000000000000000 is an unknown value
R9 =0x0000000000000004 is an unknown value
R10=0x0000000000000481 is an unknown value
R11=0x00007ff25c8024b6 is an unknown value
R12=0x00007ff25b10a800 is a thread
R13=0x00007fff6bdc8508 is pointing into the stack for thread: 0x00007ff25b10a800
R14=0x00007fff6bdc8508 is pointing into the stack for thread: 0x00007ff25b10a800
R15=0x00007ff25b10a9d8 is an unknown value


Stack: [0x00007fff6b5d1000,0x00007fff6bdd1000],  sp=0x00007fff6bdc84d0,  free space=8157k
Native frames: (J=compiled Java code, j=interpreted, Vv=VM code, C=native code)
V  [libjvm.dylib+0x2a4e89]
V  [libjvm.dylib+0x295cc4]
C  [libWebPaneJava.dylib+0x5378c8]  _ZN7JNIEnv_16CallObjectMethodEP8_jobjectP10_jmethodIDz+0x98
C  [libWebPaneJava.dylib+0x5b11a6]  _ZN7WebCore15RenderThemeJava11paintWidgetEiPNS_12RenderObjectERKNS_9PaintInfoERKNS_7IntRectE+0x1a6
C  [libWebPaneJava.dylib+0x5b19b4]  _ZN7WebCore15RenderThemeJava14paintTextFieldEPNS_12RenderObjectERKNS_9PaintInfoERKNS_7IntRectE+0x14
C  [libWebPaneJava.dylib+0x6ff896]  _ZN7WebCore11RenderTheme15paintBorderOnlyEPNS_12RenderObjectERKNS_9PaintInfoERKNS_7IntRectE+0x146
C  [libWebPaneJava.dylib+0x65dd5b]  _ZN7WebCore9RenderBox19paintBoxDecorationsERNS_9PaintInfoERKNS_8IntPointE+0x19b
C  [libWebPaneJava.dylib+0x622eea]  _ZN7WebCore11RenderBlock11paintObjectERNS_9PaintInfoERKNS_8IntPointE+0x43a
C  [libWebPaneJava.dylib+0x60c85c]  _ZN7WebCore11RenderBlock5paintERNS_9PaintInfoERKNS_8IntPointE+0xec
C  [libWebPaneJava.dylib+0x6fa73b]  _ZN7WebCore27RenderTextControlSingleLine5paintERNS_9PaintInfoERKNS_8IntPointE+0x2b
C  [libWebPaneJava.dylib+0x5f82fa]  _ZN7WebCore9InlineBox5paintERNS_9PaintInfoERKNS_8IntPointEii+0xfa
C  [libWebPaneJava.dylib+0x5fd45c]  _ZN7WebCore13InlineFlowBox5paintERNS_9PaintInfoERKNS_8IntPointEii+0x1bc
C  [libWebPaneJava.dylib+0x711fa0]  _ZN7WebCore13RootInlineBox5paintERNS_9PaintInfoERKNS_8IntPointEii+0x30
C  [libWebPaneJava.dylib+0x6ac063]  _ZNK7WebCore17RenderLineBoxList5paintEPNS_20RenderBoxModelObjectERNS_9PaintInfoERKNS_8IntPointE+0x2d3
C  [libWebPaneJava.dylib+0x614caf]  _ZN7WebCore11RenderBlock13paintContentsERNS_9PaintInfoERKNS_8IntPointE+0x8f
C  [libWebPaneJava.dylib+0x622cff]  _ZN7WebCore11RenderBlock11paintObjectERNS_9PaintInfoERKNS_8IntPointE+0x24f
C  [libWebPaneJava.dylib+0x60c85c]  _ZN7WebCore11RenderBlock5paintERNS_9PaintInfoERKNS_8IntPointE+0xec
C  [libWebPaneJava.dylib+0x6e2d39]  _ZN7WebCore15RenderTableCell5paintERNS_9PaintInfoERKNS_8IntPointE+0x39
C  [libWebPaneJava.dylib+0x6e65b3]  _ZN7WebCore18RenderTableSection9paintCellEPNS_15RenderTableCellERNS_9PaintInfoERKNS_8IntPointE+0x93
C  [libWebPaneJava.dylib+0x6eb8a4]  _ZN7WebCore18RenderTableSection11paintObjectERNS_9PaintInfoERKNS_8IntPointE+0x214
C  [libWebPaneJava.dylib+0x6e6802]  _ZN7WebCore18RenderTableSection5paintERNS_9PaintInfoERKNS_8IntPointE+0xb2
C  [libWebPaneJava.dylib+0x6d6ae6]  _ZN7WebCore11RenderTable11paintObjectERNS_9PaintInfoERKNS_8IntPointE+0x156
C  [libWebPaneJava.dylib+0x6d532c]  _ZN7WebCore11RenderTable5paintERNS_9PaintInfoERKNS_8IntPointE+0xec
C  [libWebPaneJava.dylib+0x614b6a]  _ZN7WebCore11RenderBlock13paintChildrenERNS_9PaintInfoERKNS_8IntPointE+0x22a
C  [libWebPaneJava.dylib+0x614ccf]  _ZN7WebCore11RenderBlock13paintContentsERNS_9PaintInfoERKNS_8IntPointE+0xaf
C  [libWebPaneJava.dylib+0x622cff]  _ZN7WebCore11RenderBlock11paintObjectERNS_9PaintInfoERKNS_8IntPointE+0x24f
C  [libWebPaneJava.dylib+0x60c85c]  _ZN7WebCore11RenderBlock5paintERNS_9PaintInfoERKNS_8IntPointE+0xec
C  [libWebPaneJava.dylib+0x6e2d39]  _ZN7WebCore15RenderTableCell5paintERNS_9PaintInfoERKNS_8IntPointE+0x39
C  [libWebPaneJava.dylib+0x6e65b3]  _ZN7WebCore18RenderTableSection9paintCellEPNS_15RenderTableCellERNS_9PaintInfoERKNS_8IntPointE+0x93
C  [libWebPaneJava.dylib+0x6eb8a4]  _ZN7WebCore18RenderTableSection11paintObjectERNS_9PaintInfoERKNS_8IntPointE+0x214
C  [libWebPaneJava.dylib+0x6e6802]  _ZN7WebCore18RenderTableSection5paintERNS_9PaintInfoERKNS_8IntPointE+0xb2
C  [libWebPaneJava.dylib+0x6d6ae6]  _ZN7WebCore11RenderTable11paintObjectERNS_9PaintInfoERKNS_8IntPointE+0x156
C  [libWebPaneJava.dylib+0x6d532c]  _ZN7WebCore11RenderTable5paintERNS_9PaintInfoERKNS_8IntPointE+0xec
C  [libWebPaneJava.dylib+0x614b6a]  _ZN7WebCore11RenderBlock13paintChildrenERNS_9PaintInfoERKNS_8IntPointE+0x22a
C  [libWebPaneJava.dylib+0x614ccf]  _ZN7WebCore11RenderBlock13paintContentsERNS_9PaintInfoERKNS_8IntPointE+0xaf
C  [libWebPaneJava.dylib+0x622cff]  _ZN7WebCore11RenderBlock11paintObjectERNS_9PaintInfoERKNS_8IntPointE+0x24f
C  [libWebPaneJava.dylib+0x60c85c]  _ZN7WebCore11RenderBlock5paintERNS_9PaintInfoERKNS_8IntPointE+0xec
C  [libWebPaneJava.dylib+0x614b6a]  _ZN7WebCore11RenderBlock13paintChildrenERNS_9PaintInfoERKNS_8IntPointE+0x22a
C  [libWebPaneJava.dylib+0x614ccf]  _ZN7WebCore11RenderBlock13paintContentsERNS_9PaintInfoERKNS_8IntPointE+0xaf
C  [libWebPaneJava.dylib+0x622cff]  _ZN7WebCore11RenderBlock11paintObjectERNS_9PaintInfoERKNS_8IntPointE+0x24f
C  [libWebPaneJava.dylib+0x60c85c]  _ZN7WebCore11RenderBlock5paintERNS_9PaintInfoERKNS_8IntPointE+0xec
C  [libWebPaneJava.dylib+0x6e2d39]  _ZN7WebCore15RenderTableCell5paintERNS_9PaintInfoERKNS_8IntPointE+0x39
C  [libWebPaneJava.dylib+0x6e65b3]  _ZN7WebCore18RenderTableSection9paintCellEPNS_15RenderTableCellERNS_9PaintInfoERKNS_8IntPointE+0x93
C  [libWebPaneJava.dylib+0x6eb8a4]  _ZN7WebCore18RenderTableSection11paintObjectERNS_9PaintInfoERKNS_8IntPointE+0x214
C  [libWebPaneJava.dylib+0x6e6802]  _ZN7WebCore18RenderTableSection5paintERNS_9PaintInfoERKNS_8IntPointE+0xb2
C  [libWebPaneJava.dylib+0x6d6ae6]  _ZN7WebCore11RenderTable11paintObjectERNS_9PaintInfoERKNS_8IntPointE+0x156
C  [libWebPaneJava.dylib+0x6d532c]  _ZN7WebCore11RenderTable5paintERNS_9PaintInfoERKNS_8IntPointE+0xec
C  [libWebPaneJava.dylib+0x614b6a]  _ZN7WebCore11RenderBlock13paintChildrenERNS_9PaintInfoERKNS_8IntPointE+0x22a
C  [libWebPaneJava.dylib+0x614ccf]  _ZN7WebCore11RenderBlock13paintContentsERNS_9PaintInfoERKNS_8IntPointE+0xaf
C  [libWebPaneJava.dylib+0x622cff]  _ZN7WebCore11RenderBlock11paintObjectERNS_9PaintInfoERKNS_8IntPointE+0x24f
C  [libWebPaneJava.dylib+0x60c85c]  _ZN7WebCore11RenderBlock5paintERNS_9PaintInfoERKNS_8IntPointE+0xec
C  [libWebPaneJava.dylib+0x6e2d39]  _ZN7WebCore15RenderTableCell5paintERNS_9PaintInfoERKNS_8IntPointE+0x39
C  [libWebPaneJava.dylib+0x6e65b3]  _ZN7WebCore18RenderTableSection9paintCellEPNS_15RenderTableCellERNS_9PaintInfoERKNS_8IntPointE+0x93
C  [libWebPaneJava.dylib+0x6eb8a4]  _ZN7WebCore18RenderTableSection11paintObjectERNS_9PaintInfoERKNS_8IntPointE+0x214
C  [libWebPaneJava.dylib+0x6e6802]  _ZN7WebCore18RenderTableSection5paintERNS_9PaintInfoERKNS_8IntPointE+0xb2
C  [libWebPaneJava.dylib+0x6d6ae6]  _ZN7WebCore11RenderTable11paintObjectERNS_9PaintInfoERKNS_8IntPointE+0x156
C  [libWebPaneJava.dylib+0x6d532c]  _ZN7WebCore11RenderTable5paintERNS_9PaintInfoERKNS_8IntPointE+0xec
C  [libWebPaneJava.dylib+0x614b6a]  _ZN7WebCore11RenderBlock13paintChildrenERNS_9PaintInfoERKNS_8IntPointE+0x22a
C  [libWebPaneJava.dylib+0x614ccf]  _ZN7WebCore11RenderBlock13paintContentsERNS_9PaintInfoERKNS_8IntPointE+0xaf
C  [libWebPaneJava.dylib+0x622cff]  _ZN7WebCore11RenderBlock11paintObjectERNS_9PaintInfoERKNS_8IntPointE+0x24f
C  [libWebPaneJava.dylib+0x60c85c]  _ZN7WebCore11RenderBlock5paintERNS_9PaintInfoERKNS_8IntPointE+0xec
C  [libWebPaneJava.dylib+0x614b6a]  _ZN7WebCore11RenderBlock13paintChildrenERNS_9PaintInfoERKNS_8IntPointE+0x22a
C  [libWebPaneJava.dylib+0x614ccf]  _ZN7WebCore11RenderBlock13paintContentsERNS_9PaintInfoERKNS_8IntPointE+0xaf
C  [libWebPaneJava.dylib+0x622cff]  _ZN7WebCore11RenderBlock11paintObjectERNS_9PaintInfoERKNS_8IntPointE+0x24f
C  [libWebPaneJava.dylib+0x60c85c]  _ZN7WebCore11RenderBlock5paintERNS_9PaintInfoERKNS_8IntPointE+0xec
C  [libWebPaneJava.dylib+0x614b6a]  _ZN7WebCore11RenderBlock13paintChildrenERNS_9PaintInfoERKNS_8IntPointE+0x22a
C  [libWebPaneJava.dylib+0x614ccf]  _ZN7WebCore11RenderBlock13paintContentsERNS_9PaintInfoERKNS_8IntPointE+0xaf
C  [libWebPaneJava.dylib+0x622cff]  _ZN7WebCore11RenderBlock11paintObjectERNS_9PaintInfoERKNS_8IntPointE+0x24f
C  [libWebPaneJava.dylib+0x60c85c]  _ZN7WebCore11RenderBlock5paintERNS_9PaintInfoERKNS_8IntPointE+0xec
C  [libWebPaneJava.dylib+0x6a7145]  _ZN7WebCore11RenderLayer10paintLayerEPS0_PNS_15GraphicsContextERKNS_7IntRectEjPNS_12RenderObjectEPNS_12RenderRegionEPN3WTF7HashMapIPNS_24OverlapTestRequestClientES4_NSB_7PtrHashISE_EENSB_10HashTraitsISE_EENSH_IS4_EEEEj+0x14c5
C  [libWebPaneJava.dylib+0x6a6377]  _ZN7WebCore11RenderLayer10paintLayerEPS0_PNS_15GraphicsContextERKNS_7IntRectEjPNS_12RenderObjectEPNS_12RenderRegionEPN3WTF7HashMapIPNS_24OverlapTestRequestClientES4_NSB_7PtrHashISE_EENSB_10HashTraitsISE_EENSH_IS4_EEEEj+0x6f7
C  [libWebPaneJava.dylib+0x6a7be7]  _ZN7WebCore11RenderLayer5paintEPNS_15GraphicsContextERKNS_7IntRectEjPNS_12RenderObjectEPNS_12RenderRegionEj+0x57
C  [libWebPaneJava.dylib+0x516679]  _ZN7WebCore9FrameView13paintContentsEPNS_15GraphicsContextERKNS_7IntRectE+0x269
C  [libWebPaneJava.dylib+0x5dd9fd]  _ZN7WebCore10ScrollView5paintEPNS_15GraphicsContextERKNS_7IntRectE+0x34d
C  [libWebPaneJava.dylib+0x5b9957]  Java_com_sun_webpane_platform_WebPage_twkUpdateContent+0x2a7
j  com.sun.webpane.platform.WebPage.twkUpdateContent(JLcom/sun/webpane/platform/graphics/WCRenderQueue;IIII)V+0
j  com.sun.webpane.platform.WebPage.updateDirty(Lcom/sun/webpane/platform/graphics/WCRectangle;)V+182
j  com.sun.webpane.platform.WebPage.updateContent(Lcom/sun/webpane/platform/graphics/WCRectangle;)V+159
j  com.sun.javafx.sg.prism.NGWebView.update()V+68
j  javafx.scene.web.WebView.handleStagePulse()V+89
j  javafx.scene.web.WebView.access$100(Ljavafx/scene/web/WebView;)V+1
j  javafx.scene.web.WebView$2.pulse()V+4
j  com.sun.javafx.tk.Toolkit.firePulse()V+76
j  com.sun.javafx.tk.quantum.QuantumToolkit.pulse()V+44
j  com.sun.javafx.tk.quantum.QuantumToolkit$8.run()V+4
v  ~StubRoutines::call_stub
V  [libjvm.dylib+0x28855f]
V  [libjvm.dylib+0x28832c]
V  [libjvm.dylib+0x2a3e23]
V  [libjvm.dylib+0x297b8b]
C  [libmat.jnilib+0x132f]  -[GlassRunnable run]+0xa8
C  [CoreFoundation+0x9370d]  -[NSObject performSelector:withObject:]+0x3d
C  [Foundation+0x4fd70]  __NSThreadPerformPerform+0xd6
C  [CoreFoundation+0x124f1]  __CFRUNLOOP_IS_CALLING_OUT_TO_A_SOURCE0_PERFORM_FUNCTION__+0x11
C  [CoreFoundation+0x11e1c]  __CFRunLoopDoSources0+0x1bc
C  [CoreFoundation+0x38b49]  __CFRunLoopRun+0x389
C  [CoreFoundation+0x38486]  CFRunLoopRunSpecific+0xe6
C  [HIToolbox+0x22bf]  RunCurrentEventLoopInMode+0x115
C  [HIToolbox+0x956d]  ReceiveNextEventCommon+0x163
C  [HIToolbox+0x93fa]  BlockUntilNextEventMatchingListInMode+0x3e
...<more frames>...

Java frames: (J=compiled Java code, j=interpreted, Vv=VM code)
j  com.sun.webpane.platform.WebPage.twkUpdateContent(JLcom/sun/webpane/platform/graphics/WCRenderQueue;IIII)V+0
j  com.sun.webpane.platform.WebPage.updateDirty(Lcom/sun/webpane/platform/graphics/WCRectangle;)V+182
j  com.sun.webpane.platform.WebPage.updateContent(Lcom/sun/webpane/platform/graphics/WCRectangle;)V+159
j  com.sun.javafx.sg.prism.NGWebView.update()V+68
j  javafx.scene.web.WebView.handleStagePulse()V+89
j  javafx.scene.web.WebView.access$100(Ljavafx/scene/web/WebView;)V+1
j  javafx.scene.web.WebView$2.pulse()V+4
j  com.sun.javafx.tk.Toolkit.firePulse()V+76
j  com.sun.javafx.tk.quantum.QuantumToolkit.pulse()V+44
j  com.sun.javafx.tk.quantum.QuantumToolkit$8.run()V+4
v  ~StubRoutines::call_stub

---------------  P R O C E S S  ---------------

Java Threads: ( => current thread )
  0x00007ff265aa9000 JavaThread "Prism Font Disposer" daemon [_thread_blocked, id=72451, stack(0x0000000186eed000,0x0000000186fed000)]
  0x00007ff25f243800 JavaThread "URL-Fetcher-7" daemon [_thread_blocked, id=71171, stack(0x000000017e846000,0x000000017e946000)]
  0x00007ff25e1fa800 JavaThread "URL-Fetcher-6" daemon [_thread_blocked, id=70915, stack(0x000000017e743000,0x000000017e843000)]
  0x00007ff25e055000 JavaThread "URL-Fetcher-5" daemon [_thread_blocked, id=70659, stack(0x000000017e640000,0x000000017e740000)]
  0x00007ff25b8f4000 JavaThread "URL-Fetcher-4" daemon [_thread_blocked, id=70403, stack(0x000000017e53d000,0x000000017e63d000)]
  0x00007ff25f989800 JavaThread "URL-Fetcher-3" daemon [_thread_blocked, id=69891, stack(0x000000017d990000,0x000000017da90000)]
  0x00007ff25cf99800 JavaThread "URL-Fetcher-2" daemon [_thread_blocked, id=67587, stack(0x000000017b6d8000,0x000000017b7d8000)]
  0x00007ff25d819000 JavaThread "URL-Fetcher-1" daemon [_thread_blocked, id=45067, stack(0x000000017b5d5000,0x000000017b6d5000)]
  0x00007ff25d01f800 JavaThread "Disposer" daemon [_thread_blocked, id=44563, stack(0x000000017b0d2000,0x000000017b1d2000)]
  0x00007ff26594d000 JavaThread "Thread-26" daemon [_thread_in_native, id=43783, stack(0x0000000172f27000,0x0000000172fa7000)]
  0x00007ff25d90d000 JavaThread "Disposer" daemon [_thread_blocked, id=40711, stack(0x0000000179617000,0x0000000179717000)]
  0x00007ff265a26800 JavaThread "QuantumRenderer-0" daemon [_thread_blocked, id=40455, stack(0x0000000174370000,0x0000000174470000)]
  0x00007ff25d90c000 JavaThread "qtp1888130444-62" [_thread_blocked, id=64771, stack(0x0000000179514000,0x0000000179614000)]
  0x00007ff25d4d2000 JavaThread "qtp1888130444-61-acceptor-3-ServerConnector@5a7d2f28{HTTP/1.1}{0.0.0.0:8081}" [_thread_blocked, id=64515, stack(0x0000000179411000,0x0000000179511000)]
  0x00007ff25f199800 JavaThread "qtp1888130444-60-acceptor-2-ServerConnector@5a7d2f28{HTTP/1.1}{0.0.0.0:8081}" [_thread_blocked, id=64259, stack(0x000000017930e000,0x000000017940e000)]
  0x00007ff25d499800 JavaThread "qtp1888130444-59-acceptor-1-ServerConnector@5a7d2f28{HTTP/1.1}{0.0.0.0:8081}" [_thread_in_native, id=64003, stack(0x0000000179108000,0x0000000179208000)]
  0x00007ff25d8c9000 JavaThread "qtp1888130444-58-acceptor-0-ServerConnector@5a7d2f28{HTTP/1.1}{0.0.0.0:8081}" [_thread_blocked, id=62467, stack(0x000000017920b000,0x000000017930b000)]
  0x00007ff25e1f4800 JavaThread "Timer-1" [_thread_blocked, id=61187, stack(0x0000000179005000,0x0000000179105000)]
  0x00007ff25b23d000 JavaThread "Timer-0" [_thread_blocked, id=60675, stack(0x0000000178f02000,0x0000000179002000)]
  0x00007ff25f0de000 JavaThread "qtp1888130444-54-selector-7" [_thread_in_native, id=60419, stack(0x0000000178b4a000,0x0000000178c4a000)]
  0x00007ff25f862000 JavaThread "qtp1888130444-53-selector-6" [_thread_in_native, id=60163, stack(0x0000000178a47000,0x0000000178b47000)]
  0x00007ff26495a000 JavaThread "qtp1888130444-52-selector-5" [_thread_in_native, id=59907, stack(0x0000000178944000,0x0000000178a44000)]
  0x00007ff26495d000 JavaThread "qtp1888130444-51-selector-3" [_thread_in_native, id=59651, stack(0x0000000178841000,0x0000000178941000)]
  0x00007ff25d810800 JavaThread "qtp1888130444-50-selector-4" [_thread_in_native, id=59395, stack(0x000000017873e000,0x000000017883e000)]
  0x00007ff25f197000 JavaThread "qtp1888130444-49-selector-2" [_thread_in_native, id=59139, stack(0x000000017863b000,0x000000017873b000)]
  0x00007ff25cada800 JavaThread "qtp1888130444-48-selector-0" [_thread_in_native, id=58883, stack(0x0000000178538000,0x0000000178638000)]
  0x00007ff25cd90800 JavaThread "qtp1888130444-47-selector-1" [_thread_in_native, id=58627, stack(0x0000000178435000,0x0000000178535000)]
  0x00007ff2649b6800 JavaThread "DateCache" daemon [_thread_blocked, id=57859, stack(0x0000000178201000,0x0000000178301000)]
  0x00007ff25cf96800 JavaThread "Thread-7" [_thread_blocked, id=56323, stack(0x000000016dae8000,0x000000016dbe8000)]
  0x00007ff25b47f000 JavaThread "Sleep thread" [_thread_blocked, id=56067, stack(0x0000000178332000,0x0000000178432000)]
  0x00007ff25b36c000 JavaThread "Discovery thread" [_thread_blocked, id=22535, stack(0x0000000177e48000,0x0000000177f48000)]
  0x00007ff25b5a1800 JavaThread "DestroyJavaVM" [_thread_blocked, id=7171, stack(0x000000010cea8000,0x000000010cfa8000)]
  0x00007ff25b252000 JavaThread "Flushing caches" [_thread_blocked, id=55811, stack(0x00000001780fe000,0x00000001781fe000)]
  0x00007ff25ce63000 JavaThread "TimerQueue" daemon [_thread_blocked, id=55555, stack(0x00000001755f7000,0x00000001756f7000)]
  0x00007ff25bc88000 JavaThread "KeyTipManager processing thread" daemon [_thread_blocked, id=55299, stack(0x00000001754f4000,0x00000001755f4000)]
  0x00007ff25be86000 JavaThread "Thread-4" daemon [_thread_blocked, id=55043, stack(0x0000000177d45000,0x0000000177e45000)]
  0x00007ff25be3a000 JavaThread "Image Fetcher 0" daemon [_thread_blocked, id=54275, stack(0x0000000175ab9000,0x0000000175bb9000)]
  0x00007ff25ca91800 JavaThread "Worker-JM" [_thread_blocked, id=54019, stack(0x0000000175014000,0x0000000175114000)]
  0x00007ff25bdd7000 JavaThread "File Watcher" daemon [_thread_blocked, id=52739, stack(0x00000001759b6000,0x0000000175ab6000)]
  0x00007ff25d809000 JavaThread "Thread-3" daemon [_thread_in_native, id=50691, stack(0x00000001758b3000,0x00000001759b3000)]
  0x00007ff25f82d000 JavaThread "Inactive RequestProcessor thread [Was:Folder recognizer/org.openide.loaders.FolderList$ListTask]" daemon [_thread_blocked, id=50179, stack(0x00000001757b0000,0x00000001758b0000)]
  0x00007ff25b3ad000 JavaThread "Inactive RequestProcessor thread [Was:Timeable Event Queue Watch Dog/org.netbeans.core.TimableEventQueue]" daemon [_thread_blocked, id=49923, stack(0x00000001752b2000,0x00000001753b2000)]
  0x00007ff25c8cf000 JavaThread "OutlineView" daemon [_thread_blocked, id=49667, stack(0x00000001751af000,0x00000001752af000)]
  0x00007ff25b448800 JavaThread "Bundle File Closer" daemon [_thread_blocked, id=49411, stack(0x0000000174e4a000,0x0000000174f4a000)]
  0x00007ff25ca16000 JavaThread "Framework Event Dispatcher" daemon [_thread_blocked, id=49155, stack(0x0000000174d47000,0x0000000174e47000)]
  0x00007ff25b9d4000 JavaThread "State Saver" [_thread_blocked, id=48899, stack(0x0000000174c44000,0x0000000174d44000)]
  0x00007ff25b45d800 JavaThread "Framework Active Thread" [_thread_blocked, id=48643, stack(0x0000000174b41000,0x0000000174c41000)]
  0x00007ff25f818800 JavaThread "Inactive RequestProcessor thread [Was:On Start/Stop/org.netbeans.modules.projectapi.Installer]" daemon [_thread_blocked, id=47619, stack(0x0000000173a5f000,0x0000000173b5f000)]
  0x00007ff25b8f7000 JavaThread "org.netbeans.modules.debugger.jpda.visual AWT Access Loop" daemon [_thread_blocked, id=39939, stack(0x0000000172b45000,0x0000000172c45000)]
  0x00007ff25b16e000 JavaThread "AWT-EventQueue-0" [_thread_in_native, id=39683, stack(0x000000017285d000,0x000000017295d000)]
  0x00007ff25c908800 JavaThread "Java2D Disposer" daemon [_thread_blocked, id=39427, stack(0x000000017270e000,0x000000017280e000)]
  0x00007ff25b8f1000 JavaThread "Java2D Queue Flusher" daemon [_thread_blocked, id=37135, stack(0x0000000171a53000,0x0000000171b53000)]
  0x00007ff25b0fa000 JavaThread "AWT-Shutdown" [_thread_blocked, id=23047, stack(0x000000016e04c000,0x000000016e14c000)]
=>0x00007ff25b10a800 JavaThread "JavaFX Application Thread" daemon [_thread_in_vm, id=1799, stack(0x00007fff6b5d1000,0x00007fff6bdd1000)]
  0x00007ff25b889000 JavaThread "RequestProcessor queue manager" daemon [_thread_blocked, id=22787, stack(0x000000016dcf9000,0x000000016ddf9000)]
  0x00007ff25f004000 JavaThread "Inactive RequestProcessor thread [Was:ConnectAction is enabled/org.netbeans.modules.debugger.ui.actions.ConnectAction$1]" daemon [_thread_blocked, id=21763, stack(0x000000016d9e5000,0x000000016dae5000)]
  0x00007ff25b103000 JavaThread "CLI Requests Server" daemon [_thread_in_native, id=21251, stack(0x000000016d8e2000,0x000000016d9e2000)]
  0x00007ff25b0ed000 JavaThread "Active Reference Queue Daemon" daemon [_thread_blocked, id=20995, stack(0x000000016d7df000,0x000000016d8df000)]
  0x00007ff25b039800 JavaThread "Service Thread" daemon [_thread_blocked, id=20483, stack(0x000000016d375000,0x000000016d475000)]
  0x00007ff25b039000 JavaThread "C2 CompilerThread1" daemon [_thread_blocked, id=20227, stack(0x000000016d272000,0x000000016d372000)]
  0x00007ff25b037000 JavaThread "C2 CompilerThread0" daemon [_thread_blocked, id=19971, stack(0x000000016d16f000,0x000000016d26f000)]
  0x00007ff25b035000 JavaThread "JDWP Command Reader" daemon [_thread_in_native, id=19715, stack(0x000000016d06c000,0x000000016d16c000)]
  0x00007ff25d023800 JavaThread "JDWP Event Helper Thread" daemon [_thread_blocked, id=19459, stack(0x000000016cf69000,0x000000016d069000)]
  0x00007ff25d022800 JavaThread "JDWP Transport Listener: dt_socket" daemon [_thread_blocked, id=19203, stack(0x000000016ce66000,0x000000016cf66000)]
  0x00007ff25d01b000 JavaThread "Signal Dispatcher" daemon [_thread_blocked, id=18947, stack(0x000000016cd63000,0x000000016ce63000)]
  0x00007ff25c85b800 JavaThread "Finalizer" daemon [_thread_blocked, id=15107, stack(0x000000016ca5b000,0x000000016cb5b000)]
  0x00007ff25c85a800 JavaThread "Reference Handler" daemon [_thread_blocked, id=14851, stack(0x000000016c958000,0x000000016ca58000)]

Other Threads:
  0x00007ff25c858000 VMThread [stack: 0x000000016c855000,0x000000016c955000] [id=14595]
  0x00007ff25b04a800 WatcherThread [stack: 0x000000016d478000,0x000000016d578000] [id=20739]

VM state:not at safepoint (normal execution)

VM Mutex/Monitor currently owned by a thread: None

Heap
 PSYoungGen      total 278656K, used 27597K [0x000000014b5c0000, 0x0000000166710000, 0x0000000166710000)
  eden space 262656K, 4% used [0x000000014b5c0000,0x000000014c1979d8,0x000000015b640000)
  from space 16000K, 96% used [0x000000015b640000,0x000000015c55bd48,0x000000015c5e0000)
  to   space 17984K, 0% used [0x0000000165580000,0x0000000165580000,0x0000000166710000)
 ParOldGen       total 55424K, used 36854K [0x0000000115310000, 0x0000000118930000, 0x000000014b5c0000)
  object space 55424K, 66% used [0x0000000115310000,0x000000011770d878,0x0000000118930000)
 PSPermGen       total 54848K, used 54769K [0x0000000110110000, 0x00000001136a0000, 0x0000000115310000)
  object space 54848K, 99% used [0x0000000110110000,0x000000011368c568,0x00000001136a0000)

Card table byte_map: [0x0000000166710000,0x00000001669c4000] byte_map_base: 0x0000000165e8f780

Polling page: 0x000000010c2fb000

Code Cache  [0x000000010d036000, 0x000000010d3f6000, 0x0000000110036000)
 total_blobs=1634 nmethods=873 adapters=720 free_code_cache=45666Kb largest_free_block=46408000

Compilation events (10 events):
Event: 8.471 Thread 0x00007ff25b039000 1027             java.nio.HeapByteBuffer::get (14 bytes)
Event: 8.471 Thread 0x00007ff25b039000 nmethod 1027 0x000000010d193c50 code [0x000000010d193da0, 0x000000010d193e98]
Event: 8.500 Thread 0x00007ff25b037000 1028             com.sun.javafx.iio.gif.GIFImageLoader::getPalette (255 bytes)
Event: 8.500 Thread 0x00007ff25b039000 1029             com.sun.javafx.iio.gif.GIFImageLoader::outputPixels (262 bytes)
Event: 8.506 Thread 0x00007ff25b039000 nmethod 1029 0x000000010d256310 code [0x000000010d2564e0, 0x000000010d256bb0]
Event: 8.506 Thread 0x00007ff25b039000 1030             com.sun.javafx.iio.common.ImageTools::convert (1303 bytes)
Event: 8.509 Thread 0x00007ff25b037000 nmethod 1028 0x000000010d10bd90 code [0x000000010d10bf40, 0x000000010d10c9a8]
Event: 8.509 Thread 0x00007ff25b037000   20 % !         com.sun.javafx.iio.gif.GIFImageLoader::read @ 1278 (1345 bytes)
Event: 8.520 Thread 0x00007ff25b039000 nmethod 1030 0x000000010d3a4bd0 code [0x000000010d3a4d80, 0x000000010d3a5998]
Event: 8.520 Thread 0x00007ff25b039000 1031             com.sun.javafx.iio.gif.GIFImageLoader::initializeStringTable (79 bytes)

GC Heap History (10 events):
Event: 3.053 GC heap before
{Heap before GC invocations=7 (full 0):
 PSYoungGen      total 89536K, used 88373K [0x000000014b5c0000, 0x0000000151360000, 0x0000000166710000)
  eden space 83200K, 100% used [0x000000014b5c0000,0x0000000150700000,0x0000000150700000)
  from space 6336K, 81% used [0x0000000150d30000,0x000000015123d468,0x0000000151360000)
  to   space 6336K, 0% used [0x0000000150700000,0x0000000150700000,0x0000000150d30000)
 ParOldGen       total 55424K, used 8887K [0x0000000115310000, 0x0000000118930000, 0x000000014b5c0000)
  object space 55424K, 16% used [0x0000000115310000,0x0000000115bbdd88,0x0000000118930000)
 PSPermGen       total 21248K, used 18251K [0x0000000110110000, 0x00000001115d0000, 0x0000000115310000)
  object space 21248K, 85% used [0x0000000110110000,0x00000001112e2ee0,0x00000001115d0000)
Event: 3.065 GC heap after
Heap after GC invocations=7 (full 0):
 PSYoungGen      total 89536K, used 6319K [0x000000014b5c0000, 0x0000000156b00000, 0x0000000166710000)
  eden space 83200K, 0% used [0x000000014b5c0000,0x000000014b5c0000,0x0000000150700000)
  from space 6336K, 99% used [0x0000000150700000,0x0000000150d2bd88,0x0000000150d30000)
  to   space 9600K, 0% used [0x00000001561a0000,0x00000001561a0000,0x0000000156b00000)
 ParOldGen       total 55424K, used 14406K [0x0000000115310000, 0x0000000118930000, 0x000000014b5c0000)
  object space 55424K, 25% used [0x0000000115310000,0x0000000116121808,0x0000000118930000)
 PSPermGen       total 21248K, used 18251K [0x0000000110110000, 0x00000001115d0000, 0x0000000115310000)
  object space 21248K, 85% used [0x0000000110110000,0x00000001112e2ee0,0x00000001115d0000)
}
Event: 3.829 GC heap before
{Heap before GC invocations=8 (full 0):
 PSYoungGen      total 89536K, used 89285K [0x000000014b5c0000, 0x0000000156b00000, 0x0000000166710000)
  eden space 83200K, 99% used [0x000000014b5c0000,0x00000001506c5790,0x0000000150700000)
  from space 6336K, 99% used [0x0000000150700000,0x0000000150d2bd88,0x0000000150d30000)
  to   space 9600K, 0% used [0x00000001561a0000,0x00000001561a0000,0x0000000156b00000)
 ParOldGen       total 55424K, used 14406K [0x0000000115310000, 0x0000000118930000, 0x000000014b5c0000)
  object space 55424K, 25% used [0x0000000115310000,0x0000000116121808,0x0000000118930000)
 PSPermGen       total 21248K, used 18532K [0x0000000110110000, 0x00000001115d0000, 0x0000000115310000)
  object space 21248K, 87% used [0x0000000110110000,0x00000001113290b8,0x00000001115d0000)
Event: 3.837 GC heap after
Heap after GC invocations=8 (full 0):
 PSYoungGen      total 175808K, used 7187K [0x000000014b5c0000, 0x0000000156b60000, 0x0000000166710000)
  eden space 166208K, 0% used [0x000000014b5c0000,0x000000014b5c0000,0x0000000155810000)
  from space 9600K, 74% used [0x00000001561a0000,0x00000001568a4fb0,0x0000000156b00000)
  to   space 9792K, 0% used [0x0000000155810000,0x0000000155810000,0x00000001561a0000)
 ParOldGen       total 55424K, used 15150K [0x0000000115310000, 0x0000000118930000, 0x000000014b5c0000)
  object space 55424K, 27% used [0x0000000115310000,0x00000001161db808,0x0000000118930000)
 PSPermGen       total 21248K, used 18532K [0x0000000110110000, 0x00000001115d0000, 0x0000000115310000)
  object space 21248K, 87% used [0x0000000110110000,0x00000001113290b8,0x00000001115d0000)
}
Event: 5.389 GC heap before
{Heap before GC invocations=9 (full 0):
 PSYoungGen      total 175808K, used 173395K [0x000000014b5c0000, 0x0000000156b60000, 0x0000000166710000)
  eden space 166208K, 100% used [0x000000014b5c0000,0x0000000155810000,0x0000000155810000)
  from space 9600K, 74% used [0x00000001561a0000,0x00000001568a4fb0,0x0000000156b00000)
  to   space 9792K, 0% used [0x0000000155810000,0x0000000155810000,0x00000001561a0000)
 ParOldGen       total 55424K, used 15150K [0x0000000115310000, 0x0000000118930000, 0x000000014b5c0000)
  object space 55424K, 27% used [0x0000000115310000,0x00000001161db808,0x0000000118930000)
 PSPermGen       total 29888K, used 29702K [0x0000000110110000, 0x0000000111e40000, 0x0000000115310000)
  object space 29888K, 99% used [0x0000000110110000,0x0000000111e11be8,0x0000000111e40000)
Event: 5.406 GC heap after
Heap after GC invocations=9 (full 0):
 PSYoungGen      total 176000K, used 9776K [0x000000014b5c0000, 0x000000015d240000, 0x0000000166710000)
  eden space 166208K, 0% used [0x000000014b5c0000,0x000000014b5c0000,0x0000000155810000)
  from space 9792K, 99% used [0x0000000155810000,0x000000015619c250,0x00000001561a0000)
  to   space 12672K, 0% used [0x000000015c5e0000,0x000000015c5e0000,0x000000015d240000)
 ParOldGen       total 55424K, used 19567K [0x0000000115310000, 0x0000000118930000, 0x000000014b5c0000)
  object space 55424K, 35% used [0x0000000115310000,0x000000011662bd78,0x0000000118930000)
 PSPermGen       total 29888K, used 29702K [0x0000000110110000, 0x0000000111e40000, 0x0000000115310000)
  object space 29888K, 99% used [0x0000000110110000,0x0000000111e11be8,0x0000000111e40000)
}
Event: 6.149 GC heap before
{Heap before GC invocations=10 (full 0):
 PSYoungGen      total 176000K, used 175984K [0x000000014b5c0000, 0x000000015d240000, 0x0000000166710000)
  eden space 166208K, 100% used [0x000000014b5c0000,0x0000000155810000,0x0000000155810000)
  from space 9792K, 99% used [0x0000000155810000,0x000000015619c250,0x00000001561a0000)
  to   space 12672K, 0% used [0x000000015c5e0000,0x000000015c5e0000,0x000000015d240000)
 ParOldGen       total 55424K, used 19567K [0x0000000115310000, 0x0000000118930000, 0x000000014b5c0000)
  object space 55424K, 35% used [0x0000000115310000,0x000000011662bd78,0x0000000118930000)
 PSPermGen       total 32384K, used 32327K [0x0000000110110000, 0x00000001120b0000, 0x0000000115310000)
  object space 32384K, 99% used [0x0000000110110000,0x00000001120a1de8,0x00000001120b0000)
Event: 6.168 GC heap after
Heap after GC invocations=10 (full 0):
 PSYoungGen      total 275328K, used 12649K [0x000000014b5c0000, 0x000000015d8c0000, 0x0000000166710000)
  eden space 262656K, 0% used [0x000000014b5c0000,0x000000014b5c0000,0x000000015b640000)
  from space 12672K, 99% used [0x000000015c5e0000,0x000000015d23a7a0,0x000000015d240000)
  to   space 16000K, 0% used [0x000000015b640000,0x000000015b640000,0x000000015c5e0000)
 ParOldGen       total 55424K, used 24402K [0x0000000115310000, 0x0000000118930000, 0x000000014b5c0000)
  object space 55424K, 44% used [0x0000000115310000,0x0000000116ae4aa8,0x0000000118930000)
 PSPermGen       total 32384K, used 32327K [0x0000000110110000, 0x00000001120b0000, 0x0000000115310000)
  object space 32384K, 99% used [0x0000000110110000,0x00000001120a1de8,0x00000001120b0000)
}
Event: 8.246 GC heap before
{Heap before GC invocations=11 (full 0):
 PSYoungGen      total 275328K, used 275305K [0x000000014b5c0000, 0x000000015d8c0000, 0x0000000166710000)
  eden space 262656K, 100% used [0x000000014b5c0000,0x000000015b640000,0x000000015b640000)
  from space 12672K, 99% used [0x000000015c5e0000,0x000000015d23a7a0,0x000000015d240000)
  to   space 16000K, 0% used [0x000000015b640000,0x000000015b640000,0x000000015c5e0000)
 ParOldGen       total 55424K, used 24402K [0x0000000115310000, 0x0000000118930000, 0x000000014b5c0000)
  object space 55424K, 44% used [0x0000000115310000,0x0000000116ae4aa8,0x0000000118930000)
 PSPermGen       total 54464K, used 54343K [0x0000000110110000, 0x0000000113640000, 0x0000000115310000)
  object space 54464K, 99% used [0x0000000110110000,0x0000000113621d40,0x0000000113640000)
Event: 8.274 GC heap after
Heap after GC invocations=11 (full 0):
 PSYoungGen      total 278656K, used 15471K [0x000000014b5c0000, 0x0000000166710000, 0x0000000166710000)
  eden space 262656K, 0% used [0x000000014b5c0000,0x000000014b5c0000,0x000000015b640000)
  from space 16000K, 96% used [0x000000015b640000,0x000000015c55bd48,0x000000015c5e0000)
  to   space 17984K, 0% used [0x0000000165580000,0x0000000165580000,0x0000000166710000)
 ParOldGen       total 55424K, used 36854K [0x0000000115310000, 0x0000000118930000, 0x000000014b5c0000)
  object space 55424K, 66% used [0x0000000115310000,0x000000011770d878,0x0000000118930000)
 PSPermGen       total 54464K, used 54343K [0x0000000110110000, 0x0000000113640000, 0x0000000115310000)
  object space 54464K, 99% used [0x0000000110110000,0x0000000113621d40,0x0000000113640000)
}

Deoptimization events (10 events):
Event: 8.130 Thread 0x00007ff25b16e000 Uncommon trap -83 fr.pc 0x000000010d16d74c
Event: 8.170 Thread 0x00007ff25b16e000 Uncommon trap -42 fr.pc 0x000000010d258c9c
Event: 8.224 Thread 0x00007ff25b3ad000 Uncommon trap -42 fr.pc 0x000000010d258c9c
Event: 8.226 Thread 0x00007ff25b3ad000 Uncommon trap -122 fr.pc 0x000000010d171360
Event: 8.228 Thread 0x00007ff25b3ad000 Uncommon trap -34 fr.pc 0x000000010d0c8580
Event: 8.228 Thread 0x00007ff25b3ad000 Uncommon trap -34 fr.pc 0x000000010d0c8580
Event: 8.228 Thread 0x00007ff25b3ad000 Uncommon trap -34 fr.pc 0x000000010d0c8580
Event: 8.228 Thread 0x00007ff25b3ad000 Uncommon trap -34 fr.pc 0x000000010d0c8580
Event: 8.301 Thread 0x00007ff25b10a800 Uncommon trap -83 fr.pc 0x000000010d2709d0
Event: 8.303 Thread 0x00007ff25b10a800 Uncommon trap 51 fr.pc 0x000000010d146830

Internal exceptions (10 events):
Event: 8.490 Thread 0x00007ff25b10a800 Threw 0x000000014bda0130 at /HUDSON/workspace/jdk7u10-2-build-macosx-amd64-product/jdk7u10/hotspot/src/share/vm/prims/jvm.cpp:1166
Event: 8.491 Thread 0x00007ff25b10a800 Threw 0x000000014bdb34b0 at /HUDSON/workspace/jdk7u10-2-build-macosx-amd64-product/jdk7u10/hotspot/src/share/vm/prims/jvm.cpp:1166
Event: 8.491 Thread 0x00007ff25b10a800 Threw 0x000000014bdb5718 at /HUDSON/workspace/jdk7u10-2-build-macosx-amd64-product/jdk7u10/hotspot/src/share/vm/prims/jvm.cpp:1166
Event: 8.521 Thread 0x00007ff25b10a800 Threw 0x000000014be4af90 at /HUDSON/workspace/jdk7u10-2-build-macosx-amd64-product/jdk7u10/hotspot/src/share/vm/prims/jvm.cpp:1166
Event: 8.521 Thread 0x00007ff25b10a800 Threw 0x000000014be4ca30 at /HUDSON/workspace/jdk7u10-2-build-macosx-amd64-product/jdk7u10/hotspot/src/share/vm/prims/jvm.cpp:1166
Event: 8.521 Thread 0x00007ff25b10a800 Threw 0x000000014be5d1d8 at /HUDSON/workspace/jdk7u10-2-build-macosx-amd64-product/jdk7u10/hotspot/src/share/vm/prims/jvm.cpp:1166
Event: 8.521 Thread 0x00007ff25b10a800 Threw 0x000000014be5ede8 at /HUDSON/workspace/jdk7u10-2-build-macosx-amd64-product/jdk7u10/hotspot/src/share/vm/prims/jvm.cpp:1166
Event: 8.522 Thread 0x00007ff25b10a800 Threw 0x000000014be6ad48 at /HUDSON/workspace/jdk7u10-2-build-macosx-amd64-product/jdk7u10/hotspot/src/share/vm/prims/jvm.cpp:1166
Event: 8.522 Thread 0x00007ff25b10a800 Threw 0x000000014be6cb70 at /HUDSON/workspace/jdk7u10-2-build-macosx-amd64-product/jdk7u10/hotspot/src/share/vm/prims/jvm.cpp:1166
Event: 8.525 Thread 0x00007ff25b10a800 Threw 0x000000014be86150 at /HUDSON/workspace/jdk7u10-2-build-macosx-amd64-product/jdk7u10/hotspot/src/share/vm/prims/jni.cpp:1597

Events (10 events):
Event: 8.512 Executing VM operation: GetOrSetLocal
Event: 8.512 Executing VM operation: GetOrSetLocal done
Event: 8.519 loading class 0x000000010c3c4a70
Event: 8.519 loading class 0x000000010c3c4a70 done
Event: 8.521 loading class 0x00007ff25c262260
Event: 8.521 loading class 0x00007ff25c262260 done
Event: 8.521 loading class 0x00007ff25c262190
Event: 8.521 loading class 0x00007ff25c262190 done
Event: 8.522 loading class 0x00007ff25c262140
Event: 8.522 loading class 0x00007ff25c262140 done


Dynamic libraries:
0x0000000004947000 	/System/Library/Frameworks/Cocoa.framework/Versions/A/Cocoa
0x0000000004947000 	/System/Library/Frameworks/Security.framework/Versions/A/Security
0x0000000004947000 	/System/Library/Frameworks/ApplicationServices.framework/Versions/A/ApplicationServices
0x0000000004947000 	/usr/lib/libz.1.dylib
0x0000000004947000 	/usr/lib/libSystem.B.dylib
0x0000000004947000 	/usr/lib/libobjc.A.dylib
0x0000000004947000 	/System/Library/Frameworks/CoreFoundation.framework/Versions/A/CoreFoundation
0x0000000004947000 	/System/Library/Frameworks/AppKit.framework/Versions/C/AppKit
0x0000000004947000 	/System/Library/Frameworks/CoreData.framework/Versions/A/CoreData
0x0000000004947000 	/System/Library/Frameworks/Foundation.framework/Versions/C/Foundation
0x0000000004947000 	/System/Library/PrivateFrameworks/RemoteViewServices.framework/Versions/A/RemoteViewServices
0x0000000004947000 	/System/Library/Frameworks/AudioToolbox.framework/Versions/A/AudioToolbox
0x0000000004947000 	/System/Library/Frameworks/AudioUnit.framework/Versions/A/AudioUnit
0x0000000004947000 	/System/Library/PrivateFrameworks/DataDetectorsCore.framework/Versions/A/DataDetectorsCore
0x0000000004947000 	/System/Library/PrivateFrameworks/DesktopServicesPriv.framework/Versions/A/DesktopServicesPriv
0x0000000004947000 	/System/Library/Frameworks/Carbon.framework/Versions/A/Frameworks/HIToolbox.framework/Versions/A/HIToolbox
0x0000000004947000 	/System/Library/Frameworks/QuartzCore.framework/Versions/A/QuartzCore
0x0000000004947000 	/System/Library/Frameworks/Carbon.framework/Versions/A/Frameworks/SpeechRecognition.framework/Versions/A/SpeechRecognition
0x0000000004947000 	/usr/lib/libauto.dylib
0x0000000004947000 	/usr/lib/libicucore.A.dylib
0x0000000004947000 	/usr/lib/libxml2.2.dylib
0x0000000004947000 	/System/Library/PrivateFrameworks/CoreUI.framework/Versions/A/CoreUI
0x0000000004947000 	/System/Library/Frameworks/CoreAudio.framework/Versions/A/CoreAudio
0x0000000004947000 	/System/Library/Frameworks/DiskArbitration.framework/Versions/A/DiskArbitration
0x0000000004947000 	/usr/lib/liblangid.dylib
0x0000000004947000 	/System/Library/PrivateFrameworks/MultitouchSupport.framework/Versions/A/MultitouchSupport
0x0000000004947000 	/System/Library/Frameworks/IOKit.framework/Versions/A/IOKit
0x0000000004947000 	/usr/lib/libDiagnosticMessagesClient.dylib
0x0000000004947000 	/System/Library/Frameworks/CoreServices.framework/Versions/A/CoreServices
0x0000000004947000 	/System/Library/PrivateFrameworks/PerformanceAnalysis.framework/Versions/A/PerformanceAnalysis
0x0000000004947000 	/System/Library/PrivateFrameworks/GenerationalStorage.framework/Versions/A/GenerationalStorage
0x0000000004947000 	/System/Library/Frameworks/OpenGL.framework/Versions/A/OpenGL
0x0000000004947000 	/System/Library/Frameworks/CoreServices.framework/Versions/A/Frameworks/CFNetwork.framework/Versions/A/CFNetwork
0x0000000004947000 	/System/Library/Frameworks/SystemConfiguration.framework/Versions/A/SystemConfiguration
0x0000000004947000 	/usr/lib/libCRFSuite.dylib
0x0000000004947000 	/usr/lib/libc++.1.dylib
0x0000000004947000 	/usr/lib/libstdc++.6.dylib
0x0000000004947000 	/usr/lib/libc++abi.dylib
0x0000000004947000 	/usr/lib/system/libcache.dylib
0x0000000004947000 	/usr/lib/system/libcommonCrypto.dylib
0x0000000004947000 	/usr/lib/system/libcompiler_rt.dylib
0x0000000004947000 	/usr/lib/system/libcopyfile.dylib
0x0000000004947000 	/usr/lib/system/libdispatch.dylib
0x0000000004947000 	/usr/lib/system/libdnsinfo.dylib
0x0000000004947000 	/usr/lib/system/libdyld.dylib
0x0000000004947000 	/usr/lib/system/libkeymgr.dylib
0x0000000004947000 	/usr/lib/system/liblaunch.dylib
0x0000000004947000 	/usr/lib/system/libmacho.dylib
0x0000000004947000 	/usr/lib/system/libmathCommon.A.dylib
0x0000000004947000 	/usr/lib/system/libquarantine.dylib
0x0000000004947000 	/usr/lib/system/libremovefile.dylib
0x0000000004947000 	/usr/lib/system/libsystem_blocks.dylib
0x0000000004947000 	/usr/lib/system/libsystem_c.dylib
0x0000000004947000 	/usr/lib/system/libsystem_dnssd.dylib
0x0000000004947000 	/usr/lib/system/libsystem_info.dylib
0x0000000004947000 	/usr/lib/system/libsystem_kernel.dylib
0x0000000004947000 	/usr/lib/system/libsystem_network.dylib
0x0000000004947000 	/usr/lib/system/libsystem_notify.dylib
0x0000000004947000 	/usr/lib/system/libsystem_sandbox.dylib
0x0000000004947000 	/usr/lib/system/libunc.dylib
0x0000000004947000 	/usr/lib/system/libunwind.dylib
0x0000000004947000 	/usr/lib/system/libxpc.dylib
0x0000000004947000 	/usr/lib/libbsm.0.dylib
0x0000000004947000 	/usr/lib/libsqlite3.dylib
0x0000000004947000 	/usr/lib/libOpenScriptingUtil.dylib
0x0000000004947000 	/usr/lib/libpam.2.dylib
0x0000000004947000 	/usr/lib/libxar-nossl.dylib
0x0000000004947000 	/usr/lib/libbz2.1.0.dylib
0x0000000004947000 	/System/Library/Frameworks/CoreServices.framework/Versions/A/Frameworks/CarbonCore.framework/Versions/A/CarbonCore
0x0000000004947000 	/System/Library/Frameworks/CoreServices.framework/Versions/A/Frameworks/Metadata.framework/Versions/A/Metadata
0x0000000004947000 	/System/Library/Frameworks/CoreServices.framework/Versions/A/Frameworks/OSServices.framework/Versions/A/OSServices
0x0000000004947000 	/System/Library/Frameworks/CoreServices.framework/Versions/A/Frameworks/SearchKit.framework/Versions/A/SearchKit
0x0000000004947000 	/System/Library/Frameworks/CoreServices.framework/Versions/A/Frameworks/AE.framework/Versions/A/AE
0x0000000004947000 	/System/Library/Frameworks/CoreServices.framework/Versions/A/Frameworks/LaunchServices.framework/Versions/A/LaunchServices
0x0000000004947000 	/System/Library/Frameworks/CoreServices.framework/Versions/A/Frameworks/DictionaryServices.framework/Versions/A/DictionaryServices
0x0000000004947000 	/System/Library/Frameworks/NetFS.framework/Versions/A/NetFS
0x0000000004947000 	/usr/lib/system/libkxld.dylib
0x0000000004947000 	/System/Library/PrivateFrameworks/NetAuth.framework/Versions/A/NetAuth
0x0000000004947000 	/usr/lib/libcrypto.0.9.8.dylib
0x0000000004947000 	/System/Library/PrivateFrameworks/TrustEvaluationAgent.framework/Versions/A/TrustEvaluationAgent
0x0000000004947000 	/System/Library/Frameworks/OpenDirectory.framework/Versions/A/Frameworks/CFOpenDirectory.framework/Versions/A/CFOpenDirectory
0x0000000004947000 	/usr/lib/libxslt.1.dylib
0x0000000004947000 	/System/Library/PrivateFrameworks/FamilyControls.framework/Versions/A/FamilyControls
0x0000000004947000 	/System/Library/Frameworks/Carbon.framework/Versions/A/Frameworks/Ink.framework/Versions/A/Ink
0x0000000004947000 	/System/Library/Frameworks/ApplicationServices.framework/Versions/A/Frameworks/CoreGraphics.framework/Versions/A/CoreGraphics
0x0000000004947000 	/System/Library/Frameworks/ApplicationServices.framework/Versions/A/Frameworks/ImageIO.framework/Versions/A/ImageIO
0x0000000004947000 	/System/Library/Frameworks/ApplicationServices.framework/Versions/A/Frameworks/CoreText.framework/Versions/A/CoreText
0x0000000004947000 	/System/Library/Frameworks/ApplicationServices.framework/Versions/A/Frameworks/ATS.framework/Versions/A/ATS
0x0000000004947000 	/System/Library/Frameworks/ApplicationServices.framework/Versions/A/Frameworks/ColorSync.framework/Versions/A/ColorSync
0x0000000004947000 	/System/Library/Frameworks/ApplicationServices.framework/Versions/A/Frameworks/HIServices.framework/Versions/A/HIServices
0x0000000004947000 	/System/Library/Frameworks/ApplicationServices.framework/Versions/A/Frameworks/LangAnalysis.framework/Versions/A/LangAnalysis
0x0000000004947000 	/System/Library/Frameworks/ApplicationServices.framework/Versions/A/Frameworks/PrintCore.framework/Versions/A/PrintCore
0x0000000004947000 	/System/Library/Frameworks/ApplicationServices.framework/Versions/A/Frameworks/QD.framework/Versions/A/QD
0x0000000004947000 	/System/Library/Frameworks/ApplicationServices.framework/Versions/A/Frameworks/SpeechSynthesis.framework/Versions/A/SpeechSynthesis
0x0000000004947000 	/System/Library/Frameworks/IOSurface.framework/Versions/A/IOSurface
0x0000000004947000 	/System/Library/Frameworks/Accelerate.framework/Versions/A/Accelerate
0x0000000004947000 	/System/Library/Frameworks/ApplicationServices.framework/Versions/A/Frameworks/ImageIO.framework/Versions/A/Resources/libJPEG.dylib
0x0000000004947000 	/System/Library/Frameworks/ApplicationServices.framework/Versions/A/Frameworks/ImageIO.framework/Versions/A/Resources/libTIFF.dylib
0x0000000004947000 	/System/Library/Frameworks/ApplicationServices.framework/Versions/A/Frameworks/ImageIO.framework/Versions/A/Resources/libPng.dylib
0x0000000004947000 	/System/Library/Frameworks/ApplicationServices.framework/Versions/A/Frameworks/ImageIO.framework/Versions/A/Resources/libGIF.dylib
0x0000000004947000 	/System/Library/Frameworks/ApplicationServices.framework/Versions/A/Frameworks/ImageIO.framework/Versions/A/Resources/libJP2.dylib
0x0000000004947000 	/System/Library/Frameworks/ApplicationServices.framework/Versions/A/Frameworks/ImageIO.framework/Versions/A/Resources/libRadiance.dylib
0x0000000004947000 	/System/Library/Frameworks/Accelerate.framework/Versions/A/Frameworks/vImage.framework/Versions/A/vImage
0x0000000004947000 	/System/Library/Frameworks/Accelerate.framework/Versions/A/Frameworks/vecLib.framework/Versions/A/vecLib
0x0000000004947000 	/System/Library/Frameworks/Accelerate.framework/Versions/A/Frameworks/vecLib.framework/Versions/A/libvDSP.dylib
0x0000000004947000 	/System/Library/Frameworks/Accelerate.framework/Versions/A/Frameworks/vecLib.framework/Versions/A/libvMisc.dylib
0x0000000004947000 	/System/Library/Frameworks/Accelerate.framework/Versions/A/Frameworks/vecLib.framework/Versions/A/libLAPACK.dylib
0x0000000004947000 	/System/Library/Frameworks/Accelerate.framework/Versions/A/Frameworks/vecLib.framework/Versions/A/libBLAS.dylib
0x0000000004947000 	/System/Library/Frameworks/ApplicationServices.framework/Versions/A/Frameworks/ATS.framework/Versions/A/Resources/libFontParser.dylib
0x0000000004947000 	/System/Library/Frameworks/ApplicationServices.framework/Versions/A/Frameworks/ATS.framework/Versions/A/Resources/libFontRegistry.dylib
0x0000000004947000 	/usr/lib/libcups.2.dylib
0x0000000004947000 	/System/Library/Frameworks/Kerberos.framework/Versions/A/Kerberos
0x0000000004947000 	/System/Library/Frameworks/GSS.framework/Versions/A/GSS
0x0000000004947000 	/usr/lib/libresolv.9.dylib
0x0000000004947000 	/usr/lib/libiconv.2.dylib
0x0000000004947000 	/System/Library/PrivateFrameworks/Heimdal.framework/Versions/A/Heimdal
0x0000000004947000 	/System/Library/Frameworks/OpenDirectory.framework/Versions/A/OpenDirectory
0x0000000004947000 	/System/Library/PrivateFrameworks/CommonAuth.framework/Versions/A/CommonAuth
0x0000000004947000 	/System/Library/Frameworks/CoreVideo.framework/Versions/A/CoreVideo
0x0000000004947000 	/System/Library/Frameworks/QuartzCore.framework/Versions/A/Frameworks/CoreImage.framework/Versions/A/CoreImage
0x0000000004947000 	/System/Library/Frameworks/QuartzCore.framework/Versions/A/Frameworks/ScalableUserInterface.framework/Versions/A/ScalableUserInterface
0x0000000004947000 	/System/Library/Frameworks/OpenGL.framework/Versions/A/Libraries/libGLU.dylib
0x0000000004947000 	/System/Library/Frameworks/OpenGL.framework/Versions/A/Libraries/libGFXShared.dylib
0x0000000004947000 	/System/Library/Frameworks/OpenGL.framework/Versions/A/Libraries/libGL.dylib
0x0000000004947000 	/System/Library/Frameworks/OpenGL.framework/Versions/A/Libraries/libGLImage.dylib
0x0000000004947000 	/System/Library/Frameworks/OpenGL.framework/Versions/A/Libraries/libCVMSPluginSupport.dylib
0x0000000004947000 	/System/Library/Frameworks/OpenGL.framework/Versions/A/Libraries/libCoreVMClient.dylib
0x0000000004947000 	/System/Library/Frameworks/OpenCL.framework/Versions/A/OpenCL
0x0000000004947000 	/System/Library/PrivateFrameworks/FaceCoreLight.framework/Versions/A/FaceCoreLight
0x0000000004947000 	/System/Library/Frameworks/vecLib.framework/Versions/A/vecLib
0x0000000004947000 	/System/Library/Frameworks/SecurityFoundation.framework/Versions/A/SecurityFoundation
0x0000000004947000 	/System/Library/PrivateFrameworks/CommerceKit.framework/Versions/A/Frameworks/CommerceCore.framework/Versions/A/CommerceCore
0x0000000004947000 	/System/Library/PrivateFrameworks/CoreSymbolication.framework/Versions/A/CoreSymbolication
0x0000000004947000 	/System/Library/PrivateFrameworks/Symbolication.framework/Versions/A/Symbolication
0x0000000004947000 	/System/Library/PrivateFrameworks/DebugSymbols.framework/Versions/A/DebugSymbols
0x000000010c400000 	/Library/Java/JavaVirtualMachines/jdk1.7.0_10.jdk/Contents/Home/jre/lib/server/libjvm.dylib
0x000000010cfaa000 	/Library/Java/JavaVirtualMachines/jdk1.7.0_10.jdk/Contents/Home/jre/lib/libverify.dylib
0x000000010cfb7000 	/Library/Java/JavaVirtualMachines/jdk1.7.0_10.jdk/Contents/Home/jre/lib/libjava.dylib
0x000000010cfe7000 	/Library/Java/JavaVirtualMachines/jdk1.7.0_10.jdk/Contents/Home/jre/lib/libjdwp.dylib
0x000000010c2fc000 	/Library/Java/JavaVirtualMachines/jdk1.7.0_10.jdk/Contents/Home/jre/lib/./libnpt.dylib
0x000000010d02d000 	/Library/Java/JavaVirtualMachines/jdk1.7.0_10.jdk/Contents/Home/jre/lib/libzip.dylib
0x000000016cb5d000 	/System/Library/Frameworks/JavaVM.framework/Frameworks/JavaRuntimeSupport.framework/JavaRuntimeSupport
0x000000016cb75000 	/System/Library/Frameworks/JavaVM.framework/Versions/A/Frameworks/JavaNativeFoundation.framework/Versions/A/JavaNativeFoundation
0x000000016cb8a000 	/System/Library/Frameworks/JavaVM.framework/Versions/A/JavaVM
0x0000000004947000 	/System/Library/Frameworks/Carbon.framework/Versions/A/Carbon
0x000000016cb97000 	/System/Library/PrivateFrameworks/JavaLaunching.framework/Versions/A/JavaLaunching
0x0000000004947000 	/System/Library/Frameworks/Carbon.framework/Versions/A/Frameworks/CommonPanels.framework/Versions/A/CommonPanels
0x0000000004947000 	/System/Library/Frameworks/Carbon.framework/Versions/A/Frameworks/Help.framework/Versions/A/Help
0x0000000004947000 	/System/Library/Frameworks/Carbon.framework/Versions/A/Frameworks/ImageCapture.framework/Versions/A/ImageCapture
0x0000000004947000 	/System/Library/Frameworks/Carbon.framework/Versions/A/Frameworks/OpenScripting.framework/Versions/A/OpenScripting
0x0000000004947000 	/System/Library/Frameworks/Carbon.framework/Versions/A/Frameworks/Print.framework/Versions/A/Print
0x0000000004947000 	/System/Library/Frameworks/Carbon.framework/Versions/A/Frameworks/SecurityHI.framework/Versions/A/SecurityHI
0x00000001100f9000 	/Library/Java/JavaVirtualMachines/jdk1.7.0_10.jdk/Contents/Home/jre/lib/libdt_socket.dylib
0x000000016d5d7000 	/Library/Java/JavaVirtualMachines/jdk1.7.0_10.jdk/Contents/Home/jre/lib/libnio.dylib
0x000000016d5e6000 	/Library/Java/JavaVirtualMachines/jdk1.7.0_10.jdk/Contents/Home/jre/lib/./libnet.dylib
0x000000016ddfb000 	/Library/Java/JavaVirtualMachines/jdk1.7.0_10.jdk/Contents/Home/jre/lib/libawt.dylib
0x000000016deaa000 	/Library/Java/JavaVirtualMachines/jdk1.7.0_10.jdk/Contents/Home/jre/lib/./libmlib_image.dylib
0x000000016df76000 	/Library/Java/JavaVirtualMachines/jdk1.7.0_10.jdk/Contents/Home/jre/lib/lwawt/liblwawt.dylib
0x000000016e028000 	/Library/Java/JavaVirtualMachines/jdk1.7.0_10.jdk/Contents/Home/jre/lib/server/../libosxapp.dylib
0x000000016e044000 	/System/Library/Frameworks/ExceptionHandling.framework/Versions/A/ExceptionHandling
0x0000000004947000 	/System/Library/PrivateFrameworks/CoreServicesInternal.framework/Versions/A/CoreServicesInternal
0x0000000004947000 	/System/Library/Frameworks/ApplicationServices.framework/Versions/A/Frameworks/CoreGraphics.framework/Versions/A/Resources/libCSync.A.dylib
0x0000000004947000 	/System/Library/Frameworks/ApplicationServices.framework/Versions/A/Frameworks/CoreGraphics.framework/Versions/A/Resources/libRIP.A.dylib
0x0000000004947000 	/System/Library/Frameworks/ApplicationServices.framework/Versions/A/Frameworks/CoreGraphics.framework/Versions/A/Resources/libCGXType.A.dylib
0x0000000171b55000 	/System/Library/Frameworks/OpenGL.framework/Resources/GLEngine.bundle/GLEngine
0x0000000171d44000 	/System/Library/Frameworks/OpenGL.framework/Versions/A/Libraries/libGLProgrammability.dylib
0x0000000171ed0000 	/System/Library/Extensions/ATIRadeonX3000GLDriver.bundle/Contents/MacOS/ATIRadeonX3000GLDriver
0x000000016f427000 	/System/Library/PrivateFrameworks/GPUSupport.framework/Versions/A/Libraries/libGPUSupport.dylib
0x00000001721e0000 	/System/Library/Extensions/AppleIntelHD3000GraphicsGLDriver.bundle/Contents/MacOS/AppleIntelHD3000GraphicsGLDriver
0x000000016f473000 	/System/Library/Frameworks/OpenGL.framework/Resources//GLRendererFloat.bundle/GLRendererFloat
0x000000016f43c000 	/System/Library/Frameworks/OpenCL.framework/Versions/A/Libraries/libcldcpuengine.dylib
0x0000000004947000 	/System/Library/PrivateFrameworks/DiskImages.framework/Versions/A/DiskImages
0x000000016f44c000 	/System/Library/Frameworks/OpenGL.framework/Versions/A/Libraries/libCoreFSCache.dylib
0x0000000004947000 	/System/Library/Frameworks/DiscRecording.framework/Versions/A/DiscRecording
0x0000000004947000 	/usr/lib/libcurl.4.dylib
0x0000000004947000 	/System/Library/PrivateFrameworks/MediaKit.framework/Versions/A/MediaKit
0x0000000004947000 	/usr/lib/libssl.0.9.8.dylib
0x0000000004947000 	/System/Library/Frameworks/LDAP.framework/Versions/A/LDAP
0x0000000004947000 	/usr/lib/libsasl2.2.dylib
0x0000000172810000 	/Library/Java/JavaVirtualMachines/jdk1.7.0_10.jdk/Contents/Home/jre/lib/libfontmanager.dylib
0x000000016dc10000 	/Applications/NetBeans/NetBeans 7.3 Beta 2.app/Contents/Resources/NetBeans/platform/modules/lib/libjnidispatch-340.jnilib
0x000000016dc24000 	/Library/Java/JavaVirtualMachines/jdk1.7.0_10.jdk/Contents/Home/jre/lib/libosxui.dylib
0x00000001747a2000 	/Library/Java/JavaVirtualMachines/jdk1.7.0_10.jdk/Contents/Home/jre/lib/libkcms.dylib
0x000000016cd3b000 	/Library/Java/Extensions/librxtxSerial.jnilib
0x0000000172d4c000 	/Users/chaselaurendine/Documents/SvnProjects/NerduinoIDE/Nerduino-host/build/cluster/modules/bin/libmat.jnilib
0x0000000134fbf000 	/System/Library/Frameworks/GLUT.framework/Versions/A/GLUT
0x0000000004947000 	/System/Library/Frameworks/QTKit.framework/Versions/A/QTKit
0x0000000004947000 	/System/Library/Frameworks/CoreMedia.framework/Versions/A/CoreMedia
0x0000000004947000 	/System/Library/PrivateFrameworks/MediaToolbox.framework/Versions/A/MediaToolbox
0x0000000004947000 	/System/Library/PrivateFrameworks/VideoToolbox.framework/Versions/A/VideoToolbox
0x0000000004947000 	/System/Library/PrivateFrameworks/CoreMediaAuthoring.framework/Versions/A/CoreMediaAuthoring
0x0000000004947000 	/System/Library/Frameworks/CoreMediaIO.framework/Versions/A/CoreMediaIO
0x0000000004947000 	/System/Library/PrivateFrameworks/CoreAUC.framework/Versions/A/CoreAUC
0x0000000004947000 	/System/Library/PrivateFrameworks/AppleVA.framework/Versions/A/AppleVA
0x0000000179719000 	/Users/chaselaurendine/Documents/SvnProjects/NerduinoIDE/Nerduino-host/build/cluster/modules/bin/libWebPaneJava.dylib
0x00000001734a4000 	/Users/chaselaurendine/Documents/SvnProjects/NerduinoIDE/Nerduino-host/build/cluster/modules/bin/libjavafx-font.jnilib
0x000000016d6e5000 	cl_kernels
0x000000017802e000 	/System/Library/Frameworks/OpenCL.framework/Versions/A/Libraries/ImageFormats/unorm8_bgra.dylib
0x000000016dc2d000 	cl_kernels
0x00000001731e5000 	/Library/Java/JavaVirtualMachines/jdk1.7.0_10.jdk/Contents/Home/jre/lib/libdcpr.dylib
0x0000000004947000 	/System/Library/Frameworks/ApplicationServices.framework/Versions/A/Frameworks/ATS.framework/Versions/A/Resources/libTrueTypeScaler.dylib
0x000000016f2c4000 	/Library/Java/JavaVirtualMachines/jdk1.7.0_10.jdk/Contents/Home/jre/lib/libmanagement.dylib
0x000000017422f000 	/Users/chaselaurendine/Documents/SvnProjects/NerduinoIDE/Nerduino-host/build/cluster/modules/bin/libjavafx-iio.jnilib

VM Arguments:
jvm_args: -Djdk.home=/Library/Java/JavaVirtualMachines/jdk1.7.0_10.jdk/Contents/Home -Dnetbeans.system_http_proxy=DIRECT -Dnetbeans.system_http_non_proxy_hosts= -Dnetbeans.dirs=/Users/chaselaurendine/Documents/SvnProjects/NerduinoIDE/Nerduino-host/build/cluster:/Applications/NetBeans/NetBeans 7.3 Beta 2.app/Contents/Resources/NetBeans/harness:/Applications/NetBeans/NetBeans 7.3 Beta 2.app/Contents/Resources/NetBeans/ide:/Applications/NetBeans/NetBeans 7.3 Beta 2.app/Contents/Resources/NetBeans/java:/Applications/NetBeans/NetBeans 7.3 Beta 2.app/Contents/Resources/NetBeans/platform:/Applications/NetBeans/NetBeans 7.3 Beta 2.app/Contents/Resources/NetBeans/websvccommon:/Users/chaselaurendine/Documents/Downloads/nbribbon/PinkMatterRibbonPlatform -Dnetbeans.home=/Applications/NetBeans/NetBeans 7.3 Beta 2.app/Contents/Resources/NetBeans/platform -Dnetbeans.logger.console=true -ea -Xdebug -Xrunjdwp:transport=dt_socket,suspend=y,server=n,address=dsldevice:49369 -Dsun.awt.disableMixing=true -XX:+HeapDumpOnOutOfMemoryError -XX:HeapDumpPath=/Users/chaselaurendine/Documents/SvnProjects/NerduinoIDE/Nerduino-host/fxbrowser/../build/testuserdir/var/log/heapdump.hprof 
java_command: org.netbeans.Main --userdir /Users/chaselaurendine/Documents/SvnProjects/NerduinoIDE/Nerduino-host/fxbrowser/../build/testuserdir --branding nerduinoiot
Launcher Type: SUN_STANDARD

Environment Variables:
PATH=/usr/bin:/bin:/usr/sbin:/sbin
LD_LIBRARY_PATH=/Library/Java/JavaVirtualMachines/jdk1.7.0_10.jdk/Contents/Home/jre/lib/amd64:/Library/Java/JavaVirtualMachines/jdk1.7.0_10.jdk/Contents/Home/jre/lib/i386:/Library/Java/JavaVirtualMachines/jdk1.7.0_10.jdk/Contents/Home/jre/lib/amd64:/Library/Java/JavaVirtualMachines/jdk1.7.0_10.jdk/Contents/Home/jre/lib/i386:
SHELL=/bin/bash
DISPLAY=/tmp/launch-tHXbl9/org.macosforge.xquartz:0

Signal Handlers:
SIGSEGV: [libjvm.dylib+0x4a363d], sa_mask[0]=0xfffefeff, sa_flags=0x00000042
SIGBUS: [libjvm.dylib+0x4a363d], sa_mask[0]=0xfffefeff, sa_flags=0x00000042
SIGFPE: [libjvm.dylib+0x3b3051], sa_mask[0]=0xfffefeff, sa_flags=0x00000042
SIGPIPE: [libjvm.dylib+0x3b3051], sa_mask[0]=0xfffefeff, sa_flags=0x00000042
SIGXFSZ: [libjvm.dylib+0x3b3051], sa_mask[0]=0xfffefeff, sa_flags=0x00000042
SIGILL: [libjvm.dylib+0x3b3051], sa_mask[0]=0xfffefeff, sa_flags=0x00000042
SIGUSR1: SIG_DFL, sa_mask[0]=0x00000000, sa_flags=0x00000002
SIGUSR2: [libjvm.dylib+0x3b2bea], sa_mask[0]=0x00000004, sa_flags=0x00000042
SIGHUP: [libjvm.dylib+0x3b0e4b], sa_mask[0]=0xfffefeff, sa_flags=0x00000042
SIGINT: SIG_IGN, sa_mask[0]=0x00000000, sa_flags=0x00000000
SIGTERM: [libjvm.dylib+0x3b0e4b], sa_mask[0]=0xfffefeff, sa_flags=0x00000042
SIGQUIT: [libjvm.dylib+0x3b0e4b], sa_mask[0]=0xfffefeff, sa_flags=0x00000042


---------------  S Y S T E M  ---------------

OS:Bsduname:Darwin 11.4.2 Darwin Kernel Version 11.4.2: Thu Aug 23 16:25:48 PDT 2012; root:xnu-1699.32.7~1/RELEASE_X86_64 x86_64
rlimit: STACK 8192k, CORE 0k, NPROC 709, NOFILE 10240, AS infinity
load average:1.48 1.09 0.77

CPU:total 8 (4 cores per cpu, 2 threads per core) family 6 model 42 stepping 7, cmov, cx8, fxsr, mmx, sse, sse2, sse3, ssse3, sse4.1, sse4.2, popcnt, avx, ht, tsc, tscinvbit

Memory: 4k page, physical 5319176k(1329794k free)

/proc/meminfo:


vm_info: Java HotSpot(TM) 64-Bit Server VM (23.6-b04) for bsd-amd64 JRE (1.7.0_10-b18), built on Nov 28 2012 07:52:20 by "java_re" with gcc 4.2.1 (Based on Apple Inc. build 5658) (LLVM build 2336.9.00)

time: Thu May 16 08:15:32 2013
elapsed time: 8 seconds

