#
# A fatal error has been detected by the Java Runtime Environment:
#
#  SIGSEGV (0xb) at pc=0x000000010693ee89, pid=1721, tid=1799
#
# JRE version: 7.0_10-b18
# Java VM: Java HotSpot(TM) 64-Bit Server VM (23.6-b04 mixed mode bsd-amd64 compressed oops)
# Problematic frame:
# V  [libjvm.dylib+0x2a4e89]
#
# Failed to write core dump. Core dumps have been disabled. To enable core dumping, try "ulimit -c unlimited" before starting Java again
#
# If you would like to submit a bug report, please visit:
#   http://bugreport.sun.com/bugreport/crash.jsp
#

---------------  T H R E A D  ---------------

Current thread (0x00007fb0aa9b0000):  JavaThread "JavaFX Application Thread" daemon [_thread_in_vm, id=1799, stack(0x00007fff65899000,0x00007fff66099000)]

siginfo:si_signo=SIGSEGV: si_errno=0, si_code=1 (SEGV_MAPERR), si_addr=0x0000000000000000

Registers:
RAX=0x0000000106b860fc, RBX=0x00007fff660905c0, RCX=0x00007fb0aa9b0000, RDX=0x00007fff660905c0
RSP=0x00007fff660904d0, RBP=0x00007fff660904e0, RSI=0x0000000000000000, RDI=0x00007fff66090508
R8 =0x0000000000000000, R9 =0x0000000000000004, R10=0x0000000000000481, R11=0x00007fb0ac002256
R12=0x00007fb0aa9b0000, R13=0x00007fff66090508, R14=0x00007fff66090508, R15=0x00007fb0aa9b01d8
RIP=0x000000010693ee89, EFLAGS=0x0000000000010297, ERR=0x0000000000000004
  TRAPNO=0x000000000000000e

Top of Stack: (sp=0x00007fff660904d0)
0x00007fff660904d0:   0000000000000000 000000010653bdd0
0x00007fff660904e0:   00007fff660905b0 000000010692fcc4
0x00007fff660904f0:   00007fff66090550 0000000106ae72c5
0x00007fff66090500:   00007fff660905c0 0000000000000220
0x00007fff66090510:   00007fff660904b8 00007fff66090500
0x00007fff66090520:   0000000800000002 00002060aa9b0001
0x00007fff66090530:   0000000000000000 0000000174594e81
0x00007fff66090540:   0000000106b860fc 00007fb00000000c
0x00007fff66090550:   00007fff66090580 00007fb0aa9b0000
0x00007fff66090560:   0000000106544398 000000300000063d
0x00007fff66090570:   0000000106b860fc 00007fb0aa9b0000
0x00007fff66090580:   00007fb0aa9b0000 00000000ffffffff
0x00007fff66090590:   00007fb0af0d0658 00007fb0b33710f0
0x00007fff660905a0:   0000000000000000 0000000000000000
0x00007fff660905b0:   00007fff66090690 0000000173b708c8
0x00007fff660905c0:   0000003000000018 00007fff660906a0
0x00007fff660905d0:   00007fff660905e0 00007fff66090668
0x00007fff660905e0:   0000000000000000 00007fff66090664
0x00007fff660905f0:   0001206800000100 00007fb0af0d0658
0x00007fff66090600:   0000000000000000 0000000000000004
0x00007fff66090610:   0000000000002ee5 00007fff7536e730
0x00007fff66090620:   00007fb0af0d0658 00007fb0b33710f0
0x00007fff66090630:   0000000000000000 0000000000000000
0x00007fff66090640:   00007fff66090680 00007fff8f23d6ab
0x00007fff66090650:   00007fff66090690 00007fb0aa9b0000
0x00007fff66090660:   00012068aa9b01d8 0000f4000000f400
0x00007fff66090670:   00007fb0aa9b01d8 0000000000000000
0x00007fff66090680:   00007fff66090690 00007fff88d2ef29
0x00007fff66090690:   00007fff660907b0 0000000173bea1a6
0x00007fff660906a0:   0000000000000125 0000000000000014
0x00007fff660906b0:   00000000ffffffff 0000000000000000
0x00007fff660906c0:   000000010a46ac8d 00007fff66090728 

Instructions: (pc=0x000000010693ee89)
0x000000010693ee69:   3e 00 48 83 c0 10 49 89 06 49 89 5e 28 5b 41 5e
0x000000010693ee79:   5d c3 90 55 48 89 e5 41 56 53 48 89 d3 49 89 fe
0x000000010693ee89:   48 8b 06 48 8b 48 10 48 8b 78 18 0f b7 71 42 e8
0x000000010693ee99:   b5 2a 21 00 48 89 c6 48 83 e6 fe 4c 89 f7 e8 64 

Register to memory mapping:

RAX=0x0000000106b860fc: _ZZN16GenCollectedHeap16preload_and_dumpEP6ThreadE19map_entry_array_sig+0xfaac in /Library/Java/JavaVirtualMachines/jdk1.7.0_10.jdk/Contents/Home/jre/lib/server/libjvm.dylib at 0x000000010669a000
RBX=0x00007fff660905c0 is pointing into the stack for thread: 0x00007fb0aa9b0000
RCX=0x00007fb0aa9b0000 is a thread
RDX=0x00007fff660905c0 is pointing into the stack for thread: 0x00007fb0aa9b0000
RSP=0x00007fff660904d0 is pointing into the stack for thread: 0x00007fb0aa9b0000
RBP=0x00007fff660904e0 is pointing into the stack for thread: 0x00007fb0aa9b0000
RSI=0x0000000000000000 is an unknown value
RDI=0x00007fff66090508 is pointing into the stack for thread: 0x00007fb0aa9b0000
R8 =0x0000000000000000 is an unknown value
R9 =0x0000000000000004 is an unknown value
R10=0x0000000000000481 is an unknown value
R11=0x00007fb0ac002256 is an unknown value
R12=0x00007fb0aa9b0000 is a thread
R13=0x00007fff66090508 is pointing into the stack for thread: 0x00007fb0aa9b0000
R14=0x00007fff66090508 is pointing into the stack for thread: 0x00007fb0aa9b0000
R15=0x00007fb0aa9b01d8 is an unknown value


Stack: [0x00007fff65899000,0x00007fff66099000],  sp=0x00007fff660904d0,  free space=8157k
Native frames: (J=compiled Java code, j=interpreted, Vv=VM code, C=native code)
V  [libjvm.dylib+0x2a4e89]
V  [libjvm.dylib+0x295cc4]
C  [libWebPaneJava.dylib+0x5378c8]  _ZN7JNIEnv_16CallObjectMethodEP8_jobjectP10_jmethodIDz+0x98
C  [libWebPaneJava.dylib+0x5b11a6]  _ZN7WebCore15RenderThemeJava11paintWidgetEiPNS_12RenderObjectERKNS_9PaintInfoERKNS_7IntRectE+0x1a6
C  [libWebPaneJava.dylib+0x5b19b4]  _ZN7WebCore15RenderThemeJava14paintTextFieldEPNS_12RenderObjectERKNS_9PaintInfoERKNS_7IntRectE+0x14
C  [libWebPaneJava.dylib+0x6ff896]  _ZN7WebCore11RenderTheme15paintBorderOnlyEPNS_12RenderObjectERKNS_9PaintInfoERKNS_7IntRectE+0x146
C  [libWebPaneJava.dylib+0x65dd5b]  _ZN7WebCore9RenderBox19paintBoxDecorationsERNS_9PaintInfoERKNS_8IntPointE+0x19b
C  [libWebPaneJava.dylib+0x622eea]  _ZN7WebCore11RenderBlock11paintObjectERNS_9PaintInfoERKNS_8IntPointE+0x43a
C  [libWebPaneJava.dylib+0x60c85c]  _ZN7WebCore11RenderBlock5paintERNS_9PaintInfoERKNS_8IntPointE+0xec
C  [libWebPaneJava.dylib+0x6fa73b]  _ZN7WebCore27RenderTextControlSingleLine5paintERNS_9PaintInfoERKNS_8IntPointE+0x2b
C  [libWebPaneJava.dylib+0x5f82fa]  _ZN7WebCore9InlineBox5paintERNS_9PaintInfoERKNS_8IntPointEii+0xfa
C  [libWebPaneJava.dylib+0x5fd45c]  _ZN7WebCore13InlineFlowBox5paintERNS_9PaintInfoERKNS_8IntPointEii+0x1bc
C  [libWebPaneJava.dylib+0x711fa0]  _ZN7WebCore13RootInlineBox5paintERNS_9PaintInfoERKNS_8IntPointEii+0x30
C  [libWebPaneJava.dylib+0x6ac063]  _ZNK7WebCore17RenderLineBoxList5paintEPNS_20RenderBoxModelObjectERNS_9PaintInfoERKNS_8IntPointE+0x2d3
C  [libWebPaneJava.dylib+0x614caf]  _ZN7WebCore11RenderBlock13paintContentsERNS_9PaintInfoERKNS_8IntPointE+0x8f
C  [libWebPaneJava.dylib+0x622cff]  _ZN7WebCore11RenderBlock11paintObjectERNS_9PaintInfoERKNS_8IntPointE+0x24f
C  [libWebPaneJava.dylib+0x60c85c]  _ZN7WebCore11RenderBlock5paintERNS_9PaintInfoERKNS_8IntPointE+0xec
C  [libWebPaneJava.dylib+0x6e2d39]  _ZN7WebCore15RenderTableCell5paintERNS_9PaintInfoERKNS_8IntPointE+0x39
C  [libWebPaneJava.dylib+0x6e65b3]  _ZN7WebCore18RenderTableSection9paintCellEPNS_15RenderTableCellERNS_9PaintInfoERKNS_8IntPointE+0x93
C  [libWebPaneJava.dylib+0x6eb8a4]  _ZN7WebCore18RenderTableSection11paintObjectERNS_9PaintInfoERKNS_8IntPointE+0x214
C  [libWebPaneJava.dylib+0x6e6802]  _ZN7WebCore18RenderTableSection5paintERNS_9PaintInfoERKNS_8IntPointE+0xb2
C  [libWebPaneJava.dylib+0x6d6ae6]  _ZN7WebCore11RenderTable11paintObjectERNS_9PaintInfoERKNS_8IntPointE+0x156
C  [libWebPaneJava.dylib+0x6d532c]  _ZN7WebCore11RenderTable5paintERNS_9PaintInfoERKNS_8IntPointE+0xec
C  [libWebPaneJava.dylib+0x614b6a]  _ZN7WebCore11RenderBlock13paintChildrenERNS_9PaintInfoERKNS_8IntPointE+0x22a
C  [libWebPaneJava.dylib+0x614ccf]  _ZN7WebCore11RenderBlock13paintContentsERNS_9PaintInfoERKNS_8IntPointE+0xaf
C  [libWebPaneJava.dylib+0x622cff]  _ZN7WebCore11RenderBlock11paintObjectERNS_9PaintInfoERKNS_8IntPointE+0x24f
C  [libWebPaneJava.dylib+0x60c85c]  _ZN7WebCore11RenderBlock5paintERNS_9PaintInfoERKNS_8IntPointE+0xec
C  [libWebPaneJava.dylib+0x6e2d39]  _ZN7WebCore15RenderTableCell5paintERNS_9PaintInfoERKNS_8IntPointE+0x39
C  [libWebPaneJava.dylib+0x6e65b3]  _ZN7WebCore18RenderTableSection9paintCellEPNS_15RenderTableCellERNS_9PaintInfoERKNS_8IntPointE+0x93
C  [libWebPaneJava.dylib+0x6eb8a4]  _ZN7WebCore18RenderTableSection11paintObjectERNS_9PaintInfoERKNS_8IntPointE+0x214
C  [libWebPaneJava.dylib+0x6e6802]  _ZN7WebCore18RenderTableSection5paintERNS_9PaintInfoERKNS_8IntPointE+0xb2
C  [libWebPaneJava.dylib+0x6d6ae6]  _ZN7WebCore11RenderTable11paintObjectERNS_9PaintInfoERKNS_8IntPointE+0x156
C  [libWebPaneJava.dylib+0x6d532c]  _ZN7WebCore11RenderTable5paintERNS_9PaintInfoERKNS_8IntPointE+0xec
C  [libWebPaneJava.dylib+0x614b6a]  _ZN7WebCore11RenderBlock13paintChildrenERNS_9PaintInfoERKNS_8IntPointE+0x22a
C  [libWebPaneJava.dylib+0x614ccf]  _ZN7WebCore11RenderBlock13paintContentsERNS_9PaintInfoERKNS_8IntPointE+0xaf
C  [libWebPaneJava.dylib+0x622cff]  _ZN7WebCore11RenderBlock11paintObjectERNS_9PaintInfoERKNS_8IntPointE+0x24f
C  [libWebPaneJava.dylib+0x60c85c]  _ZN7WebCore11RenderBlock5paintERNS_9PaintInfoERKNS_8IntPointE+0xec
C  [libWebPaneJava.dylib+0x614b6a]  _ZN7WebCore11RenderBlock13paintChildrenERNS_9PaintInfoERKNS_8IntPointE+0x22a
C  [libWebPaneJava.dylib+0x614ccf]  _ZN7WebCore11RenderBlock13paintContentsERNS_9PaintInfoERKNS_8IntPointE+0xaf
C  [libWebPaneJava.dylib+0x622cff]  _ZN7WebCore11RenderBlock11paintObjectERNS_9PaintInfoERKNS_8IntPointE+0x24f
C  [libWebPaneJava.dylib+0x60c85c]  _ZN7WebCore11RenderBlock5paintERNS_9PaintInfoERKNS_8IntPointE+0xec
C  [libWebPaneJava.dylib+0x6e2d39]  _ZN7WebCore15RenderTableCell5paintERNS_9PaintInfoERKNS_8IntPointE+0x39
C  [libWebPaneJava.dylib+0x6e65b3]  _ZN7WebCore18RenderTableSection9paintCellEPNS_15RenderTableCellERNS_9PaintInfoERKNS_8IntPointE+0x93
C  [libWebPaneJava.dylib+0x6eb8a4]  _ZN7WebCore18RenderTableSection11paintObjectERNS_9PaintInfoERKNS_8IntPointE+0x214
C  [libWebPaneJava.dylib+0x6e6802]  _ZN7WebCore18RenderTableSection5paintERNS_9PaintInfoERKNS_8IntPointE+0xb2
C  [libWebPaneJava.dylib+0x6d6ae6]  _ZN7WebCore11RenderTable11paintObjectERNS_9PaintInfoERKNS_8IntPointE+0x156
C  [libWebPaneJava.dylib+0x6d532c]  _ZN7WebCore11RenderTable5paintERNS_9PaintInfoERKNS_8IntPointE+0xec
C  [libWebPaneJava.dylib+0x614b6a]  _ZN7WebCore11RenderBlock13paintChildrenERNS_9PaintInfoERKNS_8IntPointE+0x22a
C  [libWebPaneJava.dylib+0x614ccf]  _ZN7WebCore11RenderBlock13paintContentsERNS_9PaintInfoERKNS_8IntPointE+0xaf
C  [libWebPaneJava.dylib+0x622cff]  _ZN7WebCore11RenderBlock11paintObjectERNS_9PaintInfoERKNS_8IntPointE+0x24f
C  [libWebPaneJava.dylib+0x60c85c]  _ZN7WebCore11RenderBlock5paintERNS_9PaintInfoERKNS_8IntPointE+0xec
C  [libWebPaneJava.dylib+0x6e2d39]  _ZN7WebCore15RenderTableCell5paintERNS_9PaintInfoERKNS_8IntPointE+0x39
C  [libWebPaneJava.dylib+0x6e65b3]  _ZN7WebCore18RenderTableSection9paintCellEPNS_15RenderTableCellERNS_9PaintInfoERKNS_8IntPointE+0x93
C  [libWebPaneJava.dylib+0x6eb8a4]  _ZN7WebCore18RenderTableSection11paintObjectERNS_9PaintInfoERKNS_8IntPointE+0x214
C  [libWebPaneJava.dylib+0x6e6802]  _ZN7WebCore18RenderTableSection5paintERNS_9PaintInfoERKNS_8IntPointE+0xb2
C  [libWebPaneJava.dylib+0x6d6ae6]  _ZN7WebCore11RenderTable11paintObjectERNS_9PaintInfoERKNS_8IntPointE+0x156
C  [libWebPaneJava.dylib+0x6d532c]  _ZN7WebCore11RenderTable5paintERNS_9PaintInfoERKNS_8IntPointE+0xec
C  [libWebPaneJava.dylib+0x614b6a]  _ZN7WebCore11RenderBlock13paintChildrenERNS_9PaintInfoERKNS_8IntPointE+0x22a
C  [libWebPaneJava.dylib+0x614ccf]  _ZN7WebCore11RenderBlock13paintContentsERNS_9PaintInfoERKNS_8IntPointE+0xaf
C  [libWebPaneJava.dylib+0x622cff]  _ZN7WebCore11RenderBlock11paintObjectERNS_9PaintInfoERKNS_8IntPointE+0x24f
C  [libWebPaneJava.dylib+0x60c85c]  _ZN7WebCore11RenderBlock5paintERNS_9PaintInfoERKNS_8IntPointE+0xec
C  [libWebPaneJava.dylib+0x614b6a]  _ZN7WebCore11RenderBlock13paintChildrenERNS_9PaintInfoERKNS_8IntPointE+0x22a
C  [libWebPaneJava.dylib+0x614ccf]  _ZN7WebCore11RenderBlock13paintContentsERNS_9PaintInfoERKNS_8IntPointE+0xaf
C  [libWebPaneJava.dylib+0x622cff]  _ZN7WebCore11RenderBlock11paintObjectERNS_9PaintInfoERKNS_8IntPointE+0x24f
C  [libWebPaneJava.dylib+0x60c85c]  _ZN7WebCore11RenderBlock5paintERNS_9PaintInfoERKNS_8IntPointE+0xec
C  [libWebPaneJava.dylib+0x614b6a]  _ZN7WebCore11RenderBlock13paintChildrenERNS_9PaintInfoERKNS_8IntPointE+0x22a
C  [libWebPaneJava.dylib+0x614ccf]  _ZN7WebCore11RenderBlock13paintContentsERNS_9PaintInfoERKNS_8IntPointE+0xaf
C  [libWebPaneJava.dylib+0x622cff]  _ZN7WebCore11RenderBlock11paintObjectERNS_9PaintInfoERKNS_8IntPointE+0x24f
C  [libWebPaneJava.dylib+0x60c85c]  _ZN7WebCore11RenderBlock5paintERNS_9PaintInfoERKNS_8IntPointE+0xec
C  [libWebPaneJava.dylib+0x6a7145]  _ZN7WebCore11RenderLayer10paintLayerEPS0_PNS_15GraphicsContextERKNS_7IntRectEjPNS_12RenderObjectEPNS_12RenderRegionEPN3WTF7HashMapIPNS_24OverlapTestRequestClientES4_NSB_7PtrHashISE_EENSB_10HashTraitsISE_EENSH_IS4_EEEEj+0x14c5
C  [libWebPaneJava.dylib+0x6a6377]  _ZN7WebCore11RenderLayer10paintLayerEPS0_PNS_15GraphicsContextERKNS_7IntRectEjPNS_12RenderObjectEPNS_12RenderRegionEPN3WTF7HashMapIPNS_24OverlapTestRequestClientES4_NSB_7PtrHashISE_EENSB_10HashTraitsISE_EENSH_IS4_EEEEj+0x6f7
C  [libWebPaneJava.dylib+0x6a7be7]  _ZN7WebCore11RenderLayer5paintEPNS_15GraphicsContextERKNS_7IntRectEjPNS_12RenderObjectEPNS_12RenderRegionEj+0x57
C  [libWebPaneJava.dylib+0x516679]  _ZN7WebCore9FrameView13paintContentsEPNS_15GraphicsContextERKNS_7IntRectE+0x269
C  [libWebPaneJava.dylib+0x5dd9fd]  _ZN7WebCore10ScrollView5paintEPNS_15GraphicsContextERKNS_7IntRectE+0x34d
C  [libWebPaneJava.dylib+0x5b9957]  Java_com_sun_webpane_platform_WebPage_twkUpdateContent+0x2a7
j  com.sun.webpane.platform.WebPage.twkUpdateContent(JLcom/sun/webpane/platform/graphics/WCRenderQueue;IIII)V+0
j  com.sun.webpane.platform.WebPage.updateDirty(Lcom/sun/webpane/platform/graphics/WCRectangle;)V+182
j  com.sun.webpane.platform.WebPage.updateContent(Lcom/sun/webpane/platform/graphics/WCRectangle;)V+159
j  com.sun.javafx.sg.prism.NGWebView.update()V+68
j  javafx.scene.web.WebView.handleStagePulse()V+89
j  javafx.scene.web.WebView.access$100(Ljavafx/scene/web/WebView;)V+1
j  javafx.scene.web.WebView$2.pulse()V+4
j  com.sun.javafx.tk.Toolkit.firePulse()V+76
j  com.sun.javafx.tk.quantum.QuantumToolkit.pulse()V+44
j  com.sun.javafx.tk.quantum.QuantumToolkit$8.run()V+4
v  ~StubRoutines::call_stub
V  [libjvm.dylib+0x28855f]
V  [libjvm.dylib+0x28832c]
V  [libjvm.dylib+0x2a3e23]
V  [libjvm.dylib+0x297b8b]
C  [libmat.jnilib+0x132f]  -[GlassRunnable run]+0xa8
C  [CoreFoundation+0x9370d]  -[NSObject performSelector:withObject:]+0x3d
C  [Foundation+0x4fd70]  __NSThreadPerformPerform+0xd6
C  [CoreFoundation+0x124f1]  __CFRUNLOOP_IS_CALLING_OUT_TO_A_SOURCE0_PERFORM_FUNCTION__+0x11
C  [CoreFoundation+0x11d5d]  __CFRunLoopDoSources0+0xfd
C  [CoreFoundation+0x38b49]  __CFRunLoopRun+0x389
C  [CoreFoundation+0x38486]  CFRunLoopRunSpecific+0xe6
C  [HIToolbox+0x22bf]  RunCurrentEventLoopInMode+0x115
C  [HIToolbox+0x956d]  ReceiveNextEventCommon+0x163
C  [HIToolbox+0x93fa]  BlockUntilNextEventMatchingListInMode+0x3e
...<more frames>...

Java frames: (J=compiled Java code, j=interpreted, Vv=VM code)
j  com.sun.webpane.platform.WebPage.twkUpdateContent(JLcom/sun/webpane/platform/graphics/WCRenderQueue;IIII)V+0
j  com.sun.webpane.platform.WebPage.updateDirty(Lcom/sun/webpane/platform/graphics/WCRectangle;)V+182
j  com.sun.webpane.platform.WebPage.updateContent(Lcom/sun/webpane/platform/graphics/WCRectangle;)V+159
j  com.sun.javafx.sg.prism.NGWebView.update()V+68
j  javafx.scene.web.WebView.handleStagePulse()V+89
j  javafx.scene.web.WebView.access$100(Ljavafx/scene/web/WebView;)V+1
j  javafx.scene.web.WebView$2.pulse()V+4
j  com.sun.javafx.tk.Toolkit.firePulse()V+76
j  com.sun.javafx.tk.quantum.QuantumToolkit.pulse()V+44
j  com.sun.javafx.tk.quantum.QuantumToolkit$8.run()V+4
v  ~StubRoutines::call_stub

---------------  P R O C E S S  ---------------

Java Threads: ( => current thread )
  0x00007fb0af4cc800 JavaThread "Prism Font Disposer" daemon [_thread_blocked, id=71939, stack(0x000000018144b000,0x000000018154b000)]
  0x00007fb0ad764800 JavaThread "URL-Fetcher-7" daemon [_thread_in_native, id=71683, stack(0x0000000181348000,0x0000000181448000)]
  0x00007fb0ad75d800 JavaThread "URL-Fetcher-6" daemon [_thread_in_native, id=71427, stack(0x0000000181245000,0x0000000181345000)]
  0x00007fb0b437e800 JavaThread "URL-Fetcher-5" daemon [_thread_in_native, id=71171, stack(0x0000000181142000,0x0000000181242000)]
  0x00007fb0b437b800 JavaThread "URL-Fetcher-4" daemon [_thread_blocked, id=70915, stack(0x000000018103f000,0x000000018113f000)]
  0x00007fb0b3837800 JavaThread "URL-Fetcher-3" daemon [_thread_blocked, id=70147, stack(0x0000000178a22000,0x0000000178b22000)]
  0x00007fb0ad2d8800 JavaThread "URL-Fetcher-2" daemon [_thread_blocked, id=69891, stack(0x0000000177e9e000,0x0000000177f9e000)]
  0x00007fb0aad54800 JavaThread "URL-Fetcher-1" daemon [_thread_blocked, id=45323, stack(0x0000000172734000,0x0000000172834000)]
  0x00007fb0ac76c000 JavaThread "Disposer" daemon [_thread_blocked, id=44819, stack(0x000000016e3e1000,0x000000016e4e1000)]
  0x00007fb0af6b9000 JavaThread "Thread-26" daemon [_thread_in_native, id=44039, stack(0x000000016cfd9000,0x000000016d059000)]
  0x00007fb0ad3f2800 JavaThread "Disposer" daemon [_thread_blocked, id=40967, stack(0x000000016d755000,0x000000016d855000)]
  0x00007fb0aac3d000 JavaThread "QuantumRenderer-0" daemon [_thread_blocked, id=40711, stack(0x000000016d557000,0x000000016d657000)]
  0x00007fb0aaa2a000 JavaThread "qtp491357865-62" [_thread_blocked, id=64771, stack(0x0000000173537000,0x0000000173637000)]
  0x00007fb0aa9e1000 JavaThread "qtp491357865-61-acceptor-3-ServerConnector@4f39c9f2{HTTP/1.1}{0.0.0.0:8081}" [_thread_blocked, id=64515, stack(0x0000000173434000,0x0000000173534000)]
  0x00007fb0aa83c000 JavaThread "qtp491357865-60-acceptor-2-ServerConnector@4f39c9f2{HTTP/1.1}{0.0.0.0:8081}" [_thread_in_native, id=64259, stack(0x0000000173331000,0x0000000173431000)]
  0x00007fb0b4375000 JavaThread "qtp491357865-59-acceptor-1-ServerConnector@4f39c9f2{HTTP/1.1}{0.0.0.0:8081}" [_thread_blocked, id=64003, stack(0x000000017312b000,0x000000017322b000)]
  0x00007fb0ae0b3800 JavaThread "qtp491357865-58-acceptor-0-ServerConnector@4f39c9f2{HTTP/1.1}{0.0.0.0:8081}" [_thread_blocked, id=63235, stack(0x000000017322e000,0x000000017332e000)]
  0x00007fb0aac9c000 JavaThread "Timer-1" [_thread_blocked, id=61187, stack(0x0000000173028000,0x0000000173128000)]
  0x00007fb0ae0b7000 JavaThread "Timer-0" [_thread_blocked, id=60675, stack(0x0000000172f25000,0x0000000173025000)]
  0x00007fb0ae027000 JavaThread "qtp491357865-54-selector-7" [_thread_in_native, id=60419, stack(0x0000000172e22000,0x0000000172f22000)]
  0x00007fb0ae876000 JavaThread "qtp491357865-53-selector-6" [_thread_in_native, id=60163, stack(0x0000000172d1f000,0x0000000172e1f000)]
  0x00007fb0aad7d000 JavaThread "qtp491357865-52-selector-5" [_thread_in_native, id=59907, stack(0x0000000172c1c000,0x0000000172d1c000)]
  0x00007fb0ab073000 JavaThread "qtp491357865-51-selector-4" [_thread_in_native, id=59651, stack(0x0000000172b19000,0x0000000172c19000)]
  0x00007fb0ab035000 JavaThread "qtp491357865-50-selector-1" [_thread_in_native, id=59395, stack(0x0000000172868000,0x0000000172968000)]
  0x00007fb0aaddc800 JavaThread "qtp491357865-49-selector-3" [_thread_in_native, id=59139, stack(0x0000000172631000,0x0000000172731000)]
  0x00007fb0aac40000 JavaThread "qtp491357865-48-selector-2" [_thread_in_native, id=58883, stack(0x000000017252e000,0x000000017262e000)]
  0x00007fb0aac76800 JavaThread "qtp491357865-47-selector-0" [_thread_in_native, id=58627, stack(0x000000017242b000,0x000000017252b000)]
  0x00007fb0ac6db800 JavaThread "DateCache" daemon [_thread_blocked, id=57859, stack(0x0000000172328000,0x0000000172428000)]
  0x00007fb0b4062800 JavaThread "Thread-7" [_thread_blocked, id=56323, stack(0x000000016ef8d000,0x000000016f08d000)]
  0x00007fb0ac6b7000 JavaThread "Sleep thread" [_thread_blocked, id=56067, stack(0x0000000171c79000,0x0000000171d79000)]
  0x00007fb0ac290000 JavaThread "Discovery thread" [_thread_blocked, id=22535, stack(0x000000016fa4f000,0x000000016fb4f000)]
  0x00007fb0ab06f000 JavaThread "DestroyJavaVM" [_thread_blocked, id=7171, stack(0x0000000107170000,0x0000000107270000)]
  0x00007fb0af0ce800 JavaThread "Flushing caches" [_thread_blocked, id=55811, stack(0x000000016f2b2000,0x000000016f3b2000)]
  0x00007fb0aaae6800 JavaThread "TimerQueue" daemon [_thread_blocked, id=55555, stack(0x0000000171ed0000,0x0000000171fd0000)]
  0x00007fb0b3ada800 JavaThread "KeyTipManager processing thread" daemon [_thread_blocked, id=55299, stack(0x0000000171dcd000,0x0000000171ecd000)]
  0x00007fb0ad346800 JavaThread "Thread-4" daemon [_thread_blocked, id=15623, stack(0x0000000171b76000,0x0000000171c76000)]
  0x00007fb0aacd0800 JavaThread "Image Fetcher 0" daemon [_thread_blocked, id=54531, stack(0x0000000172032000,0x0000000172132000)]
  0x00007fb0ac6f0000 JavaThread "Worker-JM" [_thread_blocked, id=54275, stack(0x000000016ecd0000,0x000000016edd0000)]
  0x00007fb0ae8c8800 JavaThread "File Watcher" daemon [_thread_blocked, id=52995, stack(0x000000016f74b000,0x000000016f84b000)]
  0x00007fb0ae03e800 JavaThread "Thread-3" daemon [_thread_in_native, id=50947, stack(0x000000016f648000,0x000000016f748000)]
  0x00007fb0ab02a800 JavaThread "Inactive RequestProcessor thread [Was:On Start/Stop/org.netbeans.core.execution.Install]" daemon [_thread_blocked, id=50435, stack(0x000000016f545000,0x000000016f645000)]
  0x00007fb0ab02d800 JavaThread "Inactive RequestProcessor thread [Was:ConnectAction is enabled/org.netbeans.modules.debugger.ui.actions.ConnectAction$1]" daemon [_thread_blocked, id=50179, stack(0x000000016f442000,0x000000016f542000)]
  0x00007fb0aaade800 JavaThread "OutlineView" daemon [_thread_blocked, id=49923, stack(0x000000016f152000,0x000000016f252000)]
  0x00007fb0ad389800 JavaThread "Bundle File Closer" daemon [_thread_blocked, id=49667, stack(0x000000016ee8a000,0x000000016ef8a000)]
  0x00007fb0aab23000 JavaThread "Framework Event Dispatcher" daemon [_thread_blocked, id=49411, stack(0x000000016ebcd000,0x000000016eccd000)]
  0x00007fb0af564800 JavaThread "State Saver" [_thread_blocked, id=49155, stack(0x000000016eaca000,0x000000016ebca000)]
  0x00007fb0af4a8800 JavaThread "Framework Active Thread" [_thread_blocked, id=48903, stack(0x000000016e9c7000,0x000000016eac7000)]
  0x00007fb0ac819800 JavaThread "Inactive RequestProcessor thread [Was:Folder recognizer/org.openide.loaders.FolderList$ListTask]" daemon [_thread_blocked, id=48643, stack(0x000000016dc75000,0x000000016dd75000)]
  0x00007fb0af117000 JavaThread "org.netbeans.modules.debugger.jpda.visual AWT Access Loop" daemon [_thread_blocked, id=40195, stack(0x000000016cbf7000,0x000000016ccf7000)]
  0x00007fb0ac0ca000 JavaThread "AWT-EventQueue-0" [_thread_in_native, id=39939, stack(0x000000016c90f000,0x000000016ca0f000)]
  0x00007fb0ad125800 JavaThread "Java2D Disposer" daemon [_thread_blocked, id=39683, stack(0x000000016c7c0000,0x000000016c8c0000)]
  0x00007fb0ac09c000 JavaThread "Java2D Queue Flusher" daemon [_thread_blocked, id=36367, stack(0x000000016bb05000,0x000000016bc05000)]
  0x00007fb0aa936800 JavaThread "AWT-Shutdown" [_thread_blocked, id=23047, stack(0x00000001680fe000,0x00000001681fe000)]
=>0x00007fb0aa9b0000 JavaThread "JavaFX Application Thread" daemon [_thread_in_vm, id=1799, stack(0x00007fff65899000,0x00007fff66099000)]
  0x00007fb0aa8c7800 JavaThread "RequestProcessor queue manager" daemon [_thread_blocked, id=22787, stack(0x0000000167dab000,0x0000000167eab000)]
  0x00007fb0ad0fa800 JavaThread "Inactive RequestProcessor thread [Was:Logging Flush/org.netbeans.core.startup.logging.DispatchingHandler]" daemon [_thread_blocked, id=21763, stack(0x0000000167a97000,0x0000000167b97000)]
  0x00007fb0ad07f800 JavaThread "CLI Requests Server" daemon [_thread_in_native, id=21251, stack(0x0000000167994000,0x0000000167a94000)]
  0x00007fb0ad089800 JavaThread "Active Reference Queue Daemon" daemon [_thread_blocked, id=20995, stack(0x0000000167891000,0x0000000167991000)]
  0x00007fb0ad008800 JavaThread "Service Thread" daemon [_thread_blocked, id=20483, stack(0x0000000167427000,0x0000000167527000)]
  0x00007fb0ad007800 JavaThread "C2 CompilerThread1" daemon [_thread_blocked, id=20227, stack(0x0000000167324000,0x0000000167424000)]
  0x00007fb0ad007000 JavaThread "C2 CompilerThread0" daemon [_thread_blocked, id=19971, stack(0x0000000167221000,0x0000000167321000)]
  0x00007fb0af000000 JavaThread "JDWP Command Reader" daemon [_thread_in_native, id=19715, stack(0x000000016711e000,0x000000016721e000)]
  0x00007fb0ac065800 JavaThread "JDWP Event Helper Thread" daemon [_thread_blocked, id=19459, stack(0x000000016701b000,0x000000016711b000)]
  0x00007fb0ac05e800 JavaThread "JDWP Transport Listener: dt_socket" daemon [_thread_blocked, id=19203, stack(0x0000000166f18000,0x0000000167018000)]
  0x00007fb0aa850800 JavaThread "Signal Dispatcher" daemon [_thread_blocked, id=18947, stack(0x0000000166e0f000,0x0000000166f0f000)]
  0x00007fb0ac04e800 JavaThread "Finalizer" daemon [_thread_blocked, id=15107, stack(0x0000000166b05000,0x0000000166c05000)]
  0x00007fb0ac04d800 JavaThread "Reference Handler" daemon [_thread_blocked, id=14851, stack(0x0000000166a02000,0x0000000166b02000)]

Other Threads:
  0x00007fb0ac04b000 VMThread [stack: 0x00000001668ff000,0x00000001669ff000] [id=14595]
  0x00007fb0ad001800 WatcherThread [stack: 0x000000016752a000,0x000000016762a000] [id=20739]

VM state:not at safepoint (normal execution)

VM Mutex/Monitor currently owned by a thread: None

Heap
 PSYoungGen      total 278272K, used 56190K [0x0000000145730000, 0x00000001607d0000, 0x00000001607d0000)
  eden space 259584K, 15% used [0x0000000145730000,0x0000000147edb5b8,0x00000001554b0000)
  from space 18688K, 83% used [0x00000001554b0000,0x00000001563e4288,0x00000001566f0000)
  to   space 20160K, 0% used [0x000000015f420000,0x000000015f420000,0x00000001607d0000)
 ParOldGen       total 55360K, used 41411K [0x000000010f5d0000, 0x0000000112be0000, 0x0000000145730000)
  object space 55360K, 74% used [0x000000010f5d0000,0x0000000111e40dc8,0x0000000112be0000)
 PSPermGen       total 55232K, used 55113K [0x000000010a3d0000, 0x000000010d9c0000, 0x000000010f5d0000)
  object space 55232K, 99% used [0x000000010a3d0000,0x000000010d9a2428,0x000000010d9c0000)

Card table byte_map: [0x00000001607d0000,0x0000000160a83000] byte_map_base: 0x000000015ff7e180

Polling page: 0x00000001064fb000

Code Cache  [0x00000001072fe000, 0x00000001076ae000, 0x000000010a2fe000)
 total_blobs=1659 nmethods=880 adapters=738 free_code_cache=45778Kb largest_free_block=46475008

Compilation events (10 events):
Event: 8.915 Thread 0x00007fb0ad007800 1036             com.sun.prism.j2d.J2DRTTexture::readPixels (143 bytes)
Event: 8.918 Thread 0x00007fb0ad007000 1037             javax.swing.MultiUIDefaults::get (67 bytes)
Event: 8.921 Thread 0x00007fb0ad007800 nmethod 1036 0x000000010750d310 code [0x000000010750d4a0, 0x000000010750d9a8]
Event: 8.923 Thread 0x00007fb0ad007800 1038             javax.swing.UIDefaults::get (21 bytes)
Event: 8.926 Thread 0x00007fb0ad007800 nmethod 1038 0x00000001076080d0 code [0x0000000107608260, 0x0000000107608938]
Event: 8.927 Thread 0x00007fb0ad007000 nmethod 1037 0x000000010746ab50 code [0x000000010746ad40, 0x000000010746bc70]
Event: 8.932 Thread 0x00007fb0ad007800 1039             java.util.TimSort::binarySort (223 bytes)
Event: 8.939 Thread 0x00007fb0ad007800 nmethod 1039 0x00000001075dd610 code [0x00000001075dd7a0, 0x00000001075ddff8]
Event: 8.961 Thread 0x00007fb0ad007000 1040             sun.awt.image.ByteInterleavedRaster::getDataElements (132 bytes)
Event: 8.966 Thread 0x00007fb0ad007000 nmethod 1040 0x00000001075dcd50 code [0x00000001075dcec0, 0x00000001075dd398]

GC Heap History (10 events):
Event: 3.350 GC heap before
{Heap before GC invocations=7 (full 0):
 PSYoungGen      total 90368K, used 88213K [0x0000000145730000, 0x000000014b790000, 0x00000001607d0000)
  eden space 82944K, 100% used [0x0000000145730000,0x000000014a830000,0x000000014a830000)
  from space 7424K, 70% used [0x000000014b050000,0x000000014b575488,0x000000014b790000)
  to   space 7872K, 0% used [0x000000014a830000,0x000000014a830000,0x000000014afe0000)
 ParOldGen       total 55360K, used 9754K [0x000000010f5d0000, 0x0000000112be0000, 0x0000000145730000)
  object space 55360K, 17% used [0x000000010f5d0000,0x000000010ff56a78,0x0000000112be0000)
 PSPermGen       total 21248K, used 18276K [0x000000010a3d0000, 0x000000010b890000, 0x000000010f5d0000)
  object space 21248K, 86% used [0x000000010a3d0000,0x000000010b5a9390,0x000000010b890000)
Event: 3.361 GC heap after
Heap after GC invocations=7 (full 0):
 PSYoungGen      total 90816K, used 7840K [0x0000000145730000, 0x0000000150e50000, 0x00000001607d0000)
  eden space 82944K, 0% used [0x0000000145730000,0x0000000145730000,0x000000014a830000)
  from space 7872K, 99% used [0x000000014a830000,0x000000014afd8358,0x000000014afe0000)
  to   space 10816K, 0% used [0x00000001503c0000,0x00000001503c0000,0x0000000150e50000)
 ParOldGen       total 55360K, used 13832K [0x000000010f5d0000, 0x0000000112be0000, 0x0000000145730000)
  object space 55360K, 24% used [0x000000010f5d0000,0x00000001103520b0,0x0000000112be0000)
 PSPermGen       total 21248K, used 18276K [0x000000010a3d0000, 0x000000010b890000, 0x000000010f5d0000)
  object space 21248K, 86% used [0x000000010a3d0000,0x000000010b5a9390,0x000000010b890000)
}
Event: 4.112 GC heap before
{Heap before GC invocations=8 (full 0):
 PSYoungGen      total 90816K, used 90784K [0x0000000145730000, 0x0000000150e50000, 0x00000001607d0000)
  eden space 82944K, 100% used [0x0000000145730000,0x000000014a830000,0x000000014a830000)
  from space 7872K, 99% used [0x000000014a830000,0x000000014afd8358,0x000000014afe0000)
  to   space 10816K, 0% used [0x00000001503c0000,0x00000001503c0000,0x0000000150e50000)
 ParOldGen       total 55360K, used 13832K [0x000000010f5d0000, 0x0000000112be0000, 0x0000000145730000)
  object space 55360K, 24% used [0x000000010f5d0000,0x00000001103520b0,0x0000000112be0000)
 PSPermGen       total 21248K, used 18536K [0x000000010a3d0000, 0x000000010b890000, 0x000000010f5d0000)
  object space 21248K, 87% used [0x000000010a3d0000,0x000000010b5ea0e0,0x000000010b890000)
Event: 4.125 GC heap after
Heap after GC invocations=8 (full 0):
 PSYoungGen      total 173696K, used 10807K [0x0000000145730000, 0x0000000151430000, 0x00000001607d0000)
  eden space 162880K, 0% used [0x0000000145730000,0x0000000145730000,0x000000014f640000)
  from space 10816K, 99% used [0x00000001503c0000,0x0000000150e4dc48,0x0000000150e50000)
  to   space 13824K, 0% used [0x000000014f640000,0x000000014f640000,0x00000001503c0000)
 ParOldGen       total 55360K, used 17428K [0x000000010f5d0000, 0x0000000112be0000, 0x0000000145730000)
  object space 55360K, 31% used [0x000000010f5d0000,0x00000001106d52e8,0x0000000112be0000)
 PSPermGen       total 21248K, used 18536K [0x000000010a3d0000, 0x000000010b890000, 0x000000010f5d0000)
  object space 21248K, 87% used [0x000000010a3d0000,0x000000010b5ea0e0,0x000000010b890000)
}
Event: 5.573 GC heap before
{Heap before GC invocations=9 (full 0):
 PSYoungGen      total 173696K, used 173687K [0x0000000145730000, 0x0000000151430000, 0x00000001607d0000)
  eden space 162880K, 100% used [0x0000000145730000,0x000000014f640000,0x000000014f640000)
  from space 10816K, 99% used [0x00000001503c0000,0x0000000150e4dc48,0x0000000150e50000)
  to   space 13824K, 0% used [0x000000014f640000,0x000000014f640000,0x00000001503c0000)
 ParOldGen       total 55360K, used 17428K [0x000000010f5d0000, 0x0000000112be0000, 0x0000000145730000)
  object space 55360K, 31% used [0x000000010f5d0000,0x00000001106d52e8,0x0000000112be0000)
 PSPermGen       total 29888K, used 29722K [0x000000010a3d0000, 0x000000010c100000, 0x000000010f5d0000)
  object space 29888K, 99% used [0x000000010a3d0000,0x000000010c0d6b68,0x000000010c100000)
Event: 5.593 GC heap after
Heap after GC invocations=9 (full 0):
 PSYoungGen      total 176704K, used 13814K [0x0000000145730000, 0x0000000157830000, 0x00000001607d0000)
  eden space 162880K, 0% used [0x0000000145730000,0x0000000145730000,0x000000014f640000)
  from space 13824K, 99% used [0x000000014f640000,0x00000001503bd910,0x00000001503c0000)
  to   space 17664K, 0% used [0x00000001566f0000,0x00000001566f0000,0x0000000157830000)
 ParOldGen       total 55360K, used 22041K [0x000000010f5d0000, 0x0000000112be0000, 0x0000000145730000)
  object space 55360K, 39% used [0x000000010f5d0000,0x0000000110b56698,0x0000000112be0000)
 PSPermGen       total 29888K, used 29722K [0x000000010a3d0000, 0x000000010c100000, 0x000000010f5d0000)
  object space 29888K, 99% used [0x000000010a3d0000,0x000000010c0d6b68,0x000000010c100000)
}
Event: 6.362 GC heap before
{Heap before GC invocations=10 (full 0):
 PSYoungGen      total 176704K, used 176694K [0x0000000145730000, 0x0000000157830000, 0x00000001607d0000)
  eden space 162880K, 100% used [0x0000000145730000,0x000000014f640000,0x000000014f640000)
  from space 13824K, 99% used [0x000000014f640000,0x00000001503bd910,0x00000001503c0000)
  to   space 17664K, 0% used [0x00000001566f0000,0x00000001566f0000,0x0000000157830000)
 ParOldGen       total 55360K, used 22041K [0x000000010f5d0000, 0x0000000112be0000, 0x0000000145730000)
  object space 55360K, 39% used [0x000000010f5d0000,0x0000000110b56698,0x0000000112be0000)
 PSPermGen       total 32384K, used 32351K [0x000000010a3d0000, 0x000000010c370000, 0x000000010f5d0000)
  object space 32384K, 99% used [0x000000010a3d0000,0x000000010c367fc8,0x000000010c370000)
Event: 6.385 GC heap after
Heap after GC invocations=10 (full 0):
 PSYoungGen      total 277248K, used 13852K [0x0000000145730000, 0x0000000157a30000, 0x00000001607d0000)
  eden space 259584K, 0% used [0x0000000145730000,0x0000000145730000,0x00000001554b0000)
  from space 17664K, 78% used [0x00000001566f0000,0x0000000157477170,0x0000000157830000)
  to   space 18688K, 0% used [0x00000001554b0000,0x00000001554b0000,0x00000001566f0000)
 ParOldGen       total 55360K, used 29237K [0x000000010f5d0000, 0x0000000112be0000, 0x0000000145730000)
  object space 55360K, 52% used [0x000000010f5d0000,0x000000011125d558,0x0000000112be0000)
 PSPermGen       total 32384K, used 32351K [0x000000010a3d0000, 0x000000010c370000, 0x000000010f5d0000)
  object space 32384K, 99% used [0x000000010a3d0000,0x000000010c367fc8,0x000000010c370000)
}
Event: 8.292 GC heap before
{Heap before GC invocations=11 (full 0):
 PSYoungGen      total 277248K, used 273436K [0x0000000145730000, 0x0000000157a30000, 0x00000001607d0000)
  eden space 259584K, 100% used [0x0000000145730000,0x00000001554b0000,0x00000001554b0000)
  from space 17664K, 78% used [0x00000001566f0000,0x0000000157477170,0x0000000157830000)
  to   space 18688K, 0% used [0x00000001554b0000,0x00000001554b0000,0x00000001566f0000)
 ParOldGen       total 55360K, used 29237K [0x000000010f5d0000, 0x0000000112be0000, 0x0000000145730000)
  object space 55360K, 52% used [0x000000010f5d0000,0x000000011125d558,0x0000000112be0000)
 PSPermGen       total 53312K, used 53173K [0x000000010a3d0000, 0x000000010d7e0000, 0x000000010f5d0000)
  object space 53312K, 99% used [0x000000010a3d0000,0x000000010d7bd538,0x000000010d7e0000)
Event: 8.318 GC heap after
Heap after GC invocations=11 (full 0):
 PSYoungGen      total 278272K, used 15568K [0x0000000145730000, 0x00000001607d0000, 0x00000001607d0000)
  eden space 259584K, 0% used [0x0000000145730000,0x0000000145730000,0x00000001554b0000)
  from space 18688K, 83% used [0x00000001554b0000,0x00000001563e4288,0x00000001566f0000)
  to   space 20160K, 0% used [0x000000015f420000,0x000000015f420000,0x00000001607d0000)
 ParOldGen       total 55360K, used 41411K [0x000000010f5d0000, 0x0000000112be0000, 0x0000000145730000)
  object space 55360K, 74% used [0x000000010f5d0000,0x0000000111e40dc8,0x0000000112be0000)
 PSPermGen       total 53312K, used 53173K [0x000000010a3d0000, 0x000000010d7e0000, 0x000000010f5d0000)
  object space 53312K, 99% used [0x000000010a3d0000,0x000000010d7bd538,0x000000010d7e0000)
}

Deoptimization events (10 events):
Event: 8.470 Thread 0x00007fb0ad0fa800 Uncommon trap -34 fr.pc 0x00000001073902c0
Event: 8.513 Thread 0x00007fb0ac0ca000 Uncommon trap 51 fr.pc 0x00000001073974d8
Event: 8.516 Thread 0x00007fb0ac0ca000 Uncommon trap -42 fr.pc 0x00000001073f07dc
Event: 8.516 Thread 0x00007fb0ac0ca000 Uncommon trap -42 fr.pc 0x00000001073f07dc
Event: 8.653 Thread 0x00007fb0ac0ca000 Uncommon trap -34 fr.pc 0x00000001073c9720
Event: 8.653 Thread 0x00007fb0ac0ca000 Uncommon trap -34 fr.pc 0x00000001073c9720
Event: 8.653 Thread 0x00007fb0ac0ca000 Uncommon trap -34 fr.pc 0x00000001073c9720
Event: 8.692 Thread 0x00007fb0ac0ca000 Uncommon trap -42 fr.pc 0x00000001075894a4
Event: 8.712 Thread 0x00007fb0aac3d000 Uncommon trap -83 fr.pc 0x000000010753a190
Event: 8.932 Thread 0x00007fb0ac0ca000 Uncommon trap -42 fr.pc 0x00000001075894a4

Internal exceptions (10 events):
Event: 8.696 Thread 0x00007fb0aac3d000 Threw 0x0000000145e13730 at /HUDSON/workspace/jdk7u10-2-build-macosx-amd64-product/jdk7u10/hotspot/src/share/vm/prims/jvm.cpp:1166
Event: 8.901 Thread 0x00007fb0aa9b0000 Threw 0x00000001459c2f88 at /HUDSON/workspace/jdk7u10-2-build-macosx-amd64-product/jdk7u10/hotspot/src/share/vm/prims/jvm.cpp:1166
Event: 8.901 Thread 0x00007fb0aa9b0000 Threw 0x00000001459c5410 at /HUDSON/workspace/jdk7u10-2-build-macosx-amd64-product/jdk7u10/hotspot/src/share/vm/prims/jvm.cpp:1166
Event: 8.902 Thread 0x00007fb0aa9b0000 Threw 0x00000001459d0040 at /HUDSON/workspace/jdk7u10-2-build-macosx-amd64-product/jdk7u10/hotspot/src/share/vm/prims/jvm.cpp:1166
Event: 8.902 Thread 0x00007fb0aa9b0000 Threw 0x00000001459d1fd8 at /HUDSON/workspace/jdk7u10-2-build-macosx-amd64-product/jdk7u10/hotspot/src/share/vm/prims/jvm.cpp:1166
Event: 8.902 Thread 0x00007fb0aa9b0000 Threw 0x00000001459d81f0 at /HUDSON/workspace/jdk7u10-2-build-macosx-amd64-product/jdk7u10/hotspot/src/share/vm/prims/jvm.cpp:1166
Event: 8.902 Thread 0x00007fb0aa9b0000 Threw 0x00000001459da240 at /HUDSON/workspace/jdk7u10-2-build-macosx-amd64-product/jdk7u10/hotspot/src/share/vm/prims/jvm.cpp:1166
Event: 8.977 Thread 0x00007fb0aa9b0000 Threw 0x0000000145a40998 at /HUDSON/workspace/jdk7u10-2-build-macosx-amd64-product/jdk7u10/hotspot/src/share/vm/prims/jvm.cpp:1166
Event: 8.977 Thread 0x00007fb0aa9b0000 Threw 0x0000000145a427c0 at /HUDSON/workspace/jdk7u10-2-build-macosx-amd64-product/jdk7u10/hotspot/src/share/vm/prims/jvm.cpp:1166
Event: 8.979 Thread 0x00007fb0aa9b0000 Threw 0x0000000145a4d838 at /HUDSON/workspace/jdk7u10-2-build-macosx-amd64-product/jdk7u10/hotspot/src/share/vm/prims/jni.cpp:1597

Events (10 events):
Event: 8.932 Thread 0x00007fb0ac0ca000 DEOPT UNPACKING pc=0x0000000107337145 sp=0x000000016ca0c148 mode 2
Event: 8.956 loading class 0x00007fb0aa51aa50
Event: 8.956 loading class 0x00007fb0aa51aa50 done
Event: 8.968 Thread 0x00007fb0af4cc800 Thread added: 0x00007fb0af4cc800
Event: 8.971 Executing VM operation: RevokeBias
Event: 8.971 Executing VM operation: RevokeBias done
Event: 8.977 loading class 0x00007fb0b35db970
Event: 8.977 loading class 0x00007fb0b35db970 done
Event: 8.977 Thread 0x00007fb0aa9b0000 DEOPT PACKING pc=0x000000010747a464 sp=0x00007fff66090540
Event: 8.977 Thread 0x00007fb0aa9b0000 DEOPT UNPACKING pc=0x0000000107336f0f sp=0x00007fff66090280 mode 1


Dynamic libraries:
0x0000000004947000 	/System/Library/Frameworks/Cocoa.framework/Versions/A/Cocoa
0x0000000004947000 	/System/Library/Frameworks/Security.framework/Versions/A/Security
0x0000000004947000 	/System/Library/Frameworks/ApplicationServices.framework/Versions/A/ApplicationServices
0x0000000004947000 	/usr/lib/libz.1.dylib
0x0000000004947000 	/usr/lib/libSystem.B.dylib
0x0000000004947000 	/usr/lib/libobjc.A.dylib
0x0000000004947000 	/System/Library/Frameworks/CoreFoundation.framework/Versions/A/CoreFoundation
0x0000000004947000 	/System/Library/Frameworks/AppKit.framework/Versions/C/AppKit
0x0000000004947000 	/System/Library/Frameworks/CoreData.framework/Versions/A/CoreData
0x0000000004947000 	/System/Library/Frameworks/Foundation.framework/Versions/C/Foundation
0x0000000004947000 	/System/Library/PrivateFrameworks/RemoteViewServices.framework/Versions/A/RemoteViewServices
0x0000000004947000 	/System/Library/Frameworks/AudioToolbox.framework/Versions/A/AudioToolbox
0x0000000004947000 	/System/Library/Frameworks/AudioUnit.framework/Versions/A/AudioUnit
0x0000000004947000 	/System/Library/PrivateFrameworks/DataDetectorsCore.framework/Versions/A/DataDetectorsCore
0x0000000004947000 	/System/Library/PrivateFrameworks/DesktopServicesPriv.framework/Versions/A/DesktopServicesPriv
0x0000000004947000 	/System/Library/Frameworks/Carbon.framework/Versions/A/Frameworks/HIToolbox.framework/Versions/A/HIToolbox
0x0000000004947000 	/System/Library/Frameworks/QuartzCore.framework/Versions/A/QuartzCore
0x0000000004947000 	/System/Library/Frameworks/Carbon.framework/Versions/A/Frameworks/SpeechRecognition.framework/Versions/A/SpeechRecognition
0x0000000004947000 	/usr/lib/libauto.dylib
0x0000000004947000 	/usr/lib/libicucore.A.dylib
0x0000000004947000 	/usr/lib/libxml2.2.dylib
0x0000000004947000 	/System/Library/PrivateFrameworks/CoreUI.framework/Versions/A/CoreUI
0x0000000004947000 	/System/Library/Frameworks/CoreAudio.framework/Versions/A/CoreAudio
0x0000000004947000 	/System/Library/Frameworks/DiskArbitration.framework/Versions/A/DiskArbitration
0x0000000004947000 	/usr/lib/liblangid.dylib
0x0000000004947000 	/System/Library/PrivateFrameworks/MultitouchSupport.framework/Versions/A/MultitouchSupport
0x0000000004947000 	/System/Library/Frameworks/IOKit.framework/Versions/A/IOKit
0x0000000004947000 	/usr/lib/libDiagnosticMessagesClient.dylib
0x0000000004947000 	/System/Library/Frameworks/CoreServices.framework/Versions/A/CoreServices
0x0000000004947000 	/System/Library/PrivateFrameworks/PerformanceAnalysis.framework/Versions/A/PerformanceAnalysis
0x0000000004947000 	/System/Library/PrivateFrameworks/GenerationalStorage.framework/Versions/A/GenerationalStorage
0x0000000004947000 	/System/Library/Frameworks/OpenGL.framework/Versions/A/OpenGL
0x0000000004947000 	/System/Library/Frameworks/CoreServices.framework/Versions/A/Frameworks/CFNetwork.framework/Versions/A/CFNetwork
0x0000000004947000 	/System/Library/Frameworks/SystemConfiguration.framework/Versions/A/SystemConfiguration
0x0000000004947000 	/usr/lib/libCRFSuite.dylib
0x0000000004947000 	/usr/lib/libc++.1.dylib
0x0000000004947000 	/usr/lib/libstdc++.6.dylib
0x0000000004947000 	/usr/lib/libc++abi.dylib
0x0000000004947000 	/usr/lib/system/libcache.dylib
0x0000000004947000 	/usr/lib/system/libcommonCrypto.dylib
0x0000000004947000 	/usr/lib/system/libcompiler_rt.dylib
0x0000000004947000 	/usr/lib/system/libcopyfile.dylib
0x0000000004947000 	/usr/lib/system/libdispatch.dylib
0x0000000004947000 	/usr/lib/system/libdnsinfo.dylib
0x0000000004947000 	/usr/lib/system/libdyld.dylib
0x0000000004947000 	/usr/lib/system/libkeymgr.dylib
0x0000000004947000 	/usr/lib/system/liblaunch.dylib
0x0000000004947000 	/usr/lib/system/libmacho.dylib
0x0000000004947000 	/usr/lib/system/libmathCommon.A.dylib
0x0000000004947000 	/usr/lib/system/libquarantine.dylib
0x0000000004947000 	/usr/lib/system/libremovefile.dylib
0x0000000004947000 	/usr/lib/system/libsystem_blocks.dylib
0x0000000004947000 	/usr/lib/system/libsystem_c.dylib
0x0000000004947000 	/usr/lib/system/libsystem_dnssd.dylib
0x0000000004947000 	/usr/lib/system/libsystem_info.dylib
0x0000000004947000 	/usr/lib/system/libsystem_kernel.dylib
0x0000000004947000 	/usr/lib/system/libsystem_network.dylib
0x0000000004947000 	/usr/lib/system/libsystem_notify.dylib
0x0000000004947000 	/usr/lib/system/libsystem_sandbox.dylib
0x0000000004947000 	/usr/lib/system/libunc.dylib
0x0000000004947000 	/usr/lib/system/libunwind.dylib
0x0000000004947000 	/usr/lib/system/libxpc.dylib
0x0000000004947000 	/usr/lib/libbsm.0.dylib
0x0000000004947000 	/usr/lib/libsqlite3.dylib
0x0000000004947000 	/usr/lib/libOpenScriptingUtil.dylib
0x0000000004947000 	/usr/lib/libpam.2.dylib
0x0000000004947000 	/usr/lib/libxar-nossl.dylib
0x0000000004947000 	/usr/lib/libbz2.1.0.dylib
0x0000000004947000 	/System/Library/Frameworks/CoreServices.framework/Versions/A/Frameworks/CarbonCore.framework/Versions/A/CarbonCore
0x0000000004947000 	/System/Library/Frameworks/CoreServices.framework/Versions/A/Frameworks/Metadata.framework/Versions/A/Metadata
0x0000000004947000 	/System/Library/Frameworks/CoreServices.framework/Versions/A/Frameworks/OSServices.framework/Versions/A/OSServices
0x0000000004947000 	/System/Library/Frameworks/CoreServices.framework/Versions/A/Frameworks/SearchKit.framework/Versions/A/SearchKit
0x0000000004947000 	/System/Library/Frameworks/CoreServices.framework/Versions/A/Frameworks/AE.framework/Versions/A/AE
0x0000000004947000 	/System/Library/Frameworks/CoreServices.framework/Versions/A/Frameworks/LaunchServices.framework/Versions/A/LaunchServices
0x0000000004947000 	/System/Library/Frameworks/CoreServices.framework/Versions/A/Frameworks/DictionaryServices.framework/Versions/A/DictionaryServices
0x0000000004947000 	/System/Library/Frameworks/NetFS.framework/Versions/A/NetFS
0x0000000004947000 	/usr/lib/system/libkxld.dylib
0x0000000004947000 	/System/Library/PrivateFrameworks/NetAuth.framework/Versions/A/NetAuth
0x0000000004947000 	/usr/lib/libcrypto.0.9.8.dylib
0x0000000004947000 	/System/Library/PrivateFrameworks/TrustEvaluationAgent.framework/Versions/A/TrustEvaluationAgent
0x0000000004947000 	/System/Library/Frameworks/OpenDirectory.framework/Versions/A/Frameworks/CFOpenDirectory.framework/Versions/A/CFOpenDirectory
0x0000000004947000 	/usr/lib/libxslt.1.dylib
0x0000000004947000 	/System/Library/PrivateFrameworks/FamilyControls.framework/Versions/A/FamilyControls
0x0000000004947000 	/System/Library/Frameworks/Carbon.framework/Versions/A/Frameworks/Ink.framework/Versions/A/Ink
0x0000000004947000 	/System/Library/Frameworks/ApplicationServices.framework/Versions/A/Frameworks/CoreGraphics.framework/Versions/A/CoreGraphics
0x0000000004947000 	/System/Library/Frameworks/ApplicationServices.framework/Versions/A/Frameworks/ImageIO.framework/Versions/A/ImageIO
0x0000000004947000 	/System/Library/Frameworks/ApplicationServices.framework/Versions/A/Frameworks/CoreText.framework/Versions/A/CoreText
0x0000000004947000 	/System/Library/Frameworks/ApplicationServices.framework/Versions/A/Frameworks/ATS.framework/Versions/A/ATS
0x0000000004947000 	/System/Library/Frameworks/ApplicationServices.framework/Versions/A/Frameworks/ColorSync.framework/Versions/A/ColorSync
0x0000000004947000 	/System/Library/Frameworks/ApplicationServices.framework/Versions/A/Frameworks/HIServices.framework/Versions/A/HIServices
0x0000000004947000 	/System/Library/Frameworks/ApplicationServices.framework/Versions/A/Frameworks/LangAnalysis.framework/Versions/A/LangAnalysis
0x0000000004947000 	/System/Library/Frameworks/ApplicationServices.framework/Versions/A/Frameworks/PrintCore.framework/Versions/A/PrintCore
0x0000000004947000 	/System/Library/Frameworks/ApplicationServices.framework/Versions/A/Frameworks/QD.framework/Versions/A/QD
0x0000000004947000 	/System/Library/Frameworks/ApplicationServices.framework/Versions/A/Frameworks/SpeechSynthesis.framework/Versions/A/SpeechSynthesis
0x0000000004947000 	/System/Library/Frameworks/IOSurface.framework/Versions/A/IOSurface
0x0000000004947000 	/System/Library/Frameworks/Accelerate.framework/Versions/A/Accelerate
0x0000000004947000 	/System/Library/Frameworks/ApplicationServices.framework/Versions/A/Frameworks/ImageIO.framework/Versions/A/Resources/libJPEG.dylib
0x0000000004947000 	/System/Library/Frameworks/ApplicationServices.framework/Versions/A/Frameworks/ImageIO.framework/Versions/A/Resources/libTIFF.dylib
0x0000000004947000 	/System/Library/Frameworks/ApplicationServices.framework/Versions/A/Frameworks/ImageIO.framework/Versions/A/Resources/libPng.dylib
0x0000000004947000 	/System/Library/Frameworks/ApplicationServices.framework/Versions/A/Frameworks/ImageIO.framework/Versions/A/Resources/libGIF.dylib
0x0000000004947000 	/System/Library/Frameworks/ApplicationServices.framework/Versions/A/Frameworks/ImageIO.framework/Versions/A/Resources/libJP2.dylib
0x0000000004947000 	/System/Library/Frameworks/ApplicationServices.framework/Versions/A/Frameworks/ImageIO.framework/Versions/A/Resources/libRadiance.dylib
0x0000000004947000 	/System/Library/Frameworks/Accelerate.framework/Versions/A/Frameworks/vImage.framework/Versions/A/vImage
0x0000000004947000 	/System/Library/Frameworks/Accelerate.framework/Versions/A/Frameworks/vecLib.framework/Versions/A/vecLib
0x0000000004947000 	/System/Library/Frameworks/Accelerate.framework/Versions/A/Frameworks/vecLib.framework/Versions/A/libvDSP.dylib
0x0000000004947000 	/System/Library/Frameworks/Accelerate.framework/Versions/A/Frameworks/vecLib.framework/Versions/A/libvMisc.dylib
0x0000000004947000 	/System/Library/Frameworks/Accelerate.framework/Versions/A/Frameworks/vecLib.framework/Versions/A/libLAPACK.dylib
0x0000000004947000 	/System/Library/Frameworks/Accelerate.framework/Versions/A/Frameworks/vecLib.framework/Versions/A/libBLAS.dylib
0x0000000004947000 	/System/Library/Frameworks/ApplicationServices.framework/Versions/A/Frameworks/ATS.framework/Versions/A/Resources/libFontParser.dylib
0x0000000004947000 	/System/Library/Frameworks/ApplicationServices.framework/Versions/A/Frameworks/ATS.framework/Versions/A/Resources/libFontRegistry.dylib
0x0000000004947000 	/usr/lib/libcups.2.dylib
0x0000000004947000 	/System/Library/Frameworks/Kerberos.framework/Versions/A/Kerberos
0x0000000004947000 	/System/Library/Frameworks/GSS.framework/Versions/A/GSS
0x0000000004947000 	/usr/lib/libresolv.9.dylib
0x0000000004947000 	/usr/lib/libiconv.2.dylib
0x0000000004947000 	/System/Library/PrivateFrameworks/Heimdal.framework/Versions/A/Heimdal
0x0000000004947000 	/System/Library/Frameworks/OpenDirectory.framework/Versions/A/OpenDirectory
0x0000000004947000 	/System/Library/PrivateFrameworks/CommonAuth.framework/Versions/A/CommonAuth
0x0000000004947000 	/System/Library/Frameworks/CoreVideo.framework/Versions/A/CoreVideo
0x0000000004947000 	/System/Library/Frameworks/QuartzCore.framework/Versions/A/Frameworks/CoreImage.framework/Versions/A/CoreImage
0x0000000004947000 	/System/Library/Frameworks/QuartzCore.framework/Versions/A/Frameworks/ScalableUserInterface.framework/Versions/A/ScalableUserInterface
0x0000000004947000 	/System/Library/Frameworks/OpenGL.framework/Versions/A/Libraries/libGLU.dylib
0x0000000004947000 	/System/Library/Frameworks/OpenGL.framework/Versions/A/Libraries/libGFXShared.dylib
0x0000000004947000 	/System/Library/Frameworks/OpenGL.framework/Versions/A/Libraries/libGL.dylib
0x0000000004947000 	/System/Library/Frameworks/OpenGL.framework/Versions/A/Libraries/libGLImage.dylib
0x0000000004947000 	/System/Library/Frameworks/OpenGL.framework/Versions/A/Libraries/libCVMSPluginSupport.dylib
0x0000000004947000 	/System/Library/Frameworks/OpenGL.framework/Versions/A/Libraries/libCoreVMClient.dylib
0x0000000004947000 	/System/Library/Frameworks/OpenCL.framework/Versions/A/OpenCL
0x0000000004947000 	/System/Library/PrivateFrameworks/FaceCoreLight.framework/Versions/A/FaceCoreLight
0x0000000004947000 	/System/Library/Frameworks/vecLib.framework/Versions/A/vecLib
0x0000000004947000 	/System/Library/Frameworks/SecurityFoundation.framework/Versions/A/SecurityFoundation
0x0000000004947000 	/System/Library/PrivateFrameworks/CommerceKit.framework/Versions/A/Frameworks/CommerceCore.framework/Versions/A/CommerceCore
0x0000000004947000 	/System/Library/PrivateFrameworks/CoreSymbolication.framework/Versions/A/CoreSymbolication
0x0000000004947000 	/System/Library/PrivateFrameworks/Symbolication.framework/Versions/A/Symbolication
0x0000000004947000 	/System/Library/PrivateFrameworks/DebugSymbols.framework/Versions/A/DebugSymbols
0x000000010669a000 	/Library/Java/JavaVirtualMachines/jdk1.7.0_10.jdk/Contents/Home/jre/lib/server/libjvm.dylib
0x0000000107272000 	/Library/Java/JavaVirtualMachines/jdk1.7.0_10.jdk/Contents/Home/jre/lib/libverify.dylib
0x000000010727f000 	/Library/Java/JavaVirtualMachines/jdk1.7.0_10.jdk/Contents/Home/jre/lib/libjava.dylib
0x00000001072af000 	/Library/Java/JavaVirtualMachines/jdk1.7.0_10.jdk/Contents/Home/jre/lib/libjdwp.dylib
0x00000001064fc000 	/Library/Java/JavaVirtualMachines/jdk1.7.0_10.jdk/Contents/Home/jre/lib/./libnpt.dylib
0x00000001072f5000 	/Library/Java/JavaVirtualMachines/jdk1.7.0_10.jdk/Contents/Home/jre/lib/libzip.dylib
0x0000000166c07000 	/System/Library/Frameworks/JavaVM.framework/Frameworks/JavaRuntimeSupport.framework/JavaRuntimeSupport
0x0000000166c1f000 	/System/Library/Frameworks/JavaVM.framework/Versions/A/Frameworks/JavaNativeFoundation.framework/Versions/A/JavaNativeFoundation
0x0000000166c34000 	/System/Library/Frameworks/JavaVM.framework/Versions/A/JavaVM
0x0000000004947000 	/System/Library/Frameworks/Carbon.framework/Versions/A/Carbon
0x0000000166c41000 	/System/Library/PrivateFrameworks/JavaLaunching.framework/Versions/A/JavaLaunching
0x0000000004947000 	/System/Library/Frameworks/Carbon.framework/Versions/A/Frameworks/CommonPanels.framework/Versions/A/CommonPanels
0x0000000004947000 	/System/Library/Frameworks/Carbon.framework/Versions/A/Frameworks/Help.framework/Versions/A/Help
0x0000000004947000 	/System/Library/Frameworks/Carbon.framework/Versions/A/Frameworks/ImageCapture.framework/Versions/A/ImageCapture
0x0000000004947000 	/System/Library/Frameworks/Carbon.framework/Versions/A/Frameworks/OpenScripting.framework/Versions/A/OpenScripting
0x0000000004947000 	/System/Library/Frameworks/Carbon.framework/Versions/A/Frameworks/Print.framework/Versions/A/Print
0x0000000004947000 	/System/Library/Frameworks/Carbon.framework/Versions/A/Frameworks/SecurityHI.framework/Versions/A/SecurityHI
0x0000000166f11000 	/Library/Java/JavaVirtualMachines/jdk1.7.0_10.jdk/Contents/Home/jre/lib/libdt_socket.dylib
0x0000000167689000 	/Library/Java/JavaVirtualMachines/jdk1.7.0_10.jdk/Contents/Home/jre/lib/libnio.dylib
0x0000000167698000 	/Library/Java/JavaVirtualMachines/jdk1.7.0_10.jdk/Contents/Home/jre/lib/./libnet.dylib
0x0000000167ead000 	/Library/Java/JavaVirtualMachines/jdk1.7.0_10.jdk/Contents/Home/jre/lib/libawt.dylib
0x0000000167f5c000 	/Library/Java/JavaVirtualMachines/jdk1.7.0_10.jdk/Contents/Home/jre/lib/./libmlib_image.dylib
0x0000000168028000 	/Library/Java/JavaVirtualMachines/jdk1.7.0_10.jdk/Contents/Home/jre/lib/lwawt/liblwawt.dylib
0x00000001680da000 	/Library/Java/JavaVirtualMachines/jdk1.7.0_10.jdk/Contents/Home/jre/lib/server/../libosxapp.dylib
0x00000001680f6000 	/System/Library/Frameworks/ExceptionHandling.framework/Versions/A/ExceptionHandling
0x0000000004947000 	/System/Library/PrivateFrameworks/CoreServicesInternal.framework/Versions/A/CoreServicesInternal
0x0000000004947000 	/System/Library/Frameworks/ApplicationServices.framework/Versions/A/Frameworks/CoreGraphics.framework/Versions/A/Resources/libCSync.A.dylib
0x0000000004947000 	/System/Library/Frameworks/ApplicationServices.framework/Versions/A/Frameworks/CoreGraphics.framework/Versions/A/Resources/libRIP.A.dylib
0x0000000004947000 	/System/Library/Frameworks/ApplicationServices.framework/Versions/A/Frameworks/CoreGraphics.framework/Versions/A/Resources/libCGXType.A.dylib
0x000000016bc07000 	/System/Library/Frameworks/OpenGL.framework/Resources/GLEngine.bundle/GLEngine
0x000000016bdf6000 	/System/Library/Frameworks/OpenGL.framework/Versions/A/Libraries/libGLProgrammability.dylib
0x000000016bf82000 	/System/Library/Extensions/ATIRadeonX3000GLDriver.bundle/Contents/MacOS/ATIRadeonX3000GLDriver
0x00000001694d9000 	/System/Library/PrivateFrameworks/GPUSupport.framework/Versions/A/Libraries/libGPUSupport.dylib
0x000000016c292000 	/System/Library/Extensions/AppleIntelHD3000GraphicsGLDriver.bundle/Contents/MacOS/AppleIntelHD3000GraphicsGLDriver
0x0000000169525000 	/System/Library/Frameworks/OpenGL.framework/Resources//GLRendererFloat.bundle/GLRendererFloat
0x00000001694ee000 	/System/Library/Frameworks/OpenCL.framework/Versions/A/Libraries/libcldcpuengine.dylib
0x0000000004947000 	/System/Library/PrivateFrameworks/DiskImages.framework/Versions/A/DiskImages
0x00000001694fe000 	/System/Library/Frameworks/OpenGL.framework/Versions/A/Libraries/libCoreFSCache.dylib
0x0000000004947000 	/System/Library/Frameworks/DiscRecording.framework/Versions/A/DiscRecording
0x0000000004947000 	/usr/lib/libcurl.4.dylib
0x0000000004947000 	/System/Library/PrivateFrameworks/MediaKit.framework/Versions/A/MediaKit
0x0000000004947000 	/usr/lib/libssl.0.9.8.dylib
0x0000000004947000 	/System/Library/Frameworks/LDAP.framework/Versions/A/LDAP
0x0000000004947000 	/usr/lib/libsasl2.2.dylib
0x000000016c8c2000 	/Library/Java/JavaVirtualMachines/jdk1.7.0_10.jdk/Contents/Home/jre/lib/libfontmanager.dylib
0x0000000167d5c000 	/Applications/NetBeans/NetBeans 7.3 Beta 2.app/Contents/Resources/NetBeans/platform/modules/lib/libjnidispatch-340.jnilib
0x0000000167d70000 	/Library/Java/JavaVirtualMachines/jdk1.7.0_10.jdk/Contents/Home/jre/lib/libosxui.dylib
0x000000016f254000 	/Library/Java/JavaVirtualMachines/jdk1.7.0_10.jdk/Contents/Home/jre/lib/libkcms.dylib
0x0000000166d79000 	/Library/Java/Extensions/librxtxSerial.jnilib
0x000000016cdfe000 	/Users/chaselaurendine/Documents/SvnProjects/NerduinoIDE/Nerduino-host/build/cluster/modules/bin/libmat.jnilib
0x000000012f857000 	/System/Library/Frameworks/GLUT.framework/Versions/A/GLUT
0x0000000004947000 	/System/Library/Frameworks/QTKit.framework/Versions/A/QTKit
0x0000000004947000 	/System/Library/Frameworks/CoreMedia.framework/Versions/A/CoreMedia
0x0000000004947000 	/System/Library/PrivateFrameworks/MediaToolbox.framework/Versions/A/MediaToolbox
0x0000000004947000 	/System/Library/PrivateFrameworks/VideoToolbox.framework/Versions/A/VideoToolbox
0x0000000004947000 	/System/Library/PrivateFrameworks/CoreMediaAuthoring.framework/Versions/A/CoreMediaAuthoring
0x0000000004947000 	/System/Library/Frameworks/CoreMediaIO.framework/Versions/A/CoreMediaIO
0x0000000004947000 	/System/Library/PrivateFrameworks/CoreAUC.framework/Versions/A/CoreAUC
0x0000000004947000 	/System/Library/PrivateFrameworks/AppleVA.framework/Versions/A/AppleVA
0x0000000173639000 	/Users/chaselaurendine/Documents/SvnProjects/NerduinoIDE/Nerduino-host/build/cluster/modules/bin/libWebPaneJava.dylib
0x000000016d214000 	/Users/chaselaurendine/Documents/SvnProjects/NerduinoIDE/Nerduino-host/build/cluster/modules/bin/libjavafx-font.jnilib
0x0000000166d54000 	cl_kernels
0x0000000172257000 	/System/Library/Frameworks/OpenCL.framework/Versions/A/Libraries/ImageFormats/unorm8_bgra.dylib
0x0000000167733000 	cl_kernels
0x000000016dbfe000 	/Library/Java/JavaVirtualMachines/jdk1.7.0_10.jdk/Contents/Home/jre/lib/libdcpr.dylib
0x0000000004947000 	/System/Library/Frameworks/ApplicationServices.framework/Versions/A/Frameworks/ATS.framework/Versions/A/Resources/libTrueTypeScaler.dylib
0x0000000167bd4000 	/Library/Java/JavaVirtualMachines/jdk1.7.0_10.jdk/Contents/Home/jre/lib/libmanagement.dylib

VM Arguments:
jvm_args: -Djdk.home=/Library/Java/JavaVirtualMachines/jdk1.7.0_10.jdk/Contents/Home -Dnetbeans.system_http_proxy=DIRECT -Dnetbeans.system_http_non_proxy_hosts= -Dnetbeans.dirs=/Users/chaselaurendine/Documents/SvnProjects/NerduinoIDE/Nerduino-host/build/cluster:/Applications/NetBeans/NetBeans 7.3 Beta 2.app/Contents/Resources/NetBeans/harness:/Applications/NetBeans/NetBeans 7.3 Beta 2.app/Contents/Resources/NetBeans/ide:/Applications/NetBeans/NetBeans 7.3 Beta 2.app/Contents/Resources/NetBeans/java:/Applications/NetBeans/NetBeans 7.3 Beta 2.app/Contents/Resources/NetBeans/platform:/Applications/NetBeans/NetBeans 7.3 Beta 2.app/Contents/Resources/NetBeans/websvccommon:/Users/chaselaurendine/Documents/Downloads/nbribbon/PinkMatterRibbonPlatform -Dnetbeans.home=/Applications/NetBeans/NetBeans 7.3 Beta 2.app/Contents/Resources/NetBeans/platform -Dnetbeans.logger.console=true -ea -Xdebug -Xrunjdwp:transport=dt_socket,suspend=y,server=n,address=dsldevice:49382 -Dsun.awt.disableMixing=true -XX:+HeapDumpOnOutOfMemoryError -XX:HeapDumpPath=/Users/chaselaurendine/Documents/SvnProjects/NerduinoIDE/Nerduino-host/fxbrowser/../build/testuserdir/var/log/heapdump.hprof 
java_command: org.netbeans.Main --userdir /Users/chaselaurendine/Documents/SvnProjects/NerduinoIDE/Nerduino-host/fxbrowser/../build/testuserdir --branding nerduinoiot
Launcher Type: SUN_STANDARD

Environment Variables:
PATH=/usr/bin:/bin:/usr/sbin:/sbin
LD_LIBRARY_PATH=/Library/Java/JavaVirtualMachines/jdk1.7.0_10.jdk/Contents/Home/jre/lib/amd64:/Library/Java/JavaVirtualMachines/jdk1.7.0_10.jdk/Contents/Home/jre/lib/i386:/Library/Java/JavaVirtualMachines/jdk1.7.0_10.jdk/Contents/Home/jre/lib/amd64:/Library/Java/JavaVirtualMachines/jdk1.7.0_10.jdk/Contents/Home/jre/lib/i386:
SHELL=/bin/bash
DISPLAY=/tmp/launch-tHXbl9/org.macosforge.xquartz:0

Signal Handlers:
SIGSEGV: [libjvm.dylib+0x4a363d], sa_mask[0]=0xfffefeff, sa_flags=0x00000042
SIGBUS: [libjvm.dylib+0x4a363d], sa_mask[0]=0xfffefeff, sa_flags=0x00000042
SIGFPE: [libjvm.dylib+0x3b3051], sa_mask[0]=0xfffefeff, sa_flags=0x00000042
SIGPIPE: [libjvm.dylib+0x3b3051], sa_mask[0]=0xfffefeff, sa_flags=0x00000042
SIGXFSZ: [libjvm.dylib+0x3b3051], sa_mask[0]=0xfffefeff, sa_flags=0x00000042
SIGILL: [libjvm.dylib+0x3b3051], sa_mask[0]=0xfffefeff, sa_flags=0x00000042
SIGUSR1: SIG_DFL, sa_mask[0]=0x00000000, sa_flags=0x00000002
SIGUSR2: [libjvm.dylib+0x3b2bea], sa_mask[0]=0x00000004, sa_flags=0x00000042
SIGHUP: [libjvm.dylib+0x3b0e4b], sa_mask[0]=0xfffefeff, sa_flags=0x00000042
SIGINT: SIG_IGN, sa_mask[0]=0x00000000, sa_flags=0x00000000
SIGTERM: [libjvm.dylib+0x3b0e4b], sa_mask[0]=0xfffefeff, sa_flags=0x00000042
SIGQUIT: [libjvm.dylib+0x3b0e4b], sa_mask[0]=0xfffefeff, sa_flags=0x00000042


---------------  S Y S T E M  ---------------

OS:Bsduname:Darwin 11.4.2 Darwin Kernel Version 11.4.2: Thu Aug 23 16:25:48 PDT 2012; root:xnu-1699.32.7~1/RELEASE_X86_64 x86_64
rlimit: STACK 8192k, CORE 0k, NPROC 709, NOFILE 10240, AS infinity
load average:1.35 1.08 0.78

CPU:total 8 (4 cores per cpu, 2 threads per core) family 6 model 42 stepping 7, cmov, cx8, fxsr, mmx, sse, sse2, sse3, ssse3, sse4.1, sse4.2, popcnt, avx, ht, tsc, tscinvbit

Memory: 4k page, physical 5311144k(1327786k free)

/proc/meminfo:


vm_info: Java HotSpot(TM) 64-Bit Server VM (23.6-b04) for bsd-amd64 JRE (1.7.0_10-b18), built on Nov 28 2012 07:52:20 by "java_re" with gcc 4.2.1 (Based on Apple Inc. build 5658) (LLVM build 2336.9.00)

time: Thu May 16 08:15:52 2013
elapsed time: 9 seconds

